"frac-mass-o2-rfile"
"Time Step" "frac-mass-o2 etc.."
("Time Step" "frac-mass-o2" "flow-time")
0 0.2224706817256486 0
1 0.2223307639004611 0.1
2 0.2226170674861594 0.2
3 0.2214091133486657 0.3
4 0.2199395358749053 0.4
5 0.2192579089243109 0.5
6 0.2183979478814047 0.6000000000000001
7 0.2174105731489308 0.7000000000000001
8 0.2166830759838 0.8
9 0.2159746095971968 0.9
10 0.2151063512439559 1
11 0.2142078196575083 1.1
12 0.2133012441692695 1.2
13 0.2123146732217788 1.3
14 0.211315526662734 1.4
15 0.2103049236866985 1.5
16 0.2093271265460223 1.6
17 0.2083866533276719 1.7
18 0.2074856738341965 1.8
19 0.2065909783577131 1.9
20 0.2057161191163683 2
21 0.2048666652140834 2.1
22 0.2040448891553881 2.2
23 0.203259736894154 2.3
24 0.2025666917702372 2.4
25 0.2017209144459202 2.5
26 0.200886752704555 2.6
27 0.2000516322634544 2.7
28 0.1992276287245041 2.8
29 0.1983988247430644 2.9
30 0.1975611481148795 3
31 0.1967187477316161 3.1
32 0.1958688174372824 3.2
33 0.1950120143418978 3.3
34 0.1941479074887254 3.4
35 0.1932784773896146 3.5
36 0.1924018868087023 3.6
37 0.1915198640381507 3.7
38 0.1906328593149699 3.8
39 0.189739265628761 3.9
40 0.1888385394381815 4
41 0.187929865434381 4.100000000000001
42 0.1870137994743461 4.2
43 0.1860882249362121 4.3
44 0.185154076022278 4.4
45 0.1842123287536495 4.5
46 0.1832627301331819 4.600000000000001
47 0.1823019638862307 4.7
48 0.1813302651235804 4.800000000000001
49 0.1803489618406997 4.9
50 0.179358686847017 5
51 0.1783597061959854 5.100000000000001
52 0.1773502852097604 5.2
53 0.1763303329932166 5.300000000000001
54 0.1753010559483822 5.4
55 0.1742608631661318 5.5
56 0.173210784739559 5.600000000000001
57 0.1721510306250166 5.7
58 0.1710798169635919 5.800000000000001
59 0.1699984869565034 5.9
60 0.1689070005702526 6
61 0.1678044668007831 6.100000000000001
62 0.1666905660864457 6.2
63 0.1655661101921883 6.300000000000001
64 0.1644303493036995 6.4
65 0.163283787736887 6.5
66 0.1621258024666584 6.600000000000001
67 0.160955990559862 6.7
68 0.1597750235693108 6.800000000000001
69 0.1585846553240289 6.9
70 0.1573843282778775 7
71 0.1562293662069329 7.100000000000001
72 0.1550113565804145 7.2
73 0.1537805528987944 7.300000000000001
74 0.1526252210815294 7.4
75 0.1513731928871568 7.5
76 0.1501901444577232 7.600000000000001
77 0.1489912035805085 7.7
78 0.14771134318361 7.800000000000001
79 0.1464981926679424 7.9
80 0.1451991610974692 8
81 0.1438924051268765 8.1
82 0.1425740858860525 8.200000000000001
83 0.1412502361577098 8.300000000000001
84 0.1399174960552682 8.4
85 0.1385769893694337 8.5
86 0.1372280467437635 8.6
87 0.1358710042134211 8.700000000000001
88 0.1345079993671927 8.800000000000001
89 0.1331392893079016 8.9
90 0.131762716275375 9
91 0.1303792458759186 9.1
92 0.1289918357827104 9.200000000000001
93 0.1275976717544729 9.300000000000001
94 0.1261988166475679 9.4
95 0.1247939993343332 9.5
96 0.1233864147188492 9.600000000000001
97 0.1219728005354179 9.700000000000001
98 0.1205599319327386 9.800000000000001
99 0.1191420925741319 9.9
100 0.1177178283357439 10
101 0.1162956885094856 10.1
102 0.1148682029152756 10.2
103 0.113440258912062 10.3
104 0.1120072904484766 10.4
105 0.1105738261519057 10.5
106 0.1091342354934295 10.6
107 0.1076926644732112 10.7
108 0.1062473024952087 10.8
109 0.1049460722429723 10.9
110 0.1036308213078043 11
111 0.1023348580531069 11.1
112 0.1008675059645777 11.2
113 0.09954809763794413 11.3
114 0.09823443316283657 11.4
115 0.0969471058879532 11.5
116 0.09563880935865456 11.6
117 0.0943378530543174 11.7
118 0.09303377372952622 11.8
119 0.0917274988001676 11.9
120 0.09039193805575882 12
121 0.08908127988915415 12.1
122 0.08776234018152732 12.2
123 0.08642730627332694 12.3
124 0.08506705500292489 12.4
125 0.08373425038869362 12.5
126 0.08238570323460399 12.6
127 0.08104109899219807 12.7
128 0.07969228940598017 12.8
129 0.07835174636329527 12.9
130 0.07701027752577039 13
131 0.07565191960239298 13.1
132 0.07429655259602784 13.2
133 0.07293346809904806 13.3
134 0.07156771824078709 13.4
135 0.07019089677704747 13.5
136 0.06882578350849314 13.6
137 0.06744759521050693 13.7
138 0.06604509189565019 13.8
139 0.06468086415879892 13.9
140 0.0632884085406044 14
141 0.0618941837420133 14.1
142 0.06049161897885914 14.2
143 0.05911742409237275 14.3
144 0.05770901901533725 14.4
145 0.05631006044613893 14.5
146 0.05489084412451858 14.6
147 0.05349961763266207 14.7
148 0.05209408622179887 14.8
149 0.05068890454179113 14.9
150 0.04926024191903158 15
151 0.04781520383303963 15.1
152 0.04636563397215253 15.2
153 0.04493041346908718 15.3
154 0.04347104818128478 15.4
155 0.04201241663309826 15.5
156 0.04055066775363011 15.6
157 0.03911462238274933 15.7
158 0.03765430258264366 15.8
159 0.03619472409731673 15.9
160 0.03474187368628734 16
161 0.0332569592654294 16.1
162 0.03177073923726981 16.2
163 0.03030763055988084 16.3
164 0.02886697474626607 16.4
165 0.02739114121362759 16.5
166 0.02594221190325563 16.6
167 0.02447114455557443 16.7
168 0.0230075154075713 16.8
169 0.02155282033991689 16.9
170 0.02012900018093398 17
171 0.01871619921485853 17.1
172 0.01731962486356018 17.2
173 0.01594222183274178 17.3
174 0.01461081091007503 17.4
175 0.0133038456675656 17.5
176 0.01207109383765484 17.6
177 0.01090929816575584 17.7
178 0.00984130326807325 17.8
179 0.008878765291298388 17.9
180 0.00801614761479541 18
181 0.007277052983070366 18.1
182 0.006055870428795621 18.2
183 0.005528122831959988 18.3
184 0.004533213802875618 18.4
185 0.004133952152237662 18.5
186 0.003362770157283969 18.6
187 0.003034460881204126 18.7
188 0.002730652979520098 18.8
189 0.002099241161316435 18.9
190 0.001832878502044983 19
191 0.001575781818613835 19.1
192 0.0009309695770578222 19.2
193 0.0006912065852603104 19.3
194 0.0004944352191896216 19.4
195 0.0001603508034197981 19.5
196 9.511343696595791e-05 19.6
197 2.01623097947466e-07 19.7
198 4.96210131813029e-10 19.8
199 1.289196786606169e-12 19.9
200 3.437462405232305e-15 20
201 9.308429211012461e-18 20.1
202 2.552266674419596e-20 20.2
203 7.978973001041444e-23 20.3
204 6.213298704783281e-24 20.4
205 6.512843920318323e-25 20.5
206 1.142875132476891e-25 20.6
207 3.336415727333862e-26 20.7
208 1.206963101145062e-26 20.8
209 4.585623438658151e-27 20.9
210 1.768735007675964e-27 21
211 6.886044614387297e-28 21.1
212 2.663736785718285e-28 21.2
213 1.002902529125101e-28 21.3
214 3.669337310328249e-29 21.4
215 1.357714777579217e-29 21.5
216 5.462989108032235e-30 21.6
217 2.522375173198179e-30 21.7
218 1.345673109348619e-30 21.8
219 8.177363137254805e-31 21.9
220 5.597767165567233e-31 22
221 4.290766340443594e-31 22.1
222 3.590769817520951e-31 22.2
223 3.133355197070636e-31 22.3
224 2.748967092953866e-31 22.4
225 2.374628889037409e-31 22.5
226 2.031346187221876e-31 22.6
227 1.811562804696615e-31 22.7
228 1.691674420654724e-31 22.8
229 1.595393110084392e-31 22.9
230 1.483390948698782e-31 23
231 1.310466422889557e-31 23.1
232 1.1348814080092e-31 23.2
233 1.073005191720789e-31 23.3
234 1.042529600527598e-31 23.4
235 1.003333873628743e-31 23.5
236 9.328755568258795e-32 23.6
237 8.170651551292788e-32 23.7
238 7.667470097998874e-32 23.8
239 7.484818393614053e-32 23.9
240 7.278160479208598e-32 24
241 6.984408243621366e-32 24.1
242 6.364596985847601e-32 24.2
243 5.893599494064221e-32 24.3
244 5.749799037032582e-32 24.4
245 5.650137570036757e-32 24.5
246 5.496980439764834e-32 24.6
247 5.144899380354049e-32 24.7
248 4.783733351498519e-32 24.8
249 4.656921662960871e-32 24.9
250 4.577746923459704e-32 25
251 4.465498912930972e-32 25.1
252 4.302675525148885e-32 25.2
253 4.042324711596313e-32 25.3
254 3.87382882999021e-32 25.4
255 3.802047812723269e-32 25.5
256 3.748348086304306e-32 25.6
257 3.660227320586075e-32 25.7
258 3.475152504086412e-32 25.8
259 3.310389459049709e-32 25.9
260 3.249023735415123e-32 26
261 3.205755239855149e-32 26.1
262 3.136663299699058e-32 26.2
263 3.034580750112643e-32 26.3
264 2.903191849774654e-32 26.4
265 2.821689509364925e-32 26.5
266 2.774800812530437e-32 26.6
267 2.739384037113701e-32 26.7
268 2.730480037853328e-32 26.8
269 2.728066306373627e-32 26.9
270 2.725566472410088e-32 27
271 2.722971604188249e-32 27.1
272 2.720272873837838e-32 27.2
273 2.701423284722269e-32 27.3
274 2.606530933780723e-32 27.4
275 2.494643044381569e-32 27.5
276 2.450338466352712e-32 27.6
277 2.424793985102379e-32 27.7
278 2.386033183177467e-32 27.8
279 2.383023339544251e-32 27.9
280 2.379896256856498e-32 28
281 2.376677997045519e-32 28.1
282 2.373398709951687e-32 28.2
283 2.370080216043645e-32 28.3
284 2.296833303785057e-32 28.4
285 2.214666496323899e-32 28.5
286 2.175477540426158e-32 28.6
287 2.16067773274252e-32 28.7
288 2.158897773558966e-32 28.8
289 2.157081140690526e-32 28.9
290 2.155258767833704e-32 29
291 2.15346666111658e-32 29.1
292 2.151733418436465e-32 29.2
293 2.150075046259035e-32 29.3
294 2.148493699962018e-32 29.4
295 2.146983211405313e-32 29.5
296 2.145534030307266e-32 29.6
297 2.144135231702706e-32 29.7
298 2.142777059137733e-32 29.8
299 2.141450499515219e-32 29.9
300 2.14014734740872e-32 30
301 2.13886038486097e-32 30.1
302 2.13758317012878e-32 30.2
303 2.13631000942691e-32 30.3
304 2.13503586688704e-32 30.4
305 2.133756270964918e-32 30.5
306 2.132467256350842e-32 30.6
307 2.13116520739281e-32 30.7
308 2.12984676050673e-32 30.8
309 2.128508668933602e-32 30.9
310 2.127147767409529e-32 31
311 2.125760843764146e-32 31.1
312 2.124344625429177e-32 31.2
313 2.122895666820115e-32 31.3
314 2.121410377370868e-32 31.4
315 2.119884903295806e-32 31.5
316 2.118315149560143e-32 31.6
317 2.116696686949571e-32 31.7
318 2.115024824302232e-32 31.8
319 2.113294495249668e-32 31.9
320 2.111500305115718e-32 32
321 2.109636496733942e-32 32.1
322 2.107697075007424e-32 32.2
323 2.10567580968029e-32 32.3
324 2.103566496096719e-32 32.4
325 2.101363097263171e-32 32.5
326 2.099060058283611e-32 32.6
327 2.096652890433908e-32 32.7
328 2.09413850019446e-32 32.8
329 2.091515716413907e-32 32.9
330 2.088785823808408e-32 33
331 2.085952805783201e-32 33.1
332 2.019705602250055e-32 33.2
333 1.949116854991785e-32 33.3
334 1.92611780908699e-32 33.4
335 1.915437366456475e-32 33.5
336 1.914564958223644e-32 33.6
337 1.913681626385212e-32 33.7
338 1.912785077456177e-32 33.8
339 1.911873850061492e-32 33.9
340 1.910946329777119e-32 34
341 1.910001158581989e-32 34.1
342 1.909036682823117e-32 34.2
343 1.908051447460942e-32 34.3
344 1.907043629612851e-32 34.4
345 1.906011560807271e-32 34.5
346 1.904953161494226e-32 34.6
347 1.903866447476648e-32 34.7
348 1.902749127417136e-32 34.8
349 1.90159862113243e-32 34.9
350 1.900412168748571e-32 35
351 1.899186689917613e-32 35.1
352 1.897918851056206e-32 35.2
353 1.896604861509703e-32 35.3
354 1.854206508509515e-32 35.4
355 1.793861337350789e-32 35.5
356 1.75049000346578e-32 35.6
357 1.736092574722171e-32 35.7
358 1.735327040469765e-32 35.8
359 1.734552689202094e-32 35.9
360 1.733765844994506e-32 36
361 1.732963818087044e-32 36.1
362 1.732143610691069e-32 36.2
363 1.731301763609858e-32 36.3
364 1.730434432789518e-32 36.4
365 1.729537184602985e-32 36.5
366 1.728604936987365e-32 36.6
367 1.727631931228129e-32 36.7
368 1.726611934528972e-32 36.8
369 1.725538670268777e-32 36.9
370 1.724406911979312e-32 37
371 1.723214310497635e-32 37.1
372 1.721964030756613e-32 37.2
373 1.720667178953518e-32 37.3
374 1.719343043885721e-32 37.4
375 1.718015356263318e-32 37.5
376 1.71670565346713e-32 37.6
377 1.715427766555334e-32 37.7
378 1.714186550103936e-32 37.8
379 1.712980061040991e-32 37.9
380 1.711802766397022e-32 38
381 1.710647869688393e-32 38.1
382 1.709508502728092e-32 38.2
383 1.708378042477787e-32 38.3
384 1.707250232087374e-32 38.40000000000001
385 1.706119190265633e-32 38.5
386 1.704979347045e-32 38.6
387 1.703825466959522e-32 38.7
388 1.702652567643981e-32 38.8
389 1.701455927323029e-32 38.90000000000001
390 1.70023101006082e-32 39
391 1.666555117935932e-32 39.1
392 1.616435978626466e-32 39.2
393 1.581343255185652e-32 39.3
394 1.564978832673936e-32 39.40000000000001
395 1.562492783558347e-32 39.5
396 1.561871410640639e-32 39.6
397 1.559367159528785e-32 39.7
398 1.558726757213358e-32 39.8
399 1.558079741835865e-32 39.90000000000001
400 1.557424825431274e-32 40
401 1.556760796318915e-32 40.1
402 1.556086519624685e-32 40.2
403 1.555400850301118e-32 40.3
404 1.554702590106862e-32 40.40000000000001
405 1.55399055141162e-32 40.5
406 1.55326347376592e-32 40.6
407 1.552520019319018e-32 40.7
408 1.551758795387618e-32 40.8
409 1.550978331442727e-32 40.90000000000001
410 1.550177038978412e-32 41
411 1.549353228613451e-32 41.1
412 1.548505091617309e-32 41.2
413 1.547630679831554e-32 41.3
414 1.546727870911654e-32 41.40000000000001
415 1.545794403390773e-32 41.5
416 1.544827828007296e-32 41.6
417 1.543825527066501e-32 41.7
418 1.542784681399555e-32 41.8
419 1.541702311739864e-32 41.90000000000001
420 1.510151687036441e-32 42
421 1.46227575696405e-32 42.1
422 1.438200329868622e-32 42.2
423 1.427828572339138e-32 42.3
424 1.418465415274475e-32 42.40000000000001
425 1.417651225598055e-32 42.5
426 1.416796275852724e-32 42.6
427 1.415894688903572e-32 42.7
428 1.4149416555337e-32 42.8
429 1.41393380838522e-32 42.90000000000001
430 1.412870750363113e-32 43
431 1.411756130184935e-32 43.1
432 1.410601506218578e-32 43.2
433 1.409422964195949e-32 43.3
434 1.408237115635387e-32 43.40000000000001
435 1.407055934493781e-32 43.5
436 1.405884716005869e-32 43.6
437 1.40472281288849e-32 43.7
438 1.40356592837996e-32 43.8
439 1.40240817973686e-32 43.90000000000001
440 1.401243384766277e-32 44
441 1.400065597705693e-32 44.1
442 1.371733914517322e-32 44.2
443 1.335438545829756e-32 44.3
444 1.318347949059764e-32 44.40000000000001
445 1.306131691114187e-32 44.5
446 1.305580682454974e-32 44.6
447 1.305041303237958e-32 44.7
448 1.304510035675485e-32 44.8
449 1.30398477441166e-32 44.90000000000001
450 1.303463504248437e-32 45
451 1.302944502179381e-32 45.1
452 1.302426281348386e-32 45.2
453 1.301907550647613e-32 45.3
454 1.301387127388907e-32 45.40000000000001
455 1.300863885242296e-32 45.5
456 1.300336771879e-32 45.6
457 1.299804771189368e-32 45.7
458 1.299266850064355e-32 45.8
459 1.298721976676754e-32 45.90000000000001
460 1.298169112274296e-32 46
461 1.297607176780465e-32 46.1
462 1.297035047729062e-32 46.2
463 1.296451559001452e-32 46.3
464 1.295855479744793e-32 46.40000000000001
465 1.295245505511349e-32 46.5
466 1.294620242498971e-32 46.6
467 1.293978227833939e-32 46.7
468 1.293317886694842e-32 46.8
469 1.292637561084824e-32 46.90000000000001
470 1.291935490789172e-32 47
471 1.291209813534222e-32 47.1
472 1.290458570886245e-32 47.2
473 1.289679723093411e-32 47.3
474 1.288871155152133e-32 47.40000000000001
475 1.288030750977431e-32 47.5
476 1.287156397070028e-32 47.6
477 1.286246099075451e-32 47.7
478 1.285298031925947e-32 47.8
479 1.284310740325747e-32 47.90000000000001
480 1.283283165099474e-32 48
481 1.257216981289952e-32 48.1
482 1.222122745528769e-32 48.2
483 1.209716352822647e-32 48.3
484 1.207813867255627e-32 48.40000000000001
485 1.207445945800512e-32 48.5
486 1.207080096776457e-32 48.6
487 1.206715377600253e-32 48.7
488 1.206350953552537e-32 48.8
489 1.205986025665547e-32 48.90000000000001
490 1.205619955617209e-32 49
491 1.205252105178004e-32 49.1
492 1.204881855436467e-32 49.2
493 1.204508618187855e-32 49.3
494 1.204131826661654e-32 49.40000000000001
495 1.203750906899041e-32 49.5
496 1.203365326808161e-32 49.6
497 1.202974532793576e-32 49.7
498 1.202577975317453e-32 49.8
499 1.202175095081096e-32 49.90000000000001
500 1.201765323964628e-32 50
501 1.193442115428763e-32 50.01
502 1.181740613631324e-32 50.02
503 1.164697005898475e-32 50.03
504 1.14536869291008e-32 50.04
505 1.125328479600937e-32 50.05
506 1.105343869353682e-32 50.06
507 1.087095307960867e-32 50.07
508 1.070245676578783e-32 50.08
509 1.053964802619989e-32 50.09
510 1.037971598689138e-32 50.1
511 1.022102070321204e-32 50.11
512 1.006251686328748e-32 50.12
513 9.903389827480732e-33 50.13
514 9.741921681719288e-33 50.14
515 9.578699483826897e-33 50.15
516 9.416142911970091e-33 50.16
517 9.256362004156602e-33 50.17
518 9.100494892823005e-33 50.18
519 8.948246579267679e-33 50.19
520 8.797717888118e-33 50.2
521 8.648730721633299e-33 50.21
522 8.502952921206064e-33 50.22
523 8.361133869899615e-33 50.23
524 8.224376043329713e-33 50.24
525 8.093288988326868e-33 50.25
526 7.966927646648046e-33 50.26
527 7.844361291829605e-33 50.27
528 7.726321490288411e-33 50.28
529 7.612776436656652e-33 50.29
530 7.502920822705569e-33 50.3
531 7.396056303313953e-33 50.31
532 7.292884084877329e-33 50.32
533 7.192497330709627e-33 50.33
534 7.094448188385297e-33 50.34
535 6.998560866614979e-33 50.35
536 6.9047801161243e-33 50.36
537 6.812819965549673e-33 50.37
538 6.722875876952974e-33 50.38
539 6.634425518487235e-33 50.39
540 6.547698072759094e-33 50.4
541 6.462764329666331e-33 50.41
542 6.379631440715616e-33 50.42
543 6.298206971140604e-33 50.43
544 6.218488433062375e-33 50.44
545 6.140675348332148e-33 50.45
546 6.064660414103133e-33 50.46
547 5.990446928051776e-33 50.47
548 5.917910815058276e-33 50.48
549 5.846971168563957e-33 50.49
550 5.777637434879451e-33 50.5
551 5.709884696672797e-33 50.51
552 5.644135777839992e-33 50.52
553 5.580235209085594e-33 50.53
554 5.518032851706776e-33 50.54
555 5.457155217211687e-33 50.55
556 5.397879091066252e-33 50.56
557 5.339667150780411e-33 50.57
558 5.28258616662923e-33 50.58
559 5.226606459734393e-33 50.59
560 5.171640395172569e-33 50.6
561 5.117799979257394e-33 50.61
562 5.065233175248161e-33 50.62
563 5.013617604675772e-33 50.63
564 4.962921498135395e-33 50.64
565 4.913132022833197e-33 50.65
566 4.864122602336968e-33 50.66
567 4.81588114320913e-33 50.67
568 4.768439725887577e-33 50.68
569 4.721837414222448e-33 50.69
570 4.676163209951222e-33 50.7
571 4.631427135464657e-33 50.71
572 4.58748660573914e-33 50.72
573 4.544397198178484e-33 50.73
574 4.501934110353226e-33 50.74
575 4.460287410166416e-33 50.75
576 4.419283845218806e-33 50.76
577 4.378889945902697e-33 50.77
578 4.339109814754361e-33 50.78
579 4.300046816696552e-33 50.79
580 4.261684122555896e-33 50.8
581 4.224064371161475e-33 50.81
582 4.187098191647877e-33 50.82
583 4.150727160304763e-33 50.83
584 4.114869843091854e-33 50.84
585 4.079552930115197e-33 50.85
586 4.044678442012359e-33 50.86
587 4.010202854022064e-33 50.87
588 3.976276633422338e-33 50.88
589 3.94292276514514e-33 50.89
590 3.910129843833994e-33 50.9
591 3.877862108312337e-33 50.91
592 3.846048011527636e-33 50.92
593 3.814688568085662e-33 50.93
594 3.783836539257227e-33 50.94
595 3.753428928506384e-33 50.95
596 3.723438417065563e-33 50.96
597 3.693855562489251e-33 50.97
598 3.664729627935553e-33 50.98
599 3.636016555928938e-33 50.99
600 3.607732848092095e-33 51
601 3.579918672098292e-33 51.01
602 3.552561594630179e-33 51.02
603 3.525628702988267e-33 51.03
604 3.499093674967234e-33 51.04
605 3.472830947975865e-33 51.05
606 3.446883264949157e-33 51.06
607 3.421271598943747e-33 51.07
608 3.396028503604735e-33 51.08
609 3.371173053449062e-33 51.09
610 3.346661949646387e-33 51.1
611 3.322503366446463e-33 51.11
612 3.298649718946656e-33 51.12
613 3.27507645309559e-33 51.13
614 3.251800535818902e-33 51.14
615 3.228802354391017e-33 51.15
616 3.206124221051036e-33 51.16
617 3.18375885393516e-33 51.17
618 3.1616773108275e-33 51.18
619 3.139876726514305e-33 51.19
620 3.118283604269645e-33 51.2
621 3.096986490729792e-33 51.21
622 3.075993072533011e-33 51.22
623 3.05528487080009e-33 51.23
624 3.034850332705485e-33 51.24
625 3.014677927890627e-33 51.25
626 2.994774025503667e-33 51.26
627 2.975115844723386e-33 51.27
628 2.955708555556261e-33 51.28
629 2.936533122106387e-33 51.29
630 2.917499292477043e-33 51.3
631 2.89867510438174e-33 51.31
632 2.880100873778722e-33 51.32
633 2.861762321687302e-33 51.33
634 2.8436306463546e-33 51.34
635 2.825703194035671e-33 51.35
636 2.807998620817528e-33 51.36
637 2.790528307138546e-33 51.37
638 2.77321229459545e-33 51.38
639 2.75607231535155e-33 51.39
640 2.73914169534873e-33 51.4
641 2.722441909934308e-33 51.41
642 2.705981237471849e-33 51.42
643 2.68975333988763e-33 51.43
644 2.6737220689294e-33 51.44
645 2.657866586322175e-33 51.45
646 2.642184090076396e-33 51.46
647 2.626680449205706e-33 51.47
648 2.611351359902034e-33 51.48
649 2.596195797727026e-33 51.49
650 2.581221045004716e-33 51.5
651 2.566425178148128e-33 51.51
652 2.551800831078678e-33 51.52
653 2.537318868934501e-33 51.53
654 2.522987112773653e-33 51.54
655 2.508807980633983e-33 51.55
656 2.494780417748231e-33 51.56
657 2.480905473600872e-33 51.57
658 2.467160848981303e-33 51.58
659 2.453564209767755e-33 51.59
660 2.440112310011386e-33 51.6
661 2.426795108015223e-33 51.61
662 2.413618594329492e-33 51.62
663 2.400579026641167e-33 51.63
664 2.387667330028774e-33 51.64
665 2.374880937486267e-33 51.65
666 2.362212762984758e-33 51.66
667 2.34968269606714e-33 51.67
668 2.337292589942962e-33 51.68
669 2.325039329461124e-33 51.69
670 2.312912423528082e-33 51.7
671 2.30091722573619e-33 51.71
672 2.289050337552243e-33 51.72
673 2.277308159104733e-33 51.73
674 2.265690150639708e-33 51.74
675 2.254188836101705e-33 51.75
676 2.242802194822561e-33 51.76
677 2.231528057887949e-33 51.77
678 2.220360850270366e-33 51.78
679 2.209297904080331e-33 51.79
680 2.198339661702946e-33 51.8
681 2.187481417571042e-33 51.81
682 2.176718447096278e-33 51.82
683 2.166051143440042e-33 51.83
684 2.155480105105187e-33 51.84
685 2.145006904504326e-33 51.85
686 2.134627202439053e-33 51.86
687 2.124338231275574e-33 51.87
688 2.114148381010003e-33 51.88
689 2.104044310571519e-33 51.89
690 2.094026671423761e-33 51.9
691 2.08410469351014e-33 51.91
692 2.074283850546645e-33 51.92
693 2.064542392184318e-33 51.93
694 2.054882454661996e-33 51.94
695 2.045307340538118e-33 51.95
696 2.035817106649883e-33 51.96
697 2.02640888428127e-33 51.97
698 2.017086149132156e-33 51.98
699 2.007856962070025e-33 51.99
700 1.998703542535362e-33 52
701 1.989622994876319e-33 52.01
702 1.980622028411601e-33 52.02
703 1.971713162084663e-33 52.03
704 1.962877364424075e-33 52.04
705 1.954103848206052e-33 52.05
706 1.945406843223508e-33 52.06
707 1.936811433463133e-33 52.07
708 1.928281851542633e-33 52.08
709 1.919815855076891e-33 52.09
710 1.911419804368873e-33 52.1
711 1.903078738952101e-33 52.11
712 1.894794364384832e-33 52.12
713 1.886579922005298e-33 52.13
714 1.87843518276125e-33 52.14
715 1.870356009264242e-33 52.15
716 1.862317723814976e-33 52.16
717 1.854290247510403e-33 52.17
718 1.84629097704272e-33 52.18
719 1.838388758663954e-33 52.19
720 1.830574230415201e-33 52.2
721 1.822807443279583e-33 52.21
722 1.815099059070815e-33 52.22
723 1.807455870294156e-33 52.23
724 1.799887992826953e-33 52.24
725 1.792391499377447e-33 52.25
726 1.784983315873613e-33 52.26
727 1.777652973745977e-33 52.27
728 1.770388253188353e-33 52.28
729 1.763186603163094e-33 52.29
730 1.75604347124298e-33 52.3
731 1.748951758773508e-33 52.31
732 1.74190523173391e-33 52.32
733 1.73491580123505e-33 52.33
734 1.727972109185398e-33 52.34
735 1.721081086256566e-33 52.35
736 1.714241734002929e-33 52.36
737 1.70745316344221e-33 52.37
738 1.70071680411495e-33 52.38
739 1.694038378354586e-33 52.39
740 1.687415425231416e-33 52.4
741 1.680837120926365e-33 52.41
742 1.674308492316043e-33 52.42
743 1.667822854474778e-33 52.43
744 1.661374851477235e-33 52.44
745 1.654975016765677e-33 52.45
746 1.648631239121605e-33 52.46
747 1.642317049674516e-33 52.47
748 1.636040529233259e-33 52.48
749 1.629804963661459e-33 52.49
750 1.623611646477571e-33 52.5
751 1.617458415356506e-33 52.51
752 1.61134488113331e-33 52.52
753 1.60526991099973e-33 52.53
754 1.599241562846669e-33 52.54
755 1.593254440872168e-33 52.55
756 1.587299700325262e-33 52.56
757 1.581381428013128e-33 52.57
758 1.575504366402538e-33 52.58
759 1.569668530428825e-33 52.59
760 1.563872896522128e-33 52.6
761 1.558115078273709e-33 52.61
762 1.552396311087823e-33 52.62
763 1.54671636003544e-33 52.63
764 1.5410746452916e-33 52.64
765 1.53547151294141e-33 52.65
766 1.529905621520108e-33 52.66
767 1.524375663195567e-33 52.67
768 1.518897481484173e-33 52.68
769 1.513472108321209e-33 52.69
770 1.508082373473507e-33 52.7
771 1.502727466148186e-33 52.71
772 1.497415900543431e-33 52.72
773 1.492136389479095e-33 52.73
774 1.486887015346639e-33 52.74
775 1.48168027501287e-33 52.75
776 1.476512284200905e-33 52.76
777 1.471375515773302e-33 52.77
778 1.466274978444298e-33 52.78
779 1.46121362139555e-33 52.79
780 1.456187928010681e-33 52.8
781 1.451197292245437e-33 52.81
782 1.446245726076938e-33 52.82
783 1.441322337806555e-33 52.83
784 1.43642548941561e-33 52.84
785 1.43155607114035e-33 52.85
786 1.426713791254947e-33 52.86
787 1.42196454733299e-33 52.87
788 1.417242551517409e-33 52.88
789 1.412551690552738e-33 52.89
790 1.407894865760065e-33 52.9
791 1.403261710549753e-33 52.91
792 1.398639923957061e-33 52.92
793 1.394031097991485e-33 52.93
794 1.389437926620892e-33 52.94
795 1.384861817784506e-33 52.95
796 1.38030721225462e-33 52.96
797 1.375774790768413e-33 52.97
798 1.371253004147458e-33 52.98
799 1.366735310917566e-33 52.99
800 1.362225421131845e-33 53
801 1.357744956260064e-33 53.01
802 1.353287484375107e-33 53.02
803 1.348857722582615e-33 53.03
804 1.344445274163774e-33 53.04
805 1.340069781947096e-33 53.05
806 1.335729440651409e-33 53.06
807 1.33141995897916e-33 53.07
808 1.327139113087379e-33 53.08
809 1.322885163636741e-33 53.09
810 1.318656154200751e-33 53.1
811 1.314452561193378e-33 53.11
812 1.310273468709456e-33 53.12
813 1.306121500941916e-33 53.13
814 1.30203738442832e-33 53.14
815 1.298020426063925e-33 53.15
816 1.294034123116295e-33 53.16
817 1.290081059978246e-33 53.17
818 1.286168883609583e-33 53.18
819 1.282287826562264e-33 53.19
820 1.278427855726711e-33 53.2
821 1.274588398340986e-33 53.21
822 1.270766933668512e-33 53.22
823 1.26696091251887e-33 53.23
824 1.263174209024689e-33 53.24
825 1.259414496175165e-33 53.25
826 1.255676527857318e-33 53.26
827 1.251962648011605e-33 53.27
828 1.248270987930879e-33 53.28
829 1.244588138788829e-33 53.29
830 1.240904525240962e-33 53.3
831 1.237203793569284e-33 53.31
832 1.233486033579602e-33 53.32
833 1.229765123619995e-33 53.33
834 1.22604793479959e-33 53.34
835 1.222327920900986e-33 53.35
836 1.218614036510988e-33 53.36
837 1.214919288439381e-33 53.37
838 1.211326414799579e-33 53.38
839 1.207763613957049e-33 53.39
840 1.204244876892451e-33 53.4
841 1.200763105619378e-33 53.41
842 1.197306263932074e-33 53.42
843 1.193876225805152e-33 53.43
844 1.190469719486757e-33 53.44
845 1.187072992545084e-33 53.45
846 1.183692429944944e-33 53.46
847 1.180319874434719e-33 53.47
848 1.176958520609556e-33 53.48
849 1.173613889718619e-33 53.49
850 1.170274404225512e-33 53.5
851 1.166954881305463e-33 53.51
852 1.163639395587433e-33 53.52
853 1.160351783015456e-33 53.53
854 1.157074750594442e-33 53.54
855 1.153798060970026e-33 53.55
856 1.150528445730316e-33 53.56
857 1.147277844290376e-33 53.57
858 1.144041703586133e-33 53.58
859 1.140812806861905e-33 53.59
860 1.137589157347525e-33 53.6
861 1.134371542515903e-33 53.61
862 1.131161916730118e-33 53.62
863 1.127958047029988e-33 53.63
864 1.12477956481974e-33 53.64
865 1.121616077935976e-33 53.65
866 1.118473877358692e-33 53.66
867 1.115340438535792e-33 53.67
868 1.112208067003415e-33 53.68
869 1.109083133849016e-33 53.69
870 1.105976801477486e-33 53.7
871 1.102887870190352e-33 53.71
872 1.099815500491866e-33 53.72
873 1.096769267893242e-33 53.73
874 1.093753592045282e-33 53.74
875 1.090760660831199e-33 53.75
876 1.087769785847133e-33 53.76
877 1.084783653982054e-33 53.77
878 1.08181330702014e-33 53.78
879 1.078861165105637e-33 53.79
880 1.0759251031601e-33 53.8
881 1.073003821629482e-33 53.81
882 1.070097235725613e-33 53.82
883 1.06720574370533e-33 53.83
884 1.064330123445609e-33 53.84
885 1.061468845211208e-33 53.85
886 1.05868141599684e-33 53.86
887 1.055824849969786e-33 53.87
888 1.053033846260921e-33 53.88
889 1.050325058170877e-33 53.89
890 1.04766668890881e-33 53.9
891 1.045021525801385e-33 53.91
892 1.042375245835471e-33 53.92
893 1.039738013515998e-33 53.93
894 1.037109867737326e-33 53.94
895 1.034482085597671e-33 53.95
896 1.031861930299464e-33 53.96
897 1.02925077835122e-33 53.97
898 1.026650485538285e-33 53.98
899 1.024053749232614e-33 53.99
900 1.021464102801512e-33 54
901 1.018884119080568e-33 54.01
902 1.0163187469048e-33 54.02
903 1.013764130115286e-33 54.03
904 1.011215984515051e-33 54.04
905 1.00867803160355e-33 54.05
906 1.00614851638565e-33 54.06
907 1.003629271992069e-33 54.07
908 1.001121433169651e-33 54.08
909 9.986164650507642e-34 54.09
910 9.961184907581385e-34 54.1
911 9.936336554613274e-34 54.11
912 9.911591098119711e-34 54.12
913 9.886930869814408e-34 54.13
914 9.862342496055569e-34 54.14
915 9.837847035783722e-34 54.15
916 9.81344775710895e-34 54.16
917 9.789125008160001e-34 54.17
918 9.764824429626322e-34 54.18
919 9.740544072206905e-34 54.19
920 9.716298272762283e-34 54.2
921 9.692235186631391e-34 54.21
922 9.668328266408549e-34 54.22
923 9.644490096766501e-34 54.23
924 9.620707812167772e-34 54.24
925 9.597063703568911e-34 54.25
926 9.573578366449366e-34 54.26
927 9.550167044368485e-34 54.27
928 9.526800881080377e-34 54.28
929 9.503508400302621e-34 54.29
930 9.480289595414327e-34 54.3
931 9.457127438183312e-34 54.31
932 9.434019664083669e-34 54.32
933 9.410947420292761e-34 54.33
934 9.387901037652309e-34 54.34
935 9.365073433037733e-34 54.35
936 9.342612711571754e-34 54.36
937 9.320106616356041e-34 54.37
938 9.298093525438154e-34 54.38
939 9.276501939987829e-34 54.39
940 9.255043726594356e-34 54.4
941 9.233583577184213e-34 54.41
942 9.212139690590908e-34 54.42
943 9.190796913241106e-34 54.43
944 9.169586985519204e-34 54.44
945 9.148515620129346e-34 54.45
946 9.127493315165541e-34 54.46
947 9.106509717877825e-34 54.47
948 9.085300015356856e-34 54.48
949 9.063897244394397e-34 54.49
950 9.042907084539301e-34 54.5
951 9.022235362750966e-34 54.51
952 9.001718892643866e-34 54.52
953 8.981369074869903e-34 54.53
954 8.961220325151431e-34 54.54
955 8.941314749936291e-34 54.55
956 8.921425929133341e-34 54.56
957 8.901509874140259e-34 54.57
958 8.881536607133981e-34 54.58
959 8.861536478116837e-34 54.59
960 8.841553249519603e-34 54.6
961 8.821613265717014e-34 54.61
962 8.801719966906696e-34 54.62
963 8.781874834322038e-34 54.63
964 8.762083971572601e-34 54.64
965 8.742349423697759e-34 54.65
966 8.722676615523075e-34 54.66
967 8.703064404737698e-34 54.67
968 8.683683627286629e-34 54.68
969 8.664623075588882e-34 54.69
970 8.645693161732374e-34 54.7
971 8.626929946300562e-34 54.71
972 8.608243257935995e-34 54.72
973 8.589627358611728e-34 54.73
974 8.571094177476913e-34 54.74
975 8.552669514155698e-34 54.75
976 8.53432003880499e-34 54.76
977 8.515997579882476e-34 54.77
978 8.497685902569233e-34 54.78
979 8.479398687335375e-34 54.79
980 8.461183170067166e-34 54.8
981 8.443003944552989e-34 54.81
982 8.4248852181864e-34 54.82
983 8.406897401548672e-34 54.83
984 8.388968921372675e-34 54.84
985 8.371059266009654e-34 54.85
986 8.353180286488665e-34 54.86
987 8.335327842925547e-34 54.87
988 8.317504110472135e-34 54.88
989 8.299712382374513e-34 54.89
990 8.28196223237219e-34 54.9
991 8.264251200626943e-34 54.91
992 8.246604739822982e-34 54.92
993 8.228990356827396e-34 54.93
994 8.211381927117971e-34 54.94
995 8.193783628676725e-34 54.95
996 8.176181111036151e-34 54.96
997 8.158585874754968e-34 54.97
998 8.140931106992367e-34 54.98
999 8.123243372784477e-34 54.99
1000 8.105633867688678e-34 55
1001 1.110541416102632e-15 55.01
1002 2.260853416297958e-17 55.02
1003 4.83779252770645e-19 55.03
1004 1.166179854807677e-20 55.04
1005 3.43777536269517e-22 55.05
1006 1.481303965923279e-23 55.06
1007 1.078985973007777e-24 55.07
1008 1.182450222276113e-25 55.08
1009 1.639365812666394e-26 55.09
1010 2.578982114850545e-27 55.1
1011 4.359887469204091e-28 55.11
1012 7.748787533140916e-29 55.12
1013 1.478439187297754e-29 55.13
1014 3.740577342266116e-30 55.14
1015 1.653801035388503e-30 55.15
1016 9.7666408610605e-31 55.16
1017 6.674755574517475e-31 55.17
1018 4.964213406475375e-31 55.18
1019 3.899722647193047e-31 55.19
1020 3.183069941381446e-31 55.2
1021 2.673358924945116e-31 55.21
1022 2.294192899078683e-31 55.22
1023 2.002267173157741e-31 55.23
1024 1.771820712879035e-31 55.24
1025 1.586032655383057e-31 55.25
1026 1.433041271506149e-31 55.26
1027 1.304870742461558e-31 55.27
1028 1.196196965506251e-31 55.28
1029 1.103149274474179e-31 55.29
1030 1.022684862949763e-31 55.3
1031 9.525325128350028e-32 55.31
1032 8.909828760893315e-32 55.32
1033 8.365656227649452e-32 55.33
1034 7.879396228458893e-32 55.34
1035 7.44044955288446e-32 55.35
1036 7.043642510739932e-32 55.36
1037 6.797172562025159e-32 55.37
1038 6.466765350054674e-32 55.38
1039 6.274747671184518e-32 55.39
1040 6.009271346114076e-32 55.4
1041 5.761159599280607e-32 55.41
1042 5.529297743771049e-32 55.42
1043 5.313658519030682e-32 55.43
1044 5.113967030777722e-32 55.44
1045 4.916839222470412e-32 55.45
1046 4.75709017197208e-32 55.46
1047 4.586537224807357e-32 55.47
1048 4.447314470134864e-32 55.48
1049 4.306054556145153e-32 55.49
1050 4.246455217549849e-32 55.5
1051 4.110025135536209e-32 55.51
1052 3.980634725090302e-32 55.52
1053 3.860256916421149e-32 55.53
1054 3.754196114806368e-32 55.54
1055 3.645733645895435e-32 55.55
1056 3.555342386764601e-32 55.56
1057 3.456635817737622e-32 55.57
1058 3.362981283451768e-32 55.58
1059 3.274551002262826e-32 55.59
1060 3.195528192722568e-32 55.6
1061 3.11996179947353e-32 55.61
1062 3.087641612287367e-32 55.62
1063 3.013139105820224e-32 55.63
1064 1.116657096817431e-06 55.64
1065 1.226557683253051e-06 55.65
1066 1.320115707251305e-06 55.66
1067 1.951300436309166e-06 55.67
1068 3.92599350332999e-06 55.68
1069 1.534552429056721e-05 55.69
1070 1.142056615899782e-05 55.7
1071 1.670915506563651e-05 55.71
1072 1.908929297431007e-05 55.72
1073 3.337081470732311e-05 55.73
1074 4.397071208549685e-05 55.74
1075 5.519059733948204e-05 55.75
1076 7.211865341253713e-05 55.76
1077 9.696695682228752e-05 55.77
1078 0.0001182252629607926 55.78
1079 0.000144179903881525 55.79
1080 0.0001715136444616689 55.8
1081 0.0002116560453828536 55.81
1082 0.0002647163525826381 55.82
1083 0.0003512552070103769 55.83
1084 0.000441347281497235 55.84
1085 0.0006706766238192539 55.85
1086 0.001014758911775205 55.86
1087 0.001243738318495056 55.87
1088 0.001481969553113901 55.88
1089 0.001683083139404027 55.89
1090 0.001902375599577742 55.9
1091 0.002083380900221236 55.91
1092 0.002243457157970366 55.92
1093 0.002367864476089388 55.93
1094 0.00247165980724888 55.94
1095 0.002581880544542368 55.95
1096 0.002678476511992512 55.96
1097 0.002771020504919065 55.97
1098 0.002880804535034344 55.98
1099 0.003040805364425765 55.99
1100 0.003215103542979156 56
1101 0.003370201653024602 56.01
1102 0.003510263304549276 56.02
1103 0.003665060368853757 56.03
1104 0.00389964635680796 56.04
1105 0.004046603955903892 56.05
1106 0.004204770596715993 56.06
1107 0.004464415023573062 56.07
1108 0.00482021783625374 56.08
1109 0.005205317655831826 56.09
1110 0.005649056948345958 56.1
1111 0.006204069111314809 56.11
1112 0.006801686558463979 56.12
1113 0.007349663300527954 56.13
1114 0.007828510054912285 56.14
1115 0.008374026285970856 56.15
1116 0.009112964245732729 56.16
1117 0.0100514714060559 56.17
1118 0.01097348040729006 56.18
1119 0.01183812090804721 56.19
1120 0.01267718387333898 56.2
1121 0.0137584318837232 56.21
1122 0.01508781965526648 56.22
1123 0.01653384468653716 56.23
1124 0.01800852815960987 56.24
1125 0.01950114945719841 56.25
1126 0.02124581707822059 56.26
1127 0.02342660116075881 56.27
1128 0.02591633355089353 56.28
1129 0.02854792516238985 56.29
1130 0.0313140875022096 56.3
1131 0.03444079281680117 56.31
1132 0.03814386753341752 56.32
1133 0.04321956586566402 56.33
1134 0.05083885290192911 56.34
1135 0.06023739975979812 56.35
1136 0.06923854520801766 56.36
1137 0.07704613182313634 56.37
1138 0.08412815329887742 56.38
1139 0.09145252210981036 56.39
1140 0.09944766194879934 56.4
1141 0.1080709119692896 56.41
1142 0.1169843541982116 56.42
1143 0.1259533334907738 56.43
1144 0.1339380851162975 56.44
1145 0.1404773374558518 56.45
1146 0.1464421630362381 56.46
1147 0.1527268636436032 56.47
1148 0.1592225261248466 56.48
1149 0.165265503739906 56.49
1150 0.1701134703006553 56.5
1151 0.1737279614578472 56.51
1152 0.1765890387231084 56.52
1153 0.179254437690395 56.53
1154 0.1818712911677041 56.54
1155 0.1842642951469545 56.55
1156 0.1862746972379475 56.56
1157 0.1878752268900141 56.57
1158 0.1891674493630577 56.58
1159 0.1903137495604037 56.59
1160 0.19135754551059 56.6
1161 0.1922816065716576 56.61
1162 0.1930990091399785 56.62
1163 0.1938174945859644 56.63
1164 0.1944491250616549 56.64
1165 0.195030923410809 56.65
1166 0.1955700226136414 56.66
1167 0.1960605676845493 56.67
1168 0.1964958090434659 56.68
1169 0.1968729500370398 56.69
1170 0.19721336786335 56.7
1171 0.1975371609589231 56.71
1172 0.1978595780505628 56.72
1173 0.1981765996434268 56.73
1174 0.1984679580733478 56.74
1175 0.1987305650557806 56.75
1176 0.1989862263741772 56.76
1177 0.1992943722425731 56.77
1178 0.1997108146035154 56.78
1179 0.2002489438913931 56.79
1180 0.2008699089601304 56.8
1181 0.201507140076861 56.81
1182 0.202184788857216 56.82
1183 0.2029685809428784 56.83
1184 0.2038462377145284 56.84
1185 0.204789391167656 56.85
1186 0.2057557145183851 56.86
1187 0.2067016038639335 56.87
1188 0.2076214718857692 56.88
1189 0.208488690581934 56.89
1190 0.2093118437545854 56.9
1191 0.2100820449025639 56.91
1192 0.2108122296496037 56.92
1193 0.2115387951821656 56.93
1194 0.2122788915269681 56.94
1195 0.2130223630675667 56.95
1196 0.213721675856376 56.96
1197 0.21437537125092 56.97
1198 0.2149804755033577 56.98
1199 0.2155366256310257 56.99
1200 0.2160409793773198 57
1201 0.2164963550862238 57.01
1202 0.2169063106069504 57.02
1203 0.2172751489570448 57.03
1204 0.2176078865860065 57.04
1205 0.2179093620710516 57.05
1206 0.2181851017828781 57.06
1207 0.2184394201899367 57.07
1208 0.2186760286927078 57.08
1209 0.2188973351743385 57.09
1210 0.2191052850962226 57.1
1211 0.219301656468072 57.11
1212 0.2194876921668444 57.12
1213 0.2196641785579686 57.13
1214 0.2198312842715701 57.14
1215 0.219988937155221 57.15
1216 0.2201371500326051 57.16
1217 0.2202758227739003 57.17
1218 0.2204048868938621 57.18
1219 0.2205242647343824 57.19
1220 0.2206338935478065 57.2
1221 0.2207333713608924 57.21
1222 0.2208233871048383 57.22
1223 0.220903232383103 57.23
1224 0.2209732373583831 57.24
1225 0.2210330094675873 57.25
1226 0.2210832044281176 57.26
1227 0.2211250366381472 57.27
1228 0.2211593372600917 57.28
1229 0.2211876998069336 57.29
1230 0.2212116824431443 57.3
1231 0.2212318440855797 57.31
1232 0.2212395442710541 57.32
1233 0.2212312408460498 57.33
1234 0.2212050433105197 57.34
1235 0.2211614517462377 57.35
1236 0.2211022056020805 57.36
1237 0.2210279625564242 57.37
1238 0.2209400025437116 57.38
1239 0.2208391881829955 57.39
1240 0.2207257403500569 57.4
1241 0.2206010735117503 57.41
1242 0.2204662085519704 57.42
1243 0.2203218865670406 57.43
1244 0.2201699348452605 57.44
1245 0.2200113688260862 57.45
1246 0.2198473862005824 57.46
1247 0.2196787186708137 57.47
1248 0.2195071369499751 57.48
1249 0.2193343350231546 57.49
1250 0.2191609153688996 57.5
1251 0.2189882103185386 57.51
1252 0.2188168018542647 57.52
1253 0.2186474424969803 57.53
1254 0.2184802550326017 57.54
1255 0.2183154149091478 57.55
1256 0.2181528565581814 57.56
1257 0.217992078317736 57.57
1258 0.2178322799203615 57.58
1259 0.2176720747827948 57.59
1260 0.2175101905505096 57.6
1261 0.2173442913131568 57.61
1262 0.2171725706596569 57.62
1263 0.2169931223605203 57.63
1264 0.2168022409640171 57.64
1265 0.2165981273844973 57.65
1266 0.216378533123814 57.66
1267 0.2161419554673596 57.67
1268 0.2158863486659477 57.68
1269 0.2156080253682064 57.69
1270 0.215307093088241 57.7
1271 0.2149818033381162 57.71
1272 0.2146296164205952 57.72
1273 0.2142492199388611 57.73
1274 0.2138386394099024 57.74
1275 0.2133948532282274 57.75
1276 0.2129159214349224 57.76
1277 0.212396203802945 57.77
1278 0.2118402242800261 57.78
1279 0.2112415220106083 57.79
1280 0.2105823157249526 57.8
1281 0.2098652334891996 57.81
1282 0.2090951454142399 57.82
1283 0.208267579194269 57.83
1284 0.2073716663567926 57.84
1285 0.2063822481358407 57.85
1286 0.2053043336117367 57.86
1287 0.2041342637000273 57.87
1288 0.2028569667762693 57.88
1289 0.201457499116046 57.89
1290 0.1999325764003482 57.9
1291 0.1982810376832782 57.91
1292 0.1964903611741572 57.92
1293 0.194567035738365 57.93
1294 0.1925182797850173 57.94
1295 0.190384587022509 57.95
1296 0.1882338310723194 57.96
1297 0.1861983089807318 57.97
1298 0.1844791531034157 57.98
1299 0.18311228367073 57.99
1300 0.1820789323557655 58
1301 0.1813018115364501 58.01
1302 0.180673883601302 58.02
1303 0.1801987824791362 58.03
1304 0.1799317600747501 58.04
1305 0.1799016293005031 58.05
1306 0.1801249456034567 58.06
1307 0.180560460769336 58.07
1308 0.1811724930896892 58.08
1309 0.1819276281192749 58.09
1310 0.182812190334067 58.1
1311 0.1838023647316473 58.11
1312 0.1848849016404804 58.12
1313 0.186009684270167 58.13
1314 0.1871292461254511 58.14
1315 0.1881922643387311 58.15
1316 0.1891683226250627 58.16
1317 0.1900602426777586 58.17
1318 0.1909141637967203 58.18
1319 0.1917677467842201 58.19
1320 0.1925942635325628 58.2
1321 0.1933608074492445 58.21
1322 0.1940560883189913 58.22
1323 0.1946841438947088 58.23
1324 0.195246480996879 58.24
1325 0.1957546227752499 58.25
1326 0.1962202816731834 58.26
1327 0.1966482051447257 58.27
1328 0.197044812709915 58.28
1329 0.1974098197482756 58.29
1330 0.1977470019731634 58.3
1331 0.198064643628995 58.31
1332 0.1983713269292587 58.32
1333 0.1986809186315528 58.33
1334 0.1990167270820811 58.34
1335 0.1994043425989523 58.35
1336 0.1998304591339514 58.36
1337 0.2002994338548977 58.37
1338 0.200831314085156 58.38
1339 0.2014424835722094 58.39
1340 0.2021095644374616 58.4
1341 0.2028187776434605 58.41
1342 0.2035746023805476 58.42
1343 0.2043758563172668 58.43
1344 0.2052228182161516 58.44
1345 0.2061211985638413 58.45
1346 0.2070488333360005 58.46
1347 0.2079919595890793 58.47
1348 0.2089447755278528 58.48
1349 0.2098948233742153 58.49
1350 0.2108214957937217 58.5
1351 0.211716264840911 58.51
1352 0.2125669961531038 58.52
1353 0.2133639425441407 58.53
1354 0.2141034732976107 58.54
1355 0.2147823806531123 58.55
1356 0.215400617374543 58.56
1357 0.2159553232190915 58.57
1358 0.2164484321807025 58.58
1359 0.2168820197256306 58.59
1360 0.217259296888229 58.6
1361 0.2175837753089724 58.61
1362 0.2178591428885421 58.62
1363 0.2180872503515346 58.63
1364 0.2182728926262205 58.64
1365 0.2184167043905389 58.65
1366 0.2185211181449969 58.66
1367 0.2185887019954213 58.67
1368 0.2186211992866164 58.68
1369 0.2186225944862276 58.69
1370 0.218596690287501 58.7
1371 0.2185446189150045 58.71
1372 0.2184685764118166 58.72
1373 0.2183706500231694 58.73
1374 0.2182519600323361 58.74
1375 0.2181155872451056 58.75
1376 0.2179640731431081 58.76
1377 0.2178004511400286 58.77
1378 0.2176277127417242 58.78
1379 0.2174461475496454 58.79
1380 0.2172582181370934 58.8
1381 0.2170675364424849 58.81
1382 0.2168753589231943 58.82
1383 0.2166830367121842 58.83
1384 0.2164917669445753 58.84
1385 0.2163027099258032 58.85
1386 0.2161165588926099 58.86
1387 0.2159328341201857 58.87
1388 0.2157510909979055 58.88
1389 0.215570641859819 58.89
1390 0.2153905636613624 58.9
1391 0.2152087564834727 58.91
1392 0.2150227366949458 58.92
1393 0.2148301738869402 58.93
1394 0.2146286039611198 58.94
1395 0.2144151054459086 58.95
1396 0.2141859896354018 58.96
1397 0.2139387992390272 58.97
1398 0.2136695619811081 58.98
1399 0.2133760595952553 58.99
1400 0.2130543905111075 59
1401 0.212702442199281 59.01
1402 0.2123170654599752 59.02
1403 0.2118962015629257 59.03
1404 0.211437985617771 59.04
1405 0.2109405878802892 59.05
1406 0.2104020852276645 59.06
1407 0.2098197436765607 59.07
1408 0.2091950221902791 59.08
1409 0.208525079553295 59.09
1410 0.2078088841850337 59.1
1411 0.2070422991608713 59.11
1412 0.2062248871521268 59.12
1413 0.2053568320746135 59.13
1414 0.2044375025126436 59.14
1415 0.20346774177589 59.15
1416 0.2024486997221515 59.16
1417 0.2013837434940473 59.17
1418 0.2002792300112782 59.18
1419 0.199132925393952 59.19
1420 0.19795769441116 59.2
1421 0.1967576831283127 59.21
1422 0.1955636743748786 59.22
1423 0.1944205399892136 59.23
1424 0.1933896289012814 59.24
1425 0.1925714888211189 59.25
1426 0.1919978898212572 59.26
1427 0.1916886714499125 59.27
1428 0.1916290917574336 59.28
1429 0.1917654682100966 59.29
1430 0.1920707377165273 59.3
1431 0.1924738062965815 59.31
1432 0.192980369641006 59.32
1433 0.1935335926986923 59.33
1434 0.1941341174387783 59.34
1435 0.1947689625219017 59.35
1436 0.1953923897483873 59.36
1437 0.1960009857357257 59.37
1438 0.1965846337632836 59.38
1439 0.197133579660149 59.39
1440 0.1976492375255336 59.4
1441 0.1981341143654085 59.41
1442 0.1985928650524491 59.42
1443 0.1990307969071909 59.43
1444 0.1994531350167258 59.44
1445 0.1998706919040503 59.45
1446 0.2002912616477106 59.46
1447 0.2007174699510593 59.47
1448 0.2011573280057646 59.48
1449 0.2016147685243487 59.49
1450 0.2020954535993592 59.5
1451 0.2026089641932607 59.51
1452 0.20316748098489 59.52
1453 0.2037422509869466 59.53
1454 0.2043128114160899 59.54
1455 0.2048738094250239 59.55
1456 0.2054273632953899 59.56
1457 0.2059795382896622 59.57
1458 0.2065313835241646 59.58
1459 0.2070853710347207 59.59
1460 0.2076428314893632 59.6
1461 0.2082076893042289 59.61
1462 0.2087791309981249 59.62
1463 0.2093500542982315 59.63
1464 0.209918810521428 59.64
1465 0.2104768779803839 59.65
1466 0.2110237205806331 59.66
1467 0.2115511883901054 59.67
1468 0.2120545443167252 59.68
1469 0.2125293316156212 59.69
1470 0.2129723169604186 59.7
1471 0.2133793619765061 59.71
1472 0.2137490880560896 59.72
1473 0.2140819346458614 59.73
1474 0.2143748755485797 59.74
1475 0.2146291331685765 59.75
1476 0.2148419856466137 59.76
1477 0.2150166927823204 59.77
1478 0.2151569494354995 59.78
1479 0.2152571901691791 59.79
1480 0.2153269762020348 59.8
1481 0.2153635801782725 59.81
1482 0.2153669041871699 59.82
1483 0.2153408976674597 59.83
1484 0.2152850888596535 59.84
1485 0.21520847694979 59.85
1486 0.215107661265761 59.86
1487 0.2149845994034227 59.87
1488 0.2148419125859103 59.88
1489 0.2146841666738486 59.89
1490 0.2145120752096216 59.9
1491 0.2143249205951965 59.91
1492 0.2141279614611143 59.92
1493 0.2139231033554327 59.93
1494 0.2137100134915527 59.94
1495 0.2134925964535059 59.95
1496 0.2132705282707641 59.96
1497 0.2130444357146583 59.97
1498 0.2128146421792495 59.98
1499 0.2125810374292048 59.99
1500 0.2123431221378146 60
1501 0.2120993632060264 60.01
1502 0.2118473537176867 60.02
1503 0.211587066416003 60.03
1504 0.2113141463819378 60.04
1505 0.2110263443546179 60.05
1506 0.2107229635413291 60.06
1507 0.2103999655546005 60.07
1508 0.2100531624902388 60.08
1509 0.2096810560767036 60.09
1510 0.2092800917722442 60.1
1511 0.2088466130425871 60.11
1512 0.2083809930772952 60.12
1513 0.2078808213132024 60.13
1514 0.2073457266199709 60.14
1515 0.2067756839040427 60.15
1516 0.2061706777173803 60.16
1517 0.2055317215524118 60.17
1518 0.2048604007728921 60.18
1519 0.2041594841933854 60.19
1520 0.2034321522324641 60.2
1521 0.2026823031402742 60.21
1522 0.2019147541394567 60.22
1523 0.2011354951339371 60.23
1524 0.2003591309146934 60.24
1525 0.1995909715519874 60.25
1526 0.1988301074944761 60.26
1527 0.1980981216082241 60.27
1528 0.1974102235726664 60.28
1529 0.1967915557157866 60.29
1530 0.1962722872638731 60.3
1531 0.1958754863562709 60.31
1532 0.1956155320784466 60.32
1533 0.1954941672362884 60.33
1534 0.1955042215532338 60.34
1535 0.1956269045293457 60.35
1536 0.1958314848722135 60.36
1537 0.1960970654739804 60.37
1538 0.1964136068435428 60.38
1539 0.1967633005976014 60.39
1540 0.1971387640763062 60.4
1541 0.1975339311119134 60.41
1542 0.197941061680343 60.42
1543 0.1983551824955086 60.43
1544 0.1987742197358195 60.44
1545 0.1992019680324149 60.45
1546 0.1996385465866543 60.46
1547 0.2000840493092957 60.47
1548 0.2005419688245229 60.48
1549 0.2010224420665926 60.49
1550 0.2015440426261215 60.5
1551 0.2021082110437576 60.51
1552 0.2026921592711211 60.52
1553 0.2032828828709379 60.53
1554 0.2038693726398456 60.54
1555 0.2044455606386119 60.55
1556 0.2050111933396629 60.56
1557 0.2055647683719702 60.57
1558 0.2061085931404598 60.58
1559 0.2066405697110044 60.59
1560 0.2071582135863413 60.6
1561 0.2076630069381396 60.61
1562 0.2081538690637921 60.62
1563 0.2086308434361501 60.63
1564 0.2090927090724007 60.64
1565 0.2095395397955107 60.65
1566 0.2099662541753439 60.66
1567 0.2103719850855973 60.67
1568 0.2107542293879288 60.68
1569 0.2111103359282728 60.69
1570 0.2114389887978915 60.7
1571 0.2117412739265153 60.71
1572 0.2120156935329825 60.72
1573 0.2122615654763244 60.73
1574 0.212477414196969 60.74
1575 0.2126635053145354 60.75
1576 0.2128195691896272 60.76
1577 0.2129464598755752 60.77
1578 0.2130448387680447 60.78
1579 0.2131146855301047 60.79
1580 0.2131575536037737 60.8
1581 0.2131752882535004 60.81
1582 0.2131682865761258 60.82
1583 0.2131393417863689 60.83
1584 0.2130888177670263 60.84
1585 0.2130175448334753 60.85
1586 0.2129275026199759 60.86
1587 0.212820322369576 60.87
1588 0.2126977805932887 60.88
1589 0.2125612564688548 60.89
1590 0.2124107337331438 60.9
1591 0.2122479162419393 60.91
1592 0.2120739362732114 60.92
1593 0.2118887943853572 60.93
1594 0.2116917735292518 60.94
1595 0.2114840749895079 60.95
1596 0.211265815325878 60.96
1597 0.2110361677942373 60.97
1598 0.2107956227796804 60.98
1599 0.2105429760045961 60.99
1600 0.210277420973007 61
1601 0.2099982332321153 61.01
1602 0.2097042841283479 61.02
1603 0.2093946148330406 61.03
1604 0.2090690236558204 61.04
1605 0.2087256911419498 61.05
1606 0.2083649957437645 61.06
1607 0.207984958954165 61.07
1608 0.20758484912736 61.08
1609 0.2071661562674073 61.09
1610 0.2067289100091102 61.1
1611 0.2062711189225062 61.11
1612 0.2057936016947772 61.12
1613 0.2053001530762864 61.13
1614 0.2047929852777773 61.14
1615 0.2042780156936601 61.15
1616 0.2037596367137916 61.16
1617 0.2032422982003798 61.17
1618 0.2027218382701086 61.18
1619 0.2022058860235599 61.19
1620 0.2017084466719205 61.2
1621 0.2012385621282715 61.21
1622 0.2007798129604867 61.22
1623 0.2003549081387638 61.23
1624 0.1999704592691716 61.24
1625 0.19963914061633 61.25
1626 0.1993681804296892 61.26
1627 0.1991655074579658 61.27
1628 0.1990371535853139 61.28
1629 0.1989872524283604 61.29
1630 0.1990169009074686 61.3
1631 0.1991231737263397 61.31
1632 0.1992996700871946 61.32
1633 0.1995404852232401 61.33
1634 0.1998369649166856 61.34
1635 0.2001792149609757 61.35
1636 0.2005602965361394 61.36
1637 0.2009728845430271 61.37
1638 0.2014113925937699 61.38
1639 0.2018692964743896 61.39
1640 0.2023417287832482 61.4
1641 0.2028232633712046 61.41
1642 0.2033149157226573 61.42
1643 0.2038107281657882 61.43
1644 0.204308220539087 61.44
1645 0.2048039913896859 61.45
1646 0.2053039641009486 61.46
1647 0.2057870025397932 61.47
1648 0.2062462798455565 61.48
1649 0.2066823229768653 61.49
1650 0.2070961003177651 61.5
1651 0.2074870051846846 61.51
1652 0.2078543348655661 61.52
1653 0.2081966107312901 61.53
1654 0.208513938117059 61.54
1655 0.2088073585988937 61.55
1656 0.2090774779255916 61.56
1657 0.2093249288088051 61.57
1658 0.209548215292965 61.58
1659 0.2097497896434195 61.59
1660 0.2099300865515318 61.6
1661 0.2100899834213228 61.61
1662 0.2102301327083737 61.62
1663 0.2103510195964522 61.63
1664 0.210453300556783 61.64
1665 0.2105363163569995 61.65
1666 0.2106004553526258 61.66
1667 0.2106455815176718 61.67
1668 0.2106713379192248 61.68
1669 0.2106773462012597 61.69
1670 0.2106634546020353 61.7
1671 0.2106297616764453 61.71
1672 0.2105770337550757 61.72
1673 0.2105054217701516 61.73
1674 0.2104154886391311 61.74
1675 0.2103082792108749 61.75
1676 0.2101838264920844 61.76
1677 0.2100434963981205 61.77
1678 0.2098880531300569 61.78
1679 0.2097184782174098 61.79
1680 0.2095350455432479 61.8
1681 0.2093372662015597 61.81
1682 0.2091271262381112 61.82
1683 0.2089047961891729 61.83
1684 0.2086703786430859 61.84
1685 0.2084241997491527 61.85
1686 0.2081664310433212 61.86
1687 0.2078971231695848 61.87
1688 0.2076179292036193 61.88
1689 0.2073291040818532 61.89
1690 0.2070311673949228 61.9
1691 0.2067246930628684 61.91
1692 0.2064104212041808 61.92
1693 0.2060891535934555 61.93
1694 0.20576110972149 61.94
1695 0.2054285680733836 61.95
1696 0.2050923971600102 61.96
1697 0.2047546962963979 61.97
1698 0.2044171288766541 61.98
1699 0.204083410039827 61.99
1700 0.2037551488785074 62
1701 0.2034347029605881 62.01
1702 0.2031275159325485 62.02
1703 0.2028364891960507 62.03
1704 0.2025645307411724 62.04
1705 0.2023154870104289 62.05
1706 0.2020935147626756 62.06
1707 0.2019019114660809 62.07
1708 0.2017432601391035 62.08
1709 0.2016199105469067 62.09
1710 0.201533834767533 62.1
1711 0.2014882854860928 62.11
1712 0.2014842189929809 62.12
1713 0.2015206172981586 62.13
1714 0.2015984238262701 62.14
1715 0.2017164637287766 62.15
1716 0.2018739295357471 62.16
1717 0.2020674611271017 62.17
1718 0.2022951171982483 62.18
1719 0.2025519696126373 62.19
1720 0.2028322688598073 62.2
1721 0.2031311001565706 62.21
1722 0.203445094474412 62.22
1723 0.2037710411132203 62.23
1724 0.2041086692967861 62.24
1725 0.2044510424921691 62.25
1726 0.2047941719656158 62.26
1727 0.20513516233782 62.27
1728 0.2054751307972106 62.28
1729 0.2058085242851892 62.29
1730 0.2061341149333301 62.3
1731 0.2064505945846279 62.31
1732 0.206757266721054 62.32
1733 0.2070526254317062 62.33
1734 0.2073355248610043 62.34
1735 0.2076055569039174 62.35
1736 0.2078636842334289 62.36
1737 0.2081085216818606 62.37
1738 0.2083374088399884 62.38
1739 0.2085506897339291 62.39
1740 0.2087476522205229 62.4
1741 0.2089264906536338 62.41
1742 0.2090880126725547 62.42
1743 0.2092318644922116 62.43
1744 0.2093570794099662 62.44
1745 0.2094648433514426 62.45
1746 0.2095552595191414 62.46
1747 0.2096277344191404 62.47
1748 0.2096827162799219 62.48
1749 0.2097204413847561 62.49
1750 0.2097406366024902 62.5
1751 0.2097433159165644 62.51
1752 0.2097287732901039 62.52
1753 0.2096975113641483 62.53
1754 0.2096505000477524 62.54
1755 0.209588060827485 62.55
1756 0.2095090621133552 62.56
1757 0.2094173514202146 62.57
1758 0.2093113229701824 62.58
1759 0.2091929898186738 62.59
1760 0.2090622000559202 62.6
1761 0.2089183608053254 62.61
1762 0.2087616865913879 62.62
1763 0.2085924251725595 62.63
1764 0.2084105443378154 62.64
1765 0.2082174239722082 62.65
1766 0.2080132307012376 62.66
1767 0.2077974870173807 62.67
1768 0.2075701273602852 62.68
1769 0.2073328236463525 62.69
1770 0.2070865532409625 62.7
1771 0.2068321820769149 62.71
1772 0.2065689146589559 62.72
1773 0.2063000271585699 62.73
1774 0.2060253673276555 62.74
1775 0.2057473179292527 62.75
1776 0.2054680003311039 62.76
1777 0.2051891214327116 62.77
1778 0.2049116162123559 62.78
1779 0.2046388080459433 62.79
1780 0.2043738336629153 62.8
1781 0.2041171437205093 62.81
1782 0.2038721866240707 62.82
1783 0.2036410126495415 62.83
1784 0.2034265996591141 62.84
1785 0.2032317378545518 62.85
1786 0.2030583418078537 62.86
1787 0.2029078651421987 62.87
1788 0.2027822881486294 62.88
1789 0.2026833790606168 62.89
1790 0.2026123311641259 62.9
1791 0.2025723084340302 62.91
1792 0.2025615846078065 62.92
1793 0.2025815911882065 62.93
1794 0.2026321040315664 62.94
1795 0.2027125038400411 62.95
1796 0.2028214455409661 62.96
1797 0.2029573606243016 62.97
1798 0.2031190999880437 62.98
1799 0.2033041550429431 62.99
1800 0.2035097136458589 63
1801 0.2037327248857061 63.01
1802 0.2039712365401944 63.02
1803 0.2042226194994905 63.03
1804 0.2044855849432527 63.04
1805 0.2047560142537738 63.05
1806 0.2050310867165404 63.06
1807 0.2053083283625427 63.07
1808 0.2055846315841512 63.08
1809 0.2058568323278293 63.09
1810 0.206123724976068 63.1
1811 0.2063829892092145 63.11
1812 0.2066322010184904 63.12
1813 0.2068707818696024 63.13
1814 0.2070971812302387 63.14
1815 0.2073114425090032 63.15
1816 0.2075134963454927 63.16
1817 0.2077030927612475 63.17
1818 0.2078793764020768 63.18
1819 0.2080419512143091 63.19
1820 0.2081907855599731 63.2
1821 0.2083258609536001 63.21
1822 0.2084472102787361 63.22
1823 0.2085547148551664 63.23
1824 0.2086481638880543 63.24
1825 0.2087276179154581 63.25
1826 0.2087930683117918 63.26
1827 0.2088447815689292 63.27
1828 0.2088825096013747 63.28
1829 0.2089061931303511 63.29
1830 0.208915722151553 63.3
1831 0.208911139620313 63.31
1832 0.208892561139428 63.32
1833 0.2088603269931911 63.33
1834 0.2088147657314425 63.34
1835 0.2087560403895985 63.35
1836 0.2086846791047699 63.36
1837 0.2086009068820218 63.37
1838 0.2085046710336675 63.38
1839 0.2083963854735154 63.39
1840 0.2082761663169392 63.4
1841 0.2081445393483914 63.41
1842 0.2080018067256109 63.42
1843 0.2078483025948128 63.43
1844 0.207684427799247 63.44
1845 0.2075105802111361 63.45
1846 0.2073269095224605 63.46
1847 0.2071343766163643 63.47
1848 0.2069334642002374 63.48
1849 0.2067256524110829 63.49
1850 0.2065114861266192 63.5
1851 0.2062919688258369 63.51
1852 0.2060674751272938 63.52
1853 0.2058402608151271 63.53
1854 0.2056107661819211 63.54
1855 0.2053817858459246 63.55
1856 0.2051535793993455 63.56
1857 0.2049287065366724 63.57
1858 0.2047085684407008 63.58
1859 0.2044959605010502 63.59
1860 0.2042917622262805 63.6
1861 0.2040987448370394 63.61
1862 0.2039178475562138 63.62
1863 0.2037507292937418 63.63
1864 0.2035982654855015 63.64
1865 0.2034627136539937 63.65
1866 0.2033449803305428 63.66
1867 0.203247213689952 63.67
1868 0.2031709921869399 63.68
1869 0.2031174485119729 63.69
1870 0.2030885946135787 63.7
1871 0.2030845556145741 63.71
1872 0.2031051263448407 63.72
1873 0.203150902273581 63.73
1874 0.2032203018712518 63.74
1875 0.2033137861457023 63.75
1876 0.2034298669143098 63.76
1877 0.2035660594759536 63.77
1878 0.2037205395533708 63.78
1879 0.203890792869617 63.79
1880 0.2040734785535352 63.8
1881 0.2042667334247051 63.81
1882 0.2044686146817233 63.82
1883 0.2046768407042026 63.83
1884 0.204889038707921 63.84
1885 0.2051033242424472 63.85
1886 0.2053183499521036 63.86
1887 0.205531050414781 63.87
1888 0.205740683022581 63.88
1889 0.2059442498517308 63.89
1890 0.2061408678586528 63.9
1891 0.2063291978400827 63.91
1892 0.2065077184641019 63.92
1893 0.2066759435792559 63.93
1894 0.2068330530366622 63.94
1895 0.2069789232641727 63.95
1896 0.2071118599188169 63.96
1897 0.2072311927022441 63.97
1898 0.20733668708672 63.98
1899 0.2074280890054954 63.99
1900 0.20750544023372 64
1901 0.2075688705574547 64.01000000000001
1902 0.2076175131905679 64.02
1903 0.2076515790519694 64.03
1904 0.2076703779909113 64.04000000000001
1905 0.2076739194354008 64.05
1906 0.2076618347521107 64.06
1907 0.207634282502006 64.06999999999999
1908 0.2075916687554179 64.08
1909 0.2075344888234727 64.09
1910 0.2074631492537935 64.09999999999999
1911 0.2073778211175666 64.11
1912 0.2072787118268687 64.12
1913 0.2071667739401954 64.13
1914 0.2070425787382248 64.14
1915 0.2069065770787052 64.15000000000001
1916 0.2067596678421699 64.16
1917 0.2066023838573252 64.17
1918 0.206435318542747 64.18000000000001
1919 0.2062587211920946 64.19
1920 0.206073367354167 64.2
1921 0.2058805330221504 64.21000000000001
1922 0.205681413441442 64.22
1923 0.205477185776916 64.23
1924 0.205270061687264 64.23999999999999
1925 0.2050602605067005 64.25
1926 0.2048492439251376 64.26000000000001
1927 0.2046378889684767 64.27
1928 0.2044279980048142 64.28
1929 0.2042216910875132 64.29000000000001
1930 0.2040199835156608 64.3
1931 0.2038240447369581 64.31
1932 0.2036341961744061 64.31999999999999
1933 0.2034530649543269 64.33
1934 0.2032825991952595 64.34
1935 0.2031240882477471 64.34999999999999
1936 0.2029790029268331 64.36
1937 0.2028492883180776 64.37
1938 0.2027364612067395 64.38
1939 0.2026415675548445 64.39
1940 0.2025658912635381 64.40000000000001
1941 0.2025113280497763 64.41
1942 0.202477121578978 64.42
1943 0.2024647657889581 64.43000000000001
1944 0.2024742130319851 64.44
1945 0.2025056565825381 64.45
1946 0.2025587639961262 64.46000000000001
1947 0.2026328688045443 64.47
1948 0.2027267142096445 64.48
1949 0.2028390794907426 64.48999999999999
1950 0.2029690205587801 64.5
1951 0.2031150954406548 64.51000000000001
1952 0.2032747275463387 64.52
1953 0.2034470668876923 64.53
1954 0.2036289553507976 64.54000000000001
1955 0.2038189315228741 64.55
1956 0.2040150866121875 64.56
1957 0.2042147545016431 64.56999999999999
1958 0.2044161777882852 64.58
1959 0.204616549129113 64.59
1960 0.2048138617227968 64.59999999999999
1961 0.2050064542835142 64.61
1962 0.2051932587525722 64.62
1963 0.2053712268139909 64.63
1964 0.2055333834838459 64.64
1965 0.2056701802415994 64.65000000000001
1966 0.2057859535273669 64.66
1967 0.2058790373808312 64.67
1968 0.2059472200097616 64.68000000000001
1969 0.205991697645423 64.69
1970 0.2060156166936366 64.7
1971 0.2060275520774805 64.71000000000001
1972 0.2060345901030576 64.72
1973 0.2060426629606095 64.73
1974 0.2060558249547798 64.73999999999999
1975 0.2060786384772248 64.75
1976 0.2061141808466327 64.76000000000001
1977 0.2061684765327096 64.77
1978 0.2062006003823436 64.78
1979 0.2062362840903624 64.79000000000001
1980 0.206279360746818 64.8
1981 0.2063256172967843 64.81
1982 0.2063708387213652 64.81999999999999
1983 0.2064087114405705 64.83
1984 0.2064338360802838 64.84
1985 0.2064486602967363 64.84999999999999
1986 0.2064577669914746 64.86
1987 0.2064551704127353 64.87
1988 0.2064452338404748 64.88
1989 0.2064403711152177 64.89
1990 0.206420690466652 64.90000000000001
1991 0.2063619205077554 64.91
1992 0.2062651075264106 64.92
1993 0.2061095474029422 64.93000000000001
1994 0.2059180292098911 64.94
1995 0.2057084286047558 64.95
1996 0.2054730005398182 64.96000000000001
1997 0.2052038177943677 64.97
1998 0.2048755630260338 64.98
1999 0.2044927704830746 64.98999999999999
2000 0.2040658589605025 65
