"frac-mass-co2-rfile"
"Time Step" "frac-mass-co2 etc.."
("Time Step" "frac-mass-co2" "flow-time")
0 0.004850519009390069 0
1 0.004910263564466806 0.1
2 0.00475154122274006 0.2
3 0.005536307597280579 0.3
4 0.006459868347796405 0.4
5 0.006889295979038935 0.5
6 0.007451018652171852 0.6000000000000001
7 0.008077421861871943 0.7000000000000001
8 0.008541219398788304 0.8
9 0.009003423224633876 0.9
10 0.009564435143371405 1
11 0.01013582984046118 1.1
12 0.01073423035131468 1.2
13 0.01139970896738445 1.3
14 0.01205846569541456 1.4
15 0.01271701279491122 1.5
16 0.01335241194030083 1.6
17 0.0139627088768647 1.7
18 0.01454575095558603 1.8
19 0.01512612893336383 1.9
20 0.01569195773945728 2
21 0.01624035893308189 2.1
22 0.01676946424626448 2.2
23 0.01727092887618305 2.3
24 0.01773546223295557 2.4
25 0.01828967107070521 2.5
26 0.0188355542139972 2.6
27 0.01938184230547302 2.7
28 0.01992129148172495 2.8
29 0.02046321716052 2.9
30 0.02100914920307114 3
31 0.02155920598820253 3.1
32 0.02211308875871205 3.2
33 0.02267068930638051 3.3
34 0.02323469281436501 3.4
35 0.0237985966780085 3.5
36 0.02436708491633445 3.6
37 0.02493852554028783 3.7
38 0.02551351316834098 3.8
39 0.0260935269189608 3.9
40 0.0266776427746306 4
41 0.02726883958273188 4.100000000000001
42 0.02786582622445305 4.2
43 0.02846878930815096 4.3
44 0.02907743420075958 4.4
45 0.02969082258656644 4.5
46 0.0303103952208265 4.600000000000001
47 0.03093570649302702 4.7
48 0.03156846178148794 4.800000000000001
49 0.03220706537434014 4.9
50 0.03285167740977316 5
51 0.03350164551371235 5.100000000000001
52 0.03415883861363615 5.2
53 0.03482242650987117 5.300000000000001
54 0.03549145433075997 5.4
55 0.03616811516879381 5.5
56 0.03685119446533661 5.600000000000001
57 0.03754041034959729 5.7
58 0.03823748580783269 5.800000000000001
59 0.03894101593442077 5.9
60 0.0396517263395434 6
61 0.04036901492185418 6.100000000000001
62 0.04109508953067321 6.2
63 0.04182668816805089 6.300000000000001
64 0.04256595849509445 6.4
65 0.04331229328126535 6.5
66 0.04406623378819337 6.600000000000001
67 0.04482765365909874 6.7
68 0.04556656249113894 6.800000000000001
69 0.04633963938692826 6.9
70 0.0470862007176885 7
71 0.04787327627032041 7.100000000000001
72 0.04866809837768789 7.2
73 0.04947023078392654 7.300000000000001
74 0.05022962161599265 7.4
75 0.05099862772030544 7.5
76 0.05177655474270423 7.600000000000001
77 0.05256521047441302 7.7
78 0.05339875051032994 7.800000000000001
79 0.05419570927695589 7.9
80 0.05504115330712579 8
81 0.05583558479492032 8.1
82 0.05669299998051953 8.200000000000001
83 0.05755586983670469 8.300000000000001
84 0.05837404998447702 8.4
85 0.05924776042763188 8.5
86 0.0601271092896395 8.6
87 0.0610113861896587 8.700000000000001
88 0.06189910427596639 8.800000000000001
89 0.06279143852317397 8.9
90 0.06368736493714044 9
91 0.06458737394804437 9.1
92 0.06549184631340546 9.200000000000001
93 0.06637518952310542 9.300000000000001
94 0.06728836281228609 9.4
95 0.06820386973345179 9.5
96 0.06912195082555567 9.600000000000001
97 0.07004271301364662 9.700000000000001
98 0.07096359870046469 9.800000000000001
99 0.07188821604197909 9.9
100 0.07281664406500483 10
101 0.07374375230960463 10.1
102 0.07467325299822357 10.2
103 0.07560447672057469 10.3
104 0.07653808351207568 10.4
105 0.07747294021820707 10.5
106 0.07841080677379013 10.6
107 0.07935060796724593 10.7
108 0.08029319934865604 10.8
109 0.08115102950764536 10.9
110 0.08201269663862031 11
111 0.0828689628349342 11.1
112 0.08381731020285459 11.2
113 0.08468659916642217 11.3
114 0.08555180208055109 11.4
115 0.08640005896246163 11.5
116 0.0872625815836334 11.6
117 0.08812326699937852 11.7
118 0.08898797182316591 11.8
119 0.08984937446779916 11.9
120 0.09073020989970229 12
121 0.09159887370551315 12.1
122 0.09247090041852482 12.2
123 0.09335759205037696 12.3
124 0.09425534114970573 12.4
125 0.09513492137902142 12.5
126 0.096025470249852 12.6
127 0.09691404211712437 12.7
128 0.09781258058472754 12.8
129 0.09870099066459417 12.9
130 0.09958144698040171 13
131 0.1004804469876124 13.1
132 0.1013719261153464 13.2
133 0.1022671991113542 13.3
134 0.1031716312914505 13.4
135 0.1040811061170152 13.5
136 0.1049872630564277 13.6
137 0.1059071735967715 13.7
138 0.1068254170301773 13.8
139 0.1077288411388456 13.9
140 0.1086574959006575 14
141 0.1095843104206892 14.1
142 0.1105114724078815 14.2
143 0.1114291284217743 14.3
144 0.1123616387921758 14.4
145 0.1132921033943207 14.5
146 0.1142381133902027 14.6
147 0.1151764850497425 14.7
148 0.1161154854446297 14.8
149 0.1170519876454915 14.9
150 0.118006587653504 15
151 0.118964122136339 15.1
152 0.1199404145698742 15.2
153 0.1209103532061581 15.3
154 0.121893308121171 15.4
155 0.1228732004214926 15.5
156 0.1238558368320387 15.6
157 0.1248296725683466 15.7
158 0.125811904140454 15.8
159 0.1268018475574125 15.9
160 0.1277898009793837 16
161 0.1288050725201419 16.1
162 0.1298216888818674 16.2
163 0.1308254263961622 16.3
164 0.13181592071384 16.4
165 0.1328368659637622 16.5
166 0.1338466322278145 16.6
167 0.1348785110563989 16.7
168 0.1359206791382262 16.8
169 0.1369699535989989 16.9
170 0.1380079178912899 17
171 0.1390490629851968 17.1
172 0.1400838164269242 17.2
173 0.1411205198962188 17.3
174 0.1421624039108989 17.4
175 0.1432157269243121 17.5
176 0.1442440771437202 17.6
177 0.1452795180806655 17.7
178 0.1462722926068672 17.8
179 0.1472433095507953 17.9
180 0.1481633701593109 18
181 0.1490309085492107 18.1
182 0.1500005104341832 18.2
183 0.1507778424626171 18.3
184 0.1515230037279409 18.4
185 0.152134329069454 18.5
186 0.1526936152285874 18.6
187 0.153219379208195 18.7
188 0.1532212896135508 18.8
189 0.1537202131151346 18.9
190 0.1541432543402388 19
191 0.1545325479900879 19.1
192 0.1551033622443638 19.2
193 0.1555817601098796 19.3
194 0.1560040157566492 19.4
195 0.1563689846524912 19.5
196 0.156593979871214 19.6
197 0.1565649409900873 19.7
198 0.1564760620114272 19.8
199 0.1563865439712801 19.9
200 0.1562990083403056 20
201 0.156210417548405 20.1
202 0.1561185643634877 20.2
203 0.156025262209229 20.3
204 0.1559317591032324 20.4
205 0.1558381296455403 20.5
206 0.1557446843729113 20.6
207 0.1556509548233574 20.7
208 0.1555566089363415 20.8
209 0.1554626861485894 20.9
210 0.1553703486371466 21
211 0.1552790599173836 21.1
212 0.1551881275155433 21.2
213 0.1550973961733522 21.3
214 0.1550071063445732 21.4
215 0.1549168559382397 21.5
216 0.1548257113040156 21.6
217 0.1547333619928754 21.7
218 0.1546396624966373 21.8
219 0.154544601771512 21.9
220 0.1544482915975375 22
221 0.1543510272174156 22.1
222 0.1542530394393415 22.2
223 0.1541539339239783 22.3
224 0.1540533766436035 22.4
225 0.1539516634695642 22.5
226 0.1538489236977165 22.6
227 0.1537456571741409 22.7
228 0.1536427084430833 22.8
229 0.1535392466486344 22.9
230 0.1534343094530878 23
231 0.1533270853761094 23.1
232 0.1532199637638453 23.2
233 0.1531189678446053 23.3
234 0.1530171294434261 23.4
235 0.1529107643802259 23.5
236 0.152802624452827 23.6
237 0.1526949695365308 23.7
238 0.1525945593548586 23.8
239 0.1524894276430324 23.9
240 0.1523863367376699 24
241 0.1522829683896158 24.1
242 0.1521750508718543 24.2
243 0.1520671291978396 24.3
244 0.151965226265597 24.4
245 0.1518608617149359 24.5
246 0.1517529975862977 24.6
247 0.1516446518122843 24.7
248 0.1515371597754405 24.8
249 0.1514307572974991 24.9
250 0.1513204897505496 25
251 0.1512141802847979 25.1
252 0.1511083446256477 25.2
253 0.1509992051717184 25.3
254 0.1508887602593669 25.4
255 0.1507829582837935 25.5
256 0.1506763823874425 25.6
257 0.1505675174803944 25.7
258 0.1504564698757936 25.8
259 0.1503475194143741 25.9
260 0.1502409748252712 26
261 0.1501312660123502 26.1
262 0.1500229359850797 26.2
263 0.1499162414397972 26.3
264 0.1498074236326513 26.4
265 0.1496976437302493 26.5
266 0.1495924184953206 26.6
267 0.1494873358976757 26.7
268 0.1493828041165538 26.8
269 0.149289879688482 26.9
270 0.1492895089536408 27
271 0.1491939424186325 27.1
272 0.149193594340267 27.2
273 0.1490888638704496 27.3
274 0.1489797019570263 27.4
275 0.1488721534232793 27.5
276 0.1487670117219382 27.6
277 0.148661072098488 27.7
278 0.1485526407950924 27.8
279 0.1484454145887783 27.9
280 0.1484447025381798 28
281 0.148339784259754 28.1
282 0.1483391300073126 28.2
283 0.1482355338163411 28.3
284 0.148131529661907 28.4
285 0.1480260301080679 28.5
286 0.1479204220415948 28.6
287 0.1478134112747673 28.7
288 0.1477119503535101 28.8
289 0.1477113228667231 28.9
290 0.1476116967366455 29
291 0.1476111287471737 29.1
292 0.1475132211774206 29.2
293 0.1475127622620902 29.3
294 0.1475125886508621 29.4
295 0.1474178858649495 29.5
296 0.1474175128608209 29.6
297 0.1473263927589453 29.7
298 0.1472357259440728 29.8
299 0.1471456684346039 29.9
300 0.1470564431736748 30
301 0.1469680485115407 30.1
302 0.1468773861994819 30.2
303 0.1467885115075831 30.3
304 0.1466980117657729 30.4
305 0.1466072845973292 30.5
306 0.1465169494320106 30.6
307 0.1464258578014312 30.7
308 0.1463350340119585 30.8
309 0.1462431984099848 30.9
310 0.1461510830581214 31
311 0.1460581096065849 31.1
312 0.1459659824089978 31.2
313 0.145872027647788 31.3
314 0.145778625452001 31.4
315 0.1456854050923519 31.5
316 0.1455912769105456 31.6
317 0.1454968551474609 31.7
318 0.1454015736070882 31.8
319 0.1453073298073437 31.9
320 0.1452131496230936 32
321 0.145119372189769 32.1
322 0.1450244696954323 32.2
323 0.1449292486144136 32.3
324 0.1448334556291807 32.4
325 0.1447368279938979 32.5
326 0.1446417380248011 32.6
327 0.1445454327303981 32.7
328 0.1444490508379608 32.8
329 0.1443523459321917 32.9
330 0.1442564230423088 33
331 0.1441591022850127 33.1
332 0.1440570480513458 33.2
333 0.1439547655381437 33.3
334 0.1438509291828519 33.4
335 0.1437475778291284 33.5
336 0.1436585991420987 33.6
337 0.1436582411983793 33.7
338 0.1435684202259264 33.8
339 0.1435681129811907 33.9
340 0.1434785749344698 34
341 0.1434782647055805 34.1
342 0.1433884825704526 34.2
343 0.1433881665201739 34.3
344 0.1432971223614046 34.4
345 0.1432967989271086 34.5
346 0.1432064684250731 34.6
347 0.143115678824087 34.7
348 0.1430233451930941 34.8
349 0.1429319797308716 34.9
350 0.1428398548933928 35
351 0.1427479645559383 35.1
352 0.1426560628218073 35.2
353 0.1425629222462943 35.3
354 0.1424616958471052 35.4
355 0.1423606797072604 35.5
356 0.1422600373759322 35.6
357 0.1421591810095521 35.7
358 0.1420683920430097 35.8
359 0.1420680259326731 35.9
360 0.141977280525222 36
361 0.1418852142785768 36.1
362 0.1417943584826677 36.2
363 0.1417014106929547 36.3
364 0.1416095676362483 36.4
365 0.1415169674768267 36.5
366 0.1414239095892705 36.6
367 0.1413308248174225 36.7
368 0.1412378304995909 36.8
369 0.1411439367612101 36.9
370 0.141049085726671 37
371 0.1409548156568399 37.1
372 0.1408602258713571 37.2
373 0.1407650005673247 37.3
374 0.1406706782589569 37.4
375 0.140577124536673 37.5
376 0.1404824793042555 37.6
377 0.1403888426315864 37.7
378 0.1402958904088458 37.8
379 0.1402049229061098 37.9
380 0.1401146887035529 38
381 0.1400250319988356 38.1
382 0.1399356810020948 38.2
383 0.1398453006737952 38.3
384 0.1397554062507219 38.40000000000001
385 0.1396658553323049 38.5
386 0.1395764254798949 38.6
387 0.1394867690728312 38.7
388 0.1393966766729918 38.8
389 0.1393052275436936 38.90000000000001
390 0.1392129791509678 39
391 0.1391143343720212 39.1
392 0.1390148784553128 39.2
393 0.1389150238618221 39.3
394 0.1388163660675766 39.40000000000001
395 0.1387199831826076 39.5
396 0.1386317124323564 39.6
397 0.1385349205220261 39.7
398 0.1384453516376266 39.8
399 0.1383565304950918 39.90000000000001
400 0.1382671637919839 40
401 0.1381783823076202 40.1
402 0.1380893894408172 40.2
403 0.1379981486965106 40.3
404 0.1379085851918827 40.40000000000001
405 0.1378187028800807 40.5
406 0.1377296541902979 40.6
407 0.1376408128785166 40.7
408 0.1375508665739657 40.8
409 0.1374614981772743 40.90000000000001
410 0.1373728749869918 41
411 0.1372823484756103 41.1
412 0.1371919452579468 41.2
413 0.1371027245653424 41.3
414 0.1370134973701286 41.40000000000001
415 0.1369226256533772 41.5
416 0.1368323684009077 41.6
417 0.1367420895907992 41.7
418 0.1366516031732958 41.8
419 0.1365609343896991 41.90000000000001
420 0.1364623633457306 42
421 0.1363651332397248 42.1
422 0.1362704135304885 42.2
423 0.1361752389314815 42.3
424 0.136078320437405 42.40000000000001
425 0.1359838318256824 42.5
426 0.1359833520279134 42.6
427 0.1358893262319596 42.7
428 0.1357963249309787 42.8
429 0.1357024352136738 42.90000000000001
430 0.1356086480926293 43
431 0.1355149705631453 43.1
432 0.1354211308754838 43.2
433 0.135327814597877 43.3
434 0.1352339450583969 43.40000000000001
435 0.1351411818532911 43.5
436 0.135048969713126 43.6
437 0.13495687005391 43.7
438 0.1348650172476179 43.8
439 0.134773564326098 43.90000000000001
440 0.1346815276157644 44
441 0.1345886579427058 44.1
442 0.1344919204171994 44.2
443 0.1343938638168468 44.3
444 0.1342956227226813 44.40000000000001
445 0.1341995485286896 44.5
446 0.1341078136226757 44.6
447 0.1341074238252077 44.7
448 0.1340161512081884 44.8
449 0.1339269494972242 44.90000000000001
450 0.1338381896904494 45
451 0.1337498492776404 45.1
452 0.1336615056264492 45.2
453 0.1335728505540767 45.3
454 0.1334841421713698 45.40000000000001
455 0.1333960549051373 45.5
456 0.1333072311397677 45.6
457 0.1332189229124753 45.7
458 0.1331311076724928 45.8
459 0.1330425806477875 45.90000000000001
460 0.1329544787217558 46
461 0.1328661975171412 46.1
462 0.1327781367114164 46.2
463 0.1326898304741546 46.3
464 0.1326017996468563 46.40000000000001
465 0.1325124531280914 46.5
466 0.132423913637172 46.6
467 0.1323347652303136 46.7
468 0.1322453865901365 46.8
469 0.1321555418167859 46.90000000000001
470 0.1320665282902999 47
471 0.1319769048386422 47.1
472 0.1318878997293121 47.2
473 0.1317982309499092 47.3
474 0.131709115192445 47.40000000000001
475 0.1316194647098075 47.5
476 0.1315270532733413 47.6
477 0.1314369977123339 47.7
478 0.1313467420706594 47.8
479 0.131254430260034 47.90000000000001
480 0.1311641406293614 48
481 0.1310700566772586 48.1
482 0.1309769065059425 48.2
483 0.1308844982330607 48.3
484 0.1307925344957693 48.40000000000001
485 0.1307060343940698 48.5
486 0.1306191191016106 48.6
487 0.130531929714911 48.7
488 0.1304445013564956 48.8
489 0.1303565152849757 48.90000000000001
490 0.1302695163120473 49
491 0.1301829030092957 49.1
492 0.1300964310270192 49.2
493 0.1300097426737413 49.3
494 0.1299222558437263 49.40000000000001
495 0.1298353837584596 49.5
496 0.1297484429803412 49.6
497 0.1296624080450072 49.7
498 0.1295765494478495 49.8
499 0.129489597351977 49.90000000000001
500 0.1294032998632841 50
501 0.126491561861752 50.01
502 0.1235347008188935 50.02
503 0.120964640498375 50.03
504 0.1183668477484637 50.04
505 0.1155858397557664 50.05
506 0.1126304696625679 50.06
507 0.1095954502165826 50.07
508 0.1066050540455896 50.08
509 0.103676909192091 50.09
510 0.100819450542369 50.1
511 0.09803512600236712 50.11
512 0.0953240915974936 50.12
513 0.09269133190041205 50.13
514 0.09013306091250345 50.14
515 0.08766297523003877 50.15
516 0.08527381875700864 50.16
517 0.08299392535949908 50.17
518 0.08082830703014959 50.18
519 0.07877699178335579 50.19
520 0.07684547699584843 50.2
521 0.07503156764562303 50.21
522 0.07333347962596568 50.22
523 0.07174740187416616 50.23
524 0.0702591384848861 50.24
525 0.06887747198787489 50.25
526 0.06758712273662223 50.26
527 0.06637524643699064 50.27
528 0.0652288921093326 50.28
529 0.06413918609714332 50.29
530 0.06309688205934122 50.3
531 0.06209144469608627 50.31
532 0.06111626069775683 50.32
533 0.06016318487915034 50.33
534 0.05922688295318085 50.34
535 0.05830688162036203 50.35
536 0.05739386305424485 50.36
537 0.05649558195427536 50.37
538 0.05560418229730511 50.38
539 0.05472954638320746 50.39
540 0.05386985359129046 50.4
541 0.05302366741962684 50.41
542 0.05219911347092615 50.42
543 0.0513945556227943 50.43
544 0.05061372206238393 50.44
545 0.04985617597983139 50.45
546 0.04912371508222631 50.46
547 0.04841698412840099 50.47
548 0.04773576862170784 50.48
549 0.04707935170063957 50.49
550 0.04644915194181368 50.5
551 0.04584010699454703 50.51
552 0.04525121796035024 50.52
553 0.04468170737678099 50.53
554 0.04413143591006656 50.54
555 0.04359611067425084 50.55
556 0.04307357125172842 50.56
557 0.04256385689705088 50.57
558 0.04206529607255364 50.58
559 0.04157646366514023 50.59
560 0.04109596638754049 50.6
561 0.04062516196125893 50.61
562 0.04016121851549053 50.62
563 0.03970489968693115 50.63
564 0.03925588591547879 50.64
565 0.03881432196514729 50.65
566 0.03837974595164004 50.66
567 0.03795340301279397 50.67
568 0.03753505005990762 50.68
569 0.03712499074444447 50.69
570 0.03672356826648301 50.7
571 0.03633051321042348 50.71
572 0.03594616461519692 50.72
573 0.03557102997735972 50.73
574 0.03520446044494963 50.74
575 0.03484650434782154 50.75
576 0.03449660867584712 50.76
577 0.03415518193121218 50.77
578 0.03382167455371761 50.78
579 0.03349569309138808 50.79
580 0.03317680542637664 50.8
581 0.03286463680553839 50.81
582 0.03255869847588141 50.82
583 0.03225872638899209 50.83
584 0.0319642807055545 50.84
585 0.03167529450431696 50.85
586 0.03139146079374875 50.86
587 0.03111288144369144 50.87
588 0.03083938926187547 50.88
589 0.03056961536347554 50.89
590 0.03030437184338411 50.9
591 0.03004327943124766 50.91
592 0.02978658146374708 50.92
593 0.02953380217681028 50.93
594 0.02928495388227019 50.94
595 0.02903995179448115 50.95
596 0.02879894741477312 50.96
597 0.02856170838521534 50.97
598 0.02832814902329422 50.98
599 0.02809835830934511 50.99
600 0.02787218216531478 51
601 0.02764941655848266 51.01
602 0.027429954624613 51.02
603 0.02721373769220532 51.03
604 0.02700071792686266 51.04
605 0.02679097495609908 51.05
606 0.02658450629615892 51.06
607 0.02638119228839976 51.07
608 0.02618086631577123 51.08
609 0.02598342198483058 51.09
610 0.02578876070778217 51.1
611 0.0255972221737358 51.11
612 0.02540824410927358 51.12
613 0.02522238866492044 51.13
614 0.02503911971005256 51.14
615 0.02485884705326769 51.15
616 0.02468139023585042 51.16
617 0.02450658257452973 51.17
618 0.02433459333431049 51.18
619 0.0241649281784821 51.19
620 0.02399778831442544 51.2
621 0.02383294821191344 51.21
622 0.02367038619093031 51.22
623 0.02351008245666882 51.23
624 0.02335198319473989 51.24
625 0.02319609014614296 51.25
626 0.02304224233802532 51.26
627 0.02289044645722869 51.27
628 0.02274060307204782 51.28
629 0.02259261798037485 51.29
630 0.02244705766259221 51.3
631 0.02230278949635967 51.31
632 0.02216040128461544 51.32
633 0.02201958949170585 51.33
634 0.02188021316122487 51.34
635 0.02174279678858551 51.35
636 0.02160711487178978 51.36
637 0.02147337854641263 51.37
638 0.02134132981560848 51.38
639 0.02121085538924296 51.39
640 0.02108190163903887 51.4
641 0.02095416687652988 51.41
642 0.02082846771191719 51.42
643 0.02070431612844735 51.43
644 0.02058156280574139 51.44
645 0.02046011813959436 51.45
646 0.02034012518659703 51.46
647 0.02022151996431201 51.47
648 0.02010431231150967 51.48
649 0.01998855682405198 51.49
650 0.01987417216472814 51.5
651 0.0197611465590856 51.51
652 0.01964943173905985 51.52
653 0.01953910360899375 51.53
654 0.0194299696867836 51.54
655 0.01932199644240768 51.55
656 0.01921523855319677 51.56
657 0.01910963221518264 51.57
658 0.01900512585630275 51.58
659 0.01890197669751466 51.59
660 0.01879994656843488 51.6
661 0.0186987589140392 51.61
662 0.01859860021292342 51.62
663 0.01849947137317553 51.63
664 0.01840133314415429 51.64
665 0.01830423270498824 51.65
666 0.01820814318401584 51.66
667 0.0181131860448391 51.67
668 0.01801927250500505 51.68
669 0.01792637580506939 51.69
670 0.01783441129249727 51.7
671 0.01774340525871452 51.71
672 0.01765331118911925 51.72
673 0.01756413042070672 51.73
674 0.01747584291762578 51.74
675 0.01738843994014639 51.75
676 0.01730188448457954 51.76
677 0.0172161775550253 51.77
678 0.01713126622525198 51.78
679 0.01704718962157742 51.79
680 0.01696396377339394 51.8
681 0.01688155713702872 51.81
682 0.01679991620781295 51.82
683 0.01671905077994554 51.83
684 0.01663897563899048 51.84
685 0.0165596787359144 51.85
686 0.01648114260715705 51.86
687 0.0164033318634718 51.87
688 0.01632637655440368 51.88
689 0.01625006283869193 51.89
690 0.01617444099873074 51.9
691 0.01609957815515754 51.91
692 0.01602549523958736 51.92
693 0.0159519295054791 51.93
694 0.01587899244010227 51.94
695 0.01580677805829492 51.95
696 0.01573514716042907 51.96
697 0.01566414524846737 51.97
698 0.01559379309164323 51.98
699 0.01552422405990569 51.99
700 0.01545521745535766 52
701 0.01538676687035298 52.01
702 0.01531889628907833 52.02
703 0.01525182366768084 52.03
704 0.01518530899884723 52.04
705 0.01511919353719259 52.05
706 0.01505363954593735 52.06
707 0.01498907171508075 52.07
708 0.01492511172906029 52.08
709 0.01486160040122688 52.09
710 0.014798583028472 52.1
711 0.01473581407848157 52.11
712 0.01467341294476217 52.12
713 0.01461161858417843 52.13
714 0.01455035403167873 52.14
715 0.01448966511821615 52.15
716 0.01442913848195348 52.16
717 0.01436893944148376 52.17
718 0.01430928388915456 52.18
719 0.01425077914269125 52.19
720 0.01419293648114234 52.2
721 0.01413522723915239 52.21
722 0.01407805807371589 52.22
723 0.0140213129296429 52.23
724 0.01396501772908255 52.24
725 0.01390909605809294 52.25
726 0.01385386991652386 52.26
727 0.0137992548694918 52.27
728 0.01374503025842112 52.28
729 0.01369117913140338 52.29
730 0.01363770575173909 52.3
731 0.01358453431245963 52.31
732 0.01353167986081845 52.32
733 0.01347924226396208 52.33
734 0.01342713547751624 52.34
735 0.01337542247130769 52.35
736 0.01332407463626817 52.36
737 0.01327304341619354 52.37
738 0.01322240915724221 52.38
739 0.01317231223289277 52.39
740 0.01312270376672158 52.4
741 0.0130733695506022 52.41
742 0.01302445354065171 52.42
743 0.01297584717361759 52.43
744 0.01292746180428008 52.44
745 0.01287938288572048 52.45
746 0.01283187990416067 52.46
747 0.01278449853884254 52.47
748 0.01273736974353915 52.48
749 0.01269052806512294 52.49
750 0.01264400417749572 52.5
751 0.01259774818436394 52.51
752 0.0125518214868946 52.52
753 0.01250619102059757 52.53
754 0.01246093159557513 52.54
755 0.01241594767063189 52.55
756 0.01237119908927882 52.56
757 0.01232669848929375 52.57
758 0.01228251560178818 52.58
759 0.01223865447070024 52.59
760 0.01219508825871838 52.6
761 0.01215178477109519 52.61
762 0.01210878377809843 52.62
763 0.01206605226175137 52.63
764 0.01202360595577742 52.64
765 0.01198145179818751 52.65
766 0.01193957895191529 52.66
767 0.01189796681927458 52.67
768 0.01185688288636459 52.68
769 0.01181634446725932 52.69
770 0.01177608132528288 52.7
771 0.01173611324717948 52.71
772 0.01169652262767081 52.72
773 0.01165715610151442 52.73
774 0.01161800554150756 52.74
775 0.0115792814518285 52.75
776 0.01154095100965638 52.76
777 0.01150290014964459 52.77
778 0.01146514121867593 52.78
779 0.01142765627004054 52.79
780 0.01139040690744385 52.8
781 0.0113534067127265 52.81
782 0.01131666054858151 52.82
783 0.0112800894943495 52.83
784 0.01124370880809455 52.84
785 0.01120753391899447 52.85
786 0.01117154945522742 52.86
787 0.01113657796210215 52.87
788 0.01110207195427987 52.88
789 0.01106786052866841 52.89
790 0.01103383601037455 52.9
791 0.0109998762390948 52.91
792 0.01096589717377851 52.92
793 0.01093192009229585 52.93
794 0.01089795209699835 52.94
795 0.01086401907905817 52.95
796 0.01083019209467873 52.96
797 0.01079648930859647 52.97
798 0.0107627083771828 52.98
799 0.01072879465552798 52.99
800 0.01069478232639527 53
801 0.01066096567601903 53.01
802 0.01062741203058666 53.02
803 0.01059405965389891 53.03
804 0.01056084166056744 53.04
805 0.01052796048974965 53.05
806 0.01049544746176382 53.06
807 0.01046325929462535 53.07
808 0.01043134740433112 53.08
809 0.01039968477243283 53.09
810 0.01036824115358675 53.1
811 0.01033699071835862 53.11
812 0.01030592167022775 53.12
813 0.01027503578512738 53.13
814 0.01024491259885592 53.14
815 0.0102155483952553 53.15
816 0.01018649674581034 53.16
817 0.0101577561236207 53.17
818 0.01012934087076287 53.18
819 0.01010113375184714 53.19
820 0.01007305845548865 53.2
821 0.01004513301591674 53.21
822 0.01001731590828361 53.22
823 0.009989584920870447 53.23
824 0.009962002751815366 53.24
825 0.009934633221197652 53.25
826 0.009907459647314799 53.26
827 0.009880439937552115 53.27
828 0.009853583915747324 53.28
829 0.009826728025115082 53.29
830 0.009799719512971147 53.3
831 0.009772305602071823 53.31
832 0.00974454704698597 53.32
833 0.009716619882456002 53.33
834 0.009688603072267692 53.34
835 0.009660464789252766 53.35
836 0.00963210080802023 53.36
837 0.009604106948667613 53.37
838 0.009577319255197954 53.38
839 0.009551125698275183 53.39
840 0.009525259974613546 53.4
841 0.009499648958378747 53.41
842 0.009474260544904392 53.42
843 0.009449192050021999 53.43
844 0.00942430070848632 53.44
845 0.009399455742053454 53.45
846 0.009374693891721568 53.46
847 0.009349935104258402 53.47
848 0.009325202053392826 53.48
849 0.009300594707264714 53.49
850 0.009276009892947154 53.5
851 0.00925150310960123 53.51
852 0.009227006877900047 53.52
853 0.009202753345628631 53.53
854 0.009178520152675588 53.54
855 0.009154196297218099 53.55
856 0.009129873173332611 53.56
857 0.009105689354735136 53.57
858 0.009081597084307563 53.58
859 0.00905749884946019 53.59
860 0.009033379255515344 53.6
861 0.009009246964881581 53.61
862 0.008985123743648963 53.62
863 0.008960983106322026 53.63
864 0.008937083052920285 53.64
865 0.008913312168421322 53.65
866 0.008889738890425512 53.66
867 0.008866235382738105 53.67
868 0.008842723622464316 53.68
869 0.008819303696371829 53.69
870 0.008795995245406378 53.7
871 0.008772761513983067 53.71
872 0.008749648293470885 53.72
873 0.008726716091348161 53.73
874 0.008703973924567268 53.74
875 0.008681368988359557 53.75
876 0.008658831364937631 53.76
877 0.008636411987690979 53.77
878 0.008614151674247953 53.78
879 0.008592057088672042 53.79
880 0.008570104883837668 53.8
881 0.008548273011327448 53.81
882 0.008526546274872157 53.82
883 0.008504939930916115 53.83
884 0.008483452067347737 53.84
885 0.008462077173860046 53.85
886 0.00844205277195883 53.86
887 0.008422295098927682 53.87
888 0.008402746260522459 53.88
889 0.008383456436748784 53.89
890 0.00836434896770639 53.9
891 0.008345274654225477 53.91
892 0.008326208182323528 53.92
893 0.008307207736760721 53.93
894 0.008288193751133655 53.94
895 0.008269167702708644 53.95
896 0.008250188835495949 53.96
897 0.008231268845231149 53.97
898 0.008212381735574087 53.98
899 0.008193491035924105 53.99
900 0.00817462071376323 54
901 0.008155793023340371 54.01
902 0.008137030696424984 54.02
903 0.008118322128747413 54.03
904 0.008099662114246516 54.04
905 0.008081058642239257 54.05
906 0.008062493283486518 54.06
907 0.008044001791121648 54.07
908 0.008025611719008662 54.08
909 0.008007264331611627 54.09
910 0.007988936770374802 54.1
911 0.007970667184507086 54.11
912 0.007952429953006669 54.12
913 0.007934235093014847 54.13
914 0.007916091180671379 54.14
915 0.007897998339363938 54.15
916 0.007879961279218872 54.16
917 0.007861919233716338 54.17
918 0.007843845322085416 54.18
919 0.007825761727451063 54.19
920 0.007807683436409859 54.2
921 0.007789795382501775 54.21
922 0.007772039449734282 54.22
923 0.007754322940850053 54.23
924 0.00773663541094302 54.24
925 0.007719083479926449 54.25
926 0.00770164555579362 54.26
927 0.007684239395363507 54.27
928 0.007666852236534514 54.28
929 0.007649507469133552 54.29
930 0.007632196531350933 54.3
931 0.007614883505266785 54.31
932 0.007597599815459777 54.32
933 0.007580324909418964 54.33
934 0.007563047655618852 54.34
935 0.007546015087766074 54.35
936 0.007529413829627225 54.36
937 0.007512990544819996 54.37
938 0.007497053849771028 54.38
939 0.007481298741345175 54.39
940 0.007465644327196906 54.4
941 0.007450037520363396 54.41
942 0.007434492956184701 54.42
943 0.007419062661955731 54.43
944 0.007403746313243182 54.44
945 0.007388456675257488 54.45
946 0.007373165495940557 54.46
947 0.007357879495249763 54.47
948 0.007342518856838095 54.48
949 0.00732722339264808 54.49
950 0.007312120580824776 54.5
951 0.007297104350039309 54.51
952 0.007282107782271014 54.52
953 0.00726726589570079 54.53
954 0.007252612998286389 54.54
955 0.007238006165607182 54.55
956 0.00722340247222756 54.56
957 0.007208802467735234 54.57
958 0.007194174191984869 54.58
959 0.007179510868962023 54.59
960 0.007164849894369192 54.6
961 0.007150190967195443 54.61
962 0.007135537595392033 54.62
963 0.007120901285652524 54.63
964 0.00710628797026202 54.64
965 0.00709170721828708 54.65
966 0.00707715393769011 54.66
967 0.007062638794183088 54.67
968 0.007048392927509938 54.68
969 0.007034534827713583 54.69
970 0.007020852381445035 54.7
971 0.00700729609908294 54.71
972 0.006993737457142514 54.72
973 0.006980255542798408 54.73
974 0.006966876542424664 54.74
975 0.006953598439734409 54.75
976 0.006940356964485014 54.76
977 0.006927102953724637 54.77
978 0.006913844964720281 54.78
979 0.006900577457964329 54.79
980 0.006887296170930109 54.8
981 0.006874023718938052 54.81
982 0.006860799465429433 54.82
983 0.006847656784343061 54.83
984 0.006834543743908276 54.84
985 0.00682142800577766 54.85
986 0.006808325670435037 54.86
987 0.006795230499795041 54.87
988 0.006782143682904238 54.88
989 0.006769071230964449 54.89
990 0.006756015646440672 54.9
991 0.006742965313723159 54.91
992 0.006729940394021555 54.92
993 0.006716893644282414 54.93
994 0.006703812699441977 54.94
995 0.006690710106433233 54.95
996 0.006677574699338488 54.96
997 0.006664421210244907 54.97
998 0.006651160584318934 54.98
999 0.006637869438807494 54.99
1000 0.006624638901548978 55
1001 0.006621090332477162 55.01
1002 0.006621438978945468 55.02
1003 0.006623249931017208 55.03
1004 0.006626007953413972 55.04
1005 0.006629731250708756 55.05
1006 0.006634376138830969 55.06
1007 0.00663988472357895 55.07
1008 0.006646106879213251 55.08
1009 0.006652950438438132 55.09
1010 0.006660202667187158 55.1
1011 0.006667592162034441 55.11
1012 0.006675108228082814 55.12
1013 0.006682670681911023 55.13
1014 0.006690109938996635 55.14
1015 0.006697459694815133 55.15
1016 0.006704672490503203 55.16
1017 0.006711700465637212 55.17
1018 0.00671851964418317 55.18
1019 0.006725108987992436 55.19
1020 0.006731447048452164 55.2
1021 0.006737514613503922 55.21
1022 0.006743330406775632 55.22
1023 0.006748843088407324 55.23
1024 0.006754062184475363 55.24
1025 0.006758980211753913 55.25
1026 0.006763607135961168 55.26
1027 0.006767926692280398 55.27
1028 0.006771956447035161 55.28
1029 0.006775707269948234 55.29
1030 0.006779194457619243 55.3
1031 0.006782422300837682 55.31
1032 0.006785401669186795 55.32
1033 0.006788143479023467 55.33
1034 0.006790663164687152 55.34
1035 0.006792969224437917 55.35
1036 0.006795079152320387 55.36
1037 0.006796988428507646 55.37
1038 0.006798733977377757 55.38
1039 0.006800304048765578 55.39
1040 0.006801724019373085 55.4
1041 0.006803002641924533 55.41
1042 0.006804151332267228 55.42
1043 0.006805180457979597 55.43
1044 0.006806101952072795 55.44
1045 0.006806922716687862 55.45
1046 0.00680764516876599 55.46
1047 0.006808280714067298 55.47
1048 0.006808830446498876 55.48
1049 0.006809302656322914 55.49
1050 0.006809692119782322 55.5
1051 0.006810018126858156 55.51
1052 0.00681028132515588 55.52
1053 0.006810490660968359 55.53
1054 0.006810648407291941 55.54
1055 0.006810754346927955 55.55
1056 0.006810803398566092 55.56
1057 0.00681080199600177 55.57
1058 0.006810749963512111 55.58
1059 0.006810648628929869 55.59
1060 0.006810496676213457 55.6
1061 0.006810295268301824 55.61
1062 0.006810041256588691 55.62
1063 0.006809739631034071 55.63
1064 0.006819372191892333 55.64
1065 0.006825599945116413 55.65
1066 0.006831008694787128 55.66
1067 0.006840532913059119 55.67
1068 0.006878847777465202 55.68
1069 0.007029162148549658 55.69
1070 0.007054294549453773 55.7
1071 0.007125786716539061 55.71
1072 0.00723712276213417 55.72
1073 0.007574895578590593 55.73
1074 0.007816084486266424 55.74
1075 0.008024524936408459 55.75
1076 0.008168594165160517 55.76
1077 0.008297983498198694 55.77
1078 0.008381809549233411 55.78
1079 0.00850048035816304 55.79
1080 0.00857781622943439 55.8
1081 0.008798214952823562 55.81
1082 0.008810325999879562 55.82
1083 0.00882908827166329 55.83
1084 0.008946319232199499 55.84
1085 0.009099385135932305 55.85
1086 0.009153460996485391 55.86
1087 0.009189152268383991 55.87
1088 0.009198263504830323 55.88
1089 0.009292982371397432 55.89
1090 0.009294604323958977 55.9
1091 0.009315588851816478 55.91
1092 0.009301571443958554 55.92
1093 0.00928039703757327 55.93
1094 0.009270244045257605 55.94
1095 0.009271769322361305 55.95
1096 0.009243047267438043 55.96
1097 0.009217910091398588 55.97
1098 0.00923254787028985 55.98
1099 0.009305817909341905 55.99
1100 0.009356142364443503 56
1101 0.009354343820703047 56.01
1102 0.009357003842508258 56.02
1103 0.009382390538943212 56.03
1104 0.009438528619851172 56.04
1105 0.009452948190424033 56.05
1106 0.00941480103440869 56.06
1107 0.009485666893981856 56.07
1108 0.009659368045323635 56.08
1109 0.009819965709575973 56.09
1110 0.009975078712246144 56.1
1111 0.01019532491997395 56.11
1112 0.01043331465215437 56.12
1113 0.0105671116309052 56.13
1114 0.01060677865008367 56.14
1115 0.01069659619687142 56.15
1116 0.01087489476514789 56.16
1117 0.01109973984129004 56.17
1118 0.01127621289294268 56.18
1119 0.01133419412327925 56.19
1120 0.01137424013192134 56.2
1121 0.01153577395492311 56.21
1122 0.01179496170137244 56.22
1123 0.01204987826312992 56.23
1124 0.01222600543351293 56.24
1125 0.01240071492922293 56.25
1126 0.01281002630297635 56.26
1127 0.01364218202324093 56.27
1128 0.01498145225380484 56.28
1129 0.01676365163138141 56.29
1130 0.01867664769624564 56.3
1131 0.02061723408963889 56.31
1132 0.02292646630251645 56.32
1133 0.02555192261985861 56.33
1134 0.02753188848019782 56.34
1135 0.02862854685799752 56.35
1136 0.02931714220335904 56.36
1137 0.02968227027371689 56.37
1138 0.02965540808083605 56.38
1139 0.02924117230940421 56.39
1140 0.02869683842413094 56.4
1141 0.02808551582187643 56.41
1142 0.0274102045235835 56.42
1143 0.02672136369138565 56.43
1144 0.02611371022284954 56.44
1145 0.02569598288627159 56.45
1146 0.02537317148251249 56.46
1147 0.02492677582199518 56.47
1148 0.02417716108353384 56.48
1149 0.02323341843062823 56.49
1150 0.02240777566729573 56.5
1151 0.02187428528168865 56.51
1152 0.02159132048640429 56.52
1153 0.0213694542953944 56.53
1154 0.02108792096087633 56.54
1155 0.02077534729886875 56.55
1156 0.02048685848873642 56.56
1157 0.02026755201855998 56.57
1158 0.02011491923964354 56.58
1159 0.01998202010007633 56.59
1160 0.01986384144607438 56.6
1161 0.01976877204629149 56.61
1162 0.01967488135585241 56.62
1163 0.01957396284540746 56.63
1164 0.01947659944769375 56.64
1165 0.0193777456965762 56.65
1166 0.01927731392403478 56.66
1167 0.01917966281005959 56.67
1168 0.01909569590127798 56.68
1169 0.01902267305659514 56.69
1170 0.01895085458526051 56.7
1171 0.01887304556646013 56.71
1172 0.01878283340513352 56.72
1173 0.01868501561189436 56.73
1174 0.01859417136012201 56.74
1175 0.01851152510232362 56.75
1176 0.01842338555844956 56.76
1177 0.0182936249438748 56.77
1178 0.01808927958604072 56.78
1179 0.01780300566207641 56.79
1180 0.01745998558108224 56.8
1181 0.01710285529047233 56.81
1182 0.01671645344747255 56.82
1183 0.01626023050202031 56.83
1184 0.01574213858727373 56.84
1185 0.01518024064343019 56.85
1186 0.01460109535471641 56.86
1187 0.01403245294833753 56.87
1188 0.01347831405968492 56.88
1189 0.01295539764297509 56.89
1190 0.01245847840547957 56.9
1191 0.01199329789081201 56.91
1192 0.01155192008059571 56.92
1193 0.01111173809570184 56.93
1194 0.01066193498954182 56.94
1195 0.01020908026808739 56.95
1196 0.009783078467281587 56.96
1197 0.009385046651453071 56.97
1198 0.009016992950007694 56.98
1199 0.008679311858442786 56.99
1200 0.008373779527901991 57
1201 0.008098627997299256 57.01
1202 0.007851645832896013 57.02
1203 0.007630044033857305 57.03
1204 0.007430666922344148 57.04
1205 0.007250458489459145 57.05
1206 0.007085893609847475 57.06
1207 0.006934353825282479 57.07
1208 0.006793567664001348 57.08
1209 0.006662090833865396 57.09
1210 0.006538698641724432 57.1
1211 0.006422323929750222 57.11
1212 0.006312195706649682 57.12
1213 0.006207810380859347 57.13
1214 0.006109102898194525 57.14
1215 0.006016150677221853 57.15
1216 0.005928993698961906 57.16
1217 0.00584774011782284 57.17
1218 0.005772440277023998 57.18
1219 0.00570315628464819 57.19
1220 0.005639916213715792 57.2
1221 0.005582989108529061 57.21
1222 0.005531794284829945 57.22
1223 0.005486897893819837 57.23
1224 0.005448018380704393 57.24
1225 0.005415419728159785 57.25
1226 0.005388692729164977 57.26
1227 0.005367083954718087 57.27
1228 0.005350111699995068 57.28
1229 0.005336764077813396 57.29
1230 0.005325966245677863 57.3
1231 0.00531760905405276 57.31
1232 0.005317015106204496 57.32
1233 0.005326555992446146 57.33
1234 0.005347446501822049 57.34
1235 0.005379327007599261 57.35
1236 0.005421041592228718 57.36
1237 0.005472208064622505 57.37
1238 0.005532028058824961 57.38
1239 0.005599940953590623 57.39
1240 0.005675820547962915 57.4
1241 0.005758747384254072 57.41
1242 0.005848064565414974 57.42
1243 0.005943050755422353 57.43
1244 0.006043070825254593 57.44
1245 0.006147446981306931 57.45
1246 0.00625486217626379 57.46
1247 0.006364985365060661 57.47
1248 0.006477051306770467 57.48
1249 0.006589903951470393 57.49
1250 0.006702836100133351 57.5
1251 0.006815181770761593 57.51
1252 0.006926599435648113 57.52
1253 0.007036618636194572 57.53
1254 0.007145170001283628 57.54
1255 0.007252148792917817 57.55
1256 0.007357691367597023 57.56
1257 0.007461989273016377 57.57
1258 0.007565682787645502 57.58
1259 0.007669542609889331 57.59
1260 0.007774465929558647 57.6
1261 0.007881911780394497 57.61
1262 0.007993158163219232 57.62
1263 0.008109861537816459 57.63
1264 0.008232904908194602 57.64
1265 0.008364819081661532 57.65
1266 0.008506731026204979 57.66
1267 0.008660025575398281 57.67
1268 0.008825979089278324 57.68
1269 0.009005757277389679 57.69
1270 0.009200767482742615 57.7
1271 0.009412002403429973 57.71
1272 0.009640189767579625 57.72
1273 0.009887253356708547 57.73
1274 0.010155312131538 57.74
1275 0.01044350485697093 57.75
1276 0.01075408645436279 57.76
1277 0.01109079977216812 57.77
1278 0.01145319657111643 57.78
1279 0.01184246390681908 57.79
1280 0.0122726619748565 57.8
1281 0.01273891299650167 57.81
1282 0.01323914172796066 57.82
1283 0.01377735150782251 57.83
1284 0.01435977189020255 57.84
1285 0.01500326277053687 57.85
1286 0.01570370794033541 57.86
1287 0.01646464836352636 57.87
1288 0.01729539958086034 57.88
1289 0.01820575027289346 57.89
1290 0.0191986287404598 57.9
1291 0.02027250964279023 57.91
1292 0.02143614835491282 57.92
1293 0.02268640401922293 57.93
1294 0.02401491650190962 57.94
1295 0.02539690239690317 57.95
1296 0.02679095563456799 57.96
1297 0.0280973612529205 57.97
1298 0.02918535694268534 57.98
1299 0.03003214252581181 57.99
1300 0.03065114827132204 58
1301 0.03109892468853261 58.01
1302 0.03145112604671898 58.02
1303 0.03170701365400685 58.03
1304 0.03183066988658433 58.04
1305 0.03179665390421771 58.05
1306 0.0316112257378179 58.06
1307 0.03129522909711054 58.07
1308 0.03087211647984054 58.08
1309 0.0303671445130412 58.09
1310 0.02978811652131797 58.1
1311 0.02915036458253029 58.11
1312 0.02846202844692004 58.12
1313 0.02775290827420608 58.13
1314 0.02705221665418502 58.14
1315 0.02639152835310765 58.15
1316 0.02578968399638893 58.16
1317 0.02524439749662833 58.17
1318 0.02472453511448051 58.18
1319 0.02420785503359934 58.19
1320 0.02371268881418932 58.2
1321 0.02325817219520931 58.21
1322 0.02285000687725994 58.22
1323 0.02248484864019501 58.23
1324 0.0221619407175153 58.24
1325 0.02187349819163269 58.25
1326 0.02160977081685747 58.26
1327 0.02136846545121991 58.27
1328 0.02114645952752786 58.28
1329 0.02094051389333281 58.29
1330 0.02075105857544708 58.3
1331 0.02056951347855096 58.31
1332 0.02039343699809962 58.32
1333 0.02021313156005985 58.33
1334 0.02001151517860524 58.34
1335 0.01977325810432966 58.35
1336 0.01950721691796962 58.36
1337 0.01921178805622555 58.37
1338 0.01887266254567374 58.38
1339 0.01848069244237687 58.39
1340 0.01804794953056633 58.4
1341 0.01759069609076539 58.41
1342 0.01710276062230423 58.42
1343 0.01658496297556699 58.43
1344 0.01603489401982468 58.44
1345 0.01545389540603741 58.45
1346 0.01485562472830185 58.46
1347 0.01424502782109008 58.47
1348 0.01362800186532914 58.48
1349 0.01301267954952932 58.49
1350 0.01241098942936912 58.5
1351 0.01183265367962281 58.51
1352 0.01128151617950091 58.52
1353 0.01076459707456954 58.53
1354 0.01028557655818496 58.54
1355 0.009845840478248734 58.55
1356 0.009445430763742045 58.56
1357 0.009086227368454622 58.57
1358 0.008766927394953456 58.58
1359 0.008486223778324857 58.59
1360 0.008242053975032748 58.6
1361 0.008032098126364129 58.61
1362 0.007854022899080975 58.62
1363 0.007705859993585801 58.63
1364 0.007585987526527411 58.64
1365 0.007493222794561155 58.65
1366 0.007426042596777899 58.66
1367 0.007382744947782942 58.67
1368 0.007361451839800446 58.68
1369 0.007361080595561122 58.69
1370 0.007379179923317985 58.7
1371 0.007414211124768499 58.71
1372 0.007464061133541789 58.72
1373 0.007528107568985371 58.73
1374 0.007604585151434069 58.74
1375 0.007693576548965802 58.75
1376 0.007791222731728438 58.76
1377 0.007897550613378417 58.77
1378 0.008010128402075292 58.78
1379 0.008128255013137188 58.79
1380 0.00825047639037281 58.8
1381 0.008374645238101755 58.81
1382 0.008499810453766491 58.82
1383 0.008624970213044706 58.83
1384 0.008749513894908205 58.84
1385 0.00887255327868555 58.85
1386 0.008993819402383293 58.86
1387 0.009113420228264382 58.87
1388 0.009231690917017784 58.88
1389 0.009348999114516001 58.89
1390 0.009466177274691833 58.9
1391 0.009584456700619413 58.91
1392 0.009705461870715613 58.92
1393 0.009830685104137909 58.93
1394 0.009961760395421416 58.94
1395 0.01010068091077697 58.95
1396 0.01024962317975694 58.96
1397 0.0104103313288283 58.97
1398 0.01058537125994021 58.98
1399 0.01077616135411977 58.99
1400 0.0109852995453128 59
1401 0.01121412223574937 59.01
1402 0.01146467603458772 59.02
1403 0.01173832486481941 59.03
1404 0.0120362717927279 59.04
1405 0.0123597231208263 59.05
1406 0.01270995571880839 59.06
1407 0.01308870524057221 59.07
1408 0.01349507769317206 59.08
1409 0.01393063721873523 59.09
1410 0.01439645360348561 59.1
1411 0.0148949004059336 59.11
1412 0.01542665579040438 59.12
1413 0.01599151045235385 59.13
1414 0.01658972453230033 59.14
1415 0.01722072831957373 59.15
1416 0.0178837170252895 59.16
1417 0.018576987304269 59.17
1418 0.01929543742011362 59.18
1419 0.02004103568723914 59.19
1420 0.02080490161412816 59.2
1421 0.02158441964193092 59.21
1422 0.02235750247865754 59.22
1423 0.02309777582530276 59.23
1424 0.02376294068927337 59.24
1425 0.02428533412115947 59.25
1426 0.02464658264430844 59.26
1427 0.02483471399753357 59.27
1428 0.02485401844580455 59.28
1429 0.02473072976478958 59.29
1430 0.02451139219886618 59.3
1431 0.02423217940903489 59.31
1432 0.02388863434980136 59.32
1433 0.02351946699804168 59.33
1434 0.02312132991522298 59.34
1435 0.02270745667582335 59.35
1436 0.02230621677896345 59.36
1437 0.02191813806422225 59.37
1438 0.02154959226073707 59.38
1439 0.02120589741156327 59.39
1440 0.02088495168572764 59.4
1441 0.02058462562748376 59.41
1442 0.020301485606248 59.42
1443 0.02003122898751048 59.43
1444 0.01977073224975496 59.44
1445 0.01951255115595022 59.45
1446 0.01925095027137013 59.46
1447 0.01898406447570173 59.47
1448 0.01870630261643964 59.48
1449 0.01841554119286285 59.49
1450 0.01810840474601864 59.5
1451 0.01777854256505645 59.51
1452 0.01741743993233202 59.52
1453 0.01704430467547561 59.53
1454 0.01667438290615178 59.54
1455 0.01631053134544448 59.55
1456 0.01595161569927972 59.56
1457 0.01559350772226955 59.57
1458 0.01523569489721672 59.58
1459 0.01487642315661852 59.59
1460 0.01451474183723582 59.6
1461 0.01414827211684948 59.61
1462 0.01377738116257418 59.62
1463 0.01340688149824619 59.63
1464 0.01303765301121163 59.64
1465 0.01267542652552257 59.65
1466 0.01232143940957342 59.66
1467 0.0119790929524111 59.67
1468 0.01165247165930181 59.68
1469 0.01134430442389257 59.69
1470 0.01105676886423265 59.7
1471 0.01079249765706938 59.71
1472 0.01055204277713656 59.72
1473 0.01033597700575321 59.73
1474 0.0101458715262798 59.74
1475 0.009981018827972275 59.75
1476 0.009842947977091595 59.76
1477 0.009729649609582934 59.77
1478 0.009641360416747078 59.78
1479 0.009576366997869417 59.79
1480 0.009533891796194828 59.8
1481 0.009510204892684577 59.81
1482 0.009507167549849434 59.82
1483 0.009524178055477509 59.83
1484 0.009559834880377619 59.84
1485 0.009609732210030119 59.85
1486 0.009675255348396625 59.86
1487 0.009755570343769527 59.87
1488 0.009848391882194621 59.88
1489 0.009951573172192767 59.89
1490 0.01006611618501092 59.9
1491 0.01018740144963455 59.91
1492 0.01031542928004807 59.92
1493 0.0104486051464247 59.93
1494 0.01058717211195539 59.94
1495 0.01072859474302395 59.95
1496 0.0108729571332322 59.96
1497 0.01101996183573241 59.97
1498 0.0111693765278611 59.98
1499 0.01132127486039256 59.99
1500 0.01147597419339654 60
1501 0.01163445849949105 60.01
1502 0.01179830393556928 60.02
1503 0.01196768446284366 60.03
1504 0.01214529800146807 60.04
1505 0.01233257274898601 60.05
1506 0.01253004799921921 60.06
1507 0.01274033172951664 60.07
1508 0.01296610992924985 60.08
1509 0.01320829576713639 60.09
1510 0.01346936541301114 60.1
1511 0.01375155250554422 60.11
1512 0.01405469022658497 60.12
1513 0.01438035331592828 60.13
1514 0.0147287428352709 60.14
1515 0.01509987319791284 60.15
1516 0.01549376188158533 60.16
1517 0.01590980118523383 60.17
1518 0.01634690596783793 60.18
1519 0.01680328703481123 60.19
1520 0.01727680271666405 60.2
1521 0.01776494939351256 60.21
1522 0.01826490131065302 60.22
1523 0.01877182343495036 60.23
1524 0.01927687483409728 60.24
1525 0.01977574383983691 60.25
1526 0.02027024024984979 60.26
1527 0.02074577130874269 60.27
1528 0.0211925033072657 60.28
1529 0.02159386596131582 60.29
1530 0.02192972127538339 60.3
1531 0.02218512099541273 60.31
1532 0.02235047764218921 60.32
1533 0.02242465500934881 60.33
1534 0.02241268172771676 60.34
1535 0.02232703960029099 60.35
1536 0.02218876293895907 60.36
1537 0.0220120708786386 60.37
1538 0.02180365057104764 60.38
1539 0.02157492069726482 60.39
1540 0.02133070113100372 60.4
1541 0.02107476335233974 60.41
1542 0.02081195390225353 60.42
1543 0.02054545861409788 60.43
1544 0.02027635355246625 60.44
1545 0.02000219302561981 60.45
1546 0.01972214494946207 60.46
1547 0.01943609014652383 60.47
1548 0.01914142330885092 60.48
1549 0.01883102419599711 60.49
1550 0.01849311261767038 60.5
1551 0.01812654886451302 60.51
1552 0.01774719361055298 60.52
1553 0.01736324230250267 60.53
1554 0.01698215490455132 60.54
1555 0.01660771485191222 60.55
1556 0.01624011230359552 60.56
1557 0.01588032888117278 60.57
1558 0.01552686078253547 60.58
1559 0.01518110915171344 60.59
1560 0.01484461682111283 60.6
1561 0.01451661344427447 60.61
1562 0.01419768642219495 60.62
1563 0.01388741689115862 60.63
1564 0.01358699878930855 60.64
1565 0.01329685530842477 60.65
1566 0.01301951553064974 60.66
1567 0.01275594180438612 60.67
1568 0.01250758577187023 60.68
1569 0.01227611978688813 60.69
1570 0.01206253344508825 60.7
1571 0.01186615699155775 60.71
1572 0.0116879836877006 60.72
1573 0.01152838369996014 60.73
1574 0.01138830359195569 60.74
1575 0.01126753946295425 60.75
1576 0.01116608778511906 60.76
1577 0.0110836952328154 60.77
1578 0.0110200662248803 60.78
1579 0.01097470898487263 60.79
1580 0.01094682636401596 60.8
1581 0.01093542199420982 60.81
1582 0.01093997269175703 60.82
1583 0.01095886974360748 60.83
1584 0.01099176018890712 60.84
1585 0.01103815461047134 60.85
1586 0.0110967153589033 60.86
1587 0.01116636235792182 60.87
1588 0.0112460742147926 60.88
1589 0.01133489541754926 60.89
1590 0.01143290610168332 60.9
1591 0.01153864331977626 60.91
1592 0.01165185788489466 60.92
1593 0.01177235542875449 60.93
1594 0.01190055516560853 60.94
1595 0.01203568548515145 60.95
1596 0.01217775017676095 60.96
1597 0.01232720392738546 60.97
1598 0.01248373766192473 60.98
1599 0.01264818593045238 60.99
1600 0.012820991499916 61
1601 0.01300266863332533 61.01
1602 0.0131939456133829 61.02
1603 0.01339551238101194 61.03
1604 0.01360746939436442 61.04
1605 0.01383090203820844 61.05
1606 0.01406564632419554 61.06
1607 0.01431295436714679 61.07
1608 0.01457330752692221 61.08
1609 0.014845736066463 61.09
1610 0.01513025189446663 61.1
1611 0.01542812512466505 61.11
1612 0.01573890652363484 61.12
1613 0.01606010442061339 61.13
1614 0.01639013477895484 61.14
1615 0.01672518552672496 61.15
1616 0.01706243121069047 61.16
1617 0.01739907211414992 61.17
1618 0.0177378154388124 61.18
1619 0.01807343555008023 61.19
1620 0.01839672895979288 61.2
1621 0.01870163245781553 61.21
1622 0.01899965196541354 61.22
1623 0.01927580830344185 61.23
1624 0.01952583609868185 61.24
1625 0.01974131651620928 61.25
1626 0.01991750708334793 61.26
1627 0.02004927470207017 61.27
1628 0.02013268457356318 61.28
1629 0.02016499546450523 61.29
1630 0.02014546040166828 61.3
1631 0.02007605941315458 61.31
1632 0.01996084727142044 61.32
1633 0.01980387526921883 61.33
1634 0.01961063699557166 61.34
1635 0.01938774769876038 61.35
1636 0.01913954934528748 61.36
1637 0.01887074236963619 61.37
1638 0.01858509614036138 61.38
1639 0.0182869759601895 61.39
1640 0.01797945033243981 61.4
1641 0.01766602392665441 61.41
1642 0.0173460811777463 61.42
1643 0.01702337643245695 61.43
1644 0.01669960217963391 61.44
1645 0.01637903292113053 61.45
1646 0.01605453382592357 61.46
1647 0.01574089467419695 61.47
1648 0.0154423801631326 61.48
1649 0.01515894677419011 61.49
1650 0.01488992011024915 61.5
1651 0.0146357136098284 61.51
1652 0.01439691880465676 61.52
1653 0.01417431263372745 61.53
1654 0.0139675778854181 61.54
1655 0.01377684300463017 61.55
1656 0.01360124612117156 61.56
1657 0.01344041224958887 61.57
1658 0.0132944727077405 61.58
1659 0.01316332950146133 61.59
1660 0.01304594137803008 61.6
1661 0.01294182189032567 61.61
1662 0.01285055275882775 61.62
1663 0.01277182728500166 61.63
1664 0.01270521987767447 61.64
1665 0.01265075696364791 61.65
1666 0.01260891453791742 61.66
1667 0.01257949071156046 61.67
1668 0.0125626408057589 61.68
1669 0.01255862807322861 61.69
1670 0.01256759862169364 61.7
1671 0.01258948192297208 61.71
1672 0.01262376550873072 61.72
1673 0.01267034247941647 61.73
1674 0.01272884302394252 61.74
1675 0.0127985972467004 61.75
1676 0.01287957305361497 61.76
1677 0.01297088869427289 61.77
1678 0.01307204698758474 61.78
1679 0.01318241317436805 61.79
1680 0.0133018082500232 61.8
1681 0.01343057936239106 61.81
1682 0.01356742313970831 61.82
1683 0.0137122004013372 61.83
1684 0.01386479460203806 61.84
1685 0.01402504500600523 61.85
1686 0.01419284667496681 61.86
1687 0.01436811122295502 61.87
1688 0.01454987365042183 61.88
1689 0.01473786053811863 61.89
1690 0.01493177381444931 61.9
1691 0.01513123763031341 61.91
1692 0.01533577002221367 61.92
1693 0.01554481902603969 61.93
1694 0.01575828809056452 61.94
1695 0.01597469123563509 61.95
1696 0.01619345008234682 61.96
1697 0.01641327832639894 61.97
1698 0.01663301577802871 61.98
1699 0.01685019114329739 61.99
1700 0.01706372851552866 62
1701 0.017272191421248 62.01
1702 0.01747200868521248 62.02
1703 0.0176613348283933 62.03
1704 0.01783830825062158 62.04
1705 0.01800035253238819 62.05
1706 0.01814464622515165 62.06
1707 0.01826913712170415 62.07
1708 0.01837218216608509 62.08
1709 0.01845225574031686 62.09
1710 0.01850812069230532 62.1
1711 0.01853772353205744 62.11
1712 0.01854041059289369 62.12
1713 0.01851679242090654 62.13
1714 0.01846606516945606 62.14
1715 0.01838914415745975 62.15
1716 0.01828657059019544 62.16
1717 0.01816056597458191 62.17
1718 0.01801225757627996 62.18
1719 0.01784494971408392 62.19
1720 0.01766234673904661 62.2
1721 0.01746768474876681 62.21
1722 0.01726317457283812 62.22
1723 0.01705092095812576 62.23
1724 0.0168311857835782 62.24
1725 0.0166083039628259 62.25
1726 0.01638496411629361 62.26
1727 0.01616300806246963 62.27
1728 0.01594170504250298 62.28
1729 0.01572465157392676 62.29
1730 0.01551266814098019 62.3
1731 0.01530661343393903 62.31
1732 0.01510702863143059 62.32
1733 0.01491482598306972 62.33
1734 0.01473070485880555 62.34
1735 0.01455500835249213 62.35
1736 0.0143871098730528 62.36
1737 0.01422781949104307 62.37
1738 0.01407887592576032 62.38
1739 0.01394009001050635 62.39
1740 0.01381220544924768 62.4
1741 0.0136954706142129 62.41
1742 0.01359038570332313 62.42
1743 0.01349680789330155 62.43
1744 0.01341489727549379 62.44
1745 0.01334443803632712 62.45
1746 0.01328607015940176 62.46
1747 0.01323849422203874 62.47
1748 0.0132027183335648 62.48
1749 0.01317816905434113 62.49
1750 0.01316502133662388 62.5
1751 0.01316326522223247 62.51
1752 0.01317273428799149 62.52
1753 0.01319308561643397 62.53
1754 0.01322369363700897 62.54
1755 0.0132643420402337 62.55
1756 0.01331576236264678 62.56
1757 0.01337546615236928 62.57
1758 0.0134445526252814 62.58
1759 0.01352158585122727 62.59
1760 0.01360665074556388 62.6
1761 0.01369996598957813 62.61
1762 0.01380151699335054 62.62
1763 0.01391177421979901 62.63
1764 0.01403024537044311 62.64
1765 0.01415604950785149 62.65
1766 0.01428907662622716 62.66
1767 0.01442956516254632 62.67
1768 0.01457761390723793 62.68
1769 0.01473213122479757 62.69
1770 0.01489251512909022 62.7
1771 0.01505816493920326 62.71
1772 0.01522956718478065 62.72
1773 0.01540461494808676 62.73
1774 0.01558342042894125 62.74
1775 0.01576440694478976 62.75
1776 0.0159462242156943 62.76
1777 0.01612777543475975 62.77
1778 0.01630843440345888 62.78
1779 0.01648608578894042 62.79
1780 0.01665868807547623 62.8
1781 0.016825865468237 62.81
1782 0.01698533006292271 62.82
1783 0.01713579917631922 62.83
1784 0.01727531908286413 62.84
1785 0.01740210215228911 62.85
1786 0.01751495009936689 62.86
1787 0.01761288753869241 62.87
1788 0.01769462652718575 62.88
1789 0.01775897546717072 62.89
1790 0.01780518819675556 62.9
1791 0.01783117017649277 62.91
1792 0.01783811785168734 62.92
1793 0.01782503425879574 62.93
1794 0.01779210180760714 62.94
1795 0.01773974394884454 62.95
1796 0.01766881547000556 62.96
1797 0.01758033916325836 62.97
1798 0.01747505463576145 62.98
1799 0.01735461076705547 62.99
1800 0.01722082016896197 63
1801 0.01707569740109535 63.01
1802 0.01692049910442789 63.02
1803 0.01675696258730635 63.03
1804 0.01658583416443204 63.04
1805 0.01640983533325801 63.05
1806 0.01623086282122618 63.06
1807 0.01605038255218551 63.07
1808 0.01587050192354913 63.08
1809 0.01569326249761178 63.09
1810 0.01551951420101803 63.1
1811 0.01535072548497711 63.11
1812 0.01518850229304131 63.12
1813 0.01503324298927664 63.13
1814 0.01488585961386485 63.14
1815 0.01474644375141865 63.15
1816 0.01461499021327006 63.16
1817 0.01449167275451812 63.17
1818 0.01437690183682375 63.18
1819 0.01427108659438779 63.19
1820 0.01417422525213435 63.2
1821 0.01408627392566168 63.21
1822 0.01400727372778744 63.22
1823 0.01393731299183862 63.23
1824 0.01387649793431772 63.24
1825 0.01382478385561883 63.25
1826 0.01378219222448978 63.26
1827 0.01374851704018938 63.27
1828 0.01372395213344971 63.28
1829 0.01370850204910099 63.29
1830 0.01370225571068889 63.3
1831 0.01370522873845309 63.31
1832 0.01371731804532497 63.32
1833 0.01373829476317558 63.33
1834 0.0137679461350673 63.34
1835 0.01380616754007337 63.35
1836 0.01385261565175586 63.36
1837 0.01390715387344132 63.37
1838 0.01396980032530767 63.38
1839 0.01404029560877006 63.39
1840 0.01411856399626057 63.4
1841 0.01420424981895135 63.41
1842 0.01429717335523273 63.42
1843 0.01439709884498157 63.43
1844 0.01450377639087202 63.44
1845 0.01461696179344271 63.45
1846 0.01473658496968606 63.46
1847 0.01486198742508725 63.47
1848 0.01499284262326419 63.48
1849 0.01512818088209957 63.49
1850 0.0152676722806678 63.5
1851 0.01541058351487124 63.51
1852 0.01555673795279021 63.52
1853 0.01570467526945977 63.53
1854 0.01585411750794448 63.54
1855 0.01600321924871519 63.55
1856 0.01615177794964024 63.56
1857 0.0162981591867965 63.57
1858 0.0164414602508993 63.58
1859 0.01657984543443547 63.59
1860 0.0167127786082427 63.6
1861 0.01683849683491776 63.61
1862 0.01695631466172516 63.62
1863 0.01706514548557118 63.63
1864 0.01716447739541001 63.64
1865 0.01725280720893133 63.65
1866 0.01732957206018243 63.66
1867 0.01739329335464968 63.67
1868 0.01744296813094079 63.68
1869 0.01747787367097572 63.69
1870 0.01749666654300727 63.7
1871 0.01749929700218919 63.71
1872 0.01748590553468847 63.72
1873 0.01745609924243935 63.73
1874 0.01741092605565609 63.74
1875 0.01735006831248456 63.75
1876 0.01727450840478637 63.76
1877 0.01718584621452283 63.77
1878 0.01708526496623807 63.78
1879 0.01697442969623063 63.79
1880 0.01685549585435319 63.8
1881 0.01672968460788117 63.81
1882 0.01659823803235328 63.82
1883 0.01646259384615195 63.83
1884 0.01632435126917739 63.84
1885 0.01618478718871366 63.85
1886 0.01604475652520456 63.86
1887 0.0159061350058245 63.87
1888 0.0157695736428703 63.88
1889 0.01563695560913448 63.89
1890 0.01550885636976241 63.9
1891 0.015386204400802 63.91
1892 0.01526988413861361 63.92
1893 0.015160361698937 63.93
1894 0.01505808852679163 63.94
1895 0.01496309813031613 63.95
1896 0.01487653522823115 63.96
1897 0.01479880024802606 63.97
1898 0.01473010636109086 63.98
1899 0.01467059810270877 63.99
1900 0.01462019301065391 64
1901 0.01457885944896713 64.01000000000001
1902 0.01454713454067667 64.02
1903 0.01452490634097293 64.03
1904 0.0145126337985656 64.04000000000001
1905 0.01451029880696829 64.05
1906 0.01451815244942926 64.06
1907 0.0145360657978425 64.06999999999999
1908 0.0145637814570948 64.08
1909 0.0146009740027319 64.09
1910 0.01464738711710707 64.09999999999999
1911 0.01470290953759107 64.11
1912 0.01476741237400442 64.12
1913 0.01484027184019571 64.13
1914 0.01492115675684172 64.14
1915 0.01500968888922781 64.15000000000001
1916 0.01510531281065819 64.16
1917 0.0152076959989847 64.17
1918 0.01531644335144466 64.18000000000001
1919 0.01543144583640428 64.19
1920 0.01555214899242751 64.2
1921 0.01567771511624706 64.21000000000001
1922 0.0158073747685401 64.22
1923 0.01594037704440852 64.23
1924 0.01607521173752315 64.23999999999999
1925 0.01621178173393387 64.25
1926 0.0163491732961914 64.26000000000001
1927 0.01648677775465814 64.27
1928 0.01662341959028836 64.28
1929 0.01675772150849871 64.29000000000001
1930 0.01688903899996285 64.3
1931 0.01701659402688869 64.31
1932 0.01714017574833406 64.31999999999999
1933 0.01725808817263073 64.33
1934 0.01736912948253609 64.34
1935 0.01747235436573553 64.34999999999999
1936 0.01756686447213782 64.36
1937 0.0176513730257429 64.37
1938 0.0177248808020394 64.38
1939 0.01778670274747602 64.39
1940 0.01783601145890068 64.40000000000001
1941 0.01787152653681433 64.41
1942 0.01789381972706406 64.42
1943 0.01790184906272713 64.43000000000001
1944 0.0178956702808575 64.44
1945 0.0178751827947868 64.45
1946 0.0178406145257065 64.46000000000001
1947 0.01779236692198828 64.47
1948 0.01773126279999322 64.48
1949 0.01765810742427175 64.48999999999999
1950 0.0175734913227868 64.5
1951 0.01747836740085342 64.51000000000001
1952 0.01737442667615753 64.52
1953 0.0172621642777894 64.53
1954 0.01714369252946555 64.54000000000001
1955 0.01701996510183618 64.55
1956 0.01689219663668905 64.56
1957 0.01676212656862807 64.56999999999999
1958 0.01663090645822501 64.58
1959 0.01650036052747257 64.59
1960 0.01637182860918017 64.59999999999999
1961 0.01624640752820126 64.61
1962 0.01612477227407743 64.62
1963 0.0160091738798756 64.63
1964 0.01590396584191918 64.64
1965 0.01581523381267921 64.65000000000001
1966 0.01574014034342596 64.66
1967 0.01567959052174988 64.67
1968 0.01563543506233705 64.68000000000001
1969 0.01560648660764192 64.69
1970 0.01559111255084776 64.7
1971 0.01558334481564598 64.71000000000001
1972 0.01557881098067356 64.72
1973 0.01557354726278824 64.73
1974 0.01556497799986671 64.73999999999999
1975 0.01555012213307258 64.75
1976 0.01552702749864478 64.76000000000001
1977 0.0154916936347842 64.77
1978 0.01547087911282032 64.78
1979 0.01544775134359946 64.79000000000001
1980 0.01541970663333036 64.8
1981 0.01538959479126988 64.81
1982 0.01536020026053857 64.81999999999999
1983 0.01533557745416048 64.83
1984 0.01531923675133772 64.84
1985 0.01530981046562042 64.84999999999999
1986 0.01530389592279613 64.86
1987 0.01530556655115168 64.87
1988 0.01531199480986616 64.88
1989 0.01531511107846798 64.89
1990 0.01532784611607736 64.90000000000001
1991 0.01536602157295379 64.91
1992 0.01542893659254871 64.92
1993 0.01553002292466891 64.93000000000001
1994 0.01565437369228466 64.94
1995 0.01579058272526369 64.95
1996 0.01594355678269063 64.96000000000001
1997 0.01611844230962006 64.97
1998 0.01633170977496573 64.98
1999 0.01658047397723834 64.98999999999999
2000 0.01685789018003007 65
