"frac-mass-ch4-rfile"
"Time Step" "frac-mass-ch4 etc.."
("Time Step" "frac-mass-ch4" "flow-time")
0 0.0003955484037199057 0
1 0.0003353597574787427 0.1
2 0.0002958839285221296 0.2
3 0.0004030089542338772 0.3
4 0.0005691113601162164 0.4
5 0.0006076719448470405 0.5
6 0.0006369069981128359 0.6000000000000001
7 0.0007263413613612655 0.7000000000000001
8 0.0007588615081417546 0.8
9 0.0007559621863042199 0.9
10 0.0007841664452893068 1
11 0.0008560632014061766 1.1
12 0.0008140021677505911 1.2
13 0.0006441710599096287 1.3
14 0.0005887203981510323 1.4
15 0.0005798427208603403 1.5
16 0.0005804977738636986 1.6
17 0.0005885752910199143 1.7
18 0.0006056213144729674 1.8
19 0.0006227041029541261 1.9
20 0.0006410426017238682 2
21 0.0006619931614494348 2.1
22 0.0006893724889511243 2.2
23 0.0007343493788805753 2.3
24 0.0006608899569139154 2.4
25 0.0006281296428270754 2.5
26 0.0005851236149760109 2.6
27 0.0005517487714482334 2.7
28 0.0005242736155643456 2.8
29 0.000504176717239072 2.9
30 0.0004899372153842153 3
31 0.000480389394965771 3.1
32 0.0004742882921020119 3.2
33 0.0004712314432342847 3.3
34 0.0004707147953597892 3.4
35 0.0004718514089532456 3.5
36 0.0004745683259255049 3.6
37 0.0004779765290497763 3.7
38 0.0004810847668736936 3.8
39 0.0004820378907211509 3.9
40 0.0004792024351251193 4
41 0.0004716239620664637 4.100000000000001
42 0.0004602602542553295 4.2
43 0.0004468370428498113 4.3
44 0.0004325902247811024 4.4
45 0.0004185862874873607 4.5
46 0.00040689698228813 4.600000000000001
47 0.0003969500779706068 4.7
48 0.0003889396748505991 4.800000000000001
49 0.0003821671008583071 4.9
50 0.0003764598982030054 5
51 0.0003713407271832976 5.100000000000001
52 0.0003667362006746446 5.2
53 0.0003621611962524768 5.300000000000001
54 0.0003573837211809595 5.4
55 0.0003525454258986239 5.5
56 0.0003470379616438808 5.600000000000001
57 0.000341138893165457 5.7
58 0.0003352794661697453 5.800000000000001
59 0.0003295105303866826 5.9
60 0.0003238944048023409 6
61 0.0003186044917248198 6.100000000000001
62 0.0003136192335120849 6.2
63 0.0003090090856440094 6.300000000000001
64 0.0003047772460044558 6.4
65 0.0003008151691665098 6.5
66 0.0002970844104552532 6.600000000000001
67 0.0002936645782705966 6.7
68 0.0002903596052583573 6.800000000000001
69 0.0002872635121804455 6.9
70 0.0002843736731484144 7
71 0.0002817374369095145 7.100000000000001
72 0.0002792769672073384 7.2
73 0.0002770849160405975 7.300000000000001
74 0.0002751089983841312 7.4
75 0.0002734537285898978 7.5
76 0.0002720842872030094 7.600000000000001
77 0.0002708954508949193 7.7
78 0.0002699790498305066 7.800000000000001
79 0.0002691896147706785 7.9
80 0.0002686196989710957 8
81 0.0002682399053281829 8.1
82 0.0002680280412654484 8.200000000000001
83 0.0002679812201109933 8.300000000000001
84 0.0002680851588993428 8.4
85 0.0002683558886566017 8.5
86 0.0002687849978511645 8.6
87 0.000269361770288374 8.700000000000001
88 0.0002699909413558835 8.800000000000001
89 0.0002707061631844626 8.9
90 0.0002714455411421292 9
91 0.0002721179658629289 9.1
92 0.0002726178714477908 9.200000000000001
93 0.0002729495568404463 9.300000000000001
94 0.0002730283198070087 9.4
95 0.0002728493341129314 9.5
96 0.0002723177549084261 9.600000000000001
97 0.0002714696047440167 9.700000000000001
98 0.0002703023421013036 9.800000000000001
99 0.0002688624512827855 9.9
100 0.0002670356607114592 10
101 0.0002651697973006291 10.1
102 0.0002629966559560784 10.2
103 0.0002606605584341662 10.3
104 0.0002581806806782501 10.4
105 0.0002555733535943754 10.5
106 0.0002528275837359417 10.6
107 0.0002499954705381883 10.7
108 0.0002470462066770872 10.8
109 0.0002444221993893184 10.9
110 0.0002439643827008714 11
111 0.0002409234707337967 11.1
112 0.000237470952182375 11.2
113 0.0002344429423247162 11.3
114 0.0002339187207801188 11.4
115 0.0002303497945871404 11.5
116 0.0002270912214674174 11.6
117 0.0002265437936081931 11.7
118 0.0002232932974947593 11.8
119 0.0002227309075273416 11.9
120 0.0002193503197297441 12
121 0.0002187761814188983 12.1
122 0.0002152527501006302 12.2
123 0.0002146831587138796 12.3
124 0.0002110962952608707 12.4
125 0.0002105288569975605 12.5
126 0.0002069631629574567 12.6
127 0.0002063817105193374 12.7
128 0.0002028527859221208 12.8
129 0.0002022715562501229 12.9
130 0.0001988042398874726 13
131 0.0001982247963172333 13.1
132 0.0001948081621217179 13.2
133 0.0001942585595297353 13.3
134 0.0001908827747290349 13.4
135 0.0001903471256451799 13.5
136 0.0001871497877479627 13.6
137 0.0001866225338448111 13.7
138 0.0001834749803418929 13.8
139 0.0001829689256261505 13.9
140 0.0001799267761852838 14
141 0.0001794387186588333 14.1
142 0.000176543730568262 14.2
143 0.0001760678556801982 14.3
144 0.000173283664240686 14.4
145 0.0001728269450362188 14.5
146 0.000170150266154873 14.6
147 0.0001697147576124203 14.7
148 0.0001671411356526284 14.8
149 0.000166714962024863 14.9
150 0.0001642127983713012 15
151 0.0001637910263027008 15.1
152 0.0001613598181183615 15.2
153 0.0001609448678965445 15.3
154 0.0001585730861068157 15.4
155 0.0001581721389645026 15.5
156 0.0001558887500269557 15.6
157 0.0001555009150649591 15.7
158 0.0001533586004874003 15.8
159 0.0001529914128161009 15.9
160 0.0001509974840685097 16
161 0.0001506472213117895 16.1
162 0.0001487783393508627 16.2
163 0.0001484355080132587 16.3
164 0.0001465991582639743 16.4
165 0.0001462591529542889 16.5
166 0.0001444869540394406 16.6
167 0.0001441550487319976 16.7
168 0.0001425105294057259 16.8
169 0.000142184924549585 16.9
170 0.000140726372531573 17
171 0.0001404327821081657 17.1
172 0.000139382402457723 17.2
173 0.0001390129676236984 17.3
174 0.0001381448474614399 17.4
175 0.0001377887122287645 17.5
176 0.0001372039197398176 17.6
177 0.0001369080241771088 17.7
178 0.0001370943138785131 17.8
179 0.0001369128146439957 17.9
180 0.0001389954994955208 18
181 0.0001391242587941526 18.1
182 0.0001502074889105803 18.2
183 0.0001528775317010011 18.3
184 0.0001722308780843779 18.4
185 0.0001771857820847538 18.5
186 0.0002130376280724199 18.6
187 0.0002252682571512464 18.7
188 0.0002377476519569871 18.8
189 0.000299710208001461 18.9
190 0.0003254026506269937 19
191 0.000353112847065113 19.1
192 0.0004655005953852362 19.2
193 0.0005028547605152394 19.3
194 0.0005359207674439311 19.4
195 0.0006291555810120076 19.5
196 0.0006594852769405242 19.6
197 0.001176846310987596 19.7
198 0.001709722249875531 19.8
199 0.002257792314166179 19.9
200 0.002813513529384126 20
201 0.003376291684882295 20.1
202 0.003960081375522219 20.2
203 0.004553620723967883 20.3
204 0.005149355480822991 20.4
205 0.005746324018185865 20.5
206 0.006342322944400854 20.6
207 0.006940236688892695 20.7
208 0.007542129871715248 20.8
209 0.008141344701297931 20.9
210 0.00873045403350475 21
211 0.009312877539941831 21.1
212 0.009893029162379699 21.2
213 0.01047189869745438 21.3
214 0.0110479519563497 21.4
215 0.01162375360388082 21.5
216 0.01220526040420674 21.6
217 0.01279445299277237 21.7
218 0.0133922598562844 21.8
219 0.01399875153224772 21.9
220 0.01461321445651256 22
221 0.01523376438969475 22.1
222 0.01585893005947827 22.2
223 0.01649122755666084 22.3
224 0.01713278726862815 22.4
225 0.01778172157682843 22.5
226 0.01843720562469937 22.6
227 0.01909604997584041 22.7
228 0.01975286769282313 22.8
229 0.02041295884534147 22.9
230 0.02108246252665397 23
231 0.02176655604893184 23.1
232 0.02244999659045633 23.2
233 0.02309435461392747 23.3
234 0.02374408843476804 23.4
235 0.02442270205584269 23.5
236 0.02511263925049849 23.6
237 0.02579948244512973 23.7
238 0.02644010409325539 23.8
239 0.02711084553268296 23.9
240 0.0277685698188911 24
241 0.02842806415028111 24.1
242 0.0291165823300869 24.2
243 0.02980512692741408 24.3
244 0.03045527200212149 24.4
245 0.03112112221565619 24.5
246 0.03180929990037679 24.6
247 0.03250055040942048 24.7
248 0.03318635420292751 24.8
249 0.03386520693115134 24.9
250 0.03456871871427321 25
251 0.03524697803435563 25.1
252 0.03592221455689683 25.2
253 0.03661845319327322 25.3
254 0.03732310441406677 25.4
255 0.03799812745004474 25.5
256 0.0386780867724339 25.6
257 0.03937264980121093 25.7
258 0.04008113843887672 25.8
259 0.04077624718493423 25.9
260 0.04145600637052203 26
261 0.04215595345735337 26.1
262 0.04284710369209432 26.2
263 0.04352781955202107 26.3
264 0.04422208196621134 26.4
265 0.04492248260545399 26.5
266 0.04559382420362529 26.6
267 0.04626425572735151 26.7
268 0.04693117306610443 26.8
269 0.04752403498995041 26.9
270 0.04752640029407602 27
271 0.04813611896817077 27.1
272 0.04813833972665493 27.2
273 0.04880652471826871 27.3
274 0.04950298251805176 27.4
275 0.05018914685116384 27.5
276 0.05085995546399427 27.6
277 0.05153585489802553 27.7
278 0.05222765139465332 27.8
279 0.05291175926995454 27.9
280 0.05291630220457543 28
281 0.05358568539781144 28.1
282 0.05358985957495422 28.2
283 0.05425080779405415 28.3
284 0.05491435884968315 28.4
285 0.05558745063414865 28.5
286 0.05626123472818365 28.6
287 0.05694396811083109 28.7
288 0.05759129320673187 28.8
289 0.05759529661336793 28.9
290 0.05823091567052761 29
291 0.05823453948124751 29.1
292 0.05885919404666118 29.2
293 0.05886212196132892 29.3
294 0.05886322959997153 29.4
295 0.05946743753476297 29.5
296 0.05946981730004995 29.6
297 0.06005116755317026 29.7
298 0.0606296257788129 29.8
299 0.06120419665110165 29.9
300 0.06177345770154598 30
301 0.06233741953197939 30.1
302 0.06291584903340522 30.2
303 0.06348287347378595 30.3
304 0.06406026576956912 30.4
305 0.06463910909475316 30.5
306 0.06521545138014867 30.6
307 0.06579661999634294 30.7
308 0.06637607971852122 30.8
309 0.066961994909714 30.9
310 0.06754969485356764 31
311 0.06814286957536146 31.1
312 0.06873064509744645 31.2
313 0.06933008061535526 31.3
314 0.06992599068580341 31.4
315 0.07052074068532982 31.5
316 0.07112128258313767 31.6
317 0.07172369758173106 31.7
318 0.0723315979670255 31.8
319 0.07293287754105951 31.9
320 0.07353375123616473 32
321 0.07413205536227258 32.1
322 0.07473753743499714 32.2
323 0.07534505209236367 32.3
324 0.07595621553772988 32.4
325 0.07657270407124613 32.5
326 0.07717938224323095 32.6
327 0.07779381423054353 32.7
328 0.07840873492568813 32.8
329 0.07902571645543538 32.9
330 0.07963770868613108 33
331 0.08025861938888713 33.1
332 0.080909729902006 33.2
333 0.08156229679620486 33.3
334 0.08222477729926077 33.4
335 0.08288416343693218 33.5
336 0.08345185139160605 33.6
337 0.08345413505173867 33.7
338 0.08402719682605049 33.8
339 0.08402915701566568 33.9
340 0.08460041372089425 34
341 0.08460239294039099 34.1
342 0.08517520695070384 34.2
343 0.08517722330209182 34.3
344 0.08575808908589506 34.4
345 0.08576015253952995 34.5
346 0.08633646516998097 34.6
347 0.08691570669991236 34.7
348 0.08750479939875459 34.8
349 0.08808771495005467 34.9
350 0.08867547554106946 35
351 0.08926173982413274 35.1
352 0.08984807699888629 35.2
353 0.09044231786373177 35.3
354 0.09108814674078602 35.4
355 0.09173263413108794 35.5
356 0.09237473661879363 35.6
357 0.09301820462514133 35.7
358 0.09359744226257941 35.8
359 0.09359977804214127 35.9
360 0.09417873773669551 36
361 0.09476612435244396 36.1
362 0.09534578835314149 36.2
363 0.09593879926390105 36.3
364 0.09652476203298532 36.4
365 0.09711555505679204 36.5
366 0.09770926849773184 36.6
367 0.09830315336919378 36.7
368 0.09889646123907414 36.8
369 0.09949550734769867 36.9
370 0.1001006611538743 37
371 0.1007021082711939 37.1
372 0.1013055953004169 37.2
373 0.1019131368452401 37.3
374 0.1025149173682391 37.4
375 0.1031117941417397 37.5
376 0.1037156349424923 37.6
377 0.104313040933839 37.7
378 0.1049060802634248 37.8
379 0.1054864568344837 37.9
380 0.1060621550743424 38
381 0.106634168696096 38.1
382 0.1072042320435737 38.2
383 0.1077808624117484 38.3
384 0.1083543928436181 38.40000000000001
385 0.1089257315399289 38.5
386 0.1094962979929823 38.6
387 0.1100683097093687 38.7
388 0.110643103246729 38.8
389 0.1112265526119832 38.90000000000001
390 0.1118151014735793 39
391 0.11244445945262 39.1
392 0.1130789925632603 39.2
393 0.1137160692689083 39.3
394 0.1143455103636859 39.40000000000001
395 0.1149604374315682 39.5
396 0.11552360858883 39.6
397 0.1161411451753602 39.7
398 0.1167125986945619 39.8
399 0.1172792813569582 39.90000000000001
400 0.1178494449525716 40
401 0.1184158745935996 40.1
402 0.1189836530962485 40.2
403 0.1195657729210683 40.3
404 0.1201371921173472 40.40000000000001
405 0.1207106450883457 40.5
406 0.121278779740795 40.6
407 0.1218455910932137 40.7
408 0.1224194525555207 40.8
409 0.1229896267429383 40.90000000000001
410 0.1235550466713738 41
411 0.1241326096871863 41.1
412 0.1247093862534766 41.2
413 0.1252786181010647 41.3
414 0.1258478915865235 41.40000000000001
415 0.1264276570540937 41.5
416 0.1270035023369568 41.6
417 0.1275794850362265 41.7
418 0.1281567923959911 41.8
419 0.1287352631524633 41.90000000000001
420 0.1293641506920533 42
421 0.129984482950362 42.1
422 0.1305887989229318 42.2
423 0.1311960170567498 42.3
424 0.1318143612476897 42.40000000000001
425 0.1324172027329303 42.5
426 0.1324202638108944 42.6
427 0.1330201525366454 42.7
428 0.1336135049133864 42.8
429 0.1342125254330408 42.90000000000001
430 0.134810891364454 43
431 0.1354085581108868 43.1
432 0.1360072594176872 43.2
433 0.1366026213610344 43.3
434 0.1372015131174865 43.40000000000001
435 0.1377933464455456 43.5
436 0.1383816639146971 43.6
437 0.1389692637894806 43.7
438 0.1395552887015915 43.8
439 0.1401387623480186 43.90000000000001
440 0.1407259605820755 44
441 0.1413184731656328 44.1
442 0.1419356627981756 44.2
443 0.1425612682024228 44.3
444 0.1431880506785554 44.40000000000001
445 0.1438010082137252 44.5
446 0.1443862809190108 44.6
447 0.1443887679017281 44.7
448 0.1449710911407518 44.8
449 0.1455402019899717 44.90000000000001
450 0.1461064933956092 45
451 0.1466701091390119 45.1
452 0.1472337454523544 45.2
453 0.1477993687434305 45.3
454 0.1483653320587297 45.40000000000001
455 0.1489273327246049 45.5
456 0.1494940321837023 45.6
457 0.1500574425902179 45.7
458 0.1506177076113052 45.8
459 0.1511825139603971 45.90000000000001
460 0.1517446080472941 46
461 0.1523078460549165 46.1
462 0.1528696777884129 46.2
463 0.1534330755102802 46.3
464 0.1539947159762363 46.40000000000001
465 0.1545647507439138 46.5
466 0.15512963650374 46.6
467 0.1556984073075148 46.7
468 0.1562686468784718 46.8
469 0.1568418605361053 46.90000000000001
470 0.157409770668275 47
471 0.1579815722670996 47.1
472 0.1585494287039557 47.2
473 0.1591215194950213 47.3
474 0.1596900818777987 47.40000000000001
475 0.1602620559308049 47.5
476 0.1608516448931461 47.6
477 0.1614262033589562 47.7
478 0.1620020382621886 47.8
479 0.1625909916895444 47.90000000000001
480 0.1631670434505815 48
481 0.1637673048510291 48.1
482 0.1643616070886071 48.2
483 0.1649511759411365 48.3
484 0.1655379087056634 48.40000000000001
485 0.1660897831223012 48.5
486 0.1666443065555993 48.6
487 0.1672005786237241 48.7
488 0.1677583754289115 48.8
489 0.1683197303795029 48.90000000000001
490 0.168874787676318 49
491 0.1694273843047495 49.1
492 0.169979079368933 49.2
493 0.1705321548279804 49.3
494 0.1710903246601254 49.40000000000001
495 0.1716445723404194 49.5
496 0.1721992583373423 49.6
497 0.172748164962909 49.7
498 0.17329594658537 49.8
499 0.1738507047419049 49.90000000000001
500 0.1744012865087057 50
501 0.170562795071939 50.01
502 0.1666611717084738 50.02
503 0.1632776212086231 50.03
504 0.1598550379234461 50.04
505 0.1561829487936137 50.05
506 0.152271401818718 50.06
507 0.1482467022648363 50.07
508 0.1442758130493711 50.08
509 0.1403825181603649 50.09
510 0.1365780891041714 50.1
511 0.13286605636942 50.11
512 0.1292472465556394 50.12
513 0.1257292173848601 50.13
514 0.1223078204722759 50.14
515 0.1190025602390575 50.15
516 0.1158043691091134 50.16
517 0.1127520727293463 50.17
518 0.1098540561414571 50.18
519 0.1071082579305609 50.19
520 0.1045233332413953 50.2
521 0.1020965293714685 50.21
522 0.09982530154951272 50.22
523 0.09770447362926112 50.23
524 0.09571762300602997 50.24
525 0.09387114478381234 50.25
526 0.09214731760773533 50.26
527 0.0905287620119751 50.27
528 0.08899831030034537 50.28
529 0.08754950086694774 50.29
530 0.08615801067931655 50.3
531 0.08481941558672737 50.31
532 0.08351898191233738 50.32
533 0.08224743744252068 50.33
534 0.08099788114331193 50.34
535 0.0797697556574513 50.35
536 0.07855525874924676 50.36
537 0.07735470047784053 50.37
538 0.07616426219990162 50.38
539 0.07499592507683671 50.39
540 0.07384734427802189 50.4
541 0.07271834791776111 50.41
542 0.07161714245440003 50.42
543 0.07054310999928948 50.43
544 0.06950007538938946 50.44
545 0.06848988608224768 50.45
546 0.06751426791296045 50.46
547 0.06657353212341055 50.47
548 0.06566735744290678 50.48
549 0.06479732997379667 50.49
550 0.0639605470082082 50.5
551 0.06315137866809722 50.51
552 0.06237101206120137 50.52
553 0.0616161879585676 50.53
554 0.06088662304688101 50.54
555 0.06017689233490973 50.55
556 0.05948428093338438 50.56
557 0.05880774761425113 50.57
558 0.0581458530331056 50.58
559 0.05749557755618565 50.59
560 0.05685628332629474 50.6
561 0.05622863883464409 50.61
562 0.05560981173103203 50.62
563 0.05500015318083715 50.63
564 0.05439951498840438 50.64
565 0.05380864046278219 50.65
566 0.0532265494827344 50.66
567 0.05265432658804609 50.67
568 0.05209254100746947 50.68
569 0.05154184201818651 50.69
570 0.05100290832739211 50.7
571 0.05047552683493512 50.71
572 0.04995978941642865 50.72
573 0.04945667216102 50.73
574 0.04896509940533342 50.74
575 0.04848563891027752 50.75
576 0.04801722655044435 50.76
577 0.04756049039257677 50.77
578 0.04711467723908961 50.78
579 0.04667931836864187 50.79
580 0.04625378451740601 50.8
581 0.04583781336579919 50.81
582 0.04543045346596011 50.82
583 0.04503147151062185 50.83
584 0.04463989938788615 50.84
585 0.04425569426161598 50.85
586 0.04387807083008446 50.86
587 0.04350748680327507 50.87
588 0.04314409244359525 50.88
589 0.04278588366809728 50.89
590 0.04243364132665595 50.9
591 0.04208731297414934 50.91
592 0.04174532303405351 50.92
593 0.04140877877647547 50.93
594 0.04107811254016516 50.94
595 0.04075194213192134 50.95
596 0.04042996479329725 50.96
597 0.04011306324444489 50.97
598 0.039802018472614 50.98
599 0.03949570823686229 50.99
600 0.03919341074010581 51
601 0.03889595374538804 51.01
602 0.03860270118868256 51.02
603 0.03831354194567522 51.03
604 0.03802820482807694 51.04
605 0.03774724424588936 51.05
606 0.03747072000525394 51.06
607 0.03719842018201169 51.07
608 0.03693034150701591 51.08
609 0.03666617611038126 51.09
610 0.03640561115439267 51.1
611 0.03614931949844723 51.11
612 0.03589638056202189 51.12
613 0.0356478266935572 51.13
614 0.03540299799900499 51.14
615 0.03516210854235401 51.15
616 0.03492528810626529 51.16
617 0.03469221645693332 51.17
618 0.03446308590772387 51.18
619 0.03423688992771707 51.19
620 0.03401369627721634 51.2
621 0.03379417586439976 51.21
622 0.03357786627801109 51.22
623 0.03336467598448771 51.23
624 0.03315440808937745 51.24
625 0.03294697490433968 51.25
626 0.03274228642709557 51.26
627 0.03254020923652897 51.27
628 0.0323406989439094 51.28
629 0.03214364198241886 51.29
630 0.03194936905773773 51.3
631 0.03175767879401695 51.31
632 0.03156849970907193 51.32
633 0.03138135713715354 51.33
634 0.03119524446333065 51.34
635 0.03101181101451892 51.35
636 0.03083136901644574 51.36
637 0.03065308212550636 51.37
638 0.03047726772605172 51.38
639 0.03030347884836083 51.39
640 0.03013101595307935 51.4
641 0.0299597791192364 51.41
642 0.0297909845640557 51.42
643 0.029624894756357 51.43
644 0.02946085435048038 51.44
645 0.02929879374172309 51.45
646 0.02913884712929083 51.46
647 0.02898065722821302 51.47
648 0.02882421966383129 51.48
649 0.02866967032996486 51.49
650 0.02851699509940123 51.5
651 0.02836625517533957 51.51
652 0.02821731023097518 51.52
653 0.02807003643296742 51.53
654 0.02792452282270411 51.54
655 0.02778069144074018 51.55
656 0.02763853204922269 51.56
657 0.02749793006287853 51.57
658 0.02735866691237302 51.58
659 0.02722119827384754 51.59
660 0.02708530506769011 51.6
661 0.02695053567758356 51.61
662 0.0268171274045858 51.62
663 0.02668506742689262 51.63
664 0.02655430583498842 51.64
665 0.02642489455966438 51.65
666 0.02629677772229723 51.66
667 0.0261700899425998 51.67
668 0.0260447711702965 51.68
669 0.02592075849965332 51.69
670 0.02579796148040808 51.7
671 0.02567642480709974 51.71
672 0.02555610125144241 51.72
673 0.0254370036469618 51.73
674 0.02531908856379331 51.74
675 0.02520236730606957 51.75
676 0.02508678968273328 51.76
677 0.02497235567036523 51.77
678 0.02485899642984636 51.78
679 0.02474673545995182 51.79
680 0.02463562028859109 51.8
681 0.02452562147900395 51.81
682 0.02441667802955036 51.82
683 0.02430880090155997 51.83
684 0.02420199692289414 51.84
685 0.02409624747548394 51.85
686 0.02399152626572539 51.86
687 0.02388778810272834 51.87
688 0.02378520914187531 51.88
689 0.02368350830818293 51.89
690 0.02358271118869611 51.9
691 0.0234829236038186 51.91
692 0.02338416902223197 51.92
693 0.02328608115978954 51.93
694 0.02318879594862076 51.94
695 0.02309245896231792 51.95
696 0.02299688848379286 51.96
697 0.02290211850396268 51.97
698 0.02280820756152059 51.98
699 0.02271533100382707 51.99
700 0.02262319218299816 52
701 0.02253178123798031 52.01
702 0.02244112436924155 52.02
703 0.0223515534741376 52.03
704 0.02226269206867118 52.04
705 0.02217432609499519 52.05
706 0.02208670889159619 52.06
707 0.02200048001760885 52.07
708 0.0219150933615401 52.08
709 0.02183030056408959 52.09
710 0.02174618853152976 52.1
711 0.0216623950086729 52.11
712 0.02157908341075471 52.12
713 0.02149658350716815 52.13
714 0.02141476991626606 52.14
715 0.02133372817969922 52.15
716 0.02125290534625564 52.16
717 0.02117248959899623 52.17
718 0.02109281796250764 52.18
719 0.02101475349558805 52.19
720 0.02093761465711886 52.2
721 0.02086055186969497 52.21
722 0.02078418357128125 52.22
723 0.02070837417465217 52.23
724 0.02063323883290851 52.24
725 0.02055862401281849 52.25
726 0.02048496573063123 52.26
727 0.02041216881247342 52.27
728 0.02033987957554548 52.28
729 0.02026804663754632 52.29
730 0.02019669922808201 52.3
731 0.02012573167428541 52.31
732 0.02005516245918262 52.32
733 0.01998516105667565 52.33
734 0.01991562199836041 52.34
735 0.01984657306195255 52.35
736 0.01977797457568117 52.36
737 0.01970978662107463 52.37
738 0.0196421194344343 52.38
739 0.01957518337022374 52.39
740 0.01950892109637575 52.4
741 0.01944304100637539 52.41
742 0.01937773905078285 52.42
743 0.01931285519527173 52.43
744 0.01924825365744364 52.44
745 0.0191840565992234 52.45
746 0.01912064356766606 52.46
747 0.01905734763827055 52.47
748 0.01899435739832859 52.48
749 0.01893173575103794 52.49
750 0.01886952298876922 52.5
751 0.01880766113833479 52.51
752 0.01874623754703941 52.52
753 0.01868521679021274 52.53
754 0.01862471725364878 52.54
755 0.01856458804794697 52.55
756 0.01850472296218801 52.56
757 0.01844516447122722 52.57
758 0.01838604211533849 52.58
759 0.01832737131659289 52.59
760 0.01826910324086463 52.6
761 0.01821117699631492 52.61
762 0.01815363537262385 52.62
763 0.01809642928981085 52.63
764 0.01803957543376392 52.64
765 0.01798309524912567 52.65
766 0.01792697287601659 52.66
767 0.01787120251581485 52.67
768 0.01781618898377548 52.68
769 0.01776196549933418 52.69
770 0.01770813570243526 52.7
771 0.01765471934768252 52.71
772 0.01760182690038774 52.72
773 0.01754922036148971 52.73
774 0.0174969001504507 52.74
775 0.01744518202305956 52.75
776 0.01739401645941846 52.76
777 0.01734323073772693 52.77
778 0.01729282805609427 52.78
779 0.01724278243313628 52.79
780 0.01719303443785438 52.8
781 0.01714360758622417 52.81
782 0.01709452924375266 52.82
783 0.01704569508409792 52.83
784 0.01699712439618586 52.84
785 0.01694883827537172 52.85
786 0.01690078856754149 52.86
787 0.01685415214320421 52.87
788 0.01680820917627257 52.88
789 0.01676262324741542 52.89
790 0.01671730935553635 52.9
791 0.01667210769067614 52.91
792 0.01662685777833346 52.92
793 0.0165815684930942 52.93
794 0.01653622085173862 52.94
795 0.01649085911271026 52.95
796 0.01644560838076634 52.96
797 0.01640052383152556 52.97
798 0.01635531867957124 52.98
799 0.01630989033337876 52.99
800 0.01626425538431925 53
801 0.01621888937666033 53.01
802 0.01617392353054202 53.02
803 0.01612922185062542 53.03
804 0.01608466422082966 53.04
805 0.01604058300244329 53.05
806 0.01599700415544822 53.06
807 0.01595388006849266 53.07
808 0.01591121851556403 53.08
809 0.01586888272274278 53.09
810 0.01582686547694638 53.1
811 0.01578515609502783 53.11
812 0.01574377320975979 53.12
813 0.01570267662615203 53.13
814 0.01566261142105085 53.14
815 0.01562382692070883 53.15
816 0.01558568128076951 53.16
817 0.01554815515959617 53.17
818 0.01551126811916547 53.18
819 0.01547480914685321 53.19
820 0.01543871594035959 53.2
821 0.01540312411947263 53.21
822 0.01536799736683625 53.22
823 0.01533192540087864 53.23
824 0.01529608228210677 53.24
825 0.0152605826115226 53.25
826 0.01522546968401391 53.26
827 0.01519064945895858 53.27
828 0.01515612758582617 53.28
829 0.01512170976809079 53.29
830 0.01508713371598008 53.3
831 0.01505191675716179 53.31
832 0.01501613554335835 53.32
833 0.01497991891767665 53.33
834 0.01494358662449815 53.34
835 0.0149069230659113 53.35
836 0.01487068498897353 53.36
837 0.01483393440227852 53.37
838 0.01479927837016672 53.38
839 0.01476553938946483 53.39
840 0.01473232678646061 53.4
841 0.01469941323769137 53.41
842 0.01466687159767538 53.42
843 0.01463482644391255 53.43
844 0.01460313591303519 53.44
845 0.01457151514434128 53.45
846 0.01453993003963484 53.46
847 0.01450836106711249 53.47
848 0.01447682913395527 53.48
849 0.01444545264349912 53.49
850 0.01441398481498971 53.5
851 0.0143826148555215 53.51
852 0.01435122769459652 53.52
853 0.01432013786093414 53.53
854 0.01428906520459206 53.54
855 0.01425782506046258 53.55
856 0.0142264557897883 53.56
857 0.01419521681084492 53.57
858 0.01416415320217003 53.58
859 0.01413308002785429 53.59
860 0.01410185099514439 53.6
861 0.01407055970745424 53.61
862 0.01403928298568763 53.62
863 0.014007954810836 53.63
864 0.01397681078980309 53.64
865 0.01394595487628805 53.65
866 0.01391527062435942 53.66
867 0.01388481596303955 53.67
868 0.01385436592544625 53.68
869 0.01382394373485044 53.69
870 0.01379365585228222 53.7
871 0.01376346657275395 53.71
872 0.0137334078793076 53.72
873 0.01370370448136513 53.73
874 0.01367433071444551 53.74
875 0.01364520894471848 53.75
876 0.01361605825787581 53.76
877 0.01358703543968454 53.77
878 0.01355822439944508 53.78
879 0.01352966886807693 53.79
880 0.01350132333711769 53.8
881 0.01347314922250673 53.81
882 0.01344510368139204 53.82
883 0.01341722070731105 53.83
884 0.01338953475205249 53.84
885 0.01336202303824654 53.85
886 0.01333607115916343 53.86
887 0.01331095046561551 53.87
888 0.01328634744542961 53.88
889 0.01326193963192211 53.89
890 0.01323781760934416 53.9
891 0.01321379162920139 53.91
892 0.01318979277217578 53.92
893 0.01316589604468633 53.93
894 0.01314201060426407 53.94
895 0.01311807634067685 53.95
896 0.01309419806985177 53.96
897 0.01307036306462821 53.97
898 0.0130465631539063 53.98
899 0.01302272245096534 53.99
900 0.01299890499222652 54
901 0.01297510020438019 54.01
902 0.01295135973303296 54.02
903 0.01292770941432267 54.03
904 0.01290410228055714 54.04
905 0.01288054204420165 54.05
906 0.01285703910886474 54.06
907 0.01283357844316167 54.07
908 0.0128102454983344 54.08
909 0.01278700973560176 54.09
910 0.01276377345058312 54.1
911 0.01274057613977092 54.11
912 0.0127174379160381 54.12
913 0.01269430251994837 54.13
914 0.01267123481600139 54.14
915 0.01264823659701023 54.15
916 0.01262530615531781 54.16
917 0.01260237787665523 54.17
918 0.01257934941373512 54.18
919 0.01255628846879902 54.19
920 0.01253318355763718 54.2
921 0.01251025099241268 54.21
922 0.01248757315857422 54.22
923 0.01246498292727215 54.23
924 0.01244237357728152 54.24
925 0.01241992915538046 54.25
926 0.01239771481118328 54.26
927 0.01237551856235445 54.27
928 0.0123533151805952 54.28
929 0.01233116504103805 54.29
930 0.01230905973890204 54.3
931 0.01228691389296971 54.31
932 0.01226477035974356 54.32
933 0.01224262667018694 54.33
934 0.01222046403761113 54.34
935 0.01219861844464548 54.35
936 0.01217762958509593 54.36
937 0.01215707691265243 54.37
938 0.01213713228023516 54.38
939 0.01211751359873703 54.39
940 0.01209792767699098 54.4
941 0.01207844215501804 54.41
942 0.01205903254111354 54.42
943 0.01203977600428053 54.43
944 0.01202070581929979 54.44
945 0.01200166248215343 54.45
946 0.01198260246541847 54.46
947 0.0119636461641198 54.47
948 0.01194475017180061 54.48
949 0.01192579512166409 54.49
950 0.01190698981010529 54.5
951 0.01188831882942208 54.51
952 0.01186965655254377 54.52
953 0.01185110769230878 54.53
954 0.0118330707449244 54.54
955 0.01181524111745435 54.55
956 0.01179725923314282 54.56
957 0.01177924549550119 54.57
958 0.01176104955022106 54.58
959 0.01174273867413349 54.59
960 0.01172437363620201 54.6
961 0.01170598410946718 54.61
962 0.01168758818781319 54.62
963 0.01166919064261547 54.63
964 0.01165082843053632 54.64
965 0.0116324736871222 54.65
966 0.01161414453426134 54.66
967 0.01159585464115384 54.67
968 0.01157796302536604 54.68
969 0.0115607448386169 54.69
970 0.01154371341336037 54.7
971 0.01152686349148627 54.71
972 0.01151003791574498 54.72
973 0.01149328785075387 54.73
974 0.01147669192948937 54.74
975 0.01146026265430583 54.75
976 0.01144400970527655 54.76
977 0.01142771511349658 54.77
978 0.01141139693465557 54.78
979 0.01139503129268289 54.79
980 0.01137862998973234 54.8
981 0.01136219393599349 54.81
982 0.01134580276887085 54.82
983 0.01132951604987092 54.83
984 0.01131325875936465 54.84
985 0.01129687198096302 54.85
986 0.01128056314738047 54.86
987 0.01126425396989161 54.87
988 0.01124793569998349 54.88
989 0.01123160621408158 54.89
990 0.01121527131153097 54.9
991 0.01119891830786393 54.91
992 0.01118257835190327 54.92
993 0.01116618292989957 54.93
994 0.01114973571577628 54.94
995 0.0111331927057922 54.95
996 0.01111655797121423 54.96
997 0.01109987517804558 54.97
998 0.01108301043806876 54.98
999 0.01106601340676899 54.99
1000 0.01104909442132307 55
1001 0.01103920900759273 55.01
1002 0.01104283601330806 55.02
1003 0.01105049178138838 55.03
1004 0.01106030352342911 55.04
1005 0.01107225516430779 55.05
1006 0.01108638907915376 55.06
1007 0.01110262208539297 55.07
1008 0.01112077370697889 55.08
1009 0.01114046316235958 55.09
1010 0.01116159037872257 55.1
1011 0.01118392247656105 55.11
1012 0.01120726287810985 55.12
1013 0.01123145059175983 55.13
1014 0.01125638251875921 55.14
1015 0.01128192508456509 55.15
1016 0.01130800399598394 55.16
1017 0.01133444552595127 55.17
1018 0.01136121680467959 55.18
1019 0.01138830491646434 55.19
1020 0.01141552474551998 55.2
1021 0.01144287356629927 55.21
1022 0.01147029337179792 55.22
1023 0.01149773746641415 55.23
1024 0.01152514812158185 55.24
1025 0.01155252219326243 55.25
1026 0.01157984897969021 55.26
1027 0.01160712323105491 55.27
1028 0.0116343574130284 55.28
1029 0.01166158062574925 55.29
1030 0.01168886077118592 55.3
1031 0.01171617874333335 55.31
1032 0.01174363525064728 55.32
1033 0.01177131993441028 55.33
1034 0.01179935478950346 55.34
1035 0.01182774319318698 55.35
1036 0.01185656312160813 55.36
1037 0.01188570375938126 55.37
1038 0.01191543315700771 55.38
1039 0.01194588866120125 55.39
1040 0.01197707694220284 55.4
1041 0.01200916604213993 55.41
1042 0.0120421754419979 55.42
1043 0.01207622510446723 55.43
1044 0.01211147950751052 55.44
1045 0.01214808230446768 55.45
1046 0.01218606179683212 55.46
1047 0.01222556954944604 55.47
1048 0.01226669954112099 55.48
1049 0.01230951122906123 55.49
1050 0.01235430213917702 55.5
1051 0.0124005228011819 55.51
1052 0.01244912749931365 55.52
1053 0.01250000591986643 55.53
1054 0.01255344143028949 55.54
1055 0.01260947897593114 55.55
1056 0.0126682109701776 55.56
1057 0.01272982020906721 55.57
1058 0.01279452433649549 55.58
1059 0.01286256586282934 55.59
1060 0.0129340193897225 55.6
1061 0.01300909750688205 55.61
1062 0.013088298364638 55.62
1063 0.01317017928876247 55.63
1064 0.01325471311282909 55.64
1065 0.01334324735021484 55.65
1066 0.01343630792864316 55.66
1067 0.01352749925399081 55.67
1068 0.01360771580999981 55.68
1069 0.01367356209281298 55.69
1070 0.01372187728157564 55.7
1071 0.01384517604765973 55.71
1072 0.01393488072057674 55.72
1073 0.01396224721596934 55.73
1074 0.01401094935049471 55.74
1075 0.01408134944698523 55.75
1076 0.01417905405635024 55.76
1077 0.01428842745303954 55.77
1078 0.01442151084826211 55.78
1079 0.01454933804629571 55.79
1080 0.01470447291280053 55.8
1081 0.01480389238212233 55.81
1082 0.01499873818638209 55.82
1083 0.01520559476808466 55.83
1084 0.01538156239640042 55.84
1085 0.01558843830683534 55.85
1086 0.01581427046311073 55.86
1087 0.01606079457674925 55.87
1088 0.01634216247320839 55.88
1089 0.01659868359724746 55.89
1090 0.01691965539147098 55.9
1091 0.01725584614110219 55.91
1092 0.01762896862980403 55.92
1093 0.01803152645784528 55.93
1094 0.01845279278173661 55.94
1095 0.01889227076788377 55.95
1096 0.01936850695905401 55.96
1097 0.01987238001292489 55.97
1098 0.02038246408620498 55.98
1099 0.02088603566403029 55.99
1100 0.02142354244869806 56
1101 0.0220203936496366 56.01
1102 0.02265485887936206 56.02
1103 0.02330946351352893 56.03
1104 0.02397572047135492 56.04
1105 0.02470641058773882 56.05
1106 0.025512140860027 56.06
1107 0.02629251917653117 56.07
1108 0.02704573923107622 56.08
1109 0.02784821081441692 56.09
1110 0.02869925681392834 56.1
1111 0.02955825669929599 56.11
1112 0.03045359605611413 56.12
1113 0.03146943715480497 56.13
1114 0.03261775493080484 56.14
1115 0.03380866889041402 56.15
1116 0.03499730639374197 56.16
1117 0.03620780757923532 56.17
1118 0.037524645496466 56.18
1119 0.0390074968087402 56.19
1120 0.04060058167670869 56.2
1121 0.04217895922082778 56.21
1122 0.04375208190917279 56.22
1123 0.04540848215236049 56.23
1124 0.04720865191012145 56.24
1125 0.04909994631940106 56.25
1126 0.05085943918641732 56.26
1127 0.05230499636400373 56.27
1128 0.05336338329808848 56.28
1129 0.0540280514403121 56.29
1130 0.05454555581734529 56.3
1131 0.05490794165956299 56.31
1132 0.05476383665186958 56.32
1133 0.05378634794613943 56.33
1134 0.05225998250192528 56.34
1135 0.05055957177120983 56.35
1136 0.04893198555855283 56.36
1137 0.04762772758923435 56.37
1138 0.04660655916214223 56.38
1139 0.04549988219285225 56.39
1140 0.04398633324919244 56.4
1141 0.04215227808391943 56.41
1142 0.04022590787380419 56.42
1143 0.03801050968841502 56.43
1144 0.03559463848483901 56.44
1145 0.03286182682521295 56.45
1146 0.02976530146869582 56.46
1147 0.02662523917667832 56.47
1148 0.02397805349670352 56.48
1149 0.02188486918745526 56.49
1150 0.02011800129721728 56.5
1151 0.01832698287918877 56.51
1152 0.01633196508471929 56.52
1153 0.0142327772976311 56.53
1154 0.01226578593138902 56.54
1155 0.01057711047205729 56.55
1156 0.009143316380514693 56.56
1157 0.007949316055960226 56.57
1158 0.006885595974226087 56.58
1159 0.00591650005859191 56.59
1160 0.005017620354960935 56.6
1161 0.004202027572478178 56.61
1162 0.003507295316645324 56.62
1163 0.002944543964875661 56.63
1164 0.00248154765900071 56.64
1165 0.002077604679721572 56.65
1166 0.001714581390527318 56.66
1167 0.00139045438916172 56.67
1168 0.001108690603567218 56.68
1169 0.00088209632444723 56.69
1170 0.0007008216289571099 56.7
1171 0.0005486777424108303 56.71
1172 0.0004181415954824272 56.72
1173 0.0003063817340445822 56.73
1174 0.0002139913080418882 56.74
1175 0.0001425491672441927 56.75
1176 8.868846583919398e-05 56.76
1177 4.978055629296827e-05 56.77
1178 2.365521435750401e-05 56.78
1179 1.014117079537909e-05 56.79
1180 6.545234219095155e-06 56.8
1181 5.222206168240541e-06 56.81
1182 4.491555393456918e-06 56.82
1183 3.89824954876872e-06 56.83
1184 3.396672645735274e-06 56.84
1185 2.953690570141704e-06 56.85
1186 2.55901076053789e-06 56.86
1187 2.274313425316381e-06 56.87
1188 2.016982347783519e-06 56.88
1189 1.797522526815956e-06 56.89
1190 1.600368932729094e-06 56.9
1191 1.435732276893521e-06 56.91
1192 1.288133147567149e-06 56.92
1193 1.166638453931592e-06 56.93
1194 1.047830702040345e-06 56.94
1195 9.320235702673144e-07 56.95
1196 8.418330868337391e-07 56.96
1197 7.626106229704106e-07 56.97
1198 6.960864447018619e-07 56.98
1199 6.37198723271234e-07 56.99
1200 5.848255916578505e-07 57
1201 5.36399882019185e-07 57.01
1202 4.934997017948719e-07 57.02
1203 4.56217879954971e-07 57.03
1204 4.215906343049551e-07 57.04
1205 3.908365212648235e-07 57.05
1206 3.619529097844779e-07 57.06
1207 3.374579222034784e-07 57.07
1208 3.153388229434114e-07 57.08
1209 2.963217402575385e-07 57.09
1210 2.789974421922714e-07 57.1
1211 2.636653423077787e-07 57.11
1212 2.495467854320664e-07 57.12
1213 2.364954109358322e-07 57.13
1214 2.241590934679233e-07 57.14
1215 2.124757867066437e-07 57.15
1216 2.015005340752996e-07 57.16
1217 1.91186096013598e-07 57.17
1218 1.81451640262127e-07 57.18
1219 1.724301099828867e-07 57.19
1220 1.639342783851446e-07 57.2
1221 1.571918825519636e-07 57.21
1222 1.500334045507526e-07 57.22
1223 1.446240518884601e-07 57.23
1224 1.393826325448434e-07 57.24
1225 1.357525858104511e-07 57.25
1226 1.318686634028582e-07 57.26
1227 1.276017270722421e-07 57.27
1228 1.245039908021052e-07 57.28
1229 1.209831467718782e-07 57.29
1230 1.171829271421424e-07 57.3
1231 1.165649988673554e-07 57.31
1232 1.082069057344006e-07 57.32
1233 1.023661122010001e-07 57.33
1234 9.772939342943084e-08 57.34
1235 9.542517218213342e-08 57.35
1236 9.491781112322869e-08 57.36
1237 9.538126210386426e-08 57.37
1238 9.526084934449528e-08 57.38
1239 9.510311716537e-08 57.39
1240 9.536950362466562e-08 57.4
1241 9.558534999159594e-08 57.41
1242 9.630768037950707e-08 57.42
1243 9.763435991866575e-08 57.43
1244 9.908724374655397e-08 57.44
1245 1.01499381252655e-07 57.45
1246 1.042184117903148e-07 57.46
1247 1.079791259638566e-07 57.47
1248 1.120305881912945e-07 57.48
1249 1.169059698730576e-07 57.49
1250 1.225634769267986e-07 57.5
1251 1.2910768596804e-07 57.51
1252 1.369310993988153e-07 57.52
1253 1.455810992532883e-07 57.53
1254 1.553353013874561e-07 57.54
1255 1.661611097653052e-07 57.55
1256 1.781717831832033e-07 57.56
1257 1.917539775870329e-07 57.57
1258 2.070508425186423e-07 57.58
1259 2.239574452951856e-07 57.59
1260 2.42856219671877e-07 57.6
1261 2.637559356218982e-07 57.61
1262 2.868267724014926e-07 57.62
1263 3.117680868990602e-07 57.63
1264 3.392732882026109e-07 57.64
1265 3.699603306001713e-07 57.65
1266 4.03028068316161e-07 57.66
1267 4.400214904186446e-07 57.67
1268 4.815583080185433e-07 57.68
1269 5.286560993585168e-07 57.69
1270 5.814012635416389e-07 57.7
1271 6.417096939127968e-07 57.71
1272 7.157275440328159e-07 57.72
1273 7.967413471762501e-07 57.73
1274 8.945044999920845e-07 57.74
1275 1.008622077522374e-06 57.75
1276 1.147678520631136e-06 57.76
1277 1.301845935536702e-06 57.77
1278 1.477734649142712e-06 57.78
1279 1.698178088801838e-06 57.79
1280 2.123241138086756e-06 57.8
1281 2.524321666126849e-06 57.81
1282 2.877595520034569e-06 57.82
1283 3.454798845322076e-06 57.83
1284 4.039370580135847e-06 57.84
1285 5.033799137625309e-06 57.85
1286 6.126612829447392e-06 57.86
1287 7.462471394224307e-06 57.87
1288 9.060293124090953e-06 57.88
1289 1.147610789382641e-05 57.89
1290 1.493687857883918e-05 57.9
1291 1.994540572553592e-05 57.91
1292 2.796926132854926e-05 57.92
1293 4.199727958262299e-05 57.93
1294 6.502958590616014e-05 57.94
1295 0.0001043946591072616 57.95
1296 0.0001718469231946907 57.96
1297 0.000292880871957214 57.97
1298 0.0005011424063813696 57.98
1299 0.0007918676751372568 57.99
1300 0.001151259517533756 58
1301 0.001544868669178681 58.01
1302 0.001931348200530063 58.02
1303 0.002299474283861492 58.03
1304 0.002649171185927737 58.04
1305 0.002982006386812833 58.05
1306 0.003282552051495021 58.06
1307 0.003531270934021709 58.07
1308 0.003722427258072948 58.08
1309 0.00384900914225137 58.09
1310 0.00391013520759504 58.1
1311 0.003912940039252898 58.11
1312 0.003867180536601983 58.12
1313 0.003783134246815092 58.13
1314 0.003671568753058217 58.14
1315 0.003538593452538966 58.15
1316 0.003388904485276589 58.16
1317 0.003226019770517056 58.17
1318 0.003051348654547309 58.18
1319 0.002861605789274598 58.19
1320 0.00264989356626423 58.2
1321 0.002426517779825785 58.21
1322 0.002200410692847529 58.22
1323 0.001974224468581729 58.23
1324 0.001752006012538253 58.24
1325 0.001537500603824286 58.25
1326 0.00133517668817944 58.26
1327 0.001144022550411933 58.27
1328 0.0009662350052881389 58.28
1329 0.0008014687925353127 58.29
1330 0.0006512676859580721 58.3
1331 0.0005159092925641637 58.31
1332 0.0003955761236023007 58.32
1333 0.0002911418290788197 58.33
1334 0.0002057968813438845 58.34
1335 0.0001418064124526966 58.35
1336 9.297883040867965e-05 58.36
1337 5.703562383269302e-05 58.37
1338 3.383627310115501e-05 58.38
1339 2.399015348775168e-05 58.39
1340 1.90714791425812e-05 58.4
1341 1.559512116192292e-05 58.41
1342 1.285269839348798e-05 58.42
1343 1.066176038659417e-05 58.43
1344 8.990072903998245e-06 58.44
1345 7.700859713043189e-06 58.45
1346 6.487978123411699e-06 58.46
1347 5.434056976929331e-06 58.47
1348 4.604499206996262e-06 58.48
1349 3.88487138956991e-06 58.49
1350 3.217806986442463e-06 58.5
1351 2.650646617297578e-06 58.51
1352 2.211844600487887e-06 58.52
1353 1.86603606967318e-06 58.53
1354 1.575287683217176e-06 58.54
1355 1.334056196710706e-06 58.55
1356 1.145425127594386e-06 58.56
1357 9.894002397959811e-07 58.57
1358 8.464275912548026e-07 58.58
1359 7.391973805031064e-07 58.59
1360 6.489672327826739e-07 58.6
1361 5.793571078661456e-07 58.61
1362 5.242465914171578e-07 58.62
1363 4.762480865224158e-07 58.63
1364 4.370901180605632e-07 58.64
1365 4.077996704482912e-07 58.65
1366 3.839165707068511e-07 58.66
1367 3.636429553488992e-07 58.67
1368 3.47867412513415e-07 58.68
1369 3.362120746646238e-07 58.69
1370 3.283309388150348e-07 58.7
1371 3.260330188163489e-07 58.71
1372 3.263699965311114e-07 58.72
1373 3.263741873470448e-07 58.73
1374 3.303452583685913e-07 58.74
1375 3.396574836697415e-07 58.75
1376 3.528679335209274e-07 58.76
1377 3.699045589238509e-07 58.77
1378 3.888093720065098e-07 58.78
1379 4.114892074801132e-07 58.79
1380 4.376586945550102e-07 58.8
1381 4.655615101051561e-07 58.81
1382 4.973624417333441e-07 58.82
1383 5.289106479169951e-07 58.83
1384 5.66879162276148e-07 58.84
1385 6.084854929398616e-07 58.85
1386 6.547028863553522e-07 58.86
1387 7.068836851912625e-07 58.87
1388 7.615167731546728e-07 58.88
1389 8.189181750199152e-07 58.89
1390 8.779829481503178e-07 58.9
1391 9.365139349857731e-07 58.91
1392 1.0018598608101e-06 58.92
1393 1.073517616394493e-06 58.93
1394 1.150915118972847e-06 58.94
1395 1.235073513546579e-06 58.95
1396 1.332432203049332e-06 58.96
1397 1.430898032224216e-06 58.97
1398 1.548501258108614e-06 58.98
1399 1.670544883455036e-06 58.99
1400 1.819906319935351e-06 59
1401 1.980469971905269e-06 59.01
1402 2.177133871937364e-06 59.02
1403 2.423890833001194e-06 59.03
1404 2.706272980670222e-06 59.04
1405 3.033558337143517e-06 59.05
1406 3.398916770033794e-06 59.06
1407 3.798268787440714e-06 59.07
1408 4.267187056622508e-06 59.08
1409 4.837101107560969e-06 59.09
1410 5.489754245207923e-06 59.1
1411 6.039203318716339e-06 59.11
1412 6.825112612105647e-06 59.12
1413 7.873645333334893e-06 59.13
1414 9.027184907799786e-06 59.14
1415 1.029977168591392e-05 59.15
1416 1.181036920758828e-05 59.16
1417 1.36645422517392e-05 59.17
1418 1.635416808300346e-05 59.18
1419 1.950106081505631e-05 59.19
1420 2.401381806271527e-05 59.2
1421 3.047267100617622e-05 59.21
1422 4.109834624333221e-05 59.22
1423 6.160031104429098e-05 59.23
1424 9.951903057553701e-05 59.24
1425 0.000169331906708115 59.25
1426 0.0002679497740343319 59.26
1427 0.0003916417445334267 59.27
1428 0.0005323164376896181 59.28
1429 0.0006771675235548427 59.29
1430 0.0008101696036566732 59.3
1431 0.0009229192995904387 59.31
1432 0.001012983541507207 59.32
1433 0.001077988173418501 59.33
1434 0.001116296579665661 59.34
1435 0.001123792505349451 59.35
1436 0.001102645762671488 59.36
1437 0.001055306594459657 59.37
1438 0.000986534919622233 59.38
1439 0.0009023959184361135 59.39
1440 0.0008105009115856036 59.4
1441 0.0007137270288664057 59.41
1442 0.0006155247792294548 59.42
1443 0.0005184138526067383 59.43
1444 0.0004246471846302135 59.44
1445 0.0003370903917930858 59.45
1446 0.0002587506610329995 59.46
1447 0.0001902175234311024 59.47
1448 0.0001326886067904744 59.48
1449 8.624009082293148e-05 59.49
1450 5.109908005009244e-05 59.5
1451 2.806103712093224e-05 59.51
1452 1.80085443163807e-05 59.52
1453 1.438881028097247e-05 59.53
1454 1.239343685376688e-05 59.54
1455 1.104075510604551e-05 59.55
1456 9.904930189053372e-06 59.56
1457 9.06072643488211e-06 59.57
1458 8.269338572409138e-06 59.58
1459 7.546666036333899e-06 59.59
1460 6.906893586724243e-06 59.6
1461 6.398350407698177e-06 59.61
1462 5.927423722496198e-06 59.62
1463 5.404046199292021e-06 59.63
1464 4.915644171801736e-06 59.64
1465 4.475132694765399e-06 59.65
1466 4.078362392023556e-06 59.66
1467 3.690752419996559e-06 59.67
1468 3.340248880845677e-06 59.68
1469 3.023383569817764e-06 59.69
1470 2.754053273487699e-06 59.7
1471 2.515551452234533e-06 59.71
1472 2.318612626259245e-06 59.72
1473 2.140570921416053e-06 59.73
1474 1.992014866116583e-06 59.74
1475 1.856453743538393e-06 59.75
1476 1.734406080000179e-06 59.76
1477 1.632501249101029e-06 59.77
1478 1.553568470557396e-06 59.78
1479 1.488656080428028e-06 59.79
1480 1.44216421922752e-06 59.8
1481 1.404749447432221e-06 59.81
1482 1.378866405954166e-06 59.82
1483 1.359495967222079e-06 59.83
1484 1.354110324221858e-06 59.84
1485 1.355794968913475e-06 59.85
1486 1.368560468803275e-06 59.86
1487 1.393004971553549e-06 59.87
1488 1.422360483506977e-06 59.88
1489 1.467574308889676e-06 59.89
1490 1.519754812744418e-06 59.9
1491 1.580436820495197e-06 59.91
1492 1.649436336969289e-06 59.92
1493 1.738050841730426e-06 59.93
1494 1.825704440812591e-06 59.94
1495 1.934364880976145e-06 59.95
1496 2.04268617599551e-06 59.96
1497 2.162357052810086e-06 59.97
1498 2.281403773881883e-06 59.98
1499 2.40321846924388e-06 59.99
1500 2.527464521851991e-06 60
1501 2.647327098993084e-06 60.01
1502 2.754855299583748e-06 60.02
1503 2.904132490872945e-06 60.03
1504 3.047646368794102e-06 60.04
1505 3.190424383494592e-06 60.05
1506 3.389580518576862e-06 60.06
1507 3.608696533721634e-06 60.07
1508 3.816292565369756e-06 60.08
1509 4.064270803777112e-06 60.09
1510 4.359981027923003e-06 60.1
1511 4.629930286859899e-06 60.11
1512 4.974138583226617e-06 60.12
1513 5.388493723962248e-06 60.13
1514 5.842904736243745e-06 60.14
1515 6.351512306062152e-06 60.15
1516 6.878359606740689e-06 60.16
1517 7.486113699829269e-06 60.17
1518 8.164724712373158e-06 60.18
1519 8.930393098604612e-06 60.19
1520 9.791721897674679e-06 60.2
1521 1.070733594899663e-05 60.21
1522 1.170496865993778e-05 60.22
1523 1.303213254792166e-05 60.23
1524 1.463663042943117e-05 60.24
1525 1.653147807330807e-05 60.25
1526 1.883389727629467e-05 60.26
1527 2.215624298136814e-05 60.27
1528 2.660340025047279e-05 60.28
1529 3.42172305116557e-05 60.29
1530 4.814669847896655e-05 60.3
1531 6.90951910680925e-05 60.31
1532 9.867966236172558e-05 60.32
1533 0.0001348335637293686 60.33
1534 0.0001744229710566386 60.34
1535 0.0002139069226426434 60.35
1536 0.0002461665195413891 60.36
1537 0.0002696592358077654 60.37
1538 0.000283342045668207 60.38
1539 0.0002875231587450198 60.39
1540 0.0002822802869752545 60.4
1541 0.0002689972530397857 60.41
1542 0.0002487377452808951 60.42
1543 0.0002228750003534868 60.43
1544 0.0001929631477202358 60.44
1545 0.000160137687319144 60.45
1546 0.0001266715985156179 60.46
1547 9.426711985346318e-05 60.47
1548 6.489963205624665e-05 60.48
1549 4.131198259477104e-05 60.49
1550 2.588166319293999e-05 60.5
1551 1.858315372779186e-05 60.51
1552 1.484156299933908e-05 60.52
1553 1.283308156904959e-05 60.53
1554 1.14685906001119e-05 60.54
1555 1.034873534102935e-05 60.55
1556 9.448379688302893e-06 60.56
1557 8.69766052391504e-06 60.57
1558 8.095653123526744e-06 60.58
1559 7.541634946422013e-06 60.59
1560 7.006871212144238e-06 60.6
1561 6.552675661330575e-06 60.61
1562 6.130476038964576e-06 60.62
1563 5.766167302480081e-06 60.63
1564 5.416376873705008e-06 60.64
1565 5.07699582596944e-06 60.65
1566 4.72643362168199e-06 60.66
1567 4.421769093986906e-06 60.67
1568 4.119926085162052e-06 60.68
1569 3.849517090994363e-06 60.69
1570 3.630470982581566e-06 60.7
1571 3.464519472558556e-06 60.71
1572 3.301149190562745e-06 60.72
1573 3.157235251309725e-06 60.73
1574 3.025286935484441e-06 60.74
1575 2.909418320811616e-06 60.75
1576 2.814873896773273e-06 60.76
1577 2.735560747641252e-06 60.77
1578 2.669378364670198e-06 60.78
1579 2.616027427342552e-06 60.79
1580 2.575116177959724e-06 60.8
1581 2.550552570620456e-06 60.81
1582 2.53442563614248e-06 60.82
1583 2.532316195121498e-06 60.83
1584 2.541258089737615e-06 60.84
1585 2.556997899051402e-06 60.85
1586 2.584119420774943e-06 60.86
1587 2.622318592360759e-06 60.87
1588 2.673354811878706e-06 60.88
1589 2.730818415191969e-06 60.89
1590 2.797016724666247e-06 60.9
1591 2.867994724218165e-06 60.91
1592 2.947029842543705e-06 60.92
1593 3.035264035350563e-06 60.93
1594 3.122987172571893e-06 60.94
1595 3.227513763885482e-06 60.95
1596 3.341377961960656e-06 60.96
1597 3.456522684676397e-06 60.97
1598 3.592917710990426e-06 60.98
1599 3.735645204655266e-06 60.99
1600 3.891216438967559e-06 61
1601 4.06292146841598e-06 61.01
1602 4.251862910160327e-06 61.02
1603 4.455838540144771e-06 61.03
1604 4.698356728032959e-06 61.04
1605 4.94892990186304e-06 61.05
1606 5.233402144351674e-06 61.06
1607 5.525591948249704e-06 61.07
1608 5.826821463039452e-06 61.08
1609 6.190253762134608e-06 61.09
1610 6.584478641787741e-06 61.1
1611 6.980754739072956e-06 61.11
1612 7.40126699651309e-06 61.12
1613 7.850996625973441e-06 61.13
1614 8.292863824790215e-06 61.14
1615 8.848433047719053e-06 61.15
1616 9.451049721705951e-06 61.16
1617 1.004960721950973e-05 61.17
1618 1.062831300246697e-05 61.18
1619 1.120577878364508e-05 61.19
1620 1.188837993736034e-05 61.2
1621 1.270949712861863e-05 61.21
1622 1.361935184318666e-05 61.22
1623 1.457071387876425e-05 61.23
1624 1.558498999885811e-05 61.24
1625 1.655617254633727e-05 61.25
1626 1.760476051167967e-05 61.26
1627 1.889436306957013e-05 61.27
1628 2.001922299594488e-05 61.28
1629 2.094078875928102e-05 61.29
1630 2.177099391842978e-05 61.3
1631 2.229239583958978e-05 61.31
1632 2.232686106225428e-05 61.32
1633 2.183953561225186e-05 61.33
1634 2.07845964991697e-05 61.34
1635 1.944237123078865e-05 61.35
1636 1.792891897075304e-05 61.36
1637 1.650099810776697e-05 61.37
1638 1.512945761077846e-05 61.38
1639 1.389056087883334e-05 61.39
1640 1.274006161138092e-05 61.4
1641 1.174629660635173e-05 61.41
1642 1.08553262782502e-05 61.42
1643 1.007006291262562e-05 61.43
1644 9.439843491314488e-06 61.44
1645 8.885560973025081e-06 61.45
1646 8.389256985742991e-06 61.46
1647 7.897765746367535e-06 61.47
1648 7.435128885421039e-06 61.48
1649 7.030740226353772e-06 61.49
1650 6.672451299517654e-06 61.5
1651 6.336627136624776e-06 61.51
1652 6.026176616124603e-06 61.52
1653 5.727941506294088e-06 61.53
1654 5.460547428181169e-06 61.54
1655 5.209760844462565e-06 61.55
1656 4.985181830499088e-06 61.56
1657 4.783887155513252e-06 61.57
1658 4.616023566617703e-06 61.58
1659 4.453860659220872e-06 61.59
1660 4.319371817962494e-06 61.6
1661 4.198683302359574e-06 61.61
1662 4.09261198206384e-06 61.62
1663 3.994933010873621e-06 61.63
1664 3.910643142406474e-06 61.64
1665 3.839279776382608e-06 61.65
1666 3.779732142842459e-06 61.66
1667 3.731720712868386e-06 61.67
1668 3.70315790572901e-06 61.68
1669 3.681102396207021e-06 61.69
1670 3.670436678577058e-06 61.7
1671 3.671194847402561e-06 61.71
1672 3.684780058964161e-06 61.72
1673 3.70757861950491e-06 61.73
1674 3.736942519182606e-06 61.74
1675 3.785767591786318e-06 61.75
1676 3.841255458149522e-06 61.76
1677 3.916114979731381e-06 61.77
1678 4.001438369040171e-06 61.78
1679 4.099682723754705e-06 61.79
1680 4.20726403271763e-06 61.8
1681 4.314102806098919e-06 61.81
1682 4.441889387274694e-06 61.82
1683 4.582524187840533e-06 61.83
1684 4.730621621717263e-06 61.84
1685 4.882770836935838e-06 61.85
1686 5.044295014575963e-06 61.86
1687 5.216592838794104e-06 61.87
1688 5.41137625402784e-06 61.88
1689 5.625732835366181e-06 61.89
1690 5.851532591452358e-06 61.9
1691 6.084432197046476e-06 61.91
1692 6.337299610584468e-06 61.92
1693 6.602459938946795e-06 61.93
1694 6.87498883980761e-06 61.94
1695 7.145848848256512e-06 61.95
1696 7.442733358038469e-06 61.96
1697 7.738672949037342e-06 61.97
1698 8.03171987810678e-06 61.98
1699 8.332888488965478e-06 61.99
1700 8.639156681913593e-06 62
1701 8.924877769376147e-06 62.01
1702 9.250675785911281e-06 62.02
1703 9.578930568013348e-06 62.03
1704 9.89669220405893e-06 62.04
1705 1.021477850448879e-05 62.05
1706 1.049841565370071e-05 62.06
1707 1.076791177954087e-05 62.07
1708 1.101007848769267e-05 62.08
1709 1.121182571022989e-05 62.09
1710 1.140989861146982e-05 62.1
1711 1.150915706260717e-05 62.11
1712 1.15774059723279e-05 62.12
1713 1.157439326569811e-05 62.13
1714 1.152142092082808e-05 62.14
1715 1.140867900077616e-05 62.15
1716 1.123638433722683e-05 62.16
1717 1.102235370305173e-05 62.17
1718 1.077394306089951e-05 62.18
1719 1.048323598125588e-05 62.19
1720 1.017364834389642e-05 62.2
1721 9.849615532003716e-06 62.21
1722 9.521737850162182e-06 62.22
1723 9.198082685804346e-06 62.23
1724 8.853418295128122e-06 62.24
1725 8.522479030852512e-06 62.25
1726 8.169969816573614e-06 62.26
1727 7.847252020954059e-06 62.27
1728 7.57207118795664e-06 62.28
1729 7.26166076642426e-06 62.29
1730 6.971168580963116e-06 62.3
1731 6.697140085854181e-06 62.31
1732 6.435460170123933e-06 62.32
1733 6.181869822861855e-06 62.33
1734 5.940547441816363e-06 62.34
1735 5.714696546554584e-06 62.35
1736 5.527320518175151e-06 62.36
1737 5.337479777773522e-06 62.37
1738 5.167389441549953e-06 62.38
1739 5.007926761687783e-06 62.39
1740 4.856921924346655e-06 62.4
1741 4.730011533901665e-06 62.41
1742 4.610933209721938e-06 62.42
1743 4.503155516575149e-06 62.43
1744 4.401183486321035e-06 62.44
1745 4.316437534867812e-06 62.45
1746 4.243161774671738e-06 62.46
1747 4.165766161862896e-06 62.47
1748 4.128035187330267e-06 62.48
1749 4.084227501084366e-06 62.49
1750 4.054420042973593e-06 62.5
1751 4.041494128207806e-06 62.51
1752 4.04243878987225e-06 62.52
1753 4.048786116473091e-06 62.53
1754 4.062048923413151e-06 62.54
1755 4.085572870459512e-06 62.55
1756 4.122068388511837e-06 62.56
1757 4.173293651311331e-06 62.57
1758 4.230094144310753e-06 62.58
1759 4.294300256118672e-06 62.59
1760 4.363533442312354e-06 62.6
1761 4.44161069395833e-06 62.61
1762 4.525830458260687e-06 62.62
1763 4.617444298059243e-06 62.63
1764 4.722330461786573e-06 62.64
1765 4.848063509687366e-06 62.65
1766 4.983569440291145e-06 62.66
1767 5.121056667966949e-06 62.67
1768 5.254871685029801e-06 62.68
1769 5.40744092047881e-06 62.69
1770 5.582911958814748e-06 62.7
1771 5.771984504390482e-06 62.71
1772 5.962105547506902e-06 62.72
1773 6.157160274820906e-06 62.73
1774 6.372654453558438e-06 62.74
1775 6.58480044403427e-06 62.75
1776 6.811119077473285e-06 62.76
1777 7.038098638580165e-06 62.77
1778 7.256886378769651e-06 62.78
1779 7.489477388237403e-06 62.79
1780 7.731785484252915e-06 62.8
1781 7.972462005176276e-06 62.81
1782 8.19314985135384e-06 62.82
1783 8.401986280652902e-06 62.83
1784 8.603481451211979e-06 62.84
1785 8.788371558430112e-06 62.85
1786 8.966484341538524e-06 62.86
1787 9.14738483997064e-06 62.87
1788 9.291348867951175e-06 62.88
1789 9.402333900121998e-06 62.89
1790 9.493419952571624e-06 62.9
1791 9.524598228867154e-06 62.91
1792 9.578976218781384e-06 62.92
1793 9.571603626127395e-06 62.93
1794 9.542853698698418e-06 62.94
1795 9.490601150020883e-06 62.95
1796 9.404340150803527e-06 62.96
1797 9.290001280098183e-06 62.97
1798 9.141702110780205e-06 62.98
1799 8.970978584231452e-06 62.99
1800 8.776560808638291e-06 63
1801 8.593545829437452e-06 63.01
1802 8.382506028211201e-06 63.02
1803 8.160099062698357e-06 63.03
1804 7.934096423339889e-06 63.04
1805 7.702968948250819e-06 63.05
1806 7.463317175517729e-06 63.06
1807 7.224226363362063e-06 63.07
1808 6.986556787825592e-06 63.08
1809 6.750631037147995e-06 63.09
1810 6.534864484777169e-06 63.1
1811 6.325409696538046e-06 63.11
1812 6.123592577090991e-06 63.12
1813 5.931084158815694e-06 63.13
1814 5.744619100491445e-06 63.14
1815 5.57473427149262e-06 63.15
1816 5.417718981738088e-06 63.16
1817 5.27723082867764e-06 63.17
1818 5.151091418996883e-06 63.18
1819 5.030126888449256e-06 63.19
1820 4.918545072252443e-06 63.2
1821 4.818014052438271e-06 63.21
1822 4.726120188750064e-06 63.22
1823 4.646101304416191e-06 63.23
1824 4.571856490163717e-06 63.24
1825 4.505912804932349e-06 63.25
1826 4.450958896669116e-06 63.26
1827 4.397151252154355e-06 63.27
1828 4.360343050843302e-06 63.28
1829 4.332720710033324e-06 63.29
1830 4.314882327529738e-06 63.3
1831 4.304124945086611e-06 63.31
1832 4.306416138070997e-06 63.32
1833 4.313106189334441e-06 63.33
1834 4.326102944448506e-06 63.34
1835 4.348854701220694e-06 63.35
1836 4.380526388619464e-06 63.36
1837 4.422940992377003e-06 63.37
1838 4.471914081574943e-06 63.38
1839 4.529021987015892e-06 63.39
1840 4.594297315543627e-06 63.4
1841 4.660910577892798e-06 63.41
1842 4.740522256504151e-06 63.42
1843 4.827700241020009e-06 63.43
1844 4.923023911805731e-06 63.44
1845 5.025896797493803e-06 63.45
1846 5.12928299126991e-06 63.46
1847 5.24572700759934e-06 63.47
1848 5.368234945472068e-06 63.48
1849 5.505330919984237e-06 63.49
1850 5.664934705257391e-06 63.5
1851 5.807899811217514e-06 63.51
1852 5.964232273728679e-06 63.52
1853 6.124804479055703e-06 63.53
1854 6.290540248222484e-06 63.54
1855 6.457929626405688e-06 63.55
1856 6.631929676715508e-06 63.56
1857 6.804992724019483e-06 63.57
1858 6.981336556080286e-06 63.58
1859 7.15819359717303e-06 63.59
1860 7.32834833939531e-06 63.6
1861 7.483948409042236e-06 63.61
1862 7.630708702835097e-06 63.62
1863 7.766672736200878e-06 63.63
1864 7.910913981854e-06 63.64
1865 8.021737049508567e-06 63.65
1866 8.122556594080991e-06 63.66
1867 8.209514538792914e-06 63.67
1868 8.277368553734967e-06 63.68
1869 8.331192452209358e-06 63.69
1870 8.342148259825009e-06 63.7
1871 8.349946856821142e-06 63.71
1872 8.345526243443467e-06 63.72
1873 8.324440630996783e-06 63.73
1874 8.281992064858032e-06 63.74
1875 8.211058265748229e-06 63.75
1876 8.118619937041137e-06 63.76
1877 8.005888273829976e-06 63.77
1878 7.876608216752208e-06 63.78
1879 7.731591556886656e-06 63.79
1880 7.581329332429228e-06 63.8
1881 7.41669275854881e-06 63.81
1882 7.251776221186189e-06 63.82
1883 7.076844647317308e-06 63.83
1884 6.900678870722733e-06 63.84
1885 6.720418698919239e-06 63.85
1886 6.545343741103644e-06 63.86
1887 6.37056890291723e-06 63.87
1888 6.201599616574556e-06 63.88
1889 6.030004920874498e-06 63.89
1890 5.871094543294578e-06 63.9
1891 5.727729200862843e-06 63.91
1892 5.586808676517637e-06 63.92
1893 5.450541389109677e-06 63.93
1894 5.322859135842602e-06 63.94
1895 5.210279450213175e-06 63.95
1896 5.106738652720827e-06 63.96
1897 5.005446593288434e-06 63.97
1898 4.914412110281583e-06 63.98
1899 4.8341380958989e-06 63.99
1900 4.765704036731434e-06 64
1901 4.69673090108413e-06 64.01000000000001
1902 4.654204624368902e-06 64.02
1903 4.602634313793934e-06 64.03
1904 4.571080886158604e-06 64.04000000000001
1905 4.54717108728865e-06 64.05
1906 4.538372279139952e-06 64.06
1907 4.534533179540269e-06 64.06999999999999
1908 4.538029261694547e-06 64.08
1909 4.550047580750163e-06 64.09
1910 4.572407253731315e-06 64.09999999999999
1911 4.605052237917418e-06 64.11
1912 4.649562939863425e-06 64.12
1913 4.701711743675732e-06 64.13
1914 4.76196676183063e-06 64.14
1915 4.829662446110524e-06 64.15000000000001
1916 4.897698718198992e-06 64.16
1917 4.979985551555153e-06 64.17
1918 5.069856241108772e-06 64.18000000000001
1919 5.166162255733397e-06 64.19
1920 5.266352379239889e-06 64.2
1921 5.37513213004835e-06 64.21000000000001
1922 5.498565558580845e-06 64.22
1923 5.631661452144619e-06 64.23
1924 5.764344876771713e-06 64.23999999999999
1925 5.905505848462329e-06 64.25
1926 6.041806200679623e-06 64.26000000000001
1927 6.183406086568403e-06 64.27
1928 6.323045767068306e-06 64.28
1929 6.471354913344074e-06 64.29000000000001
1930 6.622842230868441e-06 64.3
1931 6.769269902938943e-06 64.31
1932 6.900460720911596e-06 64.31999999999999
1933 7.054796433094608e-06 64.33
1934 7.189520271489607e-06 64.34
1935 7.290907093873122e-06 64.34999999999999
1936 7.421895785653798e-06 64.36
1937 7.531599597479684e-06 64.37
1938 7.625677150330796e-06 64.38
1939 7.70949576536617e-06 64.39
1940 7.774124377972547e-06 64.40000000000001
1941 7.800372541783844e-06 64.41
1942 7.848022788587035e-06 64.42
1943 7.856129430731163e-06 64.43000000000001
1944 7.85893798721896e-06 64.44
1945 7.850578133333806e-06 64.45
1946 7.826762701393015e-06 64.46000000000001
1947 7.782305124272722e-06 64.47
1948 7.719084392123691e-06 64.48
1949 7.640643470540174e-06 64.48999999999999
1950 7.546473792927829e-06 64.5
1951 7.441693884778291e-06 64.51000000000001
1952 7.323434458136185e-06 64.52
1953 7.182710493783934e-06 64.53
1954 7.058856986589152e-06 64.54000000000001
1955 6.912566729481379e-06 64.55
1956 6.765945521221944e-06 64.56
1957 6.614791398576763e-06 64.56999999999999
1958 6.467074344111984e-06 64.58
1959 6.318226982024212e-06 64.59
1960 6.168435502876147e-06 64.59999999999999
1961 6.020883022632392e-06 64.61
1962 5.881637092873001e-06 64.62
1963 5.754541648258536e-06 64.63
1964 5.629454986781829e-06 64.64
1965 5.515434176580787e-06 64.65000000000001
1966 5.413511716073348e-06 64.66
1967 5.331836841630747e-06 64.67
1968 5.274639490124412e-06 64.68000000000001
1969 5.231796510112893e-06 64.69
1970 5.222846823045928e-06 64.7
1971 5.224562319548715e-06 64.71000000000001
1972 5.238300216288581e-06 64.72
1973 5.269368238058746e-06 64.73
1974 5.307023631320068e-06 64.73999999999999
1975 5.341947873557293e-06 64.75
1976 5.36568947299931e-06 64.76000000000001
1977 5.369469883027171e-06 64.77
1978 5.359310842815341e-06 64.78
1979 5.3395858677761e-06 64.79000000000001
1980 5.318892453843194e-06 64.8
1981 5.304141286158303e-06 64.81
1982 5.299113733329994e-06 64.81999999999999
1983 5.304357866846195e-06 64.83
1984 5.31836025223397e-06 64.84
1985 5.346061910271752e-06 64.84999999999999
1986 5.378439959240341e-06 64.86
1987 5.424743522384205e-06 64.87
1988 5.480121077035841e-06 64.88
1989 5.535436155821252e-06 64.89
1990 5.59250238501585e-06 64.90000000000001
1991 5.654705819228511e-06 64.91
1992 5.736447925428555e-06 64.92
1993 5.844619851386105e-06 64.93000000000001
1994 5.989013694467856e-06 64.94
1995 6.168642876164726e-06 64.95
1996 6.390067809616946e-06 64.96000000000001
1997 6.693921275707471e-06 64.97
1998 7.049975700370476e-06 64.98
1999 7.523347878932352e-06 64.98999999999999
2000 7.962223640953124e-06 65
