"frac-mass-n2-rfile"
"Time Step" "frac-mass-n2 etc.."
("Time Step" "frac-mass-n2" "flow-time")
0 0.7683096860703533 0
1 0.7684089799408131 0.1
2 0.7684469031199469 0.2
3 0.7681168984328555 0.3
4 0.7677417794205786 0.4
5 0.7676057105869711 0.5
6 0.7674131619689709 0.6000000000000001
7 0.7671720482171526 0.7000000000000001
8 0.7670245242358731 0.8
9 0.7668950805337771 0.9
10 0.7667146838709732 1
11 0.7665027260983581 1.1
12 0.7663631400774609 1.2
13 0.7663092094104996 1.3
14 0.766165398350128 1.4
15 0.7659870953709651 1.5
16 0.7658086628408145 1.6
17 0.7656310424615305 1.7
18 0.7654545665315524 1.8
19 0.7652764051415125 1.9
20 0.7651039421266737 2
21 0.7649352962279518 2.1
22 0.7647678422661122 2.2
23 0.7645968527381058 2.3
24 0.7645181170558167 2.4
25 0.7643878696024528 2.5
26 0.7642736635837277 2.6
27 0.7641492198492418 2.7
28 0.7640198545339926 2.8
29 0.7638832349488153 2.9
30 0.7637422507211334 3
31 0.7635918721882547 3.1
32 0.7634412139523334 3.2
33 0.7632873622742566 3.3
34 0.76312655793762 3.4
35 0.7629695375139973 3.5
36 0.7628097932756847 3.6
37 0.7626494137210389 3.7
38 0.7624878981342277 3.8
39 0.7623260939706984 3.9
40 0.7621676863162736 4
41 0.7620091791871798 4.100000000000001
42 0.7618512617008768 4.2
43 0.761694000728269 4.3
44 0.7615357751083891 4.4
45 0.7613762427941942 4.5
46 0.7612109306578092 4.600000000000001
47 0.7610445644814905 4.7
48 0.7608736722128262 4.800000000000001
49 0.7607004627999998 4.9
50 0.7605242347694749 5
51 0.7603463695152232 5.100000000000001
52 0.760165335231359 5.2
53 0.7599831718789698 5.300000000000001
54 0.7598005574907237 5.4
55 0.7596150850124862 5.5
56 0.7594285463521656 5.600000000000001
57 0.7592409366740628 5.7
58 0.7590504167177801 5.800000000000001
59 0.7588581861963006 5.9
60 0.7586628616604369 6
61 0.7584663345597861 6.100000000000001
62 0.7582648293496548 6.2
63 0.7580631754536563 6.300000000000001
64 0.7578587980747109 6.4
65 0.7576520605749523 6.5
66 0.7574426745947933 6.600000000000001
67 0.7572311356251873 6.7
68 0.7570711602451662 6.800000000000001
69 0.7568588254560413 6.9
70 0.7567038899889024 7
71 0.7564301776692727 7.100000000000001
72 0.7562051150837047 7.2
73 0.7559792799324191 7.300000000000001
74 0.7557159570297497 7.4
75 0.7555674515922283 7.5
76 0.7553365395240551 7.600000000000001
77 0.7551019724849696 7.7
78 0.7548668107805206 7.800000000000001
79 0.7546310172492452 7.9
80 0.7543929721141888 8
81 0.7542549397290812 8.1
82 0.7540140908896252 8.200000000000001
83 0.753768643034185 8.300000000000001
84 0.7536129139610198 8.4
85 0.7533644759482675 8.5
86 0.7531136581990764 8.6
87 0.7528618393102523 8.700000000000001
88 0.7526096631683366 8.800000000000001
89 0.7523547206005728 8.9
90 0.7521010699959974 9
91 0.7518469897222543 9.1
92 0.7515889135906968 9.200000000000001
93 0.7513565462713617 9.300000000000001
94 0.7510947529586365 9.4
95 0.7508357636269014 9.5
96 0.7505745722204773 9.600000000000001
97 0.7503149850692403 9.700000000000001
98 0.750054323314714 9.800000000000001
99 0.7497921114017952 9.9
100 0.7495297245812124 10
101 0.7492674107476955 10.1
102 0.7490066114060198 10.2
103 0.7487432822161249 10.3
104 0.7484807644433993 10.4
105 0.7482166207805622 10.5
106 0.7479541231072253 10.6
107 0.7476893192606796 10.7
108 0.7474237660068641 10.8
109 0.7471673501350218 10.9
110 0.7469158356662714 11
111 0.746657451472118 11.1
112 0.7464030231582343 11.2
113 0.7461443680224985 11.3
114 0.7458849153642971 11.4
115 0.7456330073400591 11.5
116 0.74537580972757 11.6
117 0.7451118993071677 11.7
118 0.7448465090075839 11.8
119 0.7445866291109662 11.9
120 0.744323509833308 12
121 0.7440548181958641 12.1
122 0.743791245829199 12.2
123 0.7435141320149917 12.3
124 0.743245144095387 12.4
125 0.7429787366021549 12.5
126 0.7427111224640361 12.6
127 0.7424401728671546 12.7
128 0.7421582510386951 12.8
129 0.7418835351065466 12.9
130 0.7416271054363975 13
131 0.7413509390360032 13.1
132 0.741088305530882 13.2
133 0.7408236166981532 13.3
134 0.7405477628170297 13.4
135 0.7402709634072054 13.5
136 0.7399912423177879 13.6
137 0.739696137137663 13.7
138 0.7394316883722364 13.8
139 0.7391532745211603 13.9
140 0.7388597316895454 14
141 0.7385687476921919 14.1
142 0.7382878823906277 14.2
143 0.7379935175660671 14.3
144 0.7377086535311626 14.4
145 0.7374157338592771 14.5
146 0.7371170167202568 14.6
147 0.7368019605031821 14.7
148 0.736502207337987 14.8
149 0.7362044984752641 14.9
150 0.7358994286895745 15
151 0.7356033127663004 15.1
152 0.7352796183153898 15.2
153 0.7349511139804279 15.3
154 0.7346250365049155 15.4
155 0.7343018234099656 15.5
156 0.7339786212654861 15.6
157 0.7336438268211442 15.7
158 0.7333197916948785 15.8
159 0.7329792080552269 15.9
160 0.7326371465236284 16
161 0.7322758066986498 16.1
162 0.7319148484433068 16.2
163 0.7315526789486169 16.3
164 0.7311936438364262 16.4
165 0.7308128931373999 16.5
166 0.7304270097108312 16.6
167 0.7300215948347633 16.7
168 0.7295913399970654 16.8
169 0.7291379013694435 16.9
170 0.7286752991244386 17
171 0.7281947232017615 17.1
172 0.7277103080556284 17.2
173 0.7272024904139444 17.3
174 0.7266397576192619 17.4
175 0.7260312551065553 17.5
176 0.7253942003383029 17.6
177 0.7246729974746215 17.7
178 0.7239351306916215 17.8
179 0.7231317506704216 17.9
180 0.7223188814166828 18
181 0.7214799784149786 18.1
182 0.7209265408890965 18.2
183 0.7200378321261008 18.3
184 0.7196582061464027 18.4
185 0.7189406740781725 18.5
186 0.7186588167282569 18.6
187 0.718018677612117 18.7
188 0.7183065316064986 18.8
189 0.7179686225381331 18.9
190 0.7174399096672587 19
191 0.716961293396487 19.1
192 0.7164556084567631 19.2
193 0.715787944532539 19.3
194 0.7151836916146628 19.4
195 0.714760810788869 19.5
196 0.7143865385505707 19.6
197 0.7140169373047646 19.7
198 0.7136459410815885 19.8
199 0.7132607126880008 19.9
200 0.7128642266860131 20
201 0.7124626031849601 20.1
202 0.7120459025621154 20.2
203 0.7116220884505623 20.3
204 0.711196444422222 20.4
205 0.7107697964518827 20.5
206 0.7103437831396179 20.6
207 0.709916372063603 20.7
208 0.7094861026898489 20.8
209 0.7090577419915631 20.9
210 0.7086366029967527 21
211 0.7082202420971433 21.1
212 0.7078055048712926 21.2
213 0.7073916839654858 21.3
214 0.7069798762322301 21.4
215 0.7065682483915969 21.5
216 0.7061525421175837 21.6
217 0.7057313414129469 21.7
218 0.7053039824899682 21.8
219 0.7048704150333309 21.9
220 0.7044311491713442 22
221 0.7039875320993275 22.1
222 0.7035406152244572 22.2
223 0.7030885997491839 22.3
224 0.7026299628587275 22.4
225 0.7021660542380117 22.5
226 0.7016974633414657 22.6
227 0.7012264703106308 22.7
228 0.7007569258082718 22.8
229 0.7002850411361404 22.9
230 0.6998064278785683 23
231 0.6993173848035835 23.1
232 0.6988288082366045 23.2
233 0.698368171052912 23.3
234 0.6979036906203904 23.4
235 0.6974185648198095 23.5
236 0.696925344068574 23.6
237 0.6964343351205932 23.7
238 0.6959763688731638 23.8
239 0.6954968711394237 23.9
240 0.6950266788704229 24
241 0.6945552210956424 24.1
242 0.6940630148273035 24.2
243 0.6935707896220519 24.3
244 0.6931060153424468 24.4
245 0.6926300138446031 24.5
246 0.6921380509457946 24.6
247 0.6916438913844227 24.7
248 0.6911536254856935 24.8
249 0.6906683286405292 24.9
250 0.6901654036208882 25
251 0.6896805309780202 25.1
252 0.6891978192531215 25.2
253 0.6887001153221827 25.3
254 0.6881963735300533 25.4
255 0.6877138140389727 25.5
256 0.6872277260460347 25.6
257 0.6867311982909615 25.7
258 0.6862247154471289 25.8
259 0.6857277976046812 25.9
260 0.6852418528194201 26
261 0.6847414761553905 26.1
262 0.6842473881889144 26.2
263 0.6837607595079326 26.3
264 0.6832644466773008 26.4
265 0.6827637457726138 26.5
266 0.6822838185471621 26.6
267 0.6818045419251039 26.7
268 0.6813277775033936 26.8
269 0.6809039536588744 26.9
270 0.6809022627521683 27
271 0.6804663883902277 27.1
272 0.6804648008162051 27.2
273 0.6799871301751066 27.3
274 0.6794892479332595 27.4
275 0.6789987242702973 27.5
276 0.6785191780559029 27.6
277 0.6780359925407144 27.7
278 0.6775414425583925 27.8
279 0.677052388993892 27.9
280 0.6770491413597569 28
281 0.6765706141417194 28.1
282 0.6765676301262669 28.2
283 0.6760951328814223 28.3
284 0.6756207749297869 28.4
285 0.6751395965489244 28.5
286 0.6746579232378559 28.6
287 0.6741698522761838 28.7
288 0.6737070939293414 28.8
289 0.6737042319659701 28.9
290 0.673249842007019 29
291 0.6732472514084343 29.1
292 0.6728006997223133 29.2
293 0.6727986066045357 29.3
294 0.6727978147925842 29.4
295 0.6723658799205763 29.5
296 0.6723641786943098 29.6
297 0.6719485842719675 29.7
298 0.6715350573225471 29.8
299 0.6711243093290407 29.9
300 0.6707173572356319 30
301 0.6703141934127679 30.1
302 0.6699006869955815 30.2
303 0.6694953337805168 30.3
304 0.6690825688392076 30.4
305 0.6686687665647758 30.5
306 0.6682567522538763 30.6
307 0.6678412876789516 30.7
308 0.6674270447823669 30.8
309 0.6670081869866409 30.9
310 0.6665880533376346 31
311 0.6661640058652816 31.1
312 0.6657438181857492 31.2
313 0.6653152950100799 31.3
314 0.6648892921211838 31.4
315 0.6644641185196428 31.5
316 0.6640348044392932 31.6
317 0.6636041513003367 31.7
318 0.6631695767999966 31.8
319 0.6627397353512092 31.9
320 0.6623101840766404 32
321 0.6618824697082958 32.1
322 0.6614496240080681 32.2
323 0.6610153252328955 32.3
324 0.6605784180472185 32.4
325 0.6601377040457003 32.5
326 0.659704003284409 32.6
327 0.6592647594596814 32.7
328 0.6588251663040273 32.8
329 0.6583840998652088 32.9
330 0.6579466002072271 33
331 0.6575027248855759 33.1
332 0.6570372604150156 33.2
333 0.6565707548212997 33.3
334 0.6560971622007964 33.4
335 0.6556257816618836 33.5
336 0.6552199541309907 33.6
337 0.6552183215874504 33.7
338 0.6548086524326576 33.8
339 0.6548072511317383 33.9
340 0.6543988723809014 34
341 0.6543974574761497 34.1
342 0.6539879654423266 34.2
343 0.6539865239926834 34.3
344 0.6535712759245227 34.4
345 0.6535698008029923 34.5
346 0.653157807681981 34.6
347 0.6527437207515532 34.7
348 0.6523225914404194 34.8
349 0.6519058780341598 34.9
350 0.6514857010156133 35
351 0.6510665936759313 35.1
352 0.6506474342256451 35.2
353 0.6502226246050212 35.3
354 0.6497609358591042 35.4
355 0.6493002061116789 35.5
356 0.648841181272255 35.6
357 0.6483811802607762 35.7
358 0.6479670961215159 35.8
359 0.6479654263099179 35.9
360 0.6475515408711807 36
361 0.6471316311929539 36.1
362 0.6467172422590586 36.2
363 0.6462933118948796 36.3
364 0.6458744201106819 36.4
365 0.6454520752633017 36.5
366 0.6450276426960543 36.6
367 0.6446030875554579 36.7
368 0.6441789449203676 36.8
369 0.6437507001274436 36.9
370 0.6433180890926402 37
371 0.6428881278749412 37.1
372 0.6424567083783573 37.2
373 0.6420223903937999 37.3
374 0.6415921908367233 37.4
375 0.6411654968650558 37.5
376 0.6407338244580076 37.6
377 0.6403067521620942 37.7
378 0.6398828014854465 37.8
379 0.6394679031459258 37.9
380 0.6390563492287233 38
381 0.638647429376823 38.1
382 0.6382399037193692 38.2
383 0.6378276834584955 38.3
384 0.6374176792587228 38.40000000000001
385 0.637009241897333 38.5
386 0.6366013565800428 38.6
387 0.6361924380921593 38.7
388 0.6357815309256102 38.8
389 0.63536443591518 38.90000000000001
390 0.6349436953733736 39
391 0.6344937813072093 39.1
392 0.6340401676487237 39.2
393 0.6335847356279524 39.3
394 0.6331347621361973 39.40000000000001
395 0.6326951644012315 39.5
396 0.6322925658306834 39.6
397 0.6318511026185367 39.7
398 0.6314425831557959 39.8
399 0.6310374742901561 39.90000000000001
400 0.6306298769653614 40
401 0.6302249489788956 40.1
402 0.6298190567044999 40.2
403 0.6294029121534193 40.3
404 0.6289944172281544 40.40000000000001
405 0.6285844684179052 40.5
406 0.6281783215408637 40.6
407 0.6277731206752794 40.7
408 0.6273628798309805 40.8
409 0.626955274946864 40.90000000000001
410 0.626551068770075 41
411 0.6261381817742862 41.1
412 0.6257258569918435 41.2
413 0.6253189257617213 41.3
414 0.6249119647660719 41.40000000000001
415 0.6244975032830836 41.5
416 0.6240858442563667 41.6
417 0.6236740869909089 41.7
418 0.6232613827579623 41.8
419 0.6228478468351542 41.90000000000001
420 0.6223982690781616 42
421 0.6219548073095407 42.1
422 0.6215227952143361 42.2
423 0.6210887084249642 42.3
424 0.6206466678706278 42.40000000000001
425 0.6202157098565376 42.5
426 0.6202135215652342 42.6
427 0.619784674410863 42.7
428 0.619360499947351 42.8
429 0.6189322734555257 42.90000000000001
430 0.6185045149142907 43
431 0.6180772562059027 43.1
432 0.6176492579123505 43.2
433 0.6172236468567248 43.3
434 0.616795512415557 43.40000000000001
435 0.6163724238876451 43.5
436 0.6159518487712322 43.6
437 0.6155317866451588 43.7
438 0.615112850425746 43.8
439 0.6146957380501372 43.90000000000001
440 0.6142759630486276 44
441 0.6138523889371553 44.1
442 0.6134111737525552 44.2
443 0.6129639423153507 44.3
444 0.6125158694245696 44.40000000000001
445 0.6120776796704859 44.5
446 0.6116592811854592 44.6
447 0.6116575032936364 44.7
448 0.6112412133197732 44.8
449 0.6108343685880652 44.90000000000001
450 0.610429539417229 45
451 0.6100266230136618 45.1
452 0.6096236919096766 45.2
453 0.6092193403546196 45.3
454 0.6088147457284199 45.40000000000001
455 0.6084129839074034 45.5
456 0.6080078630285876 45.6
457 0.6076050934153701 45.7
458 0.6072045723741589 45.8
459 0.6068008048317467 45.90000000000001
460 0.6063989762324502 46
461 0.6059963298620534 46.1
462 0.6055946888140467 46.2
463 0.6051919282668277 46.3
464 0.6047904239522681 46.40000000000001
465 0.6043829187275309 46.5
466 0.6039790944245697 46.6
467 0.6035724927798622 46.7
468 0.6031648411554148 46.8
469 0.6027550634126267 46.90000000000001
470 0.6023490770514924 47
471 0.6019403087609105 47.1
472 0.6015343607840854 47.2
473 0.6011253857566741 47.3
474 0.6007189331136242 47.40000000000001
475 0.6003100415410804 47.5
476 0.5998885574613834 47.6
477 0.5994778183504847 47.7
478 0.5990661667415978 47.8
479 0.5986451369928741 47.90000000000001
480 0.5982333303562699 48
481 0.5978042163159635 48.1
482 0.5973793628003378 48.2
483 0.596957893091996 48.3
484 0.596538450829599 48.40000000000001
485 0.5961439280361496 48.5
486 0.5957475115188334 48.6
487 0.5953498449462186 48.7
488 0.5949510883712038 48.8
489 0.5945497881602131 48.90000000000001
490 0.5941529900010463 49
491 0.5937579509203671 49.1
492 0.593363556348583 49.2
493 0.5929681749617939 49.3
494 0.5925691517230418 49.40000000000001
495 0.5921729323407038 49.5
496 0.59177639961932 49.6
497 0.5913839984381077 49.7
498 0.5909924015024185 49.8
499 0.5905958171903628 49.90000000000001
500 0.5902022184951858 50
501 0.5993374289539001 50.01
502 0.608617854300749 50.02
503 0.6166765807201009 50.03
504 0.6248247877595934 50.04
505 0.6335557860093457 50.05
506 0.6428434227883194 50.06
507 0.6523891016388206 50.07
508 0.6617997963147869 50.08
509 0.6710196558022645 50.09
510 0.680022064748426 50.1
511 0.6887990397088358 50.11
512 0.69734947025753 50.12
513 0.7056567312773874 50.13
514 0.7137318582297161 50.14
515 0.7215304313258475 50.15
516 0.7290747176450181 50.16
517 0.7362743496445721 50.17
518 0.7431118250026866 50.18
519 0.7495891541691128 50.19
520 0.7556876817688125 50.2
521 0.7614141534492599 50.21
522 0.7667743594396118 50.22
523 0.7717804085537043 50.23
524 0.7764745470589268 50.24
525 0.7808344036194629 50.25
526 0.7849054946710513 50.26
527 0.7887285646300145 50.27
528 0.7923443402169517 50.28
529 0.7957754250343526 50.29
530 0.7990629620564785 50.3
531 0.8022305401155654 50.31
532 0.8053049231034738 50.32
533 0.8083102000792042 50.33
534 0.8112629756295615 50.34
535 0.8141646680908948 50.35
536 0.8170400296820205 50.36
537 0.819874643829155 50.37
538 0.8226866200058685 50.38
539 0.8254460002383815 50.39
540 0.8281584412340555 50.4
541 0.8308267280077797 50.41
542 0.8334278728828537 50.42
543 0.8359654700049182 50.43
544 0.8384289126223115 50.44
545 0.8408171478746025 50.45
546 0.843125179731567 50.46
547 0.8453515240771358 50.47
548 0.8474968923704864 50.48
549 0.8495610025457035 50.49
550 0.8515441767896701 50.5
551 0.8534612538615006 50.51
552 0.8553128637422639 50.52
553 0.8571036799363941 50.53
554 0.8588342392176886 50.54
555 0.8605177757317 50.55
556 0.8621609343654347 50.56
557 0.8637646849404181 50.57
558 0.8653335074807399 50.58
559 0.8668730140315791 50.59
560 0.8683863769686228 50.6
561 0.869870457980068 50.61
562 0.8713332408493928 50.62
563 0.8727729852858147 50.63
564 0.8741904207941998 50.64
565 0.8755845407264615 50.65
566 0.8769571654140675 50.66
567 0.8783049452967187 50.67
568 0.8796277533465238 50.68
569 0.8809243879163604 50.69
570 0.8821935459865378 50.7
571 0.8834359307489477 50.71
572 0.8846508335849973 50.72
573 0.8858363552226608 50.73
574 0.8869947516466875 50.74
575 0.8881253671796956 50.75
576 0.8892302719233427 50.76
577 0.8903080947078794 50.77
578 0.8913605884313792 50.78
579 0.8923889375405061 50.79
580 0.8933945573611601 50.8
581 0.894378391923329 50.81
582 0.895342281761495 50.82
583 0.8962869405112479 50.83
584 0.8972141363926228 50.84
585 0.8981240339776653 50.85
586 0.8990179770139168 50.86
587 0.8998953224807736 50.87
588 0.9007562242539549 50.88
589 0.9016051765436898 50.89
590 0.9024399212248834 50.9
591 0.9032612006702631 50.91
592 0.9040701478045695 50.92
593 0.9048665208162856 50.93
594 0.9056498649702956 50.94
595 0.9064217166926729 50.95
596 0.907182103147033 50.96
597 0.9079305642936535 50.97
598 0.9086664750096407 50.98
599 0.9093907956725451 50.99
600 0.9101045283615828 51
601 0.9108072164679668 51.01
602 0.9114996904516132 51.02
603 0.9121821681656707 51.03
604 0.9128550078136058 51.04
605 0.9135175101356372 51.05
606 0.9141696198438186 51.06
607 0.9148117665323607 51.07
608 0.915444256562142 51.08
609 0.9160675913425002 51.09
610 0.9166822630514123 51.1
611 0.9172869809037734 51.11
612 0.9178836883071194 51.12
613 0.918470330309557 51.13
614 0.9190485420759887 51.14
615 0.9196173640629497 51.15
616 0.9201769947587533 51.16
617 0.9207280576093906 51.17
618 0.921270052392905 51.18
619 0.9218048848841069 51.19
620 0.9223321213080024 51.2
621 0.9228515010166012 51.21
622 0.9233635258591073 51.22
623 0.9238683233776654 51.23
624 0.9243661883600285 51.24
625 0.9248572053275191 51.25
626 0.9253417571068158 51.26
627 0.925819964955064 51.27
628 0.9262920541363938 51.28
629 0.9267583095799286 51.29
630 0.9272173701001019 51.3
631 0.9276714974168896 51.31
632 0.928119693744912 51.32
633 0.9285629859091726 51.33
634 0.9290026369372508 51.34
635 0.9294360433968828 51.35
636 0.9298633032711955 51.36
637 0.9302848688287697 51.37
638 0.9307008920053825 51.38
639 0.9311120258565108 51.39
640 0.9315190674750164 51.4
641 0.9319226655810992 51.41
642 0.9323201184688574 51.42
643 0.9327120514168058 51.43
644 0.9330993913980976 51.44
645 0.9334823710157131 51.45
646 0.9338605958373732 51.46
647 0.9342345395379649 51.47
648 0.9346041885945384 51.48
649 0.9349693077983712 51.49
650 0.935330059236546 51.5
651 0.9356864031246729 51.51
652 0.936038567593609 51.52
653 0.9363865383997079 51.53
654 0.9367305766448023 51.54
655 0.9370708212821949 51.55
656 0.9374071830859229 51.56
657 0.9377398926947275 51.57
658 0.938069262488897 51.58
659 0.9383943689936387 51.59
660 0.9387158642929304 51.6
661 0.9390347033059484 51.61
662 0.9393503095362308 51.62
663 0.9396626939911144 51.63
664 0.9399719780470188 51.64
665 0.9402780239754761 51.65
666 0.9405809365890679 51.66
667 0.9408803601286864 51.67
668 0.9411765165409564 51.68
669 0.9414695168794589 51.69
670 0.9417596057753079 51.7
671 0.942046690828195 51.71
672 0.9423309038037284 51.72
673 0.9426122293987499 51.73
674 0.9428907475941142 51.74
675 0.9431664629725167 51.75
676 0.9434394930050394 51.76
677 0.9437098357497528 51.77
678 0.9439776565790619 51.78
679 0.9442428606186835 51.79
680 0.9445053712276881 51.8
681 0.9447652753658714 51.81
682 0.9450227312339434 51.82
683 0.9452777098528715 51.83
684 0.9455301778439027 51.84
685 0.9457801757002892 51.85
686 0.9460277613527341 51.86
687 0.9462730443898222 51.87
688 0.9465156121779004 51.88
689 0.9467561345762817 51.89
690 0.9469944947678566 51.9
691 0.9472304647487628 51.91
692 0.9474639829300255 51.92
693 0.9476958936076899 51.93
694 0.947925858016777 51.94
695 0.948153559579994 51.95
696 0.9483794333570175 51.96
697 0.948603362322739 51.97
698 0.9488252502711632 51.98
699 0.9490446793254318 51.99
700 0.9492623474613667 52
701 0.9494782762878257 52.01
702 0.949692396020608 52.02
703 0.9499039781988986 52.03
704 0.9501138358896255 52.04
705 0.9503224719596447 52.05
706 0.9505293378957504 52.06
707 0.9507330215859521 52.07
708 0.9509347573314384 52.08
709 0.951135083074405 52.09
710 0.95133382950234 52.1
711 0.9515318055110199 52.11
712 0.9517286305048557 52.12
713 0.9519235400328803 52.13
714 0.9521167994778129 52.14
715 0.9523082399422801 52.15
716 0.9524991662865638 52.16
717 0.9526890896207345 52.17
718 0.952877280185078 52.18
719 0.9530617701665174 52.19
720 0.9532441301045987 52.2
721 0.9534261713115502 52.21
722 0.9536065355775833 52.22
723 0.9537855695945503 52.23
724 0.9539631110827096 52.24
725 0.9541394525525824 52.25
726 0.9543135722661701 52.26
727 0.9544857189646608 52.27
728 0.9546566477556594 52.28
729 0.9548264408343857 52.29
730 0.9549950612413681 52.3
731 0.9551627525201519 52.31
732 0.9553294688451993 52.32
733 0.9554948590468897 52.33
734 0.9556591851404405 52.34
735 0.9558223047739011 52.35
736 0.9559843097033403 52.36
737 0.9561453281229019 52.37
738 0.9563051036843997 52.38
739 0.9564631706502188 52.39
740 0.9566196752884173 52.4
741 0.9567752988449922 52.41
742 0.9569295835203143 52.42
743 0.9570828868183744 52.43
744 0.9572355057913257 52.44
745 0.9573871628159926 52.45
746 0.9575369881370143 52.46
747 0.9576864751206441 52.47
748 0.9578351969703142 52.48
749 0.9579830279318968 52.49
750 0.9581298719188678 52.5
751 0.9582758776689991 52.51
752 0.9584208461424847 52.52
753 0.9585648729085868 52.53
754 0.9587077034923354 52.54
755 0.9588496625885212 52.55
756 0.958990929453776 52.56
757 0.9591314386239745 52.57
758 0.9592709337110009 52.58
759 0.9594093919363816 52.59
760 0.9595469109537933 52.6
761 0.9596836102202619 52.61
762 0.9598193746003618 52.62
763 0.9599543132368062 52.63
764 0.9600883808226125 52.64
765 0.9602215432922708 52.65
766 0.9603538362192593 52.66
767 0.9604853028713037 52.67
768 0.9606150518513527 52.68
769 0.9607430184440771 52.69
770 0.9608700905948934 52.7
771 0.9609962125552521 52.71
772 0.9611211239763042 52.72
773 0.9612453418425636 52.73
774 0.9613688805187028 52.74
775 0.9614910413224864 52.75
776 0.9616119334815425 52.76
777 0.9617319372130245 52.77
778 0.9618510268587032 52.78
779 0.9619692610466726 52.79
780 0.9620867690543101 52.8
781 0.9622035026590404 52.81
782 0.9623194256496678 52.82
783 0.962434785916455 52.83
784 0.9625495364146694 52.84
785 0.962663627981851 52.85
786 0.9627771367348831 52.86
787 0.9628873895177592 52.87
788 0.9629961020827147 52.88
789 0.9631039217374898 52.89
790 0.9632111293537012 52.9
791 0.9633181069621358 52.91
792 0.9634251679156725 52.92
793 0.9635322646333271 52.93
794 0.9636394031784891 52.94
795 0.9637464921943084 52.95
796 0.9638532773182477 52.96
797 0.9639596703313781 52.97
798 0.9640663261007546 52.98
799 0.9641734466220252 52.99
800 0.9642809531222168 53
801 0.9643878347233681 53.01
802 0.9644938377328341 53.02
803 0.9645992104497558 53.03
804 0.9647041946608922 53.04
805 0.9648080897495233 53.05
806 0.964910812781141 53.06
807 0.9650124901009842 53.07
808 0.9651132023138479 53.08
809 0.9652131353426828 53.09
810 0.965312351419635 53.1
811 0.9654109082139505 53.11
812 0.9655088085519037 53.12
813 0.9656060893957709 53.13
814 0.9657009513850731 53.14
815 0.9657931520559356 53.15
816 0.9658841452913829 53.16
817 0.9659739532417572 53.17
818 0.9660625302443346 53.18
819 0.9661503005559543 53.19
820 0.9662374653074195 53.2
821 0.9663238560592886 53.21
822 0.9664095847486349 53.22
823 0.9664961019164994 53.23
824 0.9665821195592249 53.24
825 0.9666674069061348 53.25
826 0.966751951086805 53.26
827 0.9668359226344132 53.27
828 0.9669192980962793 53.28
829 0.9670025692453793 53.29
830 0.9670862762615671 53.3
831 0.9671713616426945 53.31
832 0.9672576382243038 53.32
833 0.967344656922476 53.33
834 0.96743195437248 53.34
835 0.967519804042743 53.35
836 0.9676076388405519 53.36
837 0.9676953128249598 53.37
838 0.9677786981297808 53.38
839 0.9678600856021267 53.39
840 0.9679403503279679 53.4
841 0.9680198526619692 53.41
842 0.9680985781573551 53.42
843 0.9681762252070995 53.43
844 0.9682531953660796 53.44
845 0.9683300114147785 53.45
846 0.9684066405935011 53.46
847 0.9684832480755245 53.47
848 0.9685597716972367 53.48
849 0.9686359112095628 53.49
850 0.9687121010616067 53.5
851 0.9687880511081555 53.51
852 0.9688639991617167 53.52
853 0.968939208397103 53.53
854 0.9690143634542161 53.54
855 0.9690898509214549 53.55
856 0.9691654661932867 53.56
857 0.9692406977598659 53.57
858 0.9693155874209309 53.58
859 0.9693904974958879 53.59
860 0.9694656022885269 53.6
861 0.9695407924312701 53.61
862 0.9696159515077754 53.62
863 0.9696911937196808 53.63
864 0.9697658141334999 53.64
865 0.9698399114698087 53.65
866 0.9699134776799646 53.66
867 0.9699866873809416 53.67
868 0.9700599074703715 53.68
869 0.9701329326579871 53.69
870 0.9702056207540717 53.7
871 0.9702780743254615 53.71
872 0.9703501780902558 53.72
873 0.9704215972823605 53.73
874 0.9704923411219519 53.74
875 0.9705625833443005 53.75
876 0.9706327320384476 53.76
877 0.9707025377634084 53.77
878 0.9707718423587064 53.78
879 0.9708405899709399 53.79
880 0.9709088685777986 53.8
881 0.9709767568733791 53.81
882 0.971044325344022 53.82
883 0.9711115122440449 53.83
884 0.9711782865990511 53.84
885 0.9712446811950928 53.85
886 0.971307059296627 53.86
887 0.97136812101246 53.87
888 0.9714282851622168 53.88
889 0.9714877829373471 53.89
890 0.9715466632014034 53.9
891 0.9716053871101334 53.91
892 0.9716640696314308 53.92
893 0.9717225299359467 53.93
894 0.971781003543303 53.94
895 0.971839547935793 53.95
896 0.9718979505100726 53.96
897 0.9719562027155494 53.97
898 0.9720143600139116 53.98
899 0.9720725646348275 53.99
900 0.9721307089430887 54
901 0.9721887630294139 54.01
902 0.9722466338970354 54.02
903 0.9723043168190298 54.03
904 0.9723618682334029 54.04
905 0.972419269894387 54.05
906 0.9724765449229285 54.06
907 0.9725336433118466 54.07
908 0.9725904294871358 54.08
909 0.9726470408336271 54.09
910 0.9727036166360964 54.1
911 0.9727600480012261 54.11
912 0.9728163614237348 54.12
913 0.972872594941086 54.13
914 0.9729286680879847 54.14
915 0.9729845788470326 54.15
916 0.9730403203579744 54.16
917 0.9730960687745374 54.17
918 0.9731519753430821 54.18
919 0.9732079320085946 54.19
920 0.9732639229679306 54.2
921 0.9733193955470952 54.21
922 0.9733743730932469 54.22
923 0.9734291912449945 54.23
924 0.9734839758125426 54.24
925 0.9735383488103956 54.25
926 0.9735922843414216 54.26
927 0.9736461439945601 54.27
928 0.9736999761814168 54.28
929 0.9737536780474751 54.29
930 0.9738072735363477 54.3
931 0.9738609133756616 54.31
932 0.9739144975374265 54.32
933 0.9739680658672133 54.33
934 0.9740216574121048 54.34
935 0.974074486811356 54.35
936 0.9741256748867247 54.36
937 0.9741761030233804 54.37
938 0.9742250379682955 54.38
939 0.9742733166397723 54.39
940 0.9743213793797127 54.4
941 0.9743692551171115 54.41
942 0.9744169417224338 54.42
943 0.9744642673834822 54.43
944 0.9745111994151739 54.44
945 0.9745580560066155 54.45
946 0.9746049320844288 54.46
947 0.9746516950236507 54.47
948 0.9746985334302902 54.48
949 0.9747453123319456 54.49
950 0.9747915910430465 54.5
951 0.9748375779296168 54.51
952 0.9748835203422154 54.52
953 0.974929067754354 54.53
954 0.9749737596906806 54.54
955 0.9750181604976828 54.55
956 0.9750627078754968 54.56
957 0.9751072803663371 54.57
958 0.9751520864766661 54.58
959 0.9751970712861203 54.59
960 0.9752421059888309 54.6
961 0.9752871614512711 54.61
962 0.975332213204858 54.62
963 0.9753772355441843 54.63
964 0.9754221807253521 54.64
965 0.9754670591978487 54.65
966 0.9755118621088547 54.66
967 0.9755565563846826 54.67
968 0.975600362542602 54.68
969 0.9756427898894812 54.69
970 0.9756847109364177 54.7
971 0.9757262209788649 54.71
972 0.9757677109680432 54.72
973 0.9758089858717337 54.73
974 0.9758499194212887 54.74
975 0.9758905027838409 54.75
976 0.9759308431873446 54.76
977 0.9759712480257582 54.77
978 0.9760116837019303 54.78
979 0.9760521841542906 54.79
980 0.9760927453368905 54.8
981 0.9761333252003698 54.81
982 0.9761737725026159 54.82
983 0.9762139669669092 54.83
984 0.9762540780853196 54.84
985 0.976294323598475 54.85
986 0.9763344667800011 54.86
987 0.97637459727193 54.87
988 0.9764147216615615 54.88
989 0.9764548311388319 54.89
990 0.976494915347443 54.9
991 0.9765350081566878 54.91
992 0.9765750416875555 54.92
993 0.9766151703343132 54.93
994 0.9766554129952988 54.94
995 0.9766957907497634 54.95
996 0.9767363200450616 54.96
997 0.9767769302378874 54.97
998 0.9768179172698099 54.98
999 0.976859092192508 54.99
1000 0.9769000787405129 55
1001 0.9769164192912181 55.01
1002 0.9769121580618123 55.02
1003 0.976901208002554 55.03
1004 0.9768863792472252 55.04
1005 0.9768676545272137 55.05
1006 0.9768450710861427 55.06
1007 0.9768187082409568 55.07
1008 0.9767892391889375 55.08
1009 0.9767571015731055 55.09
1010 0.9767227828450208 55.1
1011 0.9766870096690624 55.11
1012 0.9766499980748192 55.12
1013 0.9766120548674352 55.13
1014 0.9765735915867182 55.14
1015 0.9765346805001107 55.15
1016 0.9764954822134577 55.16
1017 0.9764562575028918 55.17
1018 0.9764170828441718 55.18
1019 0.9763780094161958 55.19
1020 0.976339261346696 55.2
1021 0.9763008763037408 55.21
1022 0.9762628782368182 55.22
1023 0.9762254072224515 55.23
1024 0.9761885036610259 55.24
1025 0.9761521843051211 55.25
1026 0.9761164417296619 55.26
1027 0.9760813107659468 55.27
1028 0.9760467469959403 55.28
1029 0.9760127015470516 55.29
1030 0.9759790786937211 55.3
1031 0.9759458897356112 55.31
1032 0.9759130141925818 55.32
1033 0.9758803425660582 55.33
1034 0.9758477247882725 55.34
1035 0.9758151420237637 55.35
1036 0.9757824844758988 55.36
1037 0.9757498711785906 55.37
1038 0.9757169669205238 55.38
1039 0.9756836557258547 55.39
1040 0.9756498847684895 55.4
1041 0.9756154700867786 55.41
1042 0.9755803714355991 55.42
1043 0.9755444499944309 55.43
1044 0.9755075195803099 55.44
1045 0.975469423986248 55.45
1046 0.9754301305142662 55.46
1047 0.9753894668539863 55.47
1048 0.9753473370371605 55.48
1049 0.9753036665278324 55.49
1050 0.9752581673018299 55.5
1051 0.9752113537432794 55.51
1052 0.9751622703910428 55.52
1053 0.9751110112850867 55.53
1054 0.9750572889237349 55.54
1055 0.9750010587583324 55.55
1056 0.9749422376199369 55.56
1057 0.9748806310098771 55.57
1058 0.9748160216044598 55.58
1059 0.9747481644788951 55.59
1060 0.9746769874258659 55.6
1061 0.9746022757407652 55.61
1062 0.9745235370010411 55.62
1063 0.9744422048048328 55.63
1064 0.9743390349112064 55.64
1065 0.9742390642462883 55.65
1066 0.9741360733432473 55.66
1067 0.9740269185619749 55.67
1068 0.9738754818741707 55.68
1069 0.9735245521149222 55.69
1070 0.9734389170496729 55.7
1071 0.9731805961879824 55.71
1072 0.972889903429897 55.72
1073 0.9722296070602843 55.73
1074 0.9717302629451343 55.74
1075 0.971268825926801 55.75
1076 0.9708917339319783 55.76
1077 0.9705219266693749 55.77
1078 0.9702149009306976 55.78
1079 0.9698451165808131 55.79
1080 0.9695218635242487 55.8
1081 0.9689813696211842 55.81
1082 0.9687113558768689 55.82
1083 0.9683837745353244 55.83
1084 0.9679043912253483 55.84
1085 0.9671895547962208 55.85
1086 0.9665213464644987 55.86
1087 0.9659809759889266 55.87
1088 0.9654448097403681 55.88
1089 0.9648149017760544 55.89
1090 0.9642716784415164 55.9
1091 0.9637163073433836 55.91
1092 0.9632085905302137 55.92
1093 0.9627201221002156 55.93
1094 0.9622135026913705 55.94
1095 0.9616610196952176 55.95
1096 0.9611404301524077 55.96
1097 0.960590584718829 55.97
1098 0.9599438171391677 55.98
1099 0.9591468196872377 55.99
1100 0.9583434064339881 56
1101 0.9575946892371134 56.01
1102 0.9568152412791031 56.02
1103 0.9559596334150945 56.03
1104 0.9549566627972732 56.04
1105 0.9540528351958858 56.05
1106 0.9531582818672057 56.06
1107 0.9519893127415053 56.07
1108 0.9505643592571243 56.08
1109 0.9490847337115594 56.09
1110 0.9475078548886283 56.1
1111 0.9456932567035706 56.11
1112 0.9437674922621156 56.12
1113 0.9419604092962993 56.13
1114 0.9402611038170035 56.14
1115 0.9383613042247698 56.15
1116 0.9361094517786339 56.16
1117 0.93355153071846 56.17
1118 0.9309919045218963 56.18
1119 0.9285389136824171 56.19
1120 0.9260339574606785 56.2
1121 0.9230805303064371 56.21
1122 0.9197066809500813 56.22
1123 0.916140624973796 56.23
1124 0.9125454802436644 56.24
1125 0.9088440569684241 56.25
1126 0.9045955509061767 56.26
1127 0.8994556745710671 56.27
1128 0.893471740380667 56.28
1129 0.8869341354739887 56.29
1130 0.8801713621343794 56.3
1131 0.8731530823260131 56.31
1132 0.865394458384077 56.32
1133 0.8565214672511248 56.33
1134 0.8468278552715932 56.34
1135 0.8371352290029 56.35
1136 0.828509241476 56.36
1137 0.8213418453050236 56.37
1138 0.8153300335176298 56.38
1139 0.8098661112449976 56.39
1140 0.8043747010671582 56.4
1141 0.7986974374335827 56.41
1142 0.7929384846737673 56.42
1143 0.7874376934308801 56.43
1144 0.7829739796396235 56.44
1145 0.7799272665070279 56.45
1146 0.7776461083798341 56.46
1147 0.7753135118279114 56.47
1148 0.7728285436633443 56.48
1149 0.7705951675328928 56.49
1150 0.7690156285671048 56.5
1151 0.768162404455064 56.51
1152 0.7678109812942673 56.52
1153 0.7676482939080996 56.53
1154 0.7675104691988756 56.54
1155 0.7673746100667358 56.55
1156 0.7673226717632488 56.56
1157 0.7673149907120256 56.57
1158 0.7673640714174567 56.58
1159 0.7674285660263269 56.59
1160 0.7674985765448193 56.6
1161 0.7675629987772791 56.61
1162 0.767611073987603 56.62
1163 0.7676388765941415 56.63
1164 0.7676473194614201 56.64
1165 0.7676492512939775 56.65
1166 0.767655830196897 56.66
1167 0.7676670094582191 56.67
1168 0.7676662355521292 56.68
1169 0.7676484912140454 56.69
1170 0.7676199669289158 56.7
1171 0.767589828843383 56.71
1172 0.76756201502461 56.72
1173 0.7675346521255697 56.73
1174 0.767500901433005 56.74
1175 0.7674600452458976 56.75
1176 0.7674185437034448 56.76
1177 0.7673853014681704 56.77
1178 0.7673666268109183 56.78
1179 0.7673626573679863 56.79
1180 0.767369136945402 56.8
1181 0.7673827405916906 56.81
1182 0.7674085718679236 56.82
1183 0.7674551071753252 56.83
1184 0.7675202058825716 56.84
1185 0.7675994178038898 56.85
1186 0.7676867813991209 56.86
1187 0.7677753687698562 56.87
1188 0.7678635711678132 56.88
1189 0.7679476015713127 56.89
1190 0.7680283919888402 56.9
1191 0.7681043819036564 56.91
1192 0.7681770833262472 56.92
1193 0.7682511971283605 56.93
1194 0.7683292733980648 56.94
1195 0.7684095202100502 56.95
1196 0.7684850638634331 56.96
1197 0.7685553415665135 56.97
1198 0.7686196783252623 56.98
1199 0.7686777366562241 56.99
1200 0.768729117342476 57
1201 0.7687742180923071 57.01
1202 0.7688135034112998 57.02
1203 0.7688477373787006 57.03
1204 0.7688776455097838 57.04
1205 0.7689039455538929 57.05
1206 0.7689275355149423 57.06
1207 0.7689488515116017 57.07
1208 0.7689683196900445 57.08
1209 0.7689861517745733 57.09
1210 0.769002634393619 57.1
1211 0.7690179293646632 57.11
1212 0.7690321977329789 57.12
1213 0.7690455684017651 57.13
1214 0.7690579921389042 57.14
1215 0.7690694013726416 57.15
1216 0.7690797090975133 57.16
1217 0.7690888202529331 57.17
1218 0.7690967104591999 57.18
1219 0.7691033462030816 57.19
1220 0.7691087373855158 57.2
1221 0.769112798072671 57.21
1222 0.7691158978001204 57.22
1223 0.7691177095175543 57.23
1224 0.7691184178785019 57.24
1225 0.7691179365697871 57.25
1226 0.7691163542416067 57.26
1227 0.769113826769063 57.27
1228 0.7691103970827347 57.28
1229 0.7691063121686652 57.29
1230 0.769101965793814 57.3
1231 0.7690970029458113 57.31
1232 0.7690903820476263 57.32
1233 0.769081328549296 57.33
1234 0.7690695243863672 57.34
1235 0.7690551240444681 57.35
1236 0.7690384902478421 57.36
1237 0.7690196616399482 57.37
1238 0.7689988115044466 57.38
1239 0.7689760962956838 57.39
1240 0.7689515235282782 57.4
1241 0.7689253552334001 57.41
1242 0.7688977620021378 57.42
1243 0.7688693278502806 57.43
1244 0.7688395826105096 57.44
1245 0.7688082929759306 57.45
1246 0.7687769073489231 57.46
1247 0.7687452819632501 57.47
1248 0.7687130305860764 57.48
1249 0.768680569078237 57.49
1250 0.7686485884747861 57.5
1251 0.7686169590525435 57.51
1252 0.7685857196320153 57.52
1253 0.7685549741418584 57.53
1254 0.7685247254352945 57.54
1255 0.768494989091095 57.55
1256 0.7684655810441412 57.56
1257 0.7684366492574503 57.57
1258 0.7684078348755276 57.58
1259 0.7683791319649133 57.59
1260 0.7683501712601426 57.6
1261 0.7683206289298568 57.61
1262 0.7682899996688171 57.62
1263 0.7682571656604843 57.63
1264 0.7682242322119999 57.64
1265 0.7681883949406105 57.65
1266 0.76814985260075 57.66
1267 0.768107587401895 57.67
1268 0.7680613259718838 57.68
1269 0.7680126309776798 57.69
1270 0.7679588337294393 57.7
1271 0.7678998823966073 57.71
1272 0.7678369796863406 57.72
1273 0.7677679514908143 57.73
1274 0.7676909047942814 57.74
1275 0.7676104304288023 57.75
1276 0.7675243572750512 57.76
1277 0.7674315286142822 57.77
1278 0.7673282296415997 57.78
1279 0.7672187405791271 57.79
1280 0.7670951057551505 57.8
1281 0.7669638034003351 57.81
1282 0.7668237574754188 57.82
1283 0.7666718828045633 57.83
1284 0.7665079512118076 57.84
1285 0.7663260484654035 57.85
1286 0.7661289588347774 57.86
1287 0.7659137604209945 57.87
1288 0.7656785618244735 57.88
1289 0.7654190478553905 57.89
1290 0.7651348383720793 57.9
1291 0.7648282929570633 57.91
1292 0.7644946267035662 57.92
1293 0.7641300702843273 57.93
1294 0.7637396147473872 57.94
1295 0.7633205286925243 57.95
1296 0.762868466120233 57.96
1297 0.7624069963084704 57.97
1298 0.7619391591499106 57.98
1299 0.7614752667875861 57.99
1300 0.7610234598039822 58
1301 0.7605926250451064 58.01
1302 0.7601935528701176 58.02
1303 0.7598351813371332 58.03
1304 0.7595276541556673 58.04
1305 0.7592868595043215 58.05
1306 0.7591002798372296 58.06
1307 0.7589907979405639 58.07
1308 0.7589571832151724 58.08
1309 0.7589939165050028 58.09
1310 0.7591013704231222 58.1
1311 0.759268324098113 58.11
1312 0.7594834679632453 58.12
1313 0.7597324500528552 58.13
1314 0.7599988386847747 58.14
1315 0.7602704245219181 58.15
1316 0.7605386611938161 58.16
1317 0.7608013675782611 58.17
1318 0.7610676225896053 58.18
1319 0.7613434977688366 58.19
1320 0.7616292773210833 58.2
1321 0.7619127600195807 58.21
1322 0.76218593735347 58.22
1323 0.7624482011272409 58.23
1324 0.7626953733063173 58.24
1325 0.762926343574897 58.25
1326 0.7631426640809723 58.26
1327 0.7633447704457917 58.27
1328 0.7635297235584607 58.28
1329 0.7637040476704123 58.29
1330 0.763861638394947 58.3
1331 0.7640095410917463 58.31
1332 0.7641434298507751 58.32
1333 0.7642662032843952 58.33
1334 0.7643824275214351 58.34
1335 0.7644921318617516 58.35
1336 0.7645987007308326 58.36
1337 0.7647029728897624 58.37
1338 0.7648110653251325 58.38
1339 0.7649226250342919 58.39
1340 0.7650474979841557 58.4
1341 0.7651733731966283 58.41
1342 0.7653077039892765 58.42
1343 0.7654503648438759 58.43
1344 0.7656054888819709 58.44
1345 0.7657650636605871 58.45
1346 0.7659267211983579 58.46
1347 0.7660951450387887 58.47
1348 0.7662653479784058 58.48
1349 0.7664351091139914 58.49
1350 0.7666034026962252 58.5
1351 0.7667610209013449 58.51
1352 0.7669130843697094 58.52
1353 0.7670566049880141 58.53
1354 0.7671885611087108 58.54
1355 0.767309644702866 58.55
1356 0.7674198230111976 58.56
1357 0.7675185566788747 58.57
1358 0.7676063022840303 58.58
1359 0.7676833382615192 58.59
1360 0.7677502231707343 58.6
1361 0.767807662047251 58.61
1362 0.7678562151909074 58.62
1363 0.7678976188209728 58.63
1364 0.7679300283256381 58.64
1365 0.767954957898374 58.65
1366 0.7679727479146367 58.66
1367 0.7679839291636642 58.67
1368 0.7679901718590937 58.68
1369 0.7679894635156107 58.69
1370 0.7679824581841603 58.7
1371 0.7679708210595723 58.71
1372 0.7679561988314029 58.72
1373 0.7679376416281254 58.73
1374 0.7679172365308812 58.74
1375 0.7678917513703393 58.75
1376 0.7678656619951602 58.76
1377 0.767835886904913 58.77
1378 0.7678038591721521 58.78
1379 0.7677705616714473 58.79
1380 0.7677361771955272 58.8
1381 0.7677010035796271 58.81
1382 0.7676655077297923 58.82
1383 0.7676300016953048 58.83
1384 0.767594754265152 58.84
1385 0.7675600108760885 58.85
1386 0.7675255762797061 58.86
1387 0.7674917359874204 58.87
1388 0.7674583298705755 58.88
1389 0.7674253754659033 58.89
1390 0.7673922774882462 58.9
1391 0.7673589149818292 58.91
1392 0.7673248010046865 58.92
1393 0.7672895516414626 58.93
1394 0.7672526573351046 58.94
1395 0.767213493938438 58.95
1396 0.7671715955260082 58.96
1397 0.7671264080532476 58.97
1398 0.7670771837480577 58.98
1399 0.7670235628110286 58.99
1400 0.7669647243003349 59
1401 0.7669003533835289 59.01
1402 0.766829852840232 59.02
1403 0.7667525806875141 59.03
1404 0.7666686400624867 59.04
1405 0.766577450685988 59.05
1406 0.7664786078986966 59.06
1407 0.7663717179346612 59.07
1408 0.7662569016537992 59.08
1409 0.7661341214633551 59.09
1410 0.766002481230289 59.1
1411 0.7658619849371372 59.11
1412 0.7657115338766631 59.12
1413 0.7655512356420425 59.13
1414 0.7653814385794439 59.14
1415 0.7652023188529357 59.15
1416 0.7650140860802016 59.16
1417 0.7648163401568741 59.17
1418 0.7646114678426603 59.18
1419 0.7643984962134263 59.19
1420 0.7641799508931455 59.2
1421 0.7639558210318736 59.21
1422 0.7637321990405194 59.22
1423 0.7635085954848715 59.23
1424 0.763291945894052 59.24
1425 0.7630902683838797 59.25
1426 0.76290746020557 59.26
1427 0.7627509302572918 59.27
1428 0.762626580119949 59.28
1429 0.7625699309762853 59.29
1430 0.762530944095653 59.3
1431 0.7625233056927185 59.31
1432 0.7625518702931935 59.32
1433 0.7626061918301515 59.33
1434 0.7626917883752588 59.34
1435 0.7628024856520756 59.35
1436 0.762930246932968 59.36
1437 0.763075084038494 59.37
1438 0.7632307645801902 59.38
1439 0.763391269382905 59.39
1440 0.7635514494536392 59.4
1441 0.7637096849955852 59.41
1442 0.7638644170707609 59.42
1443 0.7640152777272541 59.43
1444 0.7641606765947806 59.44
1445 0.7643004218148818 59.45
1446 0.7644341446202584 59.46
1447 0.7645620004289895 59.47
1448 0.7646849929136592 59.48
1449 0.7648029051661464 59.49
1450 0.7649163457172268 59.5
1451 0.7650259485729686 59.51
1452 0.7651343426824775 59.52
1453 0.7652419249083733 59.53
1454 0.7653462530371817 59.54
1455 0.765448450998193 59.55
1456 0.7655489362520072 59.56
1457 0.7656490738071174 59.57
1458 0.7657488608939181 59.58
1459 0.7658490919236202 59.59
1460 0.7659501418726249 59.6
1461 0.7660523696296211 59.61
1462 0.766156018183433 59.62
1463 0.7662595093916988 59.63
1464 0.7663628316567296 59.64
1465 0.7664640532484119 59.65
1466 0.7665614703925612 59.66
1467 0.7666570258025703 59.67
1468 0.7667481108041245 59.68
1469 0.7668341627251701 59.69
1470 0.7669144070065971 59.7
1471 0.7669882880370407 59.71
1472 0.7670561247044363 59.72
1473 0.7671164610556473 59.73
1474 0.7671694529957407 59.74
1475 0.7672151831421169 59.75
1476 0.7672535931514955 59.76
1477 0.7672850705561668 59.77
1478 0.7673061376598739 59.78
1479 0.767324172796124 59.79
1480 0.7673316935964354 59.8
1481 0.7673382153402017 59.81
1482 0.7673404472832833 59.82
1483 0.7673355407154085 59.83
1484 0.7673265083237512 59.84
1485 0.7673123713687157 59.85
1486 0.7672940080144974 59.86
1487 0.7672711660340483 59.87
1488 0.7672431656491402 59.88
1489 0.7672132868918317 59.89
1490 0.7671777330778774 59.9
1491 0.7671442610659085 59.91
1492 0.7671083265690863 59.92
1493 0.7670709712926862 59.93
1494 0.7670319787191141 59.94
1495 0.7669921037133303 59.95
1496 0.7669515274036385 59.96
1497 0.7669101587231641 59.97
1498 0.7668681076596409 59.98
1499 0.7668253472238995 59.99
1500 0.7667817995821976 60
1501 0.7667372154066688 60.01
1502 0.7666911391392947 60.02
1503 0.7666432256968855 60.03
1504 0.7665929762394392 60.04
1505 0.7665400391526145 60.05
1506 0.7664840709856743 60.06
1507 0.7664244037097973 60.07
1508 0.766360378258611 60.08
1509 0.7662918090651601 60.09
1510 0.7662176638572948 60.1
1511 0.7661376858607002 60.11
1512 0.7660516605058114 60.12
1513 0.7659591257714967 60.13
1514 0.7658601533804037 60.14
1515 0.7657547159747208 60.15
1516 0.7656428188572746 60.16
1517 0.7655245169708158 60.17
1518 0.7654001875630312 60.18
1519 0.7652703053987663 60.19
1520 0.765135586832142 60.2
1521 0.7649967279186554 60.21
1522 0.7648539472501865 60.22
1523 0.7647098992270489 60.23
1524 0.7645661415541287 60.24
1525 0.764425133776389 60.25
1526 0.764284373060614 60.26
1527 0.7641482013722147 60.27
1528 0.7640191954651435 60.28
1529 0.7639003003137164 60.29
1530 0.7637948275359674 60.3
1531 0.7637061952027487 60.31
1532 0.7636358432327741 60.32
1533 0.763586165192305 60.33
1534 0.7635583242081001 60.34
1535 0.7635519471713762 60.35
1536 0.7635666209399632 60.36
1537 0.7635989291017027 60.37
1538 0.7636478216113973 60.38
1539 0.7637099724357627 60.39
1540 0.7637839477697791 60.4
1541 0.7638675714013743 60.41
1542 0.7639587042926355 60.42
1543 0.7640551535461091 60.43
1544 0.7641554808312393 60.44
1545 0.7642592036883793 60.45
1546 0.7643654445109245 60.46
1547 0.7644726225116856 60.47
1548 0.7645800101682663 60.48
1549 0.7646876769183814 60.49
1550 0.7647960934761463 60.5
1551 0.7649059158992775 60.51
1552 0.7650156629883974 60.52
1553 0.7651252586095292 60.53
1554 0.7652332312352366 60.54
1555 0.7653391741434202 60.55
1556 0.7654430167008061 60.56
1557 0.7655445472772058 60.57
1558 0.7656441912026144 60.58
1559 0.7657416007957203 60.59
1560 0.7658364828441711 60.6
1561 0.7659286995294465 60.61
1562 0.7660183021308234 60.62
1563 0.7661059894911973 60.63
1564 0.7661908539791407 60.64
1565 0.7662720595469419 60.65
1566 0.766350105845688 60.66
1567 0.7664240553836664 60.67
1568 0.7664938087781977 60.68
1569 0.7665589492828692 60.69
1570 0.7666189756647709 60.7
1571 0.7666740395381807 60.71
1572 0.7667238462318277 60.72
1573 0.7667683868273053 60.73
1574 0.7668074352469323 60.74
1575 0.766841156091962 60.75
1576 0.7668696977092552 60.76
1577 0.7668927380303315 60.77
1578 0.7669101462169379 60.78
1579 0.7669228555262395 60.79
1580 0.7669307471105594 60.8
1581 0.7669337844869079 60.81
1582 0.7669325307015915 60.82
1583 0.7669271113337373 60.83
1584 0.7669178091263904 60.84
1585 0.7669047367895119 60.85
1586 0.7668882456955992 60.86
1587 0.7668687197440544 60.87
1588 0.7668462360970726 60.88
1589 0.766821160310227 60.89
1590 0.7667933615088298 60.9
1591 0.7667636959360108 60.91
1592 0.7667316943025145 60.92
1593 0.7666975959968679 60.93
1594 0.7666613732242368 60.94
1595 0.766623199933072 60.95
1596 0.7665829730642914 60.96
1597 0.7665406914410466 60.97
1598 0.7664964086673263 60.98
1599 0.7664498264375021 60.99
1600 0.7664009395369836 61
1601 0.766349534330779 61.01
1602 0.7662954134656023 61.02
1603 0.766238284982379 61.03
1604 0.7661781419308539 61.04
1605 0.7661148622635788 61.05
1606 0.7660483393142689 61.06
1607 0.7659782996369768 61.07
1608 0.7659045998855651 61.08
1609 0.7658274598286063 61.09
1610 0.7657468588095029 61.1
1611 0.765662508299021 61.11
1612 0.7655743820065372 61.12
1613 0.7654832086239592 61.13
1614 0.7653896995564723 61.14
1615 0.7652947503646053 61.15
1616 0.7651991730698593 61.16
1617 0.7651036592752404 61.17
1618 0.7650074627232438 61.18
1619 0.7649124438030341 61.19
1620 0.7648212423045974 61.2
1621 0.7647357829368779 61.21
1622 0.764651616907663 61.22
1623 0.7645733268292062 61.23
1624 0.7645020406170373 61.24
1625 0.7644404980126294 61.25
1626 0.7643899751195259 61.26
1627 0.7643517180507354 61.27
1628 0.7643272558095751 61.28
1629 0.7643174792088078 61.29
1630 0.7643225364959215 61.3
1631 0.7643419700708567 61.31
1632 0.7643749853393704 61.32
1633 0.7644201516018413 61.33
1634 0.7644761790915472 61.34
1635 0.7645406494745491 61.35
1636 0.7646124889520265 61.36
1637 0.7646902166105319 61.37
1638 0.7647725948770516 61.38
1639 0.7648581299605862 61.39
1640 0.7649461544700017 61.4
1641 0.7650356519263171 61.41
1642 0.7651267810700209 61.42
1643 0.7652186621076841 61.43
1644 0.7653106559345142 61.44
1645 0.7653986450798169 61.45
1646 0.7654893129420924 61.46
1647 0.7655771611905904 61.47
1648 0.765661263276052 61.48
1649 0.7657410879331066 61.49
1650 0.7658169551072126 61.5
1651 0.7658886960191917 61.51
1652 0.7659559632292259 61.52
1653 0.766018831421398 61.53
1654 0.7660777549364219 61.54
1655 0.766131474610904 61.55
1656 0.7661809353099059 61.56
1657 0.7662261928467884 61.57
1658 0.7662684934292917 61.58
1659 0.7663056007371262 61.59
1660 0.7663389413336773 61.6
1661 0.7663685372753881 61.61
1662 0.7663944938975543 61.62
1663 0.7664168914343165 61.63
1664 0.7664358443975335 61.64
1665 0.7664519585954419 61.65
1666 0.7664639825419429 61.66
1667 0.766472423913703 61.67
1668 0.7664773467117086 61.68
1669 0.7664786630619308 61.69
1670 0.7664762544922582 61.7
1671 0.7664701504947707 61.71
1672 0.7664605162924214 61.72
1673 0.7664473977118547 61.73
1674 0.7664309073596173 61.74
1675 0.766411204666803 61.75
1676 0.7663883307632838 61.76
1677 0.766362509113633 61.77
1678 0.7663338881441212 61.78
1679 0.7663026383860758 61.79
1680 0.7662688151925952 61.8
1681 0.7662322868431514 61.81
1682 0.7661934156715314 61.82
1683 0.7661522935869276 61.83
1684 0.7661090338460467 61.84
1685 0.7660636070561285 61.85
1686 0.7660160266064745 61.86
1687 0.7659664021429406 61.87
1688 0.7659148229188721 61.88
1689 0.7658615350553335 61.89
1690 0.7658065691808077 61.9
1691 0.7657500387973122 61.91
1692 0.7656920691473863 61.92
1693 0.7656328694398572 61.93
1694 0.7655723987034808 61.94
1695 0.7655110917018538 61.95
1696 0.7654491040299863 61.96
1697 0.7653867043641887 61.97
1698 0.76532434024181 61.98
1699 0.7652627801798531 61.99
1700 0.7652023741015711 62
1701 0.7651434023070562 62.01
1702 0.7650868545232886 62.02
1703 0.7650332257912994 62.03
1704 0.764983004334935 62.04
1705 0.7649370186298793 62.05
1706 0.7648962799235071 62.06
1707 0.7648612020308696 62.07
1708 0.7648322031166679 62.08
1709 0.7648097219211198 62.09
1710 0.7647939989911944 62.1
1711 0.7647856119215289 62.11
1712 0.7647847249222681 62.12
1713 0.7647912861141521 62.13
1714 0.764805788385426 62.14
1715 0.7648277551436928 62.15
1716 0.7648570098572657 62.16
1717 0.764892855880722 62.17
1718 0.7649351800830957 62.18
1719 0.7649829062097904 62.19
1720 0.7650350203532178 62.2
1721 0.7650905503161911 62.21
1722 0.7651488309684921 62.22
1723 0.7652092383705569 62.23
1724 0.7652715919902902 62.24
1725 0.7653349096045906 62.25
1726 0.765398325618532 62.26
1727 0.7654613346195023 62.27
1728 0.7655241299751515 62.28
1729 0.7655858069922744 62.29
1730 0.7656460459598612 62.3
1731 0.7657045969833554 62.31
1732 0.7657611758751206 62.32
1733 0.7658156329671508 62.33
1734 0.7658678385554732 62.34
1735 0.7659175724572252 62.35
1736 0.7659649923269362 62.36
1737 0.7660100485657422 62.37
1738 0.7660522045725476 62.38
1739 0.7660914978662872 62.39
1740 0.7661275058259059 62.4
1741 0.7661610990199749 62.41
1742 0.7661908141550147 62.42
1743 0.7662172600753711 62.43
1744 0.7662411181144466 62.44
1745 0.7662615831981344 62.45
1746 0.7662773928522599 62.46
1747 0.7662915221041721 62.47
1748 0.76630164213109 62.48
1749 0.76630860770972 62.49
1750 0.7663123517313403 62.5
1751 0.7663128772744405 62.51
1752 0.7663101957826617 62.52
1753 0.7663044370585065 62.53
1754 0.7662957661455073 62.54
1755 0.7662842516805711 62.55
1756 0.7662696930093357 62.56
1757 0.7662527650897463 62.57
1758 0.766233082207216 62.58
1759 0.7662112438039198 62.59
1760 0.7661872503061604 62.6
1761 0.7661612907483706 62.61
1762 0.7661331813155139 62.62
1763 0.7661018172784174 62.63
1764 0.7660681210749304 62.64
1765 0.7660323069200834 62.65
1766 0.7659944200875315 62.66
1767 0.7659545116747374 62.67
1768 0.7659124722021806 62.68
1769 0.7658685934671259 62.69
1770 0.7658229901186011 62.7
1771 0.7657758970886732 62.71
1772 0.765727238053273 62.72
1773 0.7656775626727755 62.73
1774 0.7656268048224297 62.74
1775 0.7655754763199851 62.75
1776 0.7655238916271661 62.76
1777 0.7654723486100642 62.77
1778 0.7654210639378876 62.78
1779 0.7653705373780669 62.79
1780 0.7653213514423189 62.8
1781 0.7652737490569055 62.81
1782 0.7652284657668001 62.82
1783 0.7651857697747066 62.83
1784 0.7651462346659519 62.84
1785 0.7651103282589078 62.85
1786 0.7650783063031162 62.86
1787 0.7650504813165985 62.87
1788 0.765027254144826 62.88
1789 0.7650090200039301 62.89
1790 0.7649959295420484 62.9
1791 0.7649886671942802 62.91
1792 0.7649867010369523 62.92
1793 0.764990497524322 62.93
1794 0.7649999067767005 62.94
1795 0.7650147815709472 62.95
1796 0.7650349252172126 62.96
1797 0.7650600361103075 62.97
1798 0.7650899279875122 62.98
1799 0.7651241016927809 62.99
1800 0.7651620650698818 63
1801 0.7652031737370782 63.01
1802 0.7652471336634057 63.02
1803 0.7652933989392537 63.03
1804 0.7653418928298387 63.04
1805 0.7653917853526337 63.05
1806 0.7654424527388753 63.06
1807 0.7654936924172516 63.07
1808 0.7655447782704754 63.08
1809 0.7655951620014728 63.09
1810 0.76564448421655 63.1
1811 0.7656924090113405 63.11
1812 0.7657384361750019 63.12
1813 0.7657824204637806 63.13
1814 0.7658242570699336 63.14
1815 0.7658637247055933 63.15
1816 0.7659009072326803 63.16
1817 0.7659357330153534 63.17
1818 0.7659683141189239 63.18
1819 0.7659983109499741 63.19
1820 0.766025777207863 63.2
1821 0.7660507638069357 63.21
1822 0.7660731881200719 63.22
1823 0.7660930044828628 63.23
1824 0.7661102369931609 63.24
1825 0.7661249033912917 63.25
1826 0.7661369713031777 63.26
1827 0.7661465590221704 63.27
1828 0.7661535460107126 63.28
1829 0.766157991288161 63.29
1830 0.7661598401906409 63.3
1831 0.7661590392659193 63.31
1832 0.7661556281901348 63.32
1833 0.7661497065336063 63.33
1834 0.7661413287032489 63.34
1835 0.7661305168266196 63.35
1836 0.7661173699081062 63.36
1837 0.7661019083543211 63.37
1838 0.7660841576123445 63.38
1839 0.7660641735275651 63.39
1840 0.7660419772541429 63.4
1841 0.7660176966979684 63.41
1842 0.7659913451237041 63.42
1843 0.7659630236596352 63.43
1844 0.7659327834212443 63.44
1845 0.7659006721713367 63.45
1846 0.7658666745859428 63.46
1847 0.7658310165220147 63.47
1848 0.7657938122930984 63.48
1849 0.7657553397771149 63.49
1850 0.7657156478937873 63.5
1851 0.7656751011866634 63.51
1852 0.7656336203520699 63.52
1853 0.765591612373273 63.53
1854 0.7655491441195693 63.54
1855 0.7655067799523237 63.55
1856 0.7654646219141441 63.56
1857 0.7654230938787987 63.57
1858 0.7653824288438477 63.58
1859 0.7653431716179182 63.59
1860 0.7653054286526636 63.6
1861 0.7652696419730199 63.61
1862 0.765236112319567 63.62
1863 0.7652051576036757 63.63
1864 0.7651768193822547 63.64
1865 0.7651516099138133 63.65
1866 0.7651296294459283 63.66
1867 0.765111417144263 63.67
1868 0.7650972272140066 63.68
1869 0.7650872343394597 63.69
1870 0.76508189708407 63.7
1871 0.7650811445753491 63.71
1872 0.7650849324809614 63.72
1873 0.7650933853668848 63.73
1874 0.7651061847006501 63.74
1875 0.7651234546632798 63.75
1876 0.7651448878632243 63.76
1877 0.7651700578618835 63.77
1878 0.7651986360044805 63.78
1879 0.7652301075708766 63.79
1880 0.7652638811233349 63.8
1881 0.7652996089860803 63.81
1882 0.765336957607489 63.82
1883 0.7653756060273335 63.83
1884 0.7654150093551685 63.84
1885 0.7654547328511371 63.85
1886 0.7654945604570366 63.86
1887 0.7655341487767161 63.87
1888 0.7655730514077232 63.88
1889 0.7656108511483314 63.89
1890 0.7656473700848365 63.9
1891 0.765682254521195 63.91
1892 0.7657154305640462 63.92
1893 0.7657465345765027 63.93
1894 0.7657755621560547 63.94
1895 0.7658025689086525 63.95
1896 0.7658271728072965 63.96
1897 0.7658493225975811 63.97
1898 0.7658688572434657 63.98
1899 0.7658857679829408 63.99
1900 0.7659001611142701 64
1901 0.7659119770474664 64.01000000000001
1902 0.7659210789792279 64.02
1903 0.7659274938674299 64.03
1904 0.7659310503149326 64.04000000000001
1905 0.7659317800292993 64.05
1906 0.7659295913816572 64.06
1907 0.7659245693612933 64.06999999999999
1908 0.76591677371251 64.08
1909 0.7659062996558162 64.09
1910 0.7658932048407382 64.09999999999999
1911 0.76587752099221 64.11
1912 0.7658592733349876 64.12
1913 0.7658386479998998 64.13
1914 0.7658156756827186 64.14
1915 0.7657905937507875 64.15000000000001
1916 0.7657635207105592 64.16
1917 0.7657345143793424 64.17
1918 0.7657037068530389 64.18000000000001
1919 0.7656710488025812 64.19
1920 0.7656367751047274 64.2
1921 0.7656011296021086 64.21000000000001
1922 0.7655643084487687 64.22
1923 0.7655265064201939 64.23
1924 0.7654882675052711 64.23999999999999
1925 0.765449542868984 64.25
1926 0.7654105464017701 64.26000000000001
1927 0.7653714964174602 64.27
1928 0.7653327298139039 64.28
1929 0.7652946287786971 64.29000000000001
1930 0.7652573541668575 64.3
1931 0.7652211574535061 64.31
1932 0.7651861187753558 64.31999999999999
1933 0.7651526453732038 64.33
1934 0.7651210225162235 64.34
1935 0.7650916966210424 64.34999999999999
1936 0.7650647624092801 64.36
1937 0.7650406678461921 64.37
1938 0.7650197139750932 64.38
1939 0.7650020878583508 64.39
1940 0.7649880161949576 64.40000000000001
1941 0.7649779638225682 64.41
1942 0.7649715802541627 64.42
1943 0.7649693283843664 64.43000000000001
1944 0.7649711197449579 64.44
1945 0.764976948644993 64.45
1946 0.7649867390956584 64.46000000000001
1947 0.7650004284091698 64.47
1948 0.7650177789150292 64.48
1949 0.7650385431951728 64.48999999999999
1950 0.765062591669719 64.5
1951 0.7650896255478924 64.51000000000001
1952 0.7651191499017206 64.52
1953 0.7651511233479218 64.53
1954 0.7651848243156146 64.54000000000001
1955 0.7652200198205991 64.55
1956 0.7652563866988525 64.56
1957 0.7652934321058777 64.56999999999999
1958 0.765330808674244 64.58
1959 0.7653680148955532 64.59
1960 0.7654046174923337 64.59999999999999
1961 0.765440278997439 64.61
1962 0.7654748352837293 64.62
1963 0.7655072346676579 64.63
1964 0.7655365457826099 64.64
1965 0.7655612395471499 64.65000000000001
1966 0.7655821425568454 64.66
1967 0.7655992656175975 64.67
1968 0.7656114481097357 64.68000000000001
1969 0.7656196629057047 64.69
1970 0.7656237194104902 64.7
1971 0.7656259134740614 64.71000000000001
1972 0.7656271088497719 64.72
1973 0.765628579197101 64.73
1974 0.7656309652609777 64.73999999999999
1975 0.7656351348869961 64.75
1976 0.7656415683913964 64.76000000000001
1977 0.7656515311700297 64.77
1978 0.7656572727785502 64.78
1979 0.7656636709395104 64.79000000000001
1980 0.7656716207722243 64.8
1981 0.7656801439332498 64.81
1982 0.7656883863018263 64.81999999999999
1983 0.7656952892406076 64.83
1984 0.7656998686399621 64.84
1985 0.7657021582519148 64.84999999999999
1986 0.7657037734439848 64.86
1987 0.7657032850695354 64.87
1988 0.7657014716992687 64.88
1989 0.7657006083031965 64.89
1990 0.7656970686377501 64.90000000000001
1991 0.7656863437759833 64.91
1992 0.765668649017373 64.92
1993 0.7656402529637742 64.93000000000001
1994 0.765605468698292 64.94
1995 0.7655671641134095 64.95
1996 0.7655241550517501 64.96000000000001
1997 0.7654749693968868 64.97
1998 0.7654150000066444 64.98
1999 0.7653448926971984 64.98999999999999
2000 0.7652668246898848 65
