"pressao-porta-rfile"
"Time Step" "pressao-porta etc.."
("Time Step" "pressao-porta" "flow-time")
0 -3214.813079838957 0
1 44253.51632125132 0.1
2 4532.019197964095 0.2
3 -31286.56652095024 0.3
4 -38031.60072599671 0.4
5 -32847.83059618236 0.5
6 -22215.18280907601 0.6000000000000001
7 -9562.923337789938 0.7000000000000001
8 1806.228808794805 0.8
9 11489.6560577417 0.9
10 20696.61283588081 1
11 29870.49582688717 1.1
12 38674.6197651337 1.2
13 46813.46735113642 1.3
14 54065.8999628993 1.4
15 60180.84608593293 1.5
16 64920.84105992543 1.6
17 68142.20497731213 1.7
18 69846.91782021437 1.8
19 70147.9698344176 1.9
20 69870.27839431085 2
21 69056.2222764964 2.1
22 67843.67910189462 2.2
23 66380.00526488444 2.3
24 65084.71288155798 2.4
25 63802.7808897279 2.5
26 62486.71664915159 2.6
27 61187.94078761942 2.7
28 59968.12963746995 2.8
29 58896.63760336645 2.9
30 58031.99505328719 3
31 57409.19580859507 3.1
32 57058.6044579527 3.2
33 56998.63318908076 3.3
34 57233.90498517434 3.4
35 57765.0814418206 3.5
36 58578.19974104226 3.6
37 59653.92370908263 3.7
38 60966.83409046174 3.8
39 62481.28064744547 3.9
40 64158.24607286834 4
41 65957.18503336616 4.100000000000001
42 67822.27129873272 4.2
43 69719.90414335387 4.3
44 71605.75078398683 4.4
45 73443.34237074867 4.5
46 75194.75151653682 4.600000000000001
47 76834.01269924393 4.7
48 78337.3173607416 4.800000000000001
49 79691.11014260304 4.9
50 80886.73934102677 5
51 81919.27137666267 5.100000000000001
52 82791.4512556941 5.2
53 83506.81928299881 5.300000000000001
54 84081.56889984595 5.4
55 84525.48046452159 5.5
56 84846.55057156568 5.600000000000001
57 85071.37895886356 5.7
58 85207.41759461667 5.800000000000001
59 85272.48465515832 5.9
60 85283.86553435902 6
61 85250.97450349247 6.100000000000001
62 85193.1908287894 6.2
63 85121.0911780738 6.300000000000001
64 85052.29422208815 6.4
65 84989.28605231064 6.5
66 84948.360052811 6.600000000000001
67 84927.73573889653 6.7
68 84938.08645845685 6.800000000000001
69 84982.03330091891 6.9
70 85067.45301454781 7
71 85192.54943052892 7.100000000000001
72 85363.00259547362 7.2
73 85576.00586128676 7.300000000000001
74 85830.83992210729 7.4
75 86124.96941281648 7.5
76 86448.28482950688 7.600000000000001
77 86802.60552951302 7.7
78 87184.32187330199 7.800000000000001
79 87583.68593904279 7.9
80 87996.88189249983 8
81 88418.74319204973 8.1
82 88840.58540045827 8.200000000000001
83 89259.71919312408 8.300000000000001
84 89668.70206524635 8.4
85 90062.40512803542 8.5
86 90438.0222505561 8.6
87 90790.73046715315 8.700000000000001
88 91114.74182049901 8.800000000000001
89 91406.51269877554 8.9
90 91665.30050811864 9
91 91884.17362009233 9.1
92 92061.88863287718 9.200000000000001
93 92203.10366751425 9.300000000000001
94 92305.62524423019 9.4
95 92375.30574678422 9.5
96 92403.5663540478 9.600000000000001
97 92396.21715099209 9.700000000000001
98 92357.86320580181 9.800000000000001
99 92294.61486981675 9.9
100 92206.29767289516 10
101 92091.98987863015 10.1
102 91962.47134956608 10.2
103 91816.8376118945 10.3
104 91654.73573386886 10.4
105 91480.5383573694 10.5
106 91296.66765074647 10.6
107 91097.52556183255 10.7
108 90890.6528872319 10.8
109 90680.27932791958 10.9
110 90493.46167676327 11
111 90294.71559313773 11.1
112 89986.26101566726 11.2
113 89699.96311437209 11.3
114 89501.59151807203 11.4
115 89233.96627527417 11.5
116 88890.20707669556 11.6
117 88681.71942834478 11.7
118 88403.01990185809 11.8
119 88187.66322778376 11.9
120 87858.78743928435 12
121 87632.37709258337 12.1
122 87259.90036903453 12.2
123 87025.59705924251 12.3
124 86632.18075734787 12.4
125 86391.69213449351 12.5
126 85973.793862283 12.6
127 85729.7252211423 12.7
128 85298.92429968441 12.8
129 85049.67287489476 12.9
130 84599.1192666807 13
131 84342.68621454992 13.1
132 83867.42078300976 13.2
133 83606.18947802107 13.3
134 83106.10770540324 13.4
135 82843.26042040119 13.5
136 82338.53196941223 13.6
137 82070.46026185386 13.7
138 81551.13046908402 13.8
139 81280.51527026387 13.9
140 80758.04848567935 14
141 80526.37469006878 14.1
142 79955.78329604834 14.2
143 79721.13760980632 14.3
144 79152.28582070097 14.4
145 78917.54692797398 14.5
146 78336.8129341871 14.6
147 78098.67837737354 14.7
148 77509.17271332348 14.8
149 77266.77060532298 14.9
150 76663.30030452505 15
151 76420.60392330603 15.1
152 75799.31066533591 15.2
153 75553.58685532413 15.3
154 74935.72606728671 15.4
155 74690.16328918911 15.5
156 74059.4198761938 15.6
157 73810.04180725904 15.7
158 73167.36735732175 15.8
159 72916.73718477196 15.9
160 72266.61224072408 16
161 72017.3289246777 16.1
162 71377.16196422739 16.2
163 71133.18044099536 16.3
164 70500.92883941878 16.4
165 70266.43244857236 16.5
166 69669.73653259722 16.6
167 69443.35007126923 16.7
168 68865.00281959953 16.8
169 68638.19837270556 16.9
170 68030.91162166203 17
171 67804.61035255634 17.1
172 67224.60885660877 17.2
173 67005.46888940538 17.3
174 66439.09733293459 17.4
175 66221.86563119196 17.5
176 65660.38688273173 17.6
177 65455.55626112589 17.7
178 64925.37443663125 17.8
179 64735.67836873754 17.9
180 64224.71051117717 18
181 64050.17975786913 18.1
182 63549.15787258121 18.2
183 63371.55298457683 18.3
184 62853.51746445642 18.4
185 62647.74043716115 18.5
186 62205.78985080788 18.6
187 61992.2351873675 18.7
188 61870.25879033868 18.8
189 61342.86419146782 18.9
190 61093.04700586087 19
191 60949.43943428669 19.1
192 60408.10099309439 19.2
193 60132.4609855304 19.3
194 59980.77308063056 19.4
195 59371.25797304838 19.5
196 59091.45319696689 19.6
197 56556.60362393472 19.7
198 55083.77457916354 19.8
199 53687.50724579972 19.9
200 52368.71319184094 20
201 51164.75404327283 20.1
202 49967.69406241083 20.2
203 48574.56754973945 20.3
204 47700.18357910186 20.4
205 47398.25403819817 20.5
206 47603.33226355402 20.6
207 48324.67987721089 20.7
208 49929.34327841886 20.8
209 51937.19310555034 20.9
210 53854.19360766763 21
211 55604.41670003575 21.1
212 57226.87547010982 21.2
213 58581.67411224196 21.3
214 59848.57941793073 21.4
215 60962.33461038928 21.5
216 61605.40807834334 21.6
217 61675.45749147725 21.7
218 61329.6015838323 21.8
219 60964.42717506034 21.9
220 61107.18337951513 22
221 61855.76304166171 22.1
222 62549.18440747373 22.2
223 62410.86712119489 22.3
224 61453.92814872906 22.4
225 60553.05442675952 22.5
226 60942.00920679887 22.6
227 62432.49589731619 22.7
228 63581.98147590402 22.8
229 62665.31925599699 22.9
230 60040.12501062285 23
231 57777.77420481759 23.1
232 58924.98094335782 23.2
233 60882.66061508523 23.3
234 62163.47365492548 23.4
235 59804.08944682425 23.5
236 55550.1330211739 23.6
237 53643.68205916942 23.7
238 55427.56084750882 23.8
239 57249.16173358099 23.9
240 56219.82571955036 24
241 52740.19900763997 24.1
242 49785.14506256247 24.2
243 51093.49267383039 24.3
244 52834.27157794435 24.4
245 53384.4355445422 24.5
246 51429.67849400174 24.6
247 48586.70258202389 24.7
248 48248.54967035614 24.8
249 49406.87828067475 24.9
250 50262.50357917377 25
251 49162.66186924925 25.1
252 46694.08424875507 25.2
253 45025.15309527524 25.3
254 45549.25484768154 25.4
255 46342.87219306058 25.5
256 46121.94831599449 25.6
257 44397.41923548147 25.7
258 42394.15899559682 25.8
259 41864.37044435031 25.9
260 42694.54028690089 26
261 42937.28526197105 26.1
262 41970.54133004401 26.2
263 40325.39422608176 26.3
264 39378.59927498362 26.4
265 40072.3446758697 26.5
266 40778.3191503309 26.6
267 40521.83032753046 26.7
268 40104.23126090757 26.8
269 39952.65576128903 26.9
270 39813.24097312547 27
271 39680.53824471562 27.1
272 39553.98657482688 27.2
273 39078.23582496779 27.3
274 38409.17755018168 27.4
275 38346.03386638471 27.5
276 39141.8268802039 27.6
277 39197.31248036488 27.7
278 38373.10837054141 27.8
279 38173.49846067325 27.9
280 37977.05131228914 28
281 37783.78155578809 28.1
282 37593.00979853375 28.2
283 37408.2957977682 28.3
284 36353.58094942425 28.4
285 36224.28670286309 28.5
286 36915.34983871874 28.6
287 37063.26461132885 28.7
288 37064.38293893318 28.8
289 37049.26051502697 28.9
290 37031.51372971103 29
291 37011.46179789901 29.1
292 36989.89880994917 29.2
293 36966.64282700941 29.3
294 36940.36143629557 29.4
295 36911.27758209821 29.5
296 36879.09853556458 29.6
297 36843.88522705194 29.7
298 36805.93156429664 29.8
299 36765.0996513429 29.9
300 36720.92979403478 30
301 36673.45474036653 30.1
302 36622.61802910212 30.2
303 36568.58289425328 30.3
304 36512.18456318503 30.4
305 36453.41603244859 30.5
306 36392.06259221719 30.6
307 36329.13409548355 30.7
308 36264.53886837549 30.8
309 36199.25061124682 30.9
310 36132.02405931972 31
311 36064.88922880749 31.1
312 35997.42370157549 31.2
313 35929.69798904246 31.3
314 35862.79631209273 31.4
315 35796.44650134956 31.5
316 35731.17136897892 31.6
317 35666.91284102751 31.7
318 35604.54850449572 31.8
319 35543.4307066125 31.9
320 35484.48928688985 32
321 35428.19709006149 32.1
322 35374.03558304172 32.2
323 35322.09678925296 32.3
324 35273.57403378287 32.4
325 35227.22654263929 32.5
326 35183.80958076265 32.6
327 35143.88913278146 32.7
328 35107.47372676581 32.8
329 35073.91568943507 32.9
330 35044.17402918719 33
331 35019.15819078781 33.1
332 34999.75629820741 33.2
333 37060.49051658252 33.3
334 38525.51600179794 33.4
335 38552.81892285249 33.5
336 38537.66729075673 33.6
337 38515.96890289303 33.7
338 38497.02606751321 33.8
339 38480.13605957834 33.9
340 38462.69435999166 34
341 38442.17644151688 34.1
342 38418.33612962644 34.2
343 38390.21569211525 34.3
344 38357.49069120498 34.4
345 38319.46078324041 34.5
346 38275.83353840432 34.6
347 38227.84330503533 34.7
348 38174.56094030219 34.8
349 38117.3920781246 34.9
350 38056.99651591332 35
351 37992.60191850713 35.1
352 37925.38563591809 35.2
353 37855.40275936673 35.3
354 37061.36265995172 35.4
355 36907.87818690394 35.5
356 40134.17430915804 35.6
357 41340.58604268638 35.7
358 41491.00819244904 35.8
359 41575.77945419544 35.9
360 41646.99314343138 36
361 41713.14305721815 36.1
362 41770.09100187807 36.2
363 41816.85457807951 36.3
364 41852.38614231058 36.4
365 41875.85568180399 36.5
366 41887.56218381397 36.6
367 41889.4432447849 36.7
368 41881.16101463581 36.8
369 41862.75803325159 36.9
370 41835.12994671312 37
371 41799.30693731315 37.1
372 41755.58617178872 37.2
373 41704.99594268486 37.3
374 41649.37594119308 37.4
375 41587.92857806875 37.5
376 41522.68391650882 37.6
377 41453.95438366245 37.7
378 41381.85283808318 37.8
379 41308.25445918989 37.9
380 41233.11730063082 38
381 41157.16897676625 38.1
382 41081.44294976035 38.2
383 41005.80931745798 38.3
384 40930.38949638375 38.40000000000001
385 40855.92866985744 38.5
386 40781.64745101103 38.6
387 40708.92272388098 38.7
388 40637.69937238569 38.8
389 40568.52736092555 38.90000000000001
390 40501.13338437464 39
391 39995.86915419209 39.1
392 40790.64123233139 39.2
393 44128.2498104141 39.3
394 45019.60191046837 39.40000000000001
395 45163.79403089301 39.5
396 45200.20190015002 39.6
397 45227.04628376594 39.7
398 45221.71228193384 39.8
399 45207.42195608395 39.90000000000001
400 45185.98617330476 40
401 45157.22683492092 40.1
402 45122.21896684304 40.2
403 45080.11575848807 40.3
404 45030.43767150601 40.40000000000001
405 44976.07520311191 40.5
406 44915.9173631387 40.6
407 44850.84790176503 40.7
408 44781.10854699726 40.8
409 44706.7409014942 40.90000000000001
410 44629.98999712982 41
411 44551.4858853676 41.1
412 44469.75283383302 41.2
413 44387.01797509383 41.3
414 44303.54492773238 41.40000000000001
415 44220.04159320972 41.5
416 44136.55542370115 41.6
417 44054.02741345935 41.7
418 43971.98211920471 41.8
419 43891.85167095224 41.90000000000001
420 43165.93101857879 42
421 43653.51185325581 42.1
422 45962.02610487588 42.2
423 46278.9910250969 42.3
424 45641.5461666292 42.40000000000001
425 45504.864080798 42.5
426 45381.65697805878 42.6
427 45265.92679256453 42.7
428 45157.63439204006 42.8
429 45054.23291869544 42.90000000000001
430 44954.82658305955 43
431 44854.30602612724 43.1
432 44757.39488075254 43.2
433 44662.37739567656 43.3
434 44570.27688471587 43.40000000000001
435 44481.0831260469 43.5
436 44393.80853846742 43.6
437 44308.45237810325 43.7
438 44224.75956421062 43.8
439 44142.82806718328 43.90000000000001
440 44063.46962718896 44
441 43987.30011882628 44.1
442 43264.96465957518 44.2
443 43821.9484278958 44.3
444 45186.11255572401 44.40000000000001
445 44976.32027367654 44.5
446 44839.61030319976 44.6
447 44670.759978966 44.7
448 44504.11118882112 44.8
449 44339.06678428621 44.90000000000001
450 44184.28834309131 45
451 44034.41741195191 45.1
452 43893.12369581035 45.2
453 43760.981385494 45.3
454 43635.88126144889 45.40000000000001
455 43518.1154539376 45.5
456 43408.05047309584 45.6
457 43303.94904906634 45.7
458 43204.29765939338 45.8
459 43113.06976524756 45.90000000000001
460 43027.66549938665 46
461 42949.55213272502 46.1
462 42876.00415689081 46.2
463 42809.70640498583 46.3
464 42750.02330582346 46.40000000000001
465 42695.38914551457 46.5
466 42646.6067824036 46.6
467 42603.42246260194 46.7
468 42565.52946903132 46.8
469 42533.22099649715 46.90000000000001
470 42505.04138432474 47
471 42481.77370211572 47.1
472 42463.53352083465 47.2
473 42448.75071837306 47.3
474 42438.23955015744 47.40000000000001
475 42432.86390974525 47.5
476 42429.67517842293 47.6
477 42428.57717622773 47.7
478 42431.14366741508 47.8
479 42437.78942742116 47.90000000000001
480 42447.63120975564 48
481 42563.16968167629 48.1
482 45644.99028807403 48.2
483 47977.02775580052 48.3
484 48794.38293686017 48.40000000000001
485 49083.19943901929 48.5
486 49306.17917847759 48.6
487 49507.42539359226 48.7
488 49681.72583777432 48.8
489 49822.69868314909 48.90000000000001
490 49935.40713683025 49
491 50015.99101963297 49.1
492 50065.05246058901 49.2
493 50090.4454309356 49.3
494 50088.53339320114 49.40000000000001
495 50063.15253072997 49.5
496 50014.44453321836 49.6
497 49943.34354146576 49.7
498 49855.36854916886 49.8
499 49750.51836027946 49.90000000000001
500 49629.82664317444 50
501 126165.9941134903 50.01
502 142083.8503776189 50.02
503 125299.7582396973 50.03
504 123402.8492612119 50.04
505 129012.324197647 50.05
506 135656.2266037651 50.06
507 138305.6975510566 50.07
508 143632.4490074549 50.08
509 147103.3385985851 50.09
510 151729.2352303848 50.1
511 155131.6465394635 50.11
512 154940.588255937 50.12
513 153872.4264244581 50.13
514 153917.1796550131 50.14
515 151556.9070478183 50.15
516 150919.5832801438 50.16
517 146010.5259309589 50.17
518 141776.6520726038 50.18
519 138450.697194389 50.19
520 135159.2266821263 50.2
521 132310.4591428183 50.21
522 130077.8022230609 50.22
523 128676.76142181 50.23
524 128649.4157732056 50.24
525 130429.8170561125 50.25
526 134001.3212079056 50.26
527 139664.9396618768 50.27
528 147369.6780202721 50.28
529 156773.9025178269 50.29
530 167665.2095516788 50.3
531 179251.1390697138 50.31
532 191288.4665544976 50.32
533 203073.1594021001 50.33
534 213844.5693275123 50.34
535 223539.57898638 50.35
536 231861.6670015295 50.36
537 238371.3307350494 50.37
538 243686.3873933274 50.38
539 247746.2586071861 50.39
540 251073.8043565827 50.4
541 253142.674470971 50.41
542 254851.4667879395 50.42
543 256740.2149912606 50.43
544 258539.6241944041 50.44
545 260433.7932887372 50.45
546 262342.6016053982 50.46
547 264602.4906412876 50.47
548 267038.3775318806 50.48
549 269900.0924187951 50.49
550 273708.5661571153 50.5
551 277711.3262139201 50.51
552 282206.9308387739 50.52
553 287058.2656455649 50.53
554 292604.7059309272 50.54
555 298626.4970933261 50.55
556 304638.2377627317 50.56
557 310900.7595901577 50.57
558 317101.767167606 50.58
559 323445.6994896909 50.59
560 329063.7271691178 50.6
561 335051.7268645598 50.61
562 340505.607021144 50.62
563 345578.5373585843 50.63
564 350142.9025399565 50.64
565 354601.040397378 50.65
566 358448.6290564098 50.66
567 362165.045889488 50.67
568 365617.205543879 50.68
569 368935.2219547859 50.69
570 372215.1645464437 50.7
571 375563.1124239106 50.71
572 378815.8859348946 50.72
573 382378.9336213644 50.73
574 385968.4241760164 50.74
575 389764.0556542096 50.75
576 393419.3971473406 50.76
577 397335.7764054766 50.77
578 401537.9992909812 50.78
579 405709.9869777445 50.79
580 410195.4964178094 50.8
581 414785.8175833811 50.81
582 419468.394470994 50.82
583 423915.9935163794 50.83
584 428207.8279044741 50.84
585 432507.4984730181 50.85
586 436866.541114494 50.86
587 440968.5608182834 50.87
588 445330.6213033223 50.88
589 449102.766874783 50.89
590 453133.6934256991 50.9
591 457116.8311129359 50.91
592 461216.1278192643 50.92
593 465030.5298336365 50.93
594 469023.7134107069 50.94
595 472938.8543446998 50.95
596 476878.9992827261 50.96
597 480890.5643055839 50.97
598 484903.9389192546 50.98
599 489057.4135171471 50.99
600 493383.9653255892 51
601 497656.2357915322 51.01
602 501992.8322838666 51.02
603 506246.810894781 51.03
604 510583.4319448353 51.04
605 514860.9977591143 51.05
606 519192.0325207114 51.06
607 523372.6589250267 51.07
608 527435.5244851627 51.08
609 531580.0818297009 51.09
610 535671.6876302434 51.1
611 539548.3894299428 51.11
612 543200.9402547696 51.12
613 546843.2224415686 51.13
614 550388.1342520308 51.14
615 553811.4497598502 51.15
616 557419.6922815216 51.16
617 561021.6266654509 51.17
618 564825.4839599247 51.18
619 568522.5242824689 51.19
620 572168.5261062247 51.2
621 575868.7839549703 51.21
622 579598.8469313298 51.22
623 583315.6737455651 51.23
624 587191.7955115732 51.24
625 590965.0927162027 51.25
626 594711.3756640083 51.26
627 598551.6448421334 51.27
628 602368.8836059473 51.28
629 606302.83879522 51.29
630 610130.5780198398 51.3
631 614152.6306536631 51.31
632 617967.2966546057 51.32
633 621805.4064056703 51.33
634 625734.1455612389 51.34
635 629436.1490984499 51.35
636 633059.8214170475 51.36
637 636781.7294042967 51.37
638 640603.4085286253 51.38
639 644412.9254872834 51.39
640 648354.8741677519 51.4
641 652147.9631567897 51.41
642 656064.6650690566 51.42
643 659520.0079461569 51.43
644 663295.1298344251 51.44
645 667055.6543527071 51.45
646 670845.845455704 51.46
647 674820.7109226353 51.47
648 678491.345714532 51.48
649 682235.3289521277 51.49
650 686063.892900985 51.5
651 689755.2559649133 51.51
652 693491.7934967859 51.52
653 697232.6318463844 51.53
654 700910.26394622 51.54
655 704546.0575654724 51.55
656 708221.6315686704 51.56
657 711908.6511356541 51.57
658 715437.6612995832 51.58
659 718909.2037878049 51.59
660 722812.771547265 51.6
661 726371.5278127256 51.61
662 730061.1050588534 51.62
663 733792.0819502495 51.63
664 737440.400007283 51.64
665 741046.142961058 51.65
666 744562.0395897534 51.66
667 748308.2599338201 51.67
668 751983.2269947246 51.68
669 755519.7027903158 51.69
670 759295.2638525775 51.7
671 763052.5539158725 51.71
672 766745.3197540515 51.72
673 770465.1638917966 51.73
674 774116.5601701803 51.74
675 777768.9859752129 51.75
676 781592.5266711403 51.76
677 785249.7167177266 51.77
678 788791.3331749878 51.78
679 792401.4885424711 51.79
680 795893.4335320708 51.8
681 799440.124309002 51.81
682 803022.2090504408 51.82
683 806541.7874147362 51.83
684 810067.3845094751 51.84
685 813660.8193252165 51.85
686 817242.4774090403 51.86
687 820851.6541183351 51.87
688 824415.0043580182 51.88
689 827997.4269777356 51.89
690 831651.7198828012 51.9
691 835355.4059780152 51.91
692 839075.3396597274 51.92
693 842700.836510959 51.93
694 846271.6891558575 51.94
695 849857.7809698951 51.95
696 853304.1313787536 51.96
697 856938.2301787543 51.97
698 860522.1159106999 51.98
699 863869.9642299089 51.99
700 867498.5232045273 52
701 871132.7930579623 52.01
702 874766.6151267437 52.02
703 878343.7860813374 52.03
704 881887.2137969717 52.04
705 885547.7017138207 52.05
706 889081.2134418536 52.06
707 892203.0857504123 52.07
708 895785.1820474927 52.08
709 899230.6729979783 52.09
710 902811.3967077754 52.1
711 906498.8564804235 52.11
712 910093.4559767903 52.12
713 913611.0138537971 52.13
714 917070.2917276121 52.14
715 920722.4316126637 52.15
716 924122.8644322759 52.16
717 927697.1968426517 52.17
718 930906.7118983533 52.18
719 934073.601544555 52.19
720 937429.2943265333 52.2
721 941090.777605875 52.21
722 944999.0518295299 52.22
723 947989.7856173497 52.23
724 951682.9678745043 52.24
725 955267.6327044053 52.25
726 958481.4698048254 52.26
727 961856.4519464044 52.27
728 965639.8648748094 52.28
729 969001.3342163907 52.29
730 972588.4697950921 52.3
731 976109.5536826738 52.31
732 979449.9626838564 52.32
733 982704.5880745833 52.33
734 986157.3386060054 52.34
735 989726.8451172614 52.35
736 993315.4184888947 52.36
737 996778.3204590552 52.37
738 1000211.080080153 52.38
739 1003683.629126176 52.39
740 1006980.029864247 52.4
741 1010309.695819915 52.41
742 1013864.097293627 52.42
743 1017145.546127389 52.43
744 1020310.908894062 52.44
745 1024026.120969933 52.45
746 1027252.757768296 52.46
747 1030727.754465956 52.47
748 1034467.450291678 52.48
749 1037890.041568472 52.49
750 1041181.644737212 52.5
751 1044628.572682669 52.51
752 1048433.081567812 52.52
753 1051705.574064724 52.53
754 1055328.989181729 52.54
755 1058768.46415221 52.55
756 1062132.550038068 52.56
757 1065462.688778856 52.57
758 1068910.056294051 52.58
759 1072304.727322456 52.59
760 1075696.843039807 52.6
761 1079260.97421941 52.61
762 1082626.801415605 52.62
763 1086018.505760433 52.63
764 1089385.355554252 52.64
765 1092808.200262523 52.65
766 1096146.031723347 52.66
767 1099161.964004315 52.67
768 1102946.68501279 52.68
769 1106227.551472223 52.69
770 1109194.217178861 52.7
771 1112745.045968922 52.71
772 1116088.40145123 52.72
773 1119029.17128337 52.73
774 1122277.703462875 52.74
775 1125780.382211904 52.75
776 1129004.103680588 52.76
777 1132324.248981466 52.77
778 1135813.930370841 52.78
779 1139361.690255067 52.79
780 1143019.011390649 52.8
781 1146656.36180482 52.81
782 1150362.514335879 52.82
783 1153885.151997855 52.83
784 1157281.914516812 52.84
785 1160975.925043137 52.85
786 1164431.461778031 52.86
787 1166959.406473703 52.87
788 1169655.503753532 52.88
789 1172633.710552996 52.89
790 1175856.577834315 52.9
791 1179362.610423543 52.91
792 1182996.208721629 52.92
793 1186835.943647886 52.93
794 1190853.047821464 52.94
795 1194868.279906691 52.95
796 1198637.591716818 52.96
797 1202441.365884586 52.97
798 1206193.660928247 52.98
799 1209772.929369479 52.99
800 1213336.970406684 53
801 1216493.428955698 53.01
802 1219513.231709828 53.02
803 1222878.513653327 53.03
804 1225614.119077541 53.04
805 1228745.543282953 53.05
806 1231568.523648094 53.06
807 1234587.796867506 53.07
808 1237730.339410836 53.08
809 1240975.107162827 53.09
810 1244256.671621347 53.1
811 1247517.406320777 53.11
812 1250924.754582621 53.12
813 1254306.37695623 53.13
814 1256853.752196157 53.14
815 1259286.709726555 53.15
816 1262076.081676738 53.16
817 1264779.98830444 53.17
818 1267775.068016667 53.18
819 1271094.243026135 53.19
820 1274640.176056755 53.2
821 1278171.153852267 53.21
822 1281682.306725126 53.22
823 1285256.72092952 53.23
824 1288845.189615261 53.24
825 1292125.757208827 53.25
826 1295318.340447686 53.26
827 1298399.925468141 53.27
828 1301334.48856424 53.28
829 1304489.723175046 53.29
830 1307866.116051774 53.3
831 1311547.667636758 53.31
832 1315200.026714802 53.32
833 1318880.989634135 53.33
834 1324178.101272751 53.34
835 1327212.520802314 53.35
836 1333798.473783136 53.36
837 1334068.865626964 53.37
838 1336010.613329842 53.38
839 1337619.31502006 53.39
840 1339124.88840871 53.4
841 1340790.618876028 53.41
842 1342848.138145183 53.42
843 1344804.483889333 53.43
844 1347943.990438302 53.44
845 1351586.951034766 53.45
846 1355824.317547879 53.46
847 1360406.339264639 53.47
848 1365126.366514926 53.48
849 1369161.916724627 53.49
850 1373565.507448548 53.5
851 1377070.856002286 53.51
852 1380408.42613393 53.52
853 1383280.470201834 53.53
854 1386068.817586233 53.54
855 1389036.720831393 53.55
856 1391790.96848616 53.56
857 1394489.898048502 53.57
858 1397345.58553722 53.58
859 1400538.271496717 53.59
860 1403906.662317182 53.6
861 1407386.330933545 53.61
862 1411032.188254168 53.62
863 1414740.005911378 53.63
864 1418177.018782586 53.64
865 1421401.087221378 53.65
866 1424721.6196872 53.66
867 1428190.767784917 53.67
868 1431746.333896953 53.68
869 1434729.606344123 53.69
870 1437924.872537131 53.7
871 1441227.100725874 53.71
872 1444586.128208663 53.72
873 1447982.256573057 53.73
874 1451557.812778739 53.74
875 1455322.66851732 53.75
876 1459044.74522194 53.76
877 1462420.332715606 53.77
878 1465714.684261802 53.78
879 1469064.738833107 53.79
880 1472510.720375279 53.8
881 1475969.918623583 53.81
882 1479310.885829641 53.82
883 1482735.936448565 53.83
884 1486132.205975657 53.84
885 1489666.589489132 53.85
886 1491255.788921386 53.86
887 1492352.772117858 53.87
888 1494462.955098025 53.88
889 1497387.255199707 53.89
890 1500664.682692464 53.9
891 1504317.800856746 53.91
892 1508323.337153182 53.92
893 1512168.89386448 53.93
894 1516181.175723656 53.94
895 1520336.52700417 53.95
896 1524060.696173704 53.96
897 1527572.305035976 53.97
898 1530572.404990513 53.98
899 1533560.934927555 53.99
900 1536272.206207911 54
901 1538881.734105152 54.01
902 1541552.254311598 54.02
903 1544158.056015798 54.03
904 1546901.725120546 54.04
905 1549641.87857869 54.05
906 1552640.235987517 54.06
907 1555502.974799042 54.07
908 1558601.999740353 54.08
909 1561850.691978601 54.09
910 1565255.728990778 54.1
911 1568489.775452172 54.11
912 1572031.258077489 54.12
913 1575397.299108737 54.13
914 1578841.730541774 54.14
915 1582203.426544583 54.15
916 1585513.033424344 54.16
917 1589014.048528906 54.17
918 1592330.714000819 54.18
919 1595713.572372749 54.19
920 1599108.61928393 54.2
921 1602234.17825937 54.21
922 1605320.213302422 54.22
923 1608532.87005488 54.23
924 1611905.928477529 54.24
925 1615070.027308848 54.25
926 1618376.890501421 54.26
927 1621992.481745193 54.27
928 1625713.60232172 54.28
929 1629219.093786755 54.29
930 1632857.710206242 54.3
931 1636484.373204391 54.31
932 1640013.267387171 54.32
933 1643468.064202859 54.33
934 1647320.379480118 54.34
935 1649821.122783187 54.35
936 1651825.717209436 54.36
937 1654455.893666991 54.37
938 1656966.169840785 54.38
939 1659654.014958236 54.39
940 1662821.213701074 54.4
941 1665970.729396148 54.41
942 1669388.51034536 54.42
943 1672821.446682491 54.43
944 1676743.921999986 54.44
945 1680528.16146342 54.45
946 1684361.083592773 54.46
947 1688068.467462068 54.47
948 1690841.791680187 54.48
949 1693516.906593608 54.49
950 1696671.294646502 54.5
951 1700247.27877413 54.51
952 1703494.971577151 54.52
953 1705966.969300704 54.53
954 1709117.676292928 54.54
955 1712483.496297894 54.55
956 1715735.309135789 54.56
957 1719095.727611629 54.57
958 1722364.16254713 54.58
959 1725529.233852385 54.59
960 1728719.312431178 54.6
961 1732063.600510739 54.61
962 1735449.500952799 54.62
963 1738851.195492035 54.63
964 1742329.64363684 54.64
965 1745616.880332676 54.65
966 1748944.477595157 54.66
967 1752248.311069713 54.67
968 1754302.399395115 54.68
969 1756406.858190087 54.69
970 1758929.662502596 54.7
971 1761708.829382387 54.71
972 1764735.620643971 54.72
973 1768027.175202509 54.73
974 1771446.218760971 54.74
975 1774885.681412484 54.75
976 1778546.217095972 54.76
977 1782253.805283323 54.77
978 1785998.233612342 54.78
979 1789744.035081612 54.79
980 1793296.296158151 54.8
981 1796503.550921328 54.81
982 1799833.040071652 54.82
983 1802769.98893702 54.83
984 1805792.898099501 54.84
985 1808861.676269232 54.85
986 1811873.661349743 54.86
987 1814969.953402661 54.87
988 1818063.706118452 54.88
989 1821114.65713527 54.89
990 1824349.241143774 54.9
991 1827559.303091928 54.91
992 1831180.904011929 54.92
993 1834823.988212204 54.93
994 1838626.958806088 54.94
995 1842546.520272069 54.95
996 1846464.619264585 54.96
997 1850085.463275067 54.97
998 1853938.48824941 54.98
999 1856935.449504018 54.99
1000 1860217.786710843 55
1001 -2.830436077386058 55.01
1002 0 55.02
1003 0 55.03
1004 0 55.04
1005 0 55.05
1006 0 55.06
1007 0 55.07
1008 0 55.08
1009 0 55.09
1010 0 55.1
1011 0 55.11
1012 0 55.12
1013 0 55.13
1014 0 55.14
1015 0 55.15
1016 0 55.16
1017 0 55.17
1018 0 55.18
1019 0 55.19
1020 0 55.2
1021 0 55.21
1022 0 55.22
1023 0 55.23
1024 0 55.24
1025 0 55.25
1026 0 55.26
1027 0 55.27
1028 0 55.28
1029 0 55.29
1030 0 55.3
1031 0 55.31
1032 0 55.32
1033 0 55.33
1034 0 55.34
1035 0 55.35
1036 0 55.36
1037 0 55.37
1038 0 55.38
1039 0 55.39
1040 0 55.4
1041 0 55.41
1042 0 55.42
1043 0 55.43
1044 0 55.44
1045 0 55.45
1046 0 55.46
1047 0 55.47
1048 0 55.48
1049 0 55.49
1050 0 55.5
1051 0 55.51
1052 0 55.52
1053 0 55.53
1054 0 55.54
1055 0 55.55
1056 0 55.56
1057 0 55.57
1058 0 55.58
1059 0 55.59
1060 0 55.6
1061 0 55.61
1062 0 55.62
1063 0 55.63
1064 0 55.64
1065 0 55.65
1066 0 55.66
1067 0 55.67
1068 0 55.68
1069 0 55.69
1070 0 55.7
1071 -2.134653662731172 55.71
1072 -2.079417319560565 55.72
1073 -29.76546860424546 55.73
1074 -46.36927660039917 55.74
1075 -45.20208564141974 55.75
1076 -72.86868639633104 55.76
1077 -117.123440502211 55.77
1078 -128.3346866794093 55.78
1079 -141.4468424490856 55.79
1080 -152.1894322336518 55.8
1081 -182.7272989153307 55.81
1082 -226.0626707463091 55.82
1083 -244.1823200412645 55.83
1084 -281.4794545685208 55.84
1085 -308.684115431928 55.85
1086 -318.2454501702965 55.86
1087 -348.9488244138349 55.87
1088 -358.3640034266135 55.88
1089 -356.2244457593731 55.89
1090 -391.0280053494602 55.9
1091 -388.5037633686707 55.91
1092 -382.9133618645541 55.92
1093 -374.8001192556276 55.93
1094 -366.2783418793035 55.94
1095 -368.9191531453101 55.95
1096 -362.3097711476319 55.96
1097 -365.0458394292966 55.97
1098 -371.2655225831211 55.98
1099 -367.210255278766 55.99
1100 -361.5980756873367 56
1101 -356.5564698848541 56.01
1102 -352.0393567601409 56.02
1103 -347.9154147023175 56.03
1104 -349.5413704763322 56.04
1105 -345.8868670592583 56.05
1106 -344.1173691279013 56.06
1107 -341.3581540158684 56.07
1108 -338.928528380955 56.08
1109 -336.8574640814327 56.09
1110 -343.4290935284953 56.1
1111 -340.4280476772548 56.11
1112 -335.2734261813592 56.12
1113 -333.0312653642307 56.13
1114 -331.5349873765066 56.14
1115 -329.4356188289162 56.15
1116 -328.439750073778 56.16
1117 -327.6215955605225 56.17
1118 -340.6716887253897 56.18
1119 -339.2380902534035 56.19
1120 -338.9408585640331 56.2
1121 -337.9566357485344 56.21
1122 -337.9057300277288 56.22
1123 -340.5291483065474 56.23
1124 -340.6610627406032 56.24
1125 -340.9019375191443 56.25
1126 -341.4751972101878 56.26
1127 -342.041840010522 56.27
1128 -342.5949614611765 56.28
1129 -343.1349438182096 56.29
1130 -342.2851871365926 56.3
1131 -342.0701751813912 56.31
1132 -340.9227793577879 56.32
1133 -341.6183583060765 56.33
1134 -347.378144663231 56.34
1135 -348.2406162210748 56.35
1136 -349.1382939771889 56.36
1137 -350.2303590182541 56.37
1138 -353.7690081251753 56.38
1139 -370.0859556548444 56.39
1140 -376.0595323984732 56.4
1141 -377.0825760974225 56.41
1142 -376.1188019533976 56.42
1143 -378.2655012513908 56.43
1144 -385.025361258747 56.44
1145 -388.8063382012203 56.45
1146 -390.8255695402812 56.46
1147 -392.9366400408334 56.47
1148 -395.7891045291829 56.48
1149 -398.0287890749302 56.49
1150 -400.5468201870468 56.5
1151 -403.5314719396568 56.51
1152 -406.8383785269256 56.52
1153 -413.6681227550687 56.53
1154 -419.8348475478321 56.54
1155 -423.0349992373783 56.55
1156 -426.4810529889392 56.56
1157 -430.3650226647708 56.57
1158 -445.0781342788802 56.58
1159 -451.7929087789886 56.59
1160 -455.7645166225912 56.6
1161 -466.0250447723876 56.61
1162 -474.2208517745406 56.62
1163 -486.1443864379066 56.63
1164 -493.4767508265299 56.64
1165 -497.9663617403525 56.65
1166 -503.1649646084508 56.66
1167 -508.5673007431405 56.67
1168 -516.6856267668318 56.68
1169 -530.0253725922537 56.69
1170 -535.3823796923883 56.7
1171 -540.457234694761 56.71
1172 -558.9483223853224 56.72
1173 -563.983424451567 56.73
1174 -571.1668393515471 56.74
1175 -576.0854697320685 56.75
1176 -586.2395681564826 56.76
1177 -594.2602699131822 56.77
1178 -599.1947483992849 56.78
1179 -603.8732539318656 56.79
1180 -608.7910065841259 56.8
1181 -614.039970821739 56.81
1182 -619.1566373698623 56.82
1183 -623.4012682866302 56.83
1184 -629.8009945093526 56.84
1185 -632.6167296662378 56.85
1186 -634.9468468510835 56.86
1187 -636.6358908719523 56.87
1188 -638.7167188551111 56.88
1189 -640.3258379581169 56.89
1190 -642.4090576514284 56.9
1191 -643.3189408601116 56.91
1192 -644.4790815720509 56.92
1193 -646.1602059067084 56.93
1194 -647.7095059134725 56.94
1195 -648.3642251063869 56.95
1196 -646.6258258042268 56.96
1197 -647.2577941693272 56.97
1198 -647.8300641295218 56.98
1199 -648.4162086536491 56.99
1200 -648.8480844792841 57
1201 -648.5292894491123 57.01
1202 -648.8359187990975 57.02
1203 -649.0779556117182 57.03
1204 -649.2487854270746 57.04
1205 -648.1998879327042 57.05
1206 -648.2067136176088 57.06
1207 -648.1214257540215 57.07
1208 -647.9419846044211 57.08
1209 -647.1309234672199 57.09
1210 -646.7458981930835 57.1
1211 -645.4604446162328 57.11
1212 -644.8187154274714 57.12
1213 -644.058458296293 57.13
1214 -641.32067012586 57.14
1215 -639.4987721161286 57.15
1216 -638.4227426846614 57.16
1217 -637.2423710229891 57.17
1218 -635.9606444621567 57.18
1219 -634.5768780229464 57.19
1220 -633.0901024069557 57.2
1221 -624.9583807407917 57.21
1222 -620.5689504063378 57.22
1223 -608.8550695952247 57.23
1224 -606.0241623546527 57.24
1225 -603.9546548217567 57.25
1226 -601.7551797385597 57.26
1227 -599.3326048867178 57.27
1228 -595.216973172724 57.28
1229 -592.2876274375951 57.29
1230 -586.5700791038834 57.3
1231 -583.609218594502 57.31
1232 -563.9188418423464 57.32
1233 -546.9207067042228 57.33
1234 -530.06796360111 57.34
1235 -512.0358896228536 57.35
1236 -497.1364418797504 57.36
1237 -481.5311213183558 57.37
1238 -454.5012732835653 57.38
1239 -431.8600391774391 57.39
1240 -415.6371839686441 57.4
1241 -397.5919141971262 57.41
1242 -369.1643606831362 57.42
1243 -350.774825930414 57.43
1244 -332.6474100000409 57.44
1245 -315.3323811012194 57.45
1246 -298.9653968785137 57.46
1247 -281.761223229484 57.47
1248 -263.0608924249027 57.48
1249 -239.9081437422615 57.49
1250 -227.7500860719299 57.5
1251 -208.5696776642119 57.51
1252 -197.5318333244911 57.52
1253 -180.8016782461188 57.53
1254 -166.9720541742501 57.54
1255 -158.1587132308961 57.55
1256 -146.776861917232 57.56
1257 -138.2355817054523 57.57
1258 -131.1379653074658 57.58
1259 -122.1335470333942 57.59
1260 -115.1424405821748 57.6
1261 -108.7311671741238 57.61
1262 -103.7291410365162 57.62
1263 -99.15593350079699 57.63
1264 -92.28641486206796 57.64
1265 -88.51612030409508 57.65
1266 -85.19749292483921 57.66
1267 -82.30179708570711 57.67
1268 -79.81421624834834 57.68
1269 -77.77132551343175 57.69
1270 -77.06465209314887 57.7
1271 -82.82547694374193 57.71
1272 -82.6494029173079 57.72
1273 -82.53749427902473 57.73
1274 -90.32309602001656 57.74
1275 -93.66418838699875 57.75
1276 -97.90231487742584 57.76
1277 -99.02312630391341 57.77
1278 -100.4708320844286 57.78
1279 -106.8653098158946 57.79
1280 -110.0608864659504 57.8
1281 -112.1461419038944 57.81
1282 -120.8032087730095 57.82
1283 -128.7443600857653 57.83
1284 -136.3828388636324 57.84
1285 -139.2307625259405 57.85
1286 -142.3883498361548 57.86
1287 -151.2880758898037 57.87
1288 -155.4723726219361 57.88
1289 -162.7482102670321 57.89
1290 -169.3968218076561 57.9
1291 -173.80828776385 57.91
1292 -181.3078834282042 57.92
1293 -190.6594243164401 57.93
1294 -202.0507601125232 57.94
1295 -207.859342553211 57.95
1296 -213.7015238612656 57.96
1297 -221.0398486852341 57.97
1298 -233.6137409272922 57.98
1299 -240.2695762318445 57.99
1300 -254.0152886942493 58
1301 -267.3438750767028 58.01
1302 -277.4046877321201 58.02
1303 -284.6131111597845 58.03
1304 -294.3687551889956 58.04
1305 -304.1600869715508 58.05
1306 -312.9535735830438 58.06
1307 -324.1964589811692 58.07
1308 -332.1528673816264 58.08
1309 -342.9576037866304 58.09
1310 -355.8178047143604 58.1
1311 -364.273242708825 58.11
1312 -373.1704912339563 58.12
1313 -381.8919071461906 58.13
1314 -390.8643838481811 58.14
1315 -400.3381757192494 58.15
1316 -410.2296931112873 58.16
1317 -419.8350966354546 58.17
1318 -433.4078591871694 58.18
1319 -443.6692806345411 58.19
1320 -460.0801754737471 58.2
1321 -473.1493401656364 58.21
1322 -484.02479410187 58.22
1323 -494.5185978652761 58.23
1324 -506.2138556379527 58.24
1325 -518.5917801482668 58.25
1326 -529.5402320438719 58.26
1327 -540.8734957953782 58.27
1328 -551.9057104491615 58.28
1329 -562.8887294955374 58.29
1330 -574.0444515168811 58.3
1331 -585.2545224360149 58.31
1332 -603.1825392976244 58.32
1333 -614.3283398481123 58.33
1334 -625.4258743189558 58.34
1335 -636.5523407683742 58.35
1336 -647.7242639549004 58.36
1337 -658.7292170340889 58.37
1338 -669.1962480205792 58.38
1339 -679.5612575605271 58.39
1340 -689.7954097163698 58.4
1341 -699.8825739956607 58.41
1342 -709.6416662124768 58.42
1343 -718.5112050274296 58.43
1344 -726.7452726672085 58.44
1345 -734.3804924224117 58.45
1346 -741.2459663666341 58.46
1347 -747.1772618584502 58.47
1348 -752.0400151429257 58.48
1349 -755.6964046787988 58.49
1350 -758.013579386577 58.5
1351 -758.9176538558913 58.51
1352 -758.3316367567161 58.52
1353 -756.4265245110918 58.53
1354 -753.1854701338464 58.54
1355 -748.6651075062276 58.55
1356 -742.9284144930926 58.56
1357 -736.1025035131646 58.57
1358 -728.322918772179 58.58
1359 -719.6990780480088 58.59
1360 -710.3191462553253 58.6
1361 -700.0262571749839 58.61
1362 -680.6286738726695 58.62
1363 -669.1859771959007 58.63
1364 -655.2057738392485 58.64
1365 -641.7821404748375 58.65
1366 -627.1869446145614 58.66
1367 -614.1594268619555 58.67
1368 -600.7706464602538 58.68
1369 -587.1251344815323 58.69
1370 -572.9996255140275 58.7
1371 -558.0414029601985 58.71
1372 -541.9376803007663 58.72
1373 -525.0025569744477 58.73
1374 -509.2211219369995 58.74
1375 -492.6043076245991 58.75
1376 -476.3115286270081 58.76
1377 -460.3990979370837 58.77
1378 -446.6968590108849 58.78
1379 -429.2354374421071 58.79
1380 -412.8111273438859 58.8
1381 -396.3169206938328 58.81
1382 -382.9536950587562 58.82
1383 -369.791826197774 58.83
1384 -353.6806250848065 58.84
1385 -335.2146371787521 58.85
1386 -321.9995476636898 58.86
1387 -310.1868589627395 58.87
1388 -298.7581616913378 58.88
1389 -287.7064488547965 58.89
1390 -276.0450402079798 58.9
1391 -265.5607616604069 58.91
1392 -255.4692825451431 58.92
1393 -245.7539528659669 58.93
1394 -235.2908685010663 58.94
1395 -226.326327488229 58.95
1396 -217.1005865632818 58.96
1397 -208.9000507579642 58.97
1398 -199.242591850502 58.98
1399 -193.5472230816526 58.99
1400 -187.4458679491762 59
1401 -181.6276942542253 59.01
1402 -177.6145342856199 59.02
1403 -173.40719868441 59.03
1404 -170.0805399110607 59.04
1405 -169.0355406014181 59.05
1406 -171.5366184838159 59.06
1407 -171.4987594653444 59.07
1408 -172.5054454056808 59.08
1409 -177.4104586523632 59.09
1410 -180.8101912766605 59.1
1411 -183.4594777318967 59.11
1412 -186.9304099005952 59.12
1413 -190.5359913444935 59.13
1414 -196.139256127117 59.14
1415 -201.1286531020883 59.15
1416 -206.405310700007 59.16
1417 -215.2150416542251 59.17
1418 -222.3484748709133 59.18
1419 -228.4011032223748 59.19
1420 -234.7554588283981 59.2
1421 -245.2626534330726 59.21
1422 -251.9982533725625 59.22
1423 -261.6932874263836 59.23
1424 -273.7509908931228 59.24
1425 -283.1249901395419 59.25
1426 -296.4326028115299 59.26
1427 -305.2313191845516 59.27
1428 -313.9251132022141 59.28
1429 -322.9127024481219 59.29
1430 -332.0224580447597 59.3
1431 -343.3008859693115 59.31
1432 -354.4102550855997 59.32
1433 -364.5333057074315 59.33
1434 -374.751928347757 59.34
1435 -387.9067590107404 59.35
1436 -398.6811285860912 59.36
1437 -409.9412718516988 59.37
1438 -421.0498432818084 59.38
1439 -432.1872817026339 59.39
1440 -443.5032202625015 59.4
1441 -455.7272631756088 59.41
1442 -467.1728249814502 59.42
1443 -478.7486650348333 59.43
1444 -490.4112076161517 59.44
1445 -502.1296930704183 59.45
1446 -517.0741221709943 59.46
1447 -529.3683031941654 59.47
1448 -541.0054838414624 59.48
1449 -552.5259352731296 59.49
1450 -564.3794580448501 59.5
1451 -575.59480133331 59.51
1452 -586.4471619333706 59.52
1453 -596.9017085614489 59.53
1454 -606.8051236140154 59.54
1455 -616.0789727049304 59.55
1456 -624.5799321491021 59.56
1457 -632.2070751173364 59.57
1458 -639.5072271765404 59.58
1459 -641.9338056438881 59.59
1460 -646.5635235979138 59.6
1461 -650.0384362533816 59.61
1462 -652.2402825757023 59.62
1463 -652.5976888939 59.63
1464 -651.582825193733 59.64
1465 -649.623467431642 59.65
1466 -646.3331708470157 59.66
1467 -641.8520222264051 59.67
1468 -636.2222993011538 59.68
1469 -628.8350831821691 59.69
1470 -621.0878205193557 59.7
1471 -612.3799439774582 59.71
1472 -602.8233525037836 59.72
1473 -592.5487678175847 59.73
1474 -581.6838665603798 59.74
1475 -570.3346140705228 59.75
1476 -556.7527927741804 59.76
1477 -544.5925838185409 59.77
1478 -532.1325664034266 59.78
1479 -517.8773619919278 59.79
1480 -504.9333997153589 59.8
1481 -490.1076155516224 59.81
1482 -474.6015069018095 59.82
1483 -460.4726891087159 59.83
1484 -447.62750030836 59.84
1485 -434.8708329932162 59.85
1486 -421.6878316796618 59.86
1487 -408.6191160739822 59.87
1488 -396.4616435246198 59.88
1489 -382.1694046559535 59.89
1490 -368.83375851968 59.9
1491 -356.463746853661 59.91
1492 -342.5151317463877 59.92
1493 -331.4761574068052 59.93
1494 -319.2847893678537 59.94
1495 -307.0108665111985 59.95
1496 -296.6059326520154 59.96
1497 -286.4892528423696 59.97
1498 -276.6440304738408 59.98
1499 -267.0690167051796 59.99
1500 -257.3974252196969 60
1501 -248.0957039811968 60.01
1502 -238.6249168689425 60.02
1503 -229.9749566103541 60.03
1504 -220.8266317230041 60.04
1505 -213.0839350095647 60.05
1506 -205.7712059216485 60.06
1507 -199.0725741288324 60.07
1508 -193.0389958625757 60.08
1509 -188.2412926457092 60.09
1510 -183.8855929029129 60.1
1511 -181.538195647992 60.11
1512 -179.8958275543031 60.12
1513 -180.1208490414573 60.13
1514 -180.9034728445409 60.14
1515 -183.7012890994516 60.15
1516 -186.2259600477667 60.16
1517 -189.7987125049405 60.17
1518 -192.6191480390128 60.18
1519 -196.0928256295603 60.19
1520 -200.724615516391 60.2
1521 -204.8990336984999 60.21
1522 -209.3351878216245 60.22
1523 -214.7935772500493 60.23
1524 -224.1237370769101 60.24
1525 -229.5630432941157 60.25
1526 -237.0484174550803 60.26
1527 -243.4695432741926 60.27
1528 -250.0802661462466 60.28
1529 -257.1162329329455 60.29
1530 -264.3531578436066 60.3
1531 -271.9172173765347 60.31
1532 -279.7933336845302 60.32
1533 -293.0220680308754 60.33
1534 -302.9416764020758 60.34
1535 -313.0080638799577 60.35
1536 -324.3541778851728 60.36
1537 -333.6250447131284 60.37
1538 -343.5497834969406 60.38
1539 -353.7727888404581 60.39
1540 -363.5854043229125 60.4
1541 -373.5106771273284 60.41
1542 -383.5657277331052 60.42
1543 -393.8166702193321 60.43
1544 -404.9420938628125 60.44
1545 -415.1973873674119 60.45
1546 -425.4545047414985 60.46
1547 -435.7143789634205 60.47
1548 -445.9239666161457 60.48
1549 -455.8885796983345 60.49
1550 -465.4982906052949 60.5
1551 -474.8154749703228 60.51
1552 -483.7875712465425 60.52
1553 -492.3299463485692 60.53
1554 -500.3950556518865 60.54
1555 -507.904398874193 60.55
1556 -514.7895629652188 60.56
1557 -520.9544570502007 60.57
1558 -526.2602411155696 60.58
1559 -530.5127365757422 60.59
1560 -533.559423001564 60.6
1561 -535.3418176987176 60.61
1562 -535.8777314221782 60.62
1563 -535.2118541789262 60.63
1564 -533.4022571292745 60.64
1565 -530.5106432056509 60.65
1566 -526.631402024096 60.66
1567 -521.8330712693561 60.67
1568 -516.1720785972817 60.68
1569 -509.6688388849936 60.69
1570 -502.4221303635638 60.7
1571 -494.0147551729461 60.71
1572 -485.4413179078565 60.72
1573 -476.3301040576691 60.73
1574 -466.7820844416791 60.74
1575 -455.783354878333 60.75
1576 -443.7605372406611 60.76
1577 -431.4761586535891 60.77
1578 -419.1870582223246 60.78
1579 -408.3147582414043 60.79
1580 -395.5842401644429 60.8
1581 -384.2349114039019 60.81
1582 -371.6136431139281 60.82
1583 -360.1711475081844 60.83
1584 -349.1842304857007 60.84
1585 -337.7997884523252 60.85
1586 -327.0942383280242 60.86
1587 -316.6528819367436 60.87
1588 -303.977963208725 60.88
1589 -292.7506054343214 60.89
1590 -281.4499587384246 60.9
1591 -271.4013629903232 60.91
1592 -261.5353913336727 60.92
1593 -252.3967504194451 60.93
1594 -241.087988497698 60.94
1595 -232.4915280732304 60.95
1596 -224.2098371977893 60.96
1597 -216.2467451486731 60.97
1598 -208.6113060932538 60.98
1599 -201.341385324864 60.99
1600 -194.4915408913105 61
1601 -188.1114017340237 61.01
1602 -182.256559287994 61.02
1603 -177.0247499840003 61.03
1604 -172.5160228037623 61.04
1605 -170.5992221583587 61.05
1606 -168.9476384126099 61.06
1607 -167.0866132416109 61.07
1608 -166.078578885969 61.08
1609 -167.251979426568 61.09
1610 -167.7310361800174 61.1
1611 -169.5689746855212 61.11
1612 -171.7431046941826 61.12
1613 -173.8977724437728 61.13
1614 -176.4856945278574 61.14
1615 -179.847154041491 61.15
1616 -183.2872209630304 61.16
1617 -187.0741077920513 61.17
1618 -193.298538981053 61.18
1619 -198.0500513158649 61.19
1620 -202.740073528849 61.2
1621 -207.8673007886471 61.21
1622 -213.6148971494164 61.22
1623 -221.0897669152687 61.23
1624 -228.1745786591044 61.24
1625 -236.6880771399792 61.25
1626 -243.1268479166985 61.26
1627 -250.8352259591581 61.27
1628 -257.6825741141277 61.28
1629 -266.7422942972665 61.29
1630 -275.5974426636598 61.3
1631 -282.9945134319753 61.31
1632 -290.7161389567124 61.32
1633 -299.0768362065893 61.33
1634 -306.8519080768575 61.34
1635 -314.6511515286935 61.35
1636 -322.4844368537843 61.36
1637 -330.3052951606383 61.37
1638 -338.0765444177445 61.38
1639 -345.7541569175088 61.39
1640 -353.2878830219395 61.4
1641 -362.2230515825343 61.41
1642 -370.5922378515981 61.42
1643 -378.4688658519146 61.43
1644 -384.5352720079947 61.44
1645 -390.147162119111 61.45
1646 -393.6664199564028 61.46
1647 -397.4318594934403 61.47
1648 -400.2048534244383 61.48
1649 -401.9895492675779 61.49
1650 -402.7849802152911 61.5
1651 -402.5993251291595 61.51
1652 -401.4825662480691 61.52
1653 -399.5444177480791 61.53
1654 -396.7995226371685 61.54
1655 -392.0102506451299 61.55
1656 -386.513722697998 61.56
1657 -379.9866502871655 61.57
1658 -374.5712290070483 61.58
1659 -368.6005103849859 61.59
1660 -361.9042396062499 61.6
1661 -354.9749887869023 61.61
1662 -347.6688543866948 61.62
1663 -339.6569473920902 61.63
1664 -331.3993485590177 61.64
1665 -322.5074207235199 61.65
1666 -314.4373458628061 61.66
1667 -305.5090608745218 61.67
1668 -293.5185924390018 61.68
1669 -285.4449063572583 61.69
1670 -277.4275261483117 61.7
1671 -269.4683087849111 61.71
1672 -261.2526494750518 61.72
1673 -253.6186004238306 61.73
1674 -246.1464776143713 61.74
1675 -238.8414793766493 61.75
1676 -231.725366050579 61.76
1677 -223.4837580293503 61.77
1678 -216.7748349100234 61.78
1679 -210.3283913167178 61.79
1680 -203.4424353530186 61.8
1681 -197.5200088650088 61.81
1682 -191.8896414210062 61.82
1683 -186.5832780559724 61.83
1684 -181.641533982855 61.84
1685 -177.1057747268058 61.85
1686 -173.7014219100936 61.86
1687 -170.1305387111137 61.87
1688 -168.421635339502 61.88
1689 -166.0156244959586 61.89
1690 -164.1891773898328 61.9
1691 -162.9070560770444 61.91
1692 -162.1367074238286 61.92
1693 -161.8710182024292 61.93
1694 -162.483627553474 61.94
1695 -163.182244941328 61.95
1696 -164.3538541361985 61.96
1697 -165.9336812869389 61.97
1698 -167.9042736835346 61.98
1699 -170.2255949112723 61.99
1700 -172.8975541476543 62
1701 -176.2872772539137 62.01
1702 -179.6283132583386 62.02
1703 -183.252460397447 62.03
1704 -188.9658850072337 62.04
1705 -193.1315712464344 62.05
1706 -198.1605467107736 62.06
1707 -203.3278671190326 62.07
1708 -209.3699484530426 62.08
1709 -216.3303037986929 62.09
1710 -221.8141879726655 62.1
1711 -227.3021882589922 62.11
1712 -232.900336719311 62.12
1713 -238.529749152365 62.13
1714 -244.1991057700952 62.14
1715 -252.2418404467273 62.15
1716 -257.9269062234183 62.16
1717 -263.6092749418208 62.17
1718 -269.2680382972591 62.18
1719 -274.8910464628363 62.19
1720 -283.2049254410561 62.2
1721 -291.015994661705 62.21
1722 -296.8317593444013 62.22
1723 -301.7188557853052 62.23
1724 -306.25725981842 62.24
1725 -310.3436006482503 62.25
1726 -313.8648332151578 62.26
1727 -317.5597695394441 62.27
1728 -320.2089507684594 62.28
1729 -321.684988202627 62.29
1730 -322.4527575797657 62.3
1731 -320.7658227027314 62.31
1732 -320.1691475300164 62.32
1733 -318.9506754427544 62.33
1734 -315.9092462343301 62.34
1735 -310.6881170948971 62.35
1736 -307.9295416266705 62.36
1737 -304.7110797630563 62.37
1738 -299.9901719242037 62.38
1739 -295.9369829087384 62.39
1740 -291.5150298836616 62.4
1741 -285.7247142467429 62.41
1742 -279.6365004055779 62.42
1743 -274.3155598243911 62.43
1744 -268.7666729945967 62.44
1745 -263.0305170912055 62.45
1746 -257.1583602900687 62.46
1747 -250.3311620250634 62.47
1748 -244.3435096319237 62.48
1749 -238.3546478361389 62.49
1750 -232.3506592670255 62.5
1751 -226.3544677643152 62.51
1752 -217.3577448593757 62.52
1753 -211.5028367014409 62.53
1754 -205.7269172199358 62.54
1755 -200.0372647984659 62.55
1756 -194.3809952558438 62.56
1757 -189.0099474666662 62.57
1758 -183.6761264618136 62.58
1759 -178.2020817618785 62.59
1760 -172.9938440403608 62.6
1761 -168.2112873326023 62.61
1762 -163.3411000635598 62.62
1763 -159.0085786612448 62.63
1764 -154.9347533526496 62.64
1765 -151.1644182590161 62.65
1766 -147.7516790965192 62.66
1767 -144.7507602127781 62.67
1768 -142.2044781408321 62.68
1769 -140.1139984936162 62.69
1770 -138.487002611141 62.7
1771 -137.2967373090084 62.71
1772 -136.8246639376275 62.72
1773 -136.6751142388986 62.73
1774 -137.0225207104624 62.74
1775 -137.4570530829091 62.75
1776 -138.2579620845723 62.76
1777 -139.5982402797561 62.77
1778 -141.0924094666053 62.78
1779 -142.8788400100587 62.79
1780 -144.9022330587407 62.8
1781 -147.1773898202334 62.81
1782 -149.7020677353717 62.82
1783 -154.2322226794989 62.83
1784 -157.244513385331 62.84
1785 -160.4334538989684 62.85
1786 -163.8233626033813 62.86
1787 -167.4125273418294 62.87
1788 -172.6723669598473 62.88
1789 -176.7443193570905 62.89
1790 -180.8740066136752 62.9
1791 -185.1611953682953 62.91
1792 -190.1127241276392 62.92
1793 -195.4540436923694 62.93
1794 -201.4342270999196 62.94
1795 -206.0780983630282 62.95
1796 -210.7351357769745 62.96
1797 -218.5409170199933 62.97
1798 -223.8583872074506 62.98
1799 -228.3813214323692 62.99
1800 -233.0075259799232 63
1801 -238.4666715304028 63.01
1802 -242.5576628879322 63.02
1803 -245.9467049210508 63.03
1804 -248.9999359946159 63.04
1805 -251.6788679003589 63.05
1806 -253.8423367788367 63.06
1807 -255.4986149735382 63.07
1808 -256.061028822313 63.08
1809 -255.6732334266458 63.09
1810 -255.9229184198376 63.1
1811 -255.7418730794234 63.11
1812 -255.1144211244101 63.12
1813 -254.0667941274847 63.13
1814 -252.6280650754411 63.14
1815 -250.8155742407802 63.15
1816 -248.641758660948 63.16
1817 -246.1225629572735 63.17
1818 -242.9818114801517 63.18
1819 -239.8178682015501 63.19
1820 -235.5063088197803 63.2
1821 -231.7859736488985 63.21
1822 -226.769802609769 63.22
1823 -222.6264223243259 63.23
1824 -218.3198869139368 63.24
1825 -213.8761930928227 63.25
1826 -209.3321559248925 63.26
1827 -204.7376594331477 63.27
1828 -200.1267720252116 63.28
1829 -195.5201143145421 63.29
1830 -190.9355292242618 63.3
1831 -186.3905236085755 63.31
1832 -181.9046399434965 63.32
1833 -176.1795716587816 63.33
1834 -170.4453693154403 63.34
1835 -166.2224292497561 63.35
1836 -162.0933205948377 63.36
1837 -158.0785955564424 63.37
1838 -152.2155242792033 63.38
1839 -148.3994486860996 63.39
1840 -144.751234034606 63.4
1841 -141.0367532242071 63.41
1842 -137.7526038468063 63.42
1843 -134.6835173370979 63.43
1844 -131.8643035773754 63.44
1845 -129.3193973597184 63.45
1846 -127.0691245194092 63.46
1847 -125.1177883589614 63.47
1848 -123.4652027658437 63.48
1849 -122.1170361729966 63.49
1850 -121.0851740637004 63.5
1851 -120.5995227030078 63.51
1852 -120.1723678336268 63.52
1853 -120.0299566422733 63.53
1854 -120.166200271809 63.54
1855 -120.5856186290723 63.55
1856 -121.2845691045439 63.56
1857 -122.2447714014803 63.57
1858 -123.4199709084312 63.58
1859 -126.6811549255354 63.59
1860 -129.1633196293806 63.6
1861 -131.4220867003381 63.61
1862 -133.4086752499747 63.62
1863 -135.5150144248984 63.63
1864 -137.7992035347344 63.64
1865 -140.2680256182882 63.65
1866 -144.256584749769 63.66
1867 -147.024451722148 63.67
1868 -149.9436244266738 63.68
1869 -152.9876016029867 63.69
1870 -156.1540243021914 63.7
1871 -159.5227632036668 63.71
1872 -163.0082622747524 63.72
1873 -166.3544106023044 63.73
1874 -169.696027074272 63.74
1875 -173.0179365825041 63.75
1876 -176.303131372083 63.76
1877 -179.5351349617276 63.77
1878 -183.4128491307195 63.78
1879 -186.4140687246454 63.79
1880 -189.1930042497085 63.8
1881 -191.6996295447103 63.81
1882 -195.4793220079224 63.82
1883 -199.4380301072274 63.83
1884 -200.8065289953836 63.84
1885 -199.8050586100709 63.85
1886 -200.0674041915379 63.86
1887 -200.2068845041966 63.87
1888 -198.5722232922012 63.88
1889 -197.1782692383044 63.89
1890 -196.1628017582008 63.9
1891 -194.8014484880573 63.91
1892 -193.1110521538497 63.92
1893 -191.1113704630258 63.93
1894 -188.8226454710764 63.94
1895 -186.2675967374559 63.95
1896 -183.4725546503346 63.96
1897 -180.4661917380748 63.97
1898 -177.2756869193898 63.98
1899 -173.9298263866196 63.99
1900 -170.4539024564532 64
1901 -166.8271273826216 64.01000000000001
1902 -163.2142653201205 64.02
1903 -159.5779873828622 64.03
1904 -155.9395587223806 64.04000000000001
1905 -152.3123798328092 64.05
1906 -148.7126275083165 64.06
1907 -145.1595308432836 64.06999999999999
1908 -141.6659408253254 64.08
1909 -138.0233124694626 64.09
1910 -134.6872734704237 64.09999999999999
1911 -131.4089174765583 64.11
1912 -127.0275615723584 64.12
1913 -124.0361295103637 64.13
1914 -121.1862827182023 64.14
1915 -118.4915860078116 64.15000000000001
1916 -114.9199802323759 64.16
1917 -112.6045233861709 64.17
1918 -110.5037730285176 64.18000000000001
1919 -109.6720489080643 64.19
1920 -108.039366339566 64.2
1921 -106.6551911823766 64.21000000000001
1922 -105.5236434653466 64.22
1923 -104.6468067130054 64.23
1924 -105.2518365751477 64.23999999999999
1925 -104.8825038406208 64.25
1926 -104.762244888312 64.26000000000001
1927 -104.88651474649 64.27
1928 -105.2514061571262 64.28
1929 -106.0628304145383 64.29000000000001
1930 -106.8900992035049 64.3
1931 -107.9620078589079 64.31
1932 -109.1930671407375 64.31999999999999
1933 -110.6175013315729 64.33
1934 -112.2267268503833 64.34
1935 -114.016557572155 64.34999999999999
1936 -115.9746527518954 64.36
1937 -118.0875914192448 64.37
1938 -120.3461758558095 64.38
1939 -122.7399629252971 64.39
1940 -125.3543196104492 64.40000000000001
1941 -127.9762253187174 64.41
1942 -130.9266928989627 64.42
1943 -134.4845025656069 64.43000000000001
1944 -139.9410034752348 64.44
1945 -142.8296182307684 64.45
1946 -145.7074271259303 64.46000000000001
1947 -148.5746478728474 64.47
1948 -151.3814742289393 64.48
1949 -154.1106765798239 64.48999999999999
1950 -156.9686953673483 64.5
1951 -159.4949200986581 64.51000000000001
1952 -161.8745429639811 64.52
1953 -166.5346881911067 64.53
1954 -168.5158025627283 64.54000000000001
1955 -170.2069974034386 64.55
1956 -171.5985789287963 64.56
1957 -172.691991495621 64.56999999999999
1958 -173.4103021049547 64.58
1959 -173.8127836272039 64.59
1960 -173.859806888915 64.59999999999999
1961 -173.3068315484567 64.61
1962 -170.6443002475183 64.62
1963 -170.0244974430007 64.63
1964 -169.2742446153489 64.64
1965 -168.5164879441321 64.65000000000001
1966 -167.81818733108 64.66
1967 -166.9446351962041 64.67
1968 -168.6746169577898 64.68000000000001
1969 -167.7575075069502 64.69
1970 -166.6252835186605 64.7
1971 -164.386359279101 64.71000000000001
1972 -159.165027805416 64.72
1973 -157.0771233557388 64.73
1974 -155.1863599942936 64.73999999999999
1975 -153.4306000865639 64.75
1976 -151.7052625638649 64.76000000000001
1977 -149.9918413371086 64.77
1978 -148.6622499515649 64.78
1979 -147.5883187626269 64.79000000000001
1980 -148.2580708807958 64.8
1981 -147.4303354841836 64.81
1982 -145.9857950723233 64.81999999999999
1983 -144.5285817420332 64.83
1984 -143.1835222397166 64.84
1985 -140.498771053442 64.84999999999999
1986 -138.3936934257055 64.86
1987 -137.5647154398463 64.87
1988 -137.0444316772688 64.88
1989 -139.1088236001061 64.89
1990 -139.5315797349203 64.90000000000001
1991 -140.6879806698606 64.91
1992 -141.5973598191458 64.92
1993 -143.2543394256843 64.93000000000001
1994 -145.1895522467408 64.94
1995 -148.9103614770149 64.95
1996 -152.458821833691 64.96000000000001
1997 -154.5443824310658 64.97
1998 -156.598855392942 64.98
1999 -158.8627322346652 64.98999999999999
2000 -160.8085591843942 65
