"vazao-mass-porta"
"Time Step" "vazao-mass-porta etc.."
("Time Step" "vazao-mass-porta" "flow-time")
0 0.02090708516238086 0
1 0 0.1
2 0 0.2
3 0 0.3
4 0 0.4
5 0 0.5
6 0 0.6000000000000001
7 0 0.7000000000000001
8 0 0.8
9 0 0.9
10 0 1
11 0 1.1
12 0 1.2
13 0 1.3
14 0 1.4
15 0 1.5
16 0 1.6
17 0 1.7
18 0 1.8
19 0 1.9
20 0 2
21 0 2.1
22 0 2.2
23 0 2.3
24 0 2.4
25 0 2.5
26 0 2.6
27 0 2.7
28 0 2.8
29 0 2.9
30 0 3
31 0 3.1
32 0 3.2
33 0 3.3
34 0 3.4
35 0 3.5
36 0 3.6
37 0 3.7
38 0 3.8
39 0 3.9
40 0 4
41 0 4.100000000000001
42 0 4.2
43 0 4.3
44 0 4.4
45 0 4.5
46 0 4.600000000000001
47 0 4.7
48 0 4.800000000000001
49 0 4.9
50 0 5
51 0 5.100000000000001
52 0 5.2
53 0 5.300000000000001
54 0 5.4
55 0 5.5
56 0 5.600000000000001
57 0 5.7
58 0 5.800000000000001
59 0 5.9
60 0 6
61 0 6.100000000000001
62 0 6.2
63 0 6.300000000000001
64 0 6.4
65 0 6.5
66 0 6.600000000000001
67 0 6.7
68 0 6.800000000000001
69 0 6.9
70 0 7
71 0 7.100000000000001
72 0 7.2
73 0 7.300000000000001
74 0 7.4
75 0 7.5
76 0 7.600000000000001
77 0 7.7
78 0 7.800000000000001
79 0 7.9
80 0 8
81 0 8.1
82 0 8.200000000000001
83 0 8.300000000000001
84 0 8.4
85 0 8.5
86 0 8.6
87 0 8.700000000000001
88 0 8.800000000000001
89 0 8.9
90 0 9
91 0 9.1
92 0 9.200000000000001
93 0 9.300000000000001
94 0 9.4
95 0 9.5
96 0 9.600000000000001
97 0 9.700000000000001
98 0 9.800000000000001
99 0 9.9
100 0 10
101 0 10.1
102 0 10.2
103 0 10.3
104 0 10.4
105 0 10.5
106 0 10.6
107 0 10.7
108 0 10.8
109 0 10.9
110 0 11
111 0 11.1
112 0 11.2
113 0 11.3
114 0 11.4
115 0 11.5
116 0 11.6
117 0 11.7
118 0 11.8
119 0 11.9
120 0 12
121 0 12.1
122 0 12.2
123 0 12.3
124 0 12.4
125 0 12.5
126 0 12.6
127 0 12.7
128 0 12.8
129 0 12.9
130 0 13
131 0 13.1
132 0 13.2
133 0 13.3
134 0 13.4
135 0 13.5
136 0 13.6
137 0 13.7
138 0 13.8
139 0 13.9
140 0 14
141 0 14.1
142 0 14.2
143 0 14.3
144 0 14.4
145 0 14.5
146 0 14.6
147 0 14.7
148 0 14.8
149 0 14.9
150 0 15
151 0 15.1
152 0 15.2
153 0 15.3
154 0 15.4
155 0 15.5
156 0 15.6
157 0 15.7
158 0 15.8
159 0 15.9
160 0 16
161 0 16.1
162 0 16.2
163 0 16.3
164 0 16.4
165 0 16.5
166 0 16.6
167 0 16.7
168 0 16.8
169 0 16.9
170 0 17
171 0 17.1
172 0 17.2
173 0 17.3
174 0 17.4
175 0 17.5
176 0 17.6
177 0 17.7
178 0 17.8
179 0 17.9
180 0 18
181 0 18.1
182 0 18.2
183 0 18.3
184 0 18.4
185 0 18.5
186 0 18.6
187 0 18.7
188 0 18.8
189 0 18.9
190 0 19
191 0 19.1
192 0 19.2
193 0 19.3
194 0 19.4
195 0 19.5
196 0 19.6
197 0 19.7
198 0 19.8
199 0 19.9
200 0 20
201 0 20.1
202 0 20.2
203 0 20.3
204 0 20.4
205 0 20.5
206 0 20.6
207 0 20.7
208 0 20.8
209 0 20.9
210 0 21
211 0 21.1
212 0 21.2
213 0 21.3
214 0 21.4
215 0 21.5
216 0 21.6
217 0 21.7
218 0 21.8
219 0 21.9
220 0 22
221 0 22.1
222 0 22.2
223 0 22.3
224 0 22.4
225 0 22.5
226 0 22.6
227 0 22.7
228 0 22.8
229 0 22.9
230 0 23
231 0 23.1
232 0 23.2
233 0 23.3
234 0 23.4
235 0 23.5
236 0 23.6
237 0 23.7
238 0 23.8
239 0 23.9
240 0 24
241 0 24.1
242 0 24.2
243 0 24.3
244 0 24.4
245 0 24.5
246 0 24.6
247 0 24.7
248 0 24.8
249 0 24.9
250 0 25
251 0 25.1
252 0 25.2
253 0 25.3
254 0 25.4
255 0 25.5
256 0 25.6
257 0 25.7
258 0 25.8
259 0 25.9
260 0 26
261 0 26.1
262 0 26.2
263 0 26.3
264 0 26.4
265 0 26.5
266 0 26.6
267 0 26.7
268 0 26.8
269 0 26.9
270 0 27
271 0 27.1
272 0 27.2
273 0 27.3
274 0 27.4
275 0 27.5
276 0 27.6
277 0 27.7
278 0 27.8
279 0 27.9
280 0 28
281 0 28.1
282 0 28.2
283 0 28.3
284 0 28.4
285 0 28.5
286 0 28.6
287 0 28.7
288 0 28.8
289 0 28.9
290 0 29
291 0 29.1
292 0 29.2
293 0 29.3
294 0 29.4
295 0 29.5
296 0 29.6
297 0 29.7
298 0 29.8
299 0 29.9
300 0 30
301 0 30.1
302 0 30.2
303 0 30.3
304 0 30.4
305 0 30.5
306 0 30.6
307 0 30.7
308 0 30.8
309 0 30.9
310 0 31
311 0 31.1
312 0 31.2
313 0 31.3
314 0 31.4
315 0 31.5
316 0 31.6
317 0 31.7
318 0 31.8
319 0 31.9
320 0 32
321 0 32.1
322 0 32.2
323 0 32.3
324 0 32.4
325 0 32.5
326 0 32.6
327 0 32.7
328 0 32.8
329 0 32.9
330 0 33
331 0 33.1
332 0 33.2
333 0 33.3
334 0 33.4
335 0 33.5
336 0 33.6
337 0 33.7
338 0 33.8
339 0 33.9
340 0 34
341 0 34.1
342 0 34.2
343 0 34.3
344 0 34.4
345 0 34.5
346 0 34.6
347 0 34.7
348 0 34.8
349 0 34.9
350 0 35
351 0 35.1
352 0 35.2
353 0 35.3
354 0 35.4
355 0 35.5
356 0 35.6
357 0 35.7
358 0 35.8
359 0 35.9
360 0 36
361 0 36.1
362 0 36.2
363 0 36.3
364 0 36.4
365 0 36.5
366 0 36.6
367 0 36.7
368 0 36.8
369 0 36.9
370 0 37
371 0 37.1
372 0 37.2
373 0 37.3
374 0 37.4
375 0 37.5
376 0 37.6
377 0 37.7
378 0 37.8
379 0 37.9
380 0 38
381 0 38.1
382 0 38.2
383 0 38.3
384 0 38.40000000000001
385 0 38.5
386 0 38.6
387 0 38.7
388 0 38.8
389 0 38.90000000000001
390 0 39
391 0 39.1
392 0 39.2
393 0 39.3
394 0 39.40000000000001
395 0 39.5
396 0 39.6
397 0 39.7
398 0 39.8
399 0 39.90000000000001
400 0 40
401 0 40.1
402 0 40.2
403 0 40.3
404 0 40.40000000000001
405 0 40.5
406 0 40.6
407 0 40.7
408 0 40.8
409 0 40.90000000000001
410 0 41
411 0 41.1
412 0 41.2
413 0 41.3
414 0 41.40000000000001
415 0 41.5
416 0 41.6
417 0 41.7
418 0 41.8
419 0 41.90000000000001
420 0 42
421 0 42.1
422 0 42.2
423 0 42.3
424 0 42.40000000000001
425 0 42.5
426 0 42.6
427 0 42.7
428 0 42.8
429 0 42.90000000000001
430 0 43
431 0 43.1
432 0 43.2
433 0 43.3
434 0 43.40000000000001
435 0 43.5
436 0 43.6
437 0 43.7
438 0 43.8
439 0 43.90000000000001
440 0 44
441 0 44.1
442 0 44.2
443 0 44.3
444 0 44.40000000000001
445 0 44.5
446 0 44.6
447 0 44.7
448 0 44.8
449 0 44.90000000000001
450 0 45
451 0 45.1
452 0 45.2
453 0 45.3
454 0 45.40000000000001
455 0 45.5
456 0 45.6
457 0 45.7
458 0 45.8
459 0 45.90000000000001
460 0 46
461 0 46.1
462 0 46.2
463 0 46.3
464 0 46.40000000000001
465 0 46.5
466 0 46.6
467 0 46.7
468 0 46.8
469 0 46.90000000000001
470 0 47
471 0 47.1
472 0 47.2
473 0 47.3
474 0 47.40000000000001
475 0 47.5
476 0 47.6
477 0 47.7
478 0 47.8
479 0 47.90000000000001
480 0 48
481 0 48.1
482 0 48.2
483 0 48.3
484 0 48.40000000000001
485 0 48.5
486 0 48.6
487 0 48.7
488 0 48.8
489 0 48.90000000000001
490 0 49
491 0 49.1
492 0 49.2
493 0 49.3
494 0 49.40000000000001
495 0 49.5
496 0 49.6
497 0 49.7
498 0 49.8
499 0 49.90000000000001
500 0 50
501 0 50.01
502 0 50.02
503 0 50.03
504 0 50.04
505 0 50.05
506 0 50.06
507 0 50.07
508 0 50.08
509 0 50.09
510 0 50.1
511 0 50.11
512 0 50.12
513 0 50.13
514 0 50.14
515 0 50.15
516 0 50.16
517 0 50.17
518 0 50.18
519 0 50.19
520 0 50.2
521 0 50.21
522 0 50.22
523 0 50.23
524 0 50.24
525 0 50.25
526 0 50.26
527 0 50.27
528 0 50.28
529 0 50.29
530 0 50.3
531 0 50.31
532 0 50.32
533 0 50.33
534 0 50.34
535 0 50.35
536 0 50.36
537 0 50.37
538 0 50.38
539 0 50.39
540 0 50.4
541 0 50.41
542 0 50.42
543 0 50.43
544 0 50.44
545 0 50.45
546 0 50.46
547 0 50.47
548 0 50.48
549 0 50.49
550 0 50.5
551 0 50.51
552 0 50.52
553 0 50.53
554 0 50.54
555 0 50.55
556 0 50.56
557 0 50.57
558 0 50.58
559 0 50.59
560 0 50.6
561 0 50.61
562 0 50.62
563 0 50.63
564 0 50.64
565 0 50.65
566 0 50.66
567 0 50.67
568 0 50.68
569 0 50.69
570 0 50.7
571 0 50.71
572 0 50.72
573 0 50.73
574 0 50.74
575 0 50.75
576 0 50.76
577 0 50.77
578 0 50.78
579 0 50.79
580 0 50.8
581 0 50.81
582 0 50.82
583 0 50.83
584 0 50.84
585 0 50.85
586 0 50.86
587 0 50.87
588 0 50.88
589 0 50.89
590 0 50.9
591 0 50.91
592 0 50.92
593 0 50.93
594 0 50.94
595 0 50.95
596 0 50.96
597 0 50.97
598 0 50.98
599 0 50.99
600 0 51
601 0 51.01
602 0 51.02
603 0 51.03
604 0 51.04
605 0 51.05
606 0 51.06
607 0 51.07
608 0 51.08
609 0 51.09
610 0 51.1
611 0 51.11
612 0 51.12
613 0 51.13
614 0 51.14
615 0 51.15
616 0 51.16
617 0 51.17
618 0 51.18
619 0 51.19
620 0 51.2
621 0 51.21
622 0 51.22
623 0 51.23
624 0 51.24
625 0 51.25
626 0 51.26
627 0 51.27
628 0 51.28
629 0 51.29
630 0 51.3
631 0 51.31
632 0 51.32
633 0 51.33
634 0 51.34
635 0 51.35
636 0 51.36
637 0 51.37
638 0 51.38
639 0 51.39
640 0 51.4
641 0 51.41
642 0 51.42
643 0 51.43
644 0 51.44
645 0 51.45
646 0 51.46
647 0 51.47
648 0 51.48
649 0 51.49
650 0 51.5
651 0 51.51
652 0 51.52
653 0 51.53
654 0 51.54
655 0 51.55
656 0 51.56
657 0 51.57
658 0 51.58
659 0 51.59
660 0 51.6
661 0 51.61
662 0 51.62
663 0 51.63
664 0 51.64
665 0 51.65
666 0 51.66
667 0 51.67
668 0 51.68
669 0 51.69
670 0 51.7
671 0 51.71
672 0 51.72
673 0 51.73
674 0 51.74
675 0 51.75
676 0 51.76
677 0 51.77
678 0 51.78
679 0 51.79
680 0 51.8
681 0 51.81
682 0 51.82
683 0 51.83
684 0 51.84
685 0 51.85
686 0 51.86
687 0 51.87
688 0 51.88
689 0 51.89
690 0 51.9
691 0 51.91
692 0 51.92
693 0 51.93
694 0 51.94
695 0 51.95
696 0 51.96
697 0 51.97
698 0 51.98
699 0 51.99
700 0 52
701 0 52.01
702 0 52.02
703 0 52.03
704 0 52.04
705 0 52.05
706 0 52.06
707 0 52.07
708 0 52.08
709 0 52.09
710 0 52.1
711 0 52.11
712 0 52.12
713 0 52.13
714 0 52.14
715 0 52.15
716 0 52.16
717 0 52.17
718 0 52.18
719 0 52.19
720 0 52.2
721 0 52.21
722 0 52.22
723 0 52.23
724 0 52.24
725 0 52.25
726 0 52.26
727 0 52.27
728 0 52.28
729 0 52.29
730 0 52.3
731 0 52.31
732 0 52.32
733 0 52.33
734 0 52.34
735 0 52.35
736 0 52.36
737 0 52.37
738 0 52.38
739 0 52.39
740 0 52.4
741 0 52.41
742 0 52.42
743 0 52.43
744 0 52.44
745 0 52.45
746 0 52.46
747 0 52.47
748 0 52.48
749 0 52.49
750 0 52.5
751 0 52.51
752 0 52.52
753 0 52.53
754 0 52.54
755 0 52.55
756 0 52.56
757 0 52.57
758 0 52.58
759 0 52.59
760 0 52.6
761 0 52.61
762 0 52.62
763 0 52.63
764 0 52.64
765 0 52.65
766 0 52.66
767 0 52.67
768 0 52.68
769 0 52.69
770 0 52.7
771 0 52.71
772 0 52.72
773 0 52.73
774 0 52.74
775 0 52.75
776 0 52.76
777 0 52.77
778 0 52.78
779 0 52.79
780 0 52.8
781 0 52.81
782 0 52.82
783 0 52.83
784 0 52.84
785 0 52.85
786 0 52.86
787 0 52.87
788 0 52.88
789 0 52.89
790 0 52.9
791 0 52.91
792 0 52.92
793 0 52.93
794 0 52.94
795 0 52.95
796 0 52.96
797 0 52.97
798 0 52.98
799 0 52.99
800 0 53
801 0 53.01
802 0 53.02
803 0 53.03
804 0 53.04
805 0 53.05
806 0 53.06
807 0 53.07
808 0 53.08
809 0 53.09
810 0 53.1
811 0 53.11
812 0 53.12
813 0 53.13
814 0 53.14
815 0 53.15
816 0 53.16
817 0 53.17
818 0 53.18
819 0 53.19
820 0 53.2
821 0 53.21
822 0 53.22
823 0 53.23
824 0 53.24
825 0 53.25
826 0 53.26
827 0 53.27
828 0 53.28
829 0 53.29
830 0 53.3
831 0 53.31
832 0 53.32
833 0 53.33
834 0 53.34
835 0 53.35
836 0 53.36
837 0 53.37
838 0 53.38
839 0 53.39
840 0 53.4
841 0 53.41
842 0 53.42
843 0 53.43
844 0 53.44
845 0 53.45
846 0 53.46
847 0 53.47
848 0 53.48
849 0 53.49
850 0 53.5
851 0 53.51
852 0 53.52
853 0 53.53
854 0 53.54
855 0 53.55
856 0 53.56
857 0 53.57
858 0 53.58
859 0 53.59
860 0 53.6
861 0 53.61
862 0 53.62
863 0 53.63
864 0 53.64
865 0 53.65
866 0 53.66
867 0 53.67
868 0 53.68
869 0 53.69
870 0 53.7
871 0 53.71
872 0 53.72
873 0 53.73
874 0 53.74
875 0 53.75
876 0 53.76
877 0 53.77
878 0 53.78
879 0 53.79
880 0 53.8
881 0 53.81
882 0 53.82
883 0 53.83
884 0 53.84
885 0 53.85
886 0 53.86
887 0 53.87
888 0 53.88
889 0 53.89
890 0 53.9
891 0 53.91
892 0 53.92
893 0 53.93
894 0 53.94
895 0 53.95
896 0 53.96
897 0 53.97
898 0 53.98
899 0 53.99
900 0 54
901 0 54.01
902 0 54.02
903 0 54.03
904 0 54.04
905 0 54.05
906 0 54.06
907 0 54.07
908 0 54.08
909 0 54.09
910 0 54.1
911 0 54.11
912 0 54.12
913 0 54.13
914 0 54.14
915 0 54.15
916 0 54.16
917 0 54.17
918 0 54.18
919 0 54.19
920 0 54.2
921 0 54.21
922 0 54.22
923 0 54.23
924 0 54.24
925 0 54.25
926 0 54.26
927 0 54.27
928 0 54.28
929 0 54.29
930 0 54.3
931 0 54.31
932 0 54.32
933 0 54.33
934 0 54.34
935 0 54.35
936 0 54.36
937 0 54.37
938 0 54.38
939 0 54.39
940 0 54.4
941 0 54.41
942 0 54.42
943 0 54.43
944 0 54.44
945 0 54.45
946 0 54.46
947 0 54.47
948 0 54.48
949 0 54.49
950 0 54.5
951 0 54.51
952 0 54.52
953 0 54.53
954 0 54.54
955 0 54.55
956 0 54.56
957 0 54.57
958 0 54.58
959 0 54.59
960 0 54.6
961 0 54.61
962 0 54.62
963 0 54.63
964 0 54.64
965 0 54.65
966 0 54.66
967 0 54.67
968 0 54.68
969 0 54.69
970 0 54.7
971 0 54.71
972 0 54.72
973 0 54.73
974 0 54.74
975 0 54.75
976 0 54.76
977 0 54.77
978 0 54.78
979 0 54.79
980 0 54.8
981 0 54.81
982 0 54.82
983 0 54.83
984 0 54.84
985 0 54.85
986 0 54.86
987 0 54.87
988 0 54.88
989 0 54.89
990 0 54.9
991 0 54.91
992 0 54.92
993 0 54.93
994 0 54.94
995 0 54.95
996 0 54.96
997 0 54.97
998 0 54.98
999 0 54.99
1000 0 55
1001 -0.4709697958858278 55.01
1002 -0.5256786389080738 55.02
1003 -0.57150503138088 55.03
1004 -0.6284481129871813 55.04
1005 -0.6926095735378598 55.05
1006 -0.7608446174470695 55.06
1007 -0.8324065059623905 55.07
1008 -0.9074812083281603 55.08
1009 -0.9809399741415895 55.09
1010 -1.052852702448102 55.1
1011 -1.122521116165482 55.11
1012 -1.188517315275438 55.12
1013 -1.248927192968898 55.13
1014 -1.302048025857441 55.14
1015 -1.346721254631738 55.15
1016 -1.380857832603284 55.16
1017 -1.402185454976187 55.17
1018 -1.409977760607879 55.18
1019 -1.406204707693524 55.19
1020 -1.39333995081155 55.2
1021 -1.373145247116239 55.21
1022 -1.347510502575194 55.22
1023 -1.317680370649171 55.23
1024 -1.28327248154236 55.24
1025 -1.246420699989764 55.25
1026 -1.208006141770368 55.26
1027 -1.167910159443213 55.27
1028 -1.12639080498333 55.28
1029 -1.084797362669552 55.29
1030 -1.042249185095233 55.3
1031 -0.9999482209558421 55.31
1032 -0.9578032211877242 55.32
1033 -0.9159585275653714 55.33
1034 -0.8750555087466816 55.34
1035 -0.8352303770435126 55.35
1036 -0.7966288538563587 55.36
1037 -0.7507024630613257 55.37
1038 -0.7150074458498747 55.38
1039 -0.6726201919503585 55.39
1040 -0.6391006078570193 55.4
1041 -0.6074834142675938 55.41
1042 -0.5773153506816443 55.42
1043 -0.5484889367969994 55.43
1044 -0.5208887240428699 55.44
1045 -0.4956934671081403 55.45
1046 -0.4691965855914564 55.46
1047 -0.4459719508253855 55.47
1048 -0.4218846928354999 55.48
1049 -0.3999492782542416 55.49
1050 -0.3740333945291061 55.5
1051 -0.355564530790732 55.51
1052 -0.3383840666589835 55.52
1053 -0.3217970481650485 55.53
1054 -0.3050738692636034 55.54
1055 -0.2897784202896919 55.55
1056 -0.2740493384369217 55.56
1057 -0.2603497057788351 55.57
1058 -0.2473731909642282 55.58
1059 -0.2349318773168698 55.59
1060 -0.2224983867740746 55.6
1061 -0.2106720558607315 55.61
1062 -0.1976089641004893 55.62
1063 -0.1868470001785535 55.63
1064 -0.177250919681135 55.64
1065 -0.1682496378162125 55.65
1066 -0.1600594462497769 55.66
1067 -0.152365023667426 55.67
1068 -0.1465738549850843 55.68
1069 -0.1400997765082471 55.69
1070 -0.1324645806489931 55.7
1071 -0.1223454704406077 55.71
1072 -0.1190395521903056 55.72
1073 -0.1141467373203201 55.73
1074 -0.10691205432126 55.74
1075 -0.1000810492917935 55.75
1076 -0.0941544278472114 55.76
1077 -0.08853496497464947 55.77
1078 -0.08305433795223562 55.78
1079 -0.07883497690049235 55.79
1080 -0.07431114743207015 55.8
1081 -0.07083255169081631 55.81
1082 -0.06620751642412948 55.82
1083 -0.06165327684503675 55.83
1084 -0.05869298528451571 55.84
1085 -0.05593010211926481 55.85
1086 -0.05149913959424497 55.86
1087 -0.0491382414499706 55.87
1088 -0.04569301935798104 55.88
1089 -0.04326330679637085 55.89
1090 -0.04066867162582017 55.9
1091 -0.03814162595578677 55.91
1092 -0.03559618289643201 55.92
1093 -0.03333083821640156 55.93
1094 -0.0313412553072519 55.94
1095 -0.02940556777675802 55.95
1096 -0.02758852640678662 55.96
1097 -0.02561937410280043 55.97
1098 -0.0240734366230801 55.98
1099 -0.02279042328126394 55.99
1100 -0.02143395311244072 56
1101 -0.01999649178799059 56.01
1102 -0.01833336319576519 56.02
1103 -0.01733363866453504 56.03
1104 -0.01625747910485141 56.04
1105 -0.01530358972087105 56.05
1106 -0.0140016280549559 56.06
1107 -0.01315890185759521 56.07
1108 -0.01265545132233592 56.08
1109 -0.01205600852072746 56.09
1110 -0.01121751105739434 56.1
1111 -0.01043006898963987 56.11
1112 -0.009867806257932338 56.12
1113 -0.009092589748393888 56.13
1114 -0.008008551386014306 56.14
1115 -0.006954994673960525 56.15
1116 -0.006074260093955709 56.16
1117 -0.005370911858478957 56.17
1118 -0.004464170754672748 56.18
1119 -0.003650726159911571 56.19
1120 -0.002700068696997593 56.2
1121 -0.001817532639032841 56.21
1122 -0.001029111037417992 56.22
1123 -0.00025956798376587 56.23
1124 0.0004281402894967209 56.24
1125 0.001344287732050974 56.25
1126 0.002353666357164412 56.26
1127 0.003309483043112621 56.27
1128 0.004253131122731837 56.28
1129 0.005090989510993082 56.29
1130 0.006097046858029549 56.3
1131 0.007290577636652418 56.31
1132 0.008653014994085004 56.32
1133 0.01017084743008941 56.33
1134 0.01179017258459003 56.34
1135 0.01355310222080816 56.35
1136 0.01554258619651693 56.36
1137 0.01781859322856176 56.37
1138 0.02033288272628046 56.38
1139 0.02290131525183988 56.39
1140 0.02528356587723754 56.4
1141 0.02721384023633388 56.41
1142 0.02856030013978995 56.42
1143 0.03070488182445164 56.43
1144 0.03308291914405891 56.44
1145 0.03600130333588467 56.45
1146 0.0388576204574684 56.46
1147 0.04143717670629318 56.47
1148 0.04350698169339944 56.48
1149 0.0458535568986698 56.49
1150 0.04853704360297878 56.5
1151 0.05164783084018086 56.51
1152 0.05492081071137967 56.52
1153 0.05793375597517234 56.53
1154 0.06063266686132508 56.54
1155 0.06326469733040913 56.55
1156 0.06611374103132008 56.56
1157 0.06935415731525851 56.57
1158 0.07285239206861938 56.58
1159 0.07621185219167075 56.59
1160 0.07913419430246771 56.6
1161 0.08194058594625922 56.61
1162 0.08485889298856139 56.62
1163 0.08818910240940955 56.63
1164 0.09185271291945107 56.64
1165 0.0952663914415896 56.65
1166 0.09847673761254874 56.66
1167 0.1016474698319907 56.67
1168 0.105000073246212 56.68
1169 0.1086124713637412 56.69
1170 0.1123763327241988 56.7
1171 0.1160062705080966 56.71
1172 0.1193710914281772 56.72
1173 0.1225940353468865 56.73
1174 0.1260017474392159 56.74
1175 0.1295809662451114 56.75
1176 0.1331753395493122 56.76
1177 0.1364863622030411 56.77
1178 0.1393897133320783 56.78
1179 0.1422146562694837 56.79
1180 0.1451196816024124 56.8
1181 0.1481032858257268 56.81
1182 0.1506928333612463 56.82
1183 0.1528425529921545 56.83
1184 0.1542047432223022 56.84
1185 0.1552703349462918 56.85
1186 0.1560980420356033 56.86
1187 0.1566025018542606 56.87
1188 0.157270585917262 56.88
1189 0.1576915787631535 56.89
1190 0.1582404683995519 56.9
1191 0.1583342093506694 56.91
1192 0.1584033676979322 56.92
1193 0.1585903853975464 56.93
1194 0.1586966506388532 56.94
1195 0.1587039066032773 56.95
1196 0.1585146101381252 56.96
1197 0.1582895580126717 56.97
1198 0.158001169843433 56.98
1199 0.157740708105902 56.99
1200 0.1574345958638613 57
1201 0.1570769413866864 57.01
1202 0.1566719415464463 57.02
1203 0.156212923499538 57.03
1204 0.1556908202375618 57.04
1205 0.1550698710608662 57.05
1206 0.1544029765812282 57.06
1207 0.1536473185710994 57.07
1208 0.1527614965284877 57.08
1209 0.1518070584149637 57.09
1210 0.1507459962872233 57.1
1211 0.1495771605536837 57.11
1212 0.1482930899078776 57.12
1213 0.1469484457232429 57.13
1214 0.1455413230945327 57.14
1215 0.1440526477661895 57.15
1216 0.1424735462017594 57.16
1217 0.1408630429019888 57.17
1218 0.1392040029730092 57.18
1219 0.1374307119741558 57.19
1220 0.135588580863194 57.2
1221 0.1335824196617662 57.21
1222 0.1314668811463 57.22
1223 0.1292088089872668 57.23
1224 0.1268016389893532 57.24
1225 0.1242413888921613 57.25
1226 0.1215195921984801 57.26
1227 0.1186038209443765 57.27
1228 0.1155471388158892 57.28
1229 0.1122454127737151 57.29
1230 0.1088200448037464 57.3
1231 0.1057428845735225 57.31
1232 0.09466444368495136 57.32
1233 0.08289505428846618 57.33
1234 0.07041191190841106 57.34
1235 0.05749526900442661 57.35
1236 0.04382677285785615 57.36
1237 0.02898478723186824 57.37
1238 0.0129830971396323 57.38
1239 -0.003487350603870101 57.39
1240 -0.0204492183660523 57.4
1241 -0.03759902671063628 57.41
1242 -0.05441593309417172 57.42
1243 -0.07086066389887355 57.43
1244 -0.08720133325184119 57.44
1245 -0.1029210432504322 57.45
1246 -0.1183273953796257 57.46
1247 -0.1330820794639925 57.47
1248 -0.1472307106716895 57.48
1249 -0.1606037934886337 57.49
1250 -0.1732373395418057 57.5
1251 -0.1851317760669954 57.51
1252 -0.1961222548323787 57.52
1253 -0.2063711338590262 57.53
1254 -0.2158304708071937 57.54
1255 -0.2245910352054874 57.55
1256 -0.2323882583732849 57.56
1257 -0.2394525757818921 57.57
1258 -0.2454890009118495 57.58
1259 -0.2506215162213228 57.59
1260 -0.254452362806917 57.6
1261 -0.2574136827644542 57.61
1262 -0.2590960450890744 57.62
1263 -0.2597303393597036 57.63
1264 -0.2594846995985811 57.64
1265 -0.2580707898097467 57.65
1266 -0.2557724812962519 57.66
1267 -0.2527156201130352 57.67
1268 -0.2489483813762728 57.68
1269 -0.2445400118174182 57.69
1270 -0.2395348777626941 57.7
1271 -0.2340298368053144 57.71
1272 -0.2280480553058978 57.72
1273 -0.2216864364931246 57.73
1274 -0.2149838552885842 57.74
1275 -0.2081202143293122 57.75
1276 -0.2010236746459161 57.76
1277 -0.1938578372351532 57.77
1278 -0.1866306839628524 57.78
1279 -0.1792762558467633 57.79
1280 -0.1719435524683602 57.8
1281 -0.1646286927202512 57.81
1282 -0.1572102530526391 57.82
1283 -0.1505769815924963 57.83
1284 -0.1429974278371367 57.84
1285 -0.1360702091689728 57.85
1286 -0.1293434347208983 57.86
1287 -0.1227116820322447 57.87
1288 -0.116465688390116 57.88
1289 -0.1102482471681595 57.89
1290 -0.1042607761316665 57.9
1291 -0.09821988683821767 57.91
1292 -0.09240770175627902 57.92
1293 -0.08665808025355408 57.93
1294 -0.08113510348149811 57.94
1295 -0.07575326611681717 57.95
1296 -0.07043639161709406 57.96
1297 -0.06512649797935788 57.97
1298 -0.059866543544151 57.98
1299 -0.05449517222714065 57.99
1300 -0.04914252451102497 58
1301 -0.04370313535483288 58.01
1302 -0.03827578887247331 58.02
1303 -0.03283021771348577 58.03
1304 -0.02733286142598765 58.04
1305 -0.02181205146418061 58.05
1306 -0.01653575140982302 58.06
1307 -0.01142828866351096 58.07
1308 -0.006254470756044803 58.08
1309 -0.001045366440662471 58.09
1310 0.00426518197580491 58.1
1311 0.009623763798877423 58.11
1312 0.01493771521256884 58.12
1313 0.02008040511892354 58.13
1314 0.02474743721464302 58.14
1315 0.02943976654494169 58.15
1316 0.03449943962597731 58.16
1317 0.03991499957443818 58.17
1318 0.04548301777800468 58.18
1319 0.05089747424258592 58.19
1320 0.05614549693423238 58.2
1321 0.06136280637317805 58.21
1322 0.06654564480528774 58.22
1323 0.07167046686043162 58.23
1324 0.07677010928513908 58.24
1325 0.08183952795551924 58.25
1326 0.08684826302518119 58.26
1327 0.09179477401827667 58.27
1328 0.09653881233418379 58.28
1329 0.10119279808526 58.29
1330 0.1057909538590011 58.3
1331 0.1103296050575784 58.31
1332 0.1147556567929211 58.32
1333 0.1190535181885687 58.33
1334 0.1232722882624664 58.34
1335 0.1274474287324968 58.35
1336 0.1316071591927165 58.36
1337 0.1356497168123323 58.37
1338 0.1393464489212923 58.38
1339 0.1428663552638734 58.39
1340 0.1462288353331203 58.4
1341 0.1494447896696555 58.41
1342 0.1524328697738024 58.42
1343 0.1549284299655447 58.43
1344 0.1570799442103723 58.44
1345 0.1589207791309954 58.45
1346 0.1604049058928141 58.46
1347 0.161425322027043 58.47
1348 0.1619342433579571 58.48
1349 0.1618862102864785 58.49
1350 0.1612527155148286 58.5
1351 0.1600165815380835 58.51
1352 0.1581667676914853 58.52
1353 0.1557064643714201 58.53
1354 0.1526416512217392 58.54
1355 0.1489869969127969 58.55
1356 0.1447610284591603 58.56
1357 0.1399901977508498 58.57
1358 0.1347412819453139 58.58
1359 0.1290369112315648 58.59
1360 0.1228191359057104 58.6
1361 0.116073245935127 58.61
1362 0.10915541464719 58.62
1363 0.1019432643775014 58.63
1364 0.09442742183917155 58.64
1365 0.08649010461267363 58.65
1366 0.07808266465173538 58.66
1367 0.06905029988192296 58.67
1368 0.05955273885836261 58.68
1369 0.0497972915044407 58.69
1370 0.03973972020810788 58.7
1371 0.02947763976185783 58.71
1372 0.01901652524479512 58.72
1373 0.00848154252110659 58.73
1374 -0.002020631926766496 58.74
1375 -0.01261464087261402 58.75
1376 -0.02318269934403062 58.76
1377 -0.03347614662786549 58.77
1378 -0.04354482700109437 58.78
1379 -0.05337386518248492 58.79
1380 -0.06295502293258926 58.8
1381 -0.07224137094651747 58.81
1382 -0.08132056952578147 58.82
1383 -0.08983193891898943 58.83
1384 -0.09775744819975848 58.84
1385 -0.1051263479743783 58.85
1386 -0.1119661957086097 58.86
1387 -0.1183153112454752 58.87
1388 -0.1241598587255074 58.88
1389 -0.1296408987408574 58.89
1390 -0.1346351632175437 58.9
1391 -0.1390008143791548 58.91
1392 -0.1428133518155151 58.92
1393 -0.1460850560526072 58.93
1394 -0.1488326207404592 58.94
1395 -0.1510584518971401 58.95
1396 -0.1527726368107976 58.96
1397 -0.1540159743712688 58.97
1398 -0.1546846004219186 58.98
1399 -0.1548654859285783 58.99
1400 -0.1545172604440145 59
1401 -0.1535787175420392 59.01
1402 -0.1520230583614131 59.02
1403 -0.149868197563101 59.03
1404 -0.1471443880909364 59.04
1405 -0.1439376452699251 59.05
1406 -0.1402670204030057 59.06
1407 -0.1361829304217095 59.07
1408 -0.1317077203852903 59.08
1409 -0.1269352177639101 59.09
1410 -0.1218774302518813 59.1
1411 -0.1165734392490608 59.11
1412 -0.1110955525874067 59.12
1413 -0.1056836167339805 59.13
1414 -0.1000690895711963 59.14
1415 -0.09437716738984554 59.15
1416 -0.08857029111526447 59.16
1417 -0.08263545557683573 59.17
1418 -0.07665193821441284 59.18
1419 -0.0705872629816859 59.19
1420 -0.06439934713304472 59.2
1421 -0.05796623816333642 59.21
1422 -0.05180480320450272 59.22
1423 -0.04526533508027531 59.23
1424 -0.03868531601004654 59.24
1425 -0.03201987581272821 59.25
1426 -0.02525291662442074 59.26
1427 -0.01854842856196667 59.27
1428 -0.01198555219469073 59.28
1429 -0.005426067166915251 59.29
1430 0.001047214368986685 59.3
1431 0.007470300568846096 59.31
1432 0.01377550029555486 59.32
1433 0.01989212391109857 59.33
1434 0.02597526168042261 59.34
1435 0.03196508378139469 59.35
1436 0.03779694314675781 59.36
1437 0.04344090732841571 59.37
1438 0.04888112639749008 59.38
1439 0.05402706384965622 59.39
1440 0.05914686348981398 59.4
1441 0.06416855415519165 59.41
1442 0.06907383836769919 59.42
1443 0.07386108646625342 59.43
1444 0.07854378934000712 59.44
1445 0.0831094075129178 59.45
1446 0.08750236941370554 59.46
1447 0.09173040898395908 59.47
1448 0.0957938152935781 59.48
1449 0.09968774799579203 59.49
1450 0.1033882256152319 59.5
1451 0.1068829779778889 59.51
1452 0.1101495376684778 59.52
1453 0.1131636901403029 59.53
1454 0.1158667752495071 59.54
1455 0.1182425572053708 59.55
1456 0.1202835930025845 59.56
1457 0.1218863763140825 59.57
1458 0.1230465156132807 59.58
1459 0.1237793311086768 59.59
1460 0.1240431589667602 59.6
1461 0.1238217264905435 59.61
1462 0.1230879340315137 59.62
1463 0.1218246967305358 59.63
1464 0.1199889793664417 59.64
1465 0.1175780070281077 59.65
1466 0.1146225680365993 59.66
1467 0.1111261620557047 59.67
1468 0.1071078854843167 59.68
1469 0.1025885092447402 59.69
1470 0.09757469824361015 59.7
1471 0.09211806736900623 59.71
1472 0.08622748452728908 59.72
1473 0.07994290201654156 59.73
1474 0.07330206763328344 59.74
1475 0.06637677804192088 59.75
1476 0.05920600414635614 59.76
1477 0.05169318316468238 59.77
1478 0.04403278712340015 59.78
1479 0.03610013516907962 59.79
1480 0.02800877934360436 59.8
1481 0.01984226686517359 59.81
1482 0.01168800407438024 59.82
1483 0.003512870209570635 59.83
1484 -0.004638797432417179 59.84
1485 -0.01276945590112677 59.85
1486 -0.02079756998356816 59.86
1487 -0.02867634568898787 59.87
1488 -0.03619914260116552 59.88
1489 -0.04310336033498398 59.89
1490 -0.04974702790118141 59.9
1491 -0.05595296698930195 59.91
1492 -0.06224138976205362 59.92
1493 -0.06843952404334602 59.93
1494 -0.07463957721832049 59.94
1495 -0.08033964235634226 59.95
1496 -0.08561339730629132 59.96
1497 -0.09047557004591092 59.97
1498 -0.09489603841635948 59.98
1499 -0.09890769437760351 59.99
1500 -0.1025240505968711 60
1501 -0.1057087101718716 60.01
1502 -0.1084838151814979 60.02
1503 -0.1107923240862896 60.03
1504 -0.1126315073260638 60.04
1505 -0.1140502372221383 60.05
1506 -0.1150249033780586 60.06
1507 -0.1155015583604871 60.07
1508 -0.115509697116619 60.08
1509 -0.1150114296447177 60.09
1510 -0.1139964446305598 60.1
1511 -0.1125078231916017 60.11
1512 -0.1104887854024978 60.12
1513 -0.1079065723581069 60.13
1514 -0.1049077370266294 60.14
1515 -0.1014347276653349 60.15
1516 -0.0975608928734745 60.16
1517 -0.09330174055860266 60.17
1518 -0.08880488796438976 60.18
1519 -0.08402612421433624 60.19
1520 -0.07898431517496041 60.2
1521 -0.07368982395572031 60.21
1522 -0.06827047219144093 60.22
1523 -0.06267707271175332 60.23
1524 -0.05720231159567639 60.24
1525 -0.05155609508714971 60.25
1526 -0.04553896596929174 60.26
1527 -0.03936556556289379 60.27
1528 -0.03315742886678857 60.28
1529 -0.02697639770979779 60.29
1530 -0.02080807843523834 60.3
1531 -0.01461344379239391 60.31
1532 -0.008536791733057221 60.32
1533 -0.002413587442637611 60.33
1534 0.003680607682909877 60.34
1535 0.009736841511970594 60.35
1536 0.01569287604158998 60.36
1537 0.02156389115204567 60.37
1538 0.02714234864299598 60.38
1539 0.03256033402021497 60.39
1540 0.03792337558049776 60.4
1541 0.0430650282719795 60.41
1542 0.0479227727312469 60.42
1543 0.05261590713439473 60.43
1544 0.05720202561506309 60.44
1545 0.06161213584498332 60.45
1546 0.06595068082068498 60.46
1547 0.07021299052977191 60.47
1548 0.07431499435788615 60.48
1549 0.07811482754943806 60.49
1550 0.08149101358808646 60.5
1551 0.08447907481120007 60.51
1552 0.0872127813617046 60.52
1553 0.08971680182740682 60.53
1554 0.0920286179122049 60.54
1555 0.09404827031372964 60.55
1556 0.095771372776441 60.56
1557 0.09713454469825814 60.57
1558 0.09809737035515678 60.58
1559 0.09860786895521484 60.59
1560 0.09865119247296864 60.6
1561 0.09821220985490567 60.61
1562 0.09731862672760387 60.62
1563 0.09592388866440982 60.63
1564 0.09408185175057687 60.64
1565 0.09178148925978467 60.65
1566 0.08901898433063397 60.66
1567 0.08579731094247019 60.67
1568 0.08212520830706901 60.68
1569 0.07802300854893665 60.69
1570 0.07351379036023505 60.7
1571 0.06863538309651609 60.71
1572 0.06342682428998325 60.72
1573 0.05779479137360655 60.73
1574 0.05195024794080868 60.74
1575 0.04585407015751405 60.75
1576 0.03955108675522841 60.76
1577 0.03305019755866306 60.77
1578 0.02646257489723397 60.78
1579 0.0197090816344481 60.79
1580 0.01285762023397317 60.8
1581 0.005938369104436517 60.81
1582 -0.0009625330617479728 60.82
1583 -0.007898948946146693 60.83
1584 -0.01471112146034798 60.84
1585 -0.02133221348663716 60.85
1586 -0.02786896936835349 60.86
1587 -0.0342191763824562 60.87
1588 -0.04031874846103667 60.88
1589 -0.04613634729571431 60.89
1590 -0.05192428171793807 60.9
1591 -0.05734299578648565 60.91
1592 -0.06244610831154692 60.92
1593 -0.06723490634651776 60.93
1594 -0.07165598262041062 60.94
1595 -0.07570770985343239 60.95
1596 -0.07939430551245623 60.96
1597 -0.08272730685824489 60.97
1598 -0.08571855382434047 60.98
1599 -0.08833820410026608 60.99
1600 -0.09058269238693503 61
1601 -0.09242449503243395 61.01
1602 -0.09382490174469278 61.02
1603 -0.09474335628345287 61.03
1604 -0.0951617925434656 61.04
1605 -0.09505349680074823 61.05
1606 -0.09442680930439995 61.06
1607 -0.09329348188913926 61.07
1608 -0.09166306343199869 61.08
1609 -0.08947018482889026 61.09
1610 -0.08669207194235788 61.1
1611 -0.08328585422284553 61.11
1612 -0.07958364555153989 61.12
1613 -0.0758464746128466 61.13
1614 -0.07188132590194818 61.14
1615 -0.06764858711492629 61.15
1616 -0.06322784508126657 61.16
1617 -0.05853431174275259 61.17
1618 -0.05255003961119954 61.18
1619 -0.04675899192310992 61.19
1620 -0.0415015056998958 61.2
1621 -0.03712740600669964 61.21
1622 -0.03133194944037217 61.22
1623 -0.02528403796460096 61.23
1624 -0.01953261134643201 61.24
1625 -0.01432065292641719 61.25
1626 -0.009290812974606384 61.26
1627 -0.004301926661035175 61.27
1628 0.0008000371709994594 61.28
1629 0.00605430115314926 61.29
1630 0.01098266021729952 61.3
1631 0.01595904446388361 61.31
1632 0.02085766970056423 61.32
1633 0.02563363611546761 61.33
1634 0.03024556994789913 61.34
1635 0.03465422611753489 61.35
1636 0.03881370597290916 61.36
1637 0.04274914925369165 61.37
1638 0.04641159010876837 61.38
1639 0.04979906110652628 61.39
1640 0.05291879185418556 61.4
1641 0.05576192623976621 61.41
1642 0.0581254017843312 61.42
1643 0.06019220154511166 61.43
1644 0.06200284189369684 61.44
1645 0.06406206671016622 61.45
1646 0.06528466636681673 61.46
1647 0.06615081837842211 61.47
1648 0.0667187023547699 61.48
1649 0.06691525049058526 61.49
1650 0.06669750104460807 61.5
1651 0.06602634284670691 61.51
1652 0.06480609390819532 61.52
1653 0.0632612344872726 61.53
1654 0.06134551506067727 61.54
1655 0.05904636435253036 61.55
1656 0.05634673712548186 61.56
1657 0.05327162347042299 61.57
1658 0.04984772315988412 61.58
1659 0.04605238279337497 61.59
1660 0.04188108897043724 61.6
1661 0.03737347152992273 61.61
1662 0.03259525837788171 61.62
1663 0.02764544102701598 61.63
1664 0.02259837687203326 61.64
1665 0.0174628642484268 61.65
1666 0.01226228311992977 61.66
1667 0.007073163708009026 61.67
1668 0.00192986474061355 61.68
1669 -0.003126978654511342 61.69
1670 -0.008154372487590319 61.7
1671 -0.01315196132782735 61.71
1672 -0.01798336898408915 61.72
1673 -0.02266751511123041 61.73
1674 -0.02723114846194483 61.74
1675 -0.03164191049265828 61.75
1676 -0.03582161066273225 61.76
1677 -0.03979785440610647 61.77
1678 -0.04355033538467944 61.78
1679 -0.04705078062918701 61.79
1680 -0.05024968737150698 61.8
1681 -0.05311805664024073 61.81
1682 -0.05568241212860828 61.82
1683 -0.05791529988938975 61.83
1684 -0.05978344965594843 61.84
1685 -0.06129866004892512 61.85
1686 -0.06243647879475038 61.86
1687 -0.06310769436020484 61.87
1688 -0.06339798562473957 61.88
1689 -0.06329309528543864 61.89
1690 -0.06274860602922781 61.9
1691 -0.06178074438702838 61.91
1692 -0.06040808194921674 61.92
1693 -0.05865382073532721 61.93
1694 -0.05652205745645496 61.94
1695 -0.0540325016324483 61.95
1696 -0.05121663064990253 61.96
1697 -0.04812519156256067 61.97
1698 -0.04480324782955982 61.98
1699 -0.04130660870220706 61.99
1700 -0.03751345662023382 62
1701 -0.03345178850209153 62.01
1702 -0.0292764817724612 62.02
1703 -0.02502029393038921 62.03
1704 -0.02063040214814827 62.04
1705 -0.01622435951155905 62.05
1706 -0.01172219740210302 62.06
1707 -0.007169009755960428 62.07
1708 -0.002577344097981273 62.08
1709 0.001905822688573356 62.09
1710 0.006362737346798895 62.1
1711 0.01078755930413612 62.11
1712 0.0151186536521912 62.12
1713 0.01925602901632177 62.13
1714 0.02317873621055985 62.14
1715 0.02690987782835649 62.15
1716 0.03040664007223504 62.16
1717 0.03371840190826083 62.17
1718 0.03695808240206833 62.18
1719 0.04003333098417275 62.19
1720 0.04296434709190724 62.2
1721 0.04569048867058972 62.21
1722 0.04813667559967541 62.22
1723 0.0503274541356749 62.23
1724 0.05224680904064005 62.24
1725 0.05387222645619643 62.25
1726 0.05518456908303135 62.26
1727 0.05618736818148252 62.27
1728 0.05685283670639953 62.28
1729 0.05718081139553041 62.29
1730 0.0571591049666729 62.3
1731 0.05680297379244627 62.31
1732 0.05609015985901603 62.32
1733 0.05502529136345295 62.33
1734 0.0536451484516068 62.34
1735 0.05198051366608244 62.35
1736 0.05003321417278864 62.36
1737 0.04777032154094453 62.37
1738 0.04523197226257352 62.38
1739 0.0424455002422803 62.39
1740 0.03940742897371263 62.4
1741 0.03613372468370962 62.41
1742 0.03263939630483696 62.42
1743 0.02893706088632066 62.43
1744 0.02506562016298192 62.44
1745 0.02104724767619061 62.45
1746 0.0169145608810442 62.46
1747 0.01270595365880177 62.47
1748 0.008398969414356831 62.48
1749 0.004141916195595269 62.49
1750 -0.0001212839387010386 62.5
1751 -0.004344657139786225 62.51
1752 -0.008557736780546724 62.52
1753 -0.01275381491106832 62.53
1754 -0.01697975504654569 62.54
1755 -0.0210087021479656 62.55
1756 -0.02470658234650241 62.56
1757 -0.02858491592748772 62.57
1758 -0.03227613289915079 62.58
1759 -0.03572562079957121 62.59
1760 -0.0388412503646446 62.6
1761 -0.04164901580277795 62.61
1762 -0.04423626176548668 62.62
1763 -0.04658026657516338 62.63
1764 -0.04865594748109792 62.64
1765 -0.05041896227284698 62.65
1766 -0.05186150520057531 62.66
1767 -0.05289252347307541 62.67
1768 -0.05356394640502773 62.68
1769 -0.05386600965701756 62.69
1770 -0.05381811045770594 62.7
1771 -0.05344845311705863 62.71
1772 -0.05269545009057727 62.72
1773 -0.05156170328956456 62.73
1774 -0.05006679144929187 62.74
1775 -0.04822122870715395 62.75
1776 -0.04603899368893816 62.76
1777 -0.04353984383733735 62.77
1778 -0.04076490349783947 62.78
1779 -0.03768884664329184 62.79
1780 -0.03446171661765187 62.8
1781 -0.03111867097603879 62.81
1782 -0.02766573397921838 62.82
1783 -0.02406344649707609 62.83
1784 -0.02039505969221289 62.84
1785 -0.01661102050370567 62.85
1786 -0.0127880822479837 62.86
1787 -0.008931376506516354 62.87
1788 -0.00489685764232169 62.88
1789 -0.0009263001280112723 62.89
1790 0.003008300149588283 62.9
1791 0.00687908228415406 62.91
1792 0.01064832112093666 62.92
1793 0.0143071530057783 62.93
1794 0.01786052778143759 62.94
1795 0.02129849583670242 62.95
1796 0.02460930254460848 62.96
1797 0.02780057348469558 62.97
1798 0.03076713510442845 62.98
1799 0.03359277399269879 62.99
1800 0.03621480709177877 63
1801 0.03857544877416133 63.01
1802 0.04052121789372778 63.02
1803 0.04216244417238391 63.03
1804 0.04359275000154045 63.04
1805 0.0448314509475709 63.05
1806 0.04579739420024872 63.06
1807 0.04643382995967563 63.07
1808 0.04678234216452216 63.08
1809 0.04687918794187117 63.09
1810 0.04673275713584092 63.1
1811 0.04634078874501803 63.11
1812 0.0456703015456033 63.12
1813 0.04472711300521637 63.13
1814 0.04353144882174072 63.14
1815 0.04208225368955749 63.15
1816 0.04037890096805329 63.16
1817 0.03842531020506132 63.17
1818 0.03623863370707521 63.18
1819 0.03384390574967385 63.19
1820 0.03123649624262085 63.2
1821 0.02840325275931878 63.21
1822 0.02541146864265297 63.22
1823 0.02230578870513768 63.23
1824 0.01905729259260231 63.24
1825 0.01567832267879208 63.25
1826 0.0122134338440461 63.26
1827 0.008719061416080306 63.27
1828 0.005191851467320625 63.28
1829 0.001659145676425756 63.29
1830 -0.001883348968572738 63.3
1831 -0.005402331096870915 63.31
1832 -0.008875051270302189 63.32
1833 -0.01230326365843495 63.33
1834 -0.01563244945911505 63.34
1835 -0.01887720495852568 63.35
1836 -0.02202994577835461 63.36
1837 -0.02507011285048034 63.37
1838 -0.02795565935911675 63.38
1839 -0.03060951777561775 63.39
1840 -0.0330909339940858 63.4
1841 -0.03539741793123184 63.41
1842 -0.0374669002568989 63.42
1843 -0.0392896277214931 63.43
1844 -0.04085221594491659 63.44
1845 -0.04214696180742653 63.45
1846 -0.04317303558206072 63.46
1847 -0.04390434865318107 63.47
1848 -0.04431759330456121 63.48
1849 -0.0444368531951291 63.49
1850 -0.04410209469444155 63.5
1851 -0.04341331373355843 63.51
1852 -0.0424532901404798 63.52
1853 -0.0413349089450519 63.53
1854 -0.04001881743839217 63.54
1855 -0.03840064226277522 63.55
1856 -0.03649142586972984 63.56
1857 -0.03434231240962914 63.57
1858 -0.03189962404393332 63.58
1859 -0.02944557906523597 63.59
1860 -0.0269039882600249 63.6
1861 -0.02422838553165562 63.61
1862 -0.02136275553666584 63.62
1863 -0.01840577089161046 63.63
1864 -0.01539447334314963 63.64
1865 -0.01224490181374843 63.65
1866 -0.00900819875879795 63.66
1867 -0.005879246739396406 63.67
1868 -0.002792662509454182 63.68
1869 0.0002861338571514842 63.69
1870 0.003421964061098787 63.7
1871 0.006463819636980927 63.71
1872 0.009395134523929004 63.72
1873 0.01222035483302119 63.73
1874 0.01494734257543173 63.74
1875 0.01747819448676248 63.75
1876 0.01992510253630418 63.76
1877 0.02226286846201585 63.77
1878 0.02443641561761028 63.78
1879 0.02641903644941565 63.79
1880 0.02817054849766101 63.8
1881 0.02967544204152432 63.81
1882 0.03092424808167825 63.82
1883 0.0318974163883759 63.83
1884 0.03257644524982795 63.84
1885 0.03296486688999484 63.85
1886 0.03307439797388083 63.86
1887 0.03289961568474332 63.87
1888 0.03245122521985189 63.88
1889 0.03173782035487703 63.89
1890 0.03076210395102131 63.9
1891 0.02952701399650724 63.91
1892 0.02803787176575343 63.92
1893 0.02632004711791011 63.93
1894 0.02436983484243881 63.94
1895 0.02220299276743086 63.95
1896 0.01983876494564818 63.96
1897 0.0172969653776418 63.97
1898 0.01459916366340233 63.98
1899 0.01174815893186254 63.99
1900 0.00874512608331659 64
1901 0.005672421328289779 64.01000000000001
1902 0.002563851115507826 64.02
1903 -0.0005603326745434354 64.03
1904 -0.003690394693065571 64.04000000000001
1905 -0.006821005414635555 64.05
1906 -0.009926130046673323 64.06
1907 -0.0129623522066254 64.06999999999999
1908 -0.01594201251999974 64.08
1909 -0.01883267359969489 64.09
1910 -0.02160228679593104 64.09999999999999
1911 -0.0242485232535936 64.11
1912 -0.02672160600493383 64.12
1913 -0.02901330889110972 64.13
1914 -0.03110508313829515 64.14
1915 -0.03298466457082021 64.15000000000001
1916 -0.03463725608203743 64.16
1917 -0.03604003064386366 64.17
1918 -0.0371793923852942 64.18000000000001
1919 -0.03804855281218501 64.19
1920 -0.03868053717559147 64.2
1921 -0.03903981778168912 64.21000000000001
1922 -0.0391086485989191 64.22
1923 -0.0388938014273454 64.23
1924 -0.03839555777559991 64.23999999999999
1925 -0.03762397964324079 64.25
1926 -0.03658285623011139 64.26000000000001
1927 -0.03526422056830121 64.27
1928 -0.03368057853726997 64.28
1929 -0.03184033310649759 64.29000000000001
1930 -0.02981856417831464 64.3
1931 -0.02762512791953768 64.31
1932 -0.02522593046338069 64.31999999999999
1933 -0.02269695160247333 64.33
1934 -0.02004635608444402 64.34
1935 -0.01726019932351661 64.34999999999999
1936 -0.01436509821249614 64.36
1937 -0.0114067467583864 64.37
1938 -0.008388495325967273 64.38
1939 -0.005339038142814311 64.39
1940 -0.002280009762599483 64.40000000000001
1941 0.0007547093118748457 64.41
1942 0.00375340757168199 64.42
1943 0.006703074649099593 64.43000000000001
1944 0.009579247755819083 64.44
1945 0.0123675248654246 64.45
1946 0.01505377066107874 64.46000000000001
1947 0.01761039474989408 64.47
1948 0.02003312415180953 64.48
1949 0.02228353194138961 64.48999999999999
1950 0.02436667065361874 64.5
1951 0.02630678735461574 64.51000000000001
1952 0.02808372250309661 64.52
1953 0.02960711772113923 64.53
1954 0.03095666677715969 64.54000000000001
1955 0.03210201379884468 64.55
1956 0.03309563478071202 64.56
1957 0.03366849606695763 64.56999999999999
1958 0.03405386923476042 64.58
1959 0.03422866663822398 64.59
1960 0.03409719779378865 64.59999999999999
1961 0.03379449745277649 64.61
1962 0.03333640582850156 64.62
1963 0.03313132908642923 64.63
1964 0.03314219938913418 64.64
1965 0.03320128219678943 64.65000000000001
1966 0.03359714487756018 64.66
1967 0.03367823099163356 64.67
1968 0.03410719331417356 64.68000000000001
1969 0.03448217992251459 64.69
1970 0.03436012509500625 64.7
1971 0.03332752017654383 64.71000000000001
1972 0.03110602590607816 64.72
1973 0.02810185939075832 64.73
1974 0.0253250152382974 64.73999999999999
1975 0.02335528762832165 64.75
1976 0.02106407536403456 64.76000000000001
1977 0.01884168014965759 64.77
1978 0.03073121317976621 64.78
1979 0.03003136677442566 64.79000000000001
1980 0.02957640352765558 64.8
1981 0.02918383121550945 64.81
1982 0.02873458990337544 64.81999999999999
1983 0.02812849454585961 64.83
1984 0.02764767624927272 64.84
1985 0.02712254694927741 64.84999999999999
1986 0.0255229267142371 64.86
1987 0.02394152250067613 64.87
1988 0.02420254945836222 64.88
1989 0.02762134776036129 64.89
1990 0.06687093815787576 64.90000000000001
1991 0.06211444833783641 64.91
1992 0.07166397395794621 64.92
1993 0.07941283387300604 64.93000000000001
1994 0.0766358252419253 64.94
1995 0.08277959453686046 64.95
1996 0.07897718736224947 64.96000000000001
1997 0.08263442377015871 64.97
1998 0.08609631695822706 64.98
1999 0.08746513045126417 64.98999999999999
2000 0.08860617195912365 65
