"taxa-calor-porta"
"Time Step" "taxa-calor-porta etc.."
("Time Step" "taxa-calor-porta" "flow-time")
0 666.1109423816864 0
1 0 0.1
2 0 0.2
3 0 0.3
4 0 0.4
5 0 0.5
6 0 0.6000000000000001
7 0 0.7000000000000001
8 0 0.8
9 0 0.9
10 0 1
11 0 1.1
12 0 1.2
13 0 1.3
14 0 1.4
15 0 1.5
16 0 1.6
17 0 1.7
18 0 1.8
19 0 1.9
20 0 2
21 0 2.1
22 0 2.2
23 0 2.3
24 0 2.4
25 0 2.5
26 0 2.6
27 0 2.7
28 0 2.8
29 0 2.9
30 0 3
31 0 3.1
32 0 3.2
33 0 3.3
34 0 3.4
35 0 3.5
36 0 3.6
37 0 3.7
38 0 3.8
39 0 3.9
40 0 4
41 0 4.100000000000001
42 0 4.2
43 0 4.3
44 0 4.4
45 0 4.5
46 0 4.600000000000001
47 0 4.7
48 0 4.800000000000001
49 0 4.9
50 0 5
51 0 5.100000000000001
52 0 5.2
53 0 5.300000000000001
54 0 5.4
55 0 5.5
56 0 5.600000000000001
57 0 5.7
58 0 5.800000000000001
59 0 5.9
60 0 6
61 0 6.100000000000001
62 0 6.2
63 0 6.300000000000001
64 0 6.4
65 0 6.5
66 0 6.600000000000001
67 0 6.7
68 0 6.800000000000001
69 0 6.9
70 0 7
71 0 7.100000000000001
72 0 7.2
73 0 7.300000000000001
74 0 7.4
75 0 7.5
76 0 7.600000000000001
77 0 7.7
78 0 7.800000000000001
79 0 7.9
80 0 8
81 0 8.1
82 0 8.200000000000001
83 0 8.300000000000001
84 0 8.4
85 0 8.5
86 0 8.6
87 0 8.700000000000001
88 0 8.800000000000001
89 0 8.9
90 0 9
91 0 9.1
92 0 9.200000000000001
93 0 9.300000000000001
94 0 9.4
95 0 9.5
96 0 9.600000000000001
97 0 9.700000000000001
98 0 9.800000000000001
99 0 9.9
100 0 10
101 0 10.1
102 0 10.2
103 0 10.3
104 0 10.4
105 0 10.5
106 0 10.6
107 0 10.7
108 0 10.8
109 0 10.9
110 0 11
111 0 11.1
112 0 11.2
113 0 11.3
114 0 11.4
115 0 11.5
116 0 11.6
117 0 11.7
118 0 11.8
119 0 11.9
120 0 12
121 0 12.1
122 0 12.2
123 0 12.3
124 0 12.4
125 0 12.5
126 0 12.6
127 0 12.7
128 0 12.8
129 0 12.9
130 0 13
131 0 13.1
132 0 13.2
133 0 13.3
134 0 13.4
135 0 13.5
136 0 13.6
137 0 13.7
138 0 13.8
139 0 13.9
140 0 14
141 0 14.1
142 0 14.2
143 0 14.3
144 0 14.4
145 0 14.5
146 0 14.6
147 0 14.7
148 0 14.8
149 0 14.9
150 0 15
151 0 15.1
152 0 15.2
153 0 15.3
154 0 15.4
155 0 15.5
156 0 15.6
157 0 15.7
158 0 15.8
159 0 15.9
160 0 16
161 0 16.1
162 0 16.2
163 0 16.3
164 0 16.4
165 0 16.5
166 0 16.6
167 0 16.7
168 0 16.8
169 0 16.9
170 0 17
171 0 17.1
172 0 17.2
173 0 17.3
174 0 17.4
175 0 17.5
176 0 17.6
177 0 17.7
178 0 17.8
179 0 17.9
180 0 18
181 0 18.1
182 0 18.2
183 0 18.3
184 0 18.4
185 0 18.5
186 0 18.6
187 0 18.7
188 0 18.8
189 0 18.9
190 0 19
191 0 19.1
192 0 19.2
193 0 19.3
194 0 19.4
195 0 19.5
196 0 19.6
197 0 19.7
198 0 19.8
199 0 19.9
200 0 20
201 0 20.1
202 0 20.2
203 0 20.3
204 0 20.4
205 0 20.5
206 0 20.6
207 0 20.7
208 0 20.8
209 0 20.9
210 0 21
211 0 21.1
212 0 21.2
213 0 21.3
214 0 21.4
215 0 21.5
216 0 21.6
217 0 21.7
218 0 21.8
219 0 21.9
220 0 22
221 0 22.1
222 0 22.2
223 0 22.3
224 0 22.4
225 0 22.5
226 0 22.6
227 0 22.7
228 0 22.8
229 0 22.9
230 0 23
231 0 23.1
232 0 23.2
233 0 23.3
234 0 23.4
235 0 23.5
236 0 23.6
237 0 23.7
238 0 23.8
239 0 23.9
240 0 24
241 0 24.1
242 0 24.2
243 0 24.3
244 0 24.4
245 0 24.5
246 0 24.6
247 0 24.7
248 0 24.8
249 0 24.9
250 0 25
251 0 25.1
252 0 25.2
253 0 25.3
254 0 25.4
255 0 25.5
256 0 25.6
257 0 25.7
258 0 25.8
259 0 25.9
260 0 26
261 0 26.1
262 0 26.2
263 0 26.3
264 0 26.4
265 0 26.5
266 0 26.6
267 0 26.7
268 0 26.8
269 0 26.9
270 0 27
271 0 27.1
272 0 27.2
273 0 27.3
274 0 27.4
275 0 27.5
276 0 27.6
277 0 27.7
278 0 27.8
279 0 27.9
280 0 28
281 0 28.1
282 0 28.2
283 0 28.3
284 0 28.4
285 0 28.5
286 0 28.6
287 0 28.7
288 0 28.8
289 0 28.9
290 0 29
291 0 29.1
292 0 29.2
293 0 29.3
294 0 29.4
295 0 29.5
296 0 29.6
297 0 29.7
298 0 29.8
299 0 29.9
300 0 30
301 0 30.1
302 0 30.2
303 0 30.3
304 0 30.4
305 0 30.5
306 0 30.6
307 0 30.7
308 0 30.8
309 0 30.9
310 0 31
311 0 31.1
312 0 31.2
313 0 31.3
314 0 31.4
315 0 31.5
316 0 31.6
317 0 31.7
318 0 31.8
319 0 31.9
320 0 32
321 0 32.1
322 0 32.2
323 0 32.3
324 0 32.4
325 0 32.5
326 0 32.6
327 0 32.7
328 0 32.8
329 0 32.9
330 0 33
331 0 33.1
332 0 33.2
333 0 33.3
334 0 33.4
335 0 33.5
336 0 33.6
337 0 33.7
338 0 33.8
339 0 33.9
340 0 34
341 0 34.1
342 0 34.2
343 0 34.3
344 0 34.4
345 0 34.5
346 0 34.6
347 0 34.7
348 0 34.8
349 0 34.9
350 0 35
351 0 35.1
352 0 35.2
353 0 35.3
354 0 35.4
355 0 35.5
356 0 35.6
357 0 35.7
358 0 35.8
359 0 35.9
360 0 36
361 0 36.1
362 0 36.2
363 0 36.3
364 0 36.4
365 0 36.5
366 0 36.6
367 0 36.7
368 0 36.8
369 0 36.9
370 0 37
371 0 37.1
372 0 37.2
373 0 37.3
374 0 37.4
375 0 37.5
376 0 37.6
377 0 37.7
378 0 37.8
379 0 37.9
380 0 38
381 0 38.1
382 0 38.2
383 0 38.3
384 0 38.40000000000001
385 0 38.5
386 0 38.6
387 0 38.7
388 0 38.8
389 0 38.90000000000001
390 0 39
391 0 39.1
392 0 39.2
393 0 39.3
394 0 39.40000000000001
395 0 39.5
396 0 39.6
397 0 39.7
398 0 39.8
399 0 39.90000000000001
400 0 40
401 0 40.1
402 0 40.2
403 0 40.3
404 0 40.40000000000001
405 0 40.5
406 0 40.6
407 0 40.7
408 0 40.8
409 0 40.90000000000001
410 0 41
411 0 41.1
412 0 41.2
413 0 41.3
414 0 41.40000000000001
415 0 41.5
416 0 41.6
417 0 41.7
418 0 41.8
419 0 41.90000000000001
420 0 42
421 0 42.1
422 0 42.2
423 0 42.3
424 0 42.40000000000001
425 0 42.5
426 0 42.6
427 0 42.7
428 0 42.8
429 0 42.90000000000001
430 0 43
431 0 43.1
432 0 43.2
433 0 43.3
434 0 43.40000000000001
435 0 43.5
436 0 43.6
437 0 43.7
438 0 43.8
439 0 43.90000000000001
440 0 44
441 0 44.1
442 0 44.2
443 0 44.3
444 0 44.40000000000001
445 0 44.5
446 0 44.6
447 0 44.7
448 0 44.8
449 0 44.90000000000001
450 0 45
451 0 45.1
452 0 45.2
453 0 45.3
454 0 45.40000000000001
455 0 45.5
456 0 45.6
457 0 45.7
458 0 45.8
459 0 45.90000000000001
460 0 46
461 0 46.1
462 0 46.2
463 0 46.3
464 0 46.40000000000001
465 0 46.5
466 0 46.6
467 0 46.7
468 0 46.8
469 0 46.90000000000001
470 0 47
471 0 47.1
472 0 47.2
473 0 47.3
474 0 47.40000000000001
475 0 47.5
476 0 47.6
477 0 47.7
478 0 47.8
479 0 47.90000000000001
480 0 48
481 0 48.1
482 0 48.2
483 0 48.3
484 0 48.40000000000001
485 0 48.5
486 0 48.6
487 0 48.7
488 0 48.8
489 0 48.90000000000001
490 0 49
491 0 49.1
492 0 49.2
493 0 49.3
494 0 49.40000000000001
495 0 49.5
496 0 49.6
497 0 49.7
498 0 49.8
499 0 49.90000000000001
500 0 50
501 0 50.01
502 0 50.02
503 0 50.03
504 0 50.04
505 0 50.05
506 0 50.06
507 0 50.07
508 0 50.08
509 0 50.09
510 0 50.1
511 0 50.11
512 0 50.12
513 0 50.13
514 0 50.14
515 0 50.15
516 0 50.16
517 0 50.17
518 0 50.18
519 0 50.19
520 0 50.2
521 0 50.21
522 0 50.22
523 0 50.23
524 0 50.24
525 0 50.25
526 0 50.26
527 0 50.27
528 0 50.28
529 0 50.29
530 0 50.3
531 0 50.31
532 0 50.32
533 0 50.33
534 0 50.34
535 0 50.35
536 0 50.36
537 0 50.37
538 0 50.38
539 0 50.39
540 0 50.4
541 0 50.41
542 0 50.42
543 0 50.43
544 0 50.44
545 0 50.45
546 0 50.46
547 0 50.47
548 0 50.48
549 0 50.49
550 0 50.5
551 0 50.51
552 0 50.52
553 0 50.53
554 0 50.54
555 0 50.55
556 0 50.56
557 0 50.57
558 0 50.58
559 0 50.59
560 0 50.6
561 0 50.61
562 0 50.62
563 0 50.63
564 0 50.64
565 0 50.65
566 0 50.66
567 0 50.67
568 0 50.68
569 0 50.69
570 0 50.7
571 0 50.71
572 0 50.72
573 0 50.73
574 0 50.74
575 0 50.75
576 0 50.76
577 0 50.77
578 0 50.78
579 0 50.79
580 0 50.8
581 0 50.81
582 0 50.82
583 0 50.83
584 0 50.84
585 0 50.85
586 0 50.86
587 0 50.87
588 0 50.88
589 0 50.89
590 0 50.9
591 0 50.91
592 0 50.92
593 0 50.93
594 0 50.94
595 0 50.95
596 0 50.96
597 0 50.97
598 0 50.98
599 0 50.99
600 0 51
601 0 51.01
602 0 51.02
603 0 51.03
604 0 51.04
605 0 51.05
606 0 51.06
607 0 51.07
608 0 51.08
609 0 51.09
610 0 51.1
611 0 51.11
612 0 51.12
613 0 51.13
614 0 51.14
615 0 51.15
616 0 51.16
617 0 51.17
618 0 51.18
619 0 51.19
620 0 51.2
621 0 51.21
622 0 51.22
623 0 51.23
624 0 51.24
625 0 51.25
626 0 51.26
627 0 51.27
628 0 51.28
629 0 51.29
630 0 51.3
631 0 51.31
632 0 51.32
633 0 51.33
634 0 51.34
635 0 51.35
636 0 51.36
637 0 51.37
638 0 51.38
639 0 51.39
640 0 51.4
641 0 51.41
642 0 51.42
643 0 51.43
644 0 51.44
645 0 51.45
646 0 51.46
647 0 51.47
648 0 51.48
649 0 51.49
650 0 51.5
651 0 51.51
652 0 51.52
653 0 51.53
654 0 51.54
655 0 51.55
656 0 51.56
657 0 51.57
658 0 51.58
659 0 51.59
660 0 51.6
661 0 51.61
662 0 51.62
663 0 51.63
664 0 51.64
665 0 51.65
666 0 51.66
667 0 51.67
668 0 51.68
669 0 51.69
670 0 51.7
671 0 51.71
672 0 51.72
673 0 51.73
674 0 51.74
675 0 51.75
676 0 51.76
677 0 51.77
678 0 51.78
679 0 51.79
680 0 51.8
681 0 51.81
682 0 51.82
683 0 51.83
684 0 51.84
685 0 51.85
686 0 51.86
687 0 51.87
688 0 51.88
689 0 51.89
690 0 51.9
691 0 51.91
692 0 51.92
693 0 51.93
694 0 51.94
695 0 51.95
696 0 51.96
697 0 51.97
698 0 51.98
699 0 51.99
700 0 52
701 0 52.01
702 0 52.02
703 0 52.03
704 0 52.04
705 0 52.05
706 0 52.06
707 0 52.07
708 0 52.08
709 0 52.09
710 0 52.1
711 0 52.11
712 0 52.12
713 0 52.13
714 0 52.14
715 0 52.15
716 0 52.16
717 0 52.17
718 0 52.18
719 0 52.19
720 0 52.2
721 0 52.21
722 0 52.22
723 0 52.23
724 0 52.24
725 0 52.25
726 0 52.26
727 0 52.27
728 0 52.28
729 0 52.29
730 0 52.3
731 0 52.31
732 0 52.32
733 0 52.33
734 0 52.34
735 0 52.35
736 0 52.36
737 0 52.37
738 0 52.38
739 0 52.39
740 0 52.4
741 0 52.41
742 0 52.42
743 0 52.43
744 0 52.44
745 0 52.45
746 0 52.46
747 0 52.47
748 0 52.48
749 0 52.49
750 0 52.5
751 0 52.51
752 0 52.52
753 0 52.53
754 0 52.54
755 0 52.55
756 0 52.56
757 0 52.57
758 0 52.58
759 0 52.59
760 0 52.6
761 0 52.61
762 0 52.62
763 0 52.63
764 0 52.64
765 0 52.65
766 0 52.66
767 0 52.67
768 0 52.68
769 0 52.69
770 0 52.7
771 0 52.71
772 0 52.72
773 0 52.73
774 0 52.74
775 0 52.75
776 0 52.76
777 0 52.77
778 0 52.78
779 0 52.79
780 0 52.8
781 0 52.81
782 0 52.82
783 0 52.83
784 0 52.84
785 0 52.85
786 0 52.86
787 0 52.87
788 0 52.88
789 0 52.89
790 0 52.9
791 0 52.91
792 0 52.92
793 0 52.93
794 0 52.94
795 0 52.95
796 0 52.96
797 0 52.97
798 0 52.98
799 0 52.99
800 0 53
801 0 53.01
802 0 53.02
803 0 53.03
804 0 53.04
805 0 53.05
806 0 53.06
807 0 53.07
808 0 53.08
809 0 53.09
810 0 53.1
811 0 53.11
812 0 53.12
813 0 53.13
814 0 53.14
815 0 53.15
816 0 53.16
817 0 53.17
818 0 53.18
819 0 53.19
820 0 53.2
821 0 53.21
822 0 53.22
823 0 53.23
824 0 53.24
825 0 53.25
826 0 53.26
827 0 53.27
828 0 53.28
829 0 53.29
830 0 53.3
831 0 53.31
832 0 53.32
833 0 53.33
834 0 53.34
835 0 53.35
836 0 53.36
837 0 53.37
838 0 53.38
839 0 53.39
840 0 53.4
841 0 53.41
842 0 53.42
843 0 53.43
844 0 53.44
845 0 53.45
846 0 53.46
847 0 53.47
848 0 53.48
849 0 53.49
850 0 53.5
851 0 53.51
852 0 53.52
853 0 53.53
854 0 53.54
855 0 53.55
856 0 53.56
857 0 53.57
858 0 53.58
859 0 53.59
860 0 53.6
861 0 53.61
862 0 53.62
863 0 53.63
864 0 53.64
865 0 53.65
866 0 53.66
867 0 53.67
868 0 53.68
869 0 53.69
870 0 53.7
871 0 53.71
872 0 53.72
873 0 53.73
874 0 53.74
875 0 53.75
876 0 53.76
877 0 53.77
878 0 53.78
879 0 53.79
880 0 53.8
881 0 53.81
882 0 53.82
883 0 53.83
884 0 53.84
885 0 53.85
886 0 53.86
887 0 53.87
888 0 53.88
889 0 53.89
890 0 53.9
891 0 53.91
892 0 53.92
893 0 53.93
894 0 53.94
895 0 53.95
896 0 53.96
897 0 53.97
898 0 53.98
899 0 53.99
900 0 54
901 0 54.01
902 0 54.02
903 0 54.03
904 0 54.04
905 0 54.05
906 0 54.06
907 0 54.07
908 0 54.08
909 0 54.09
910 0 54.1
911 0 54.11
912 0 54.12
913 0 54.13
914 0 54.14
915 0 54.15
916 0 54.16
917 0 54.17
918 0 54.18
919 0 54.19
920 0 54.2
921 0 54.21
922 0 54.22
923 0 54.23
924 0 54.24
925 0 54.25
926 0 54.26
927 0 54.27
928 0 54.28
929 0 54.29
930 0 54.3
931 0 54.31
932 0 54.32
933 0 54.33
934 0 54.34
935 0 54.35
936 0 54.36
937 0 54.37
938 0 54.38
939 0 54.39
940 0 54.4
941 0 54.41
942 0 54.42
943 0 54.43
944 0 54.44
945 0 54.45
946 0 54.46
947 0 54.47
948 0 54.48
949 0 54.49
950 0 54.5
951 0 54.51
952 0 54.52
953 0 54.53
954 0 54.54
955 0 54.55
956 0 54.56
957 0 54.57
958 0 54.58
959 0 54.59
960 0 54.6
961 0 54.61
962 0 54.62
963 0 54.63
964 0 54.64
965 0 54.65
966 0 54.66
967 0 54.67
968 0 54.68
969 0 54.69
970 0 54.7
971 0 54.71
972 0 54.72
973 0 54.73
974 0 54.74
975 0 54.75
976 0 54.76
977 0 54.77
978 0 54.78
979 0 54.79
980 0 54.8
981 0 54.81
982 0 54.82
983 0 54.83
984 0 54.84
985 0 54.85
986 0 54.86
987 0 54.87
988 0 54.88
989 0 54.89
990 0 54.9
991 0 54.91
992 0 54.92
993 0 54.93
994 0 54.94
995 0 54.95
996 0 54.96
997 0 54.97
998 0 54.98
999 0 54.99
1000 0 55
1001 -91489.46615052994 55.01
1002 -98986.77832153434 55.02
1003 -107382.6981209019 55.03
1004 -117775.8728502818 55.04
1005 -129114.6146822039 55.05
1006 -140888.8274094833 55.06
1007 -153100.9590624891 55.07
1008 -165628.8934958146 55.08
1009 -177764.2821506799 55.09
1010 -189158.8279524198 55.1
1011 -199049.3055527442 55.11
1012 -206611.7127378298 55.12
1013 -211129.7738970056 55.13
1014 -212200.1077186899 55.14
1015 -209725.0356663026 55.15
1016 -203606.6012858034 55.16
1017 -194017.3325913712 55.17
1018 -181781.0094343089 55.18
1019 -167778.8063636971 55.19
1020 -152674.4190463884 55.2
1021 -136983.3039665408 55.21
1022 -121081.1404827949 55.22
1023 -105254.2559649308 55.23
1024 -89766.68470857103 55.24
1025 -74769.28593592814 55.25
1026 -60406.22501803959 55.26
1027 -46783.36864001598 55.27
1028 -33963.50113645992 55.28
1029 -21978.97994235402 55.29
1030 -10898.84336802911 55.3
1031 -709.7889387882633 55.31
1032 8590.53592854111 55.32
1033 16994.29254109091 55.33
1034 24559.35209442088 55.34
1035 31275.87404234446 55.35
1036 37201.09684602648 55.36
1037 41888.87410919042 55.37
1038 46231.0478570556 55.38
1039 49366.88552307605 55.39
1040 52353.32965272023 55.4
1041 54877.24828110955 55.41
1042 56923.82734067635 55.42
1043 58543.02323652076 55.43
1044 59767.26865916903 55.44
1045 60789.7702880612 55.45
1046 61179.51785186212 55.46
1047 61549.14571163934 55.47
1048 61378.86668918162 55.48
1049 61121.38343245183 55.49
1050 59825.79543026308 55.5
1051 59340.88151007943 55.51
1052 58783.41691630478 55.52
1053 58079.68764825079 55.53
1054 57102.94155247235 55.54
1055 56148.4992075457 55.55
1056 54865.72666236049 55.56
1057 53772.68788414346 55.57
1058 52636.48432835744 55.58
1059 51439.20041012647 55.59
1060 50068.69539912072 55.6
1061 48665.55867126977 55.61
1062 46797.24607510245 55.62
1063 45300.80476798251 55.63
1064 43800.53221365887 55.64
1065 42569.85969583692 55.65
1066 41422.98841552492 55.66
1067 40114.91736097261 55.67
1068 39315.00072284146 55.68
1069 36503.33312542093 55.69
1070 34887.06637291161 55.7
1071 22460.82868784151 55.71
1072 18879.56701170969 55.72
1073 28897.43688526984 55.73
1074 28569.08241002998 55.74
1075 27492.01795079876 55.75
1076 29386.20097364681 55.76
1077 27140.92734882801 55.77
1078 26081.37501782435 55.78
1079 24722.1054512419 55.79
1080 24218.7079730379 55.8
1081 22301.01038930181 55.81
1082 23162.17446648317 55.82
1083 22209.63598145141 55.83
1084 17842.02046430263 55.84
1085 21266.44535762023 55.85
1086 19773.27382492276 55.86
1087 18753.74041769437 55.87
1088 17909.68029847534 55.88
1089 16793.4704568596 55.89
1090 16308.29245237389 55.9
1091 15292.56184177006 55.91
1092 14659.63201373583 55.92
1093 13889.09483810113 55.93
1094 13157.85438274267 55.94
1095 12496.3298745268 55.95
1096 12010.72625038771 55.96
1097 11285.19438064182 55.97
1098 10741.31680166905 55.98
1099 10304.1919128006 55.99
1100 9914.649158563167 56
1101 9569.843263026027 56.01
1102 8988.000178968809 56.02
1103 8534.408975979502 56.03
1104 8051.681757668183 56.04
1105 7977.146776621689 56.05
1106 7542.315482967449 56.06
1107 7089.446806280917 56.07
1108 6895.280707313344 56.08
1109 6891.170786310667 56.09
1110 6644.954032428914 56.1
1111 6257.056049079178 56.11
1112 6152.026791053255 56.12
1113 6106.374334591798 56.13
1114 5788.964342683507 56.14
1115 5313.33545982755 56.15
1116 4884.395690296314 56.16
1117 4766.9055058822 56.17
1118 4559.122288726583 56.18
1119 4485.941513967126 56.19
1120 4126.402914303724 56.2
1121 3587.310235710448 56.21
1122 3274.623805442072 56.22
1123 3119.837863087711 56.23
1124 3196.051762094902 56.24
1125 3101.810612191774 56.25
1126 2555.047754288014 56.26
1127 2053.64585480122 56.27
1128 1713.502575000511 56.28
1129 1757.042903339522 56.29
1130 2109.862969060162 56.3
1131 2453.927286426228 56.31
1132 2426.058076574826 56.32
1133 2011.421051022875 56.33
1134 1732.128985985185 56.34
1135 1817.295581324345 56.35
1136 2162.064912552915 56.36
1137 2374.823633839103 56.37
1138 2149.863087157767 56.38
1139 1530.718261048676 56.39
1140 857.5746207585152 56.4
1141 426.7703194630121 56.41
1142 224.4188009003331 56.42
1143 239.5913160302076 56.43
1144 294.3430689782376 56.44
1145 201.0913907846691 56.45
1146 -214.6373479124133 56.46
1147 -909.420062259802 56.47
1148 -1370.321673884571 56.48
1149 -1323.650171377252 56.49
1150 -920.8637397829107 56.5
1151 -605.0174067344232 56.51
1152 -708.1627919326506 56.52
1153 -1211.995288693742 56.53
1154 -1743.757777161537 56.54
1155 -1885.083260279113 56.55
1156 -1608.670598795802 56.56
1157 -1221.17277336677 56.57
1158 -1107.496450240318 56.58
1159 -1441.524537168144 56.59
1160 -1904.276612654226 56.6
1161 -2209.898479308302 56.61
1162 -2030.877938965443 56.62
1163 -1586.711708694017 56.63
1164 -1447.240909252942 56.64
1165 -1733.910799822462 56.65
1166 -2089.184395597868 56.66
1167 -2243.36272434926 56.67
1168 -2115.027903140435 56.68
1169 -1741.158191042216 56.69
1170 -1711.559292451867 56.7
1171 -1933.242293498681 56.71
1172 -2454.086823711049 56.72
1173 -2637.152553631754 56.73
1174 -2382.919570013009 56.74
1175 -2000.163548393645 56.75
1176 -1906.240868726855 56.76
1177 -2420.267105031357 56.77
1178 -3162.434562188705 56.78
1179 -3249.910892627036 56.79
1180 -2630.232825435809 56.8
1181 -2246.734062688297 56.81
1182 -2679.698651454383 56.82
1183 -3337.154705706498 56.83
1184 -3579.802218800251 56.84
1185 -3468.634905283336 56.85
1186 -3195.897788881199 56.86
1187 -2962.000058755866 56.87
1188 -2738.761309066939 56.88
1189 -2653.02869295678 56.89
1190 -2731.131823168638 56.9
1191 -2865.726528544132 56.91
1192 -3052.933876794385 56.92
1193 -3364.15424448085 56.93
1194 -3699.149173424953 56.94
1195 -3815.956847771323 56.95
1196 -3850.759403190373 56.96
1197 -3828.515203919527 56.97
1198 -3724.793646047622 56.98
1199 -3663.42211621389 56.99
1200 -3613.128887956392 57
1201 -3579.337882628852 57.01
1202 -3548.113550261 57.02
1203 -3517.397707221287 57.03
1204 -3497.683760258368 57.04
1205 -3322.024128615696 57.05
1206 -3413.172985789143 57.06
1207 -3446.214300867985 57.07
1208 -3370.348696669857 57.08
1209 -3516.493463483922 57.09
1210 -3628.819895138938 57.1
1211 -3769.07322766372 57.11
1212 -3895.788350679357 57.12
1213 -4090.315020248255 57.13
1214 -4293.746534327009 57.14
1215 -4401.655766104907 57.15
1216 -4471.945872390816 57.16
1217 -4564.152898479129 57.17
1218 -4665.407101125308 57.18
1219 -4478.513498961732 57.19
1220 -4471.082076287253 57.2
1221 -4212.331956862671 57.21
1222 -4279.829858824717 57.22
1223 -4284.359332621842 57.23
1224 -4329.611462315897 57.24
1225 -4409.67662975135 57.25
1226 -4533.569097281688 57.26
1227 -4639.424475388467 57.27
1228 -4603.526214710698 57.28
1229 -4810.075707381487 57.29
1230 -4904.725925346676 57.3
1231 -5136.578891678988 57.31
1232 -5762.109835953847 57.32
1233 -5781.297729508062 57.33
1234 -6312.676495667156 57.34
1235 -6824.690001210403 57.35
1236 -7330.424284622241 57.36
1237 -7754.18689370724 57.37
1238 -8214.29827881848 57.38
1239 -9010.361213717108 57.39
1240 -9546.647885239123 57.4
1241 -10189.40242457273 57.41
1242 -10885.27047726271 57.42
1243 -11534.62900123011 57.43
1244 -11858.09723009504 57.44
1245 -12284.14347566716 57.45
1246 -12589.16286127129 57.46
1247 -12822.04022285724 57.47
1248 -13033.30022175028 57.48
1249 -13177.33525046114 57.49
1250 -13313.85930347952 57.5
1251 -13332.09570781786 57.51
1252 -13265.44041398857 57.52
1253 -13098.67614921742 57.53
1254 -12920.12516221998 57.54
1255 -12503.89286849272 57.55
1256 -12138.17878335936 57.56
1257 -11531.3821954706 57.57
1258 -10784.79031683083 57.58
1259 -10006.23424542377 57.59
1260 -9304.428506861317 57.6
1261 -8279.401683999478 57.61
1262 -7329.095552908611 57.62
1263 -6191.751720126248 57.63
1264 -4940.941354390745 57.64
1265 -3770.664211014749 57.65
1266 -2531.497137821693 57.66
1267 -1257.246300601628 57.67
1268 35.84562695997646 57.68
1269 1337.253318358658 57.69
1270 2631.027883440621 57.7
1271 3904.510677909226 57.71
1272 5150.022899516613 57.72
1273 6357.974598028458 57.73
1274 7486.86228999362 57.74
1275 8631.160655957914 57.75
1276 9672.895695425241 57.76
1277 10615.66097266859 57.77
1278 11574.75794991719 57.78
1279 12393.93819290402 57.79
1280 13178.00466260865 57.8
1281 13863.69034237275 57.81
1282 14358.71573011309 57.82
1283 14973.12771237439 57.83
1284 15332.32164490095 57.84
1285 15703.8928063632 57.85
1286 15931.01258221375 57.86
1287 16097.16225648666 57.87
1288 16301.66651250292 57.88
1289 16313.90234028793 57.89
1290 16382.88522562346 57.9
1291 16340.87597511303 57.91
1292 16239.20282258834 57.92
1293 16046.68504115698 57.93
1294 15773.18015976864 57.94
1295 15536.00615872122 57.95
1296 15173.31851702208 57.96
1297 14837.15264644967 57.97
1298 14373.2564083744 57.98
1299 13867.20356705562 57.99
1300 13243.42324833545 58
1301 12521.84864278384 58.01
1302 11748.93026925514 58.02
1303 11039.9169973498 58.03
1304 10231.51835615025 58.04
1305 9376.083284086324 58.05
1306 8617.427310786621 58.06
1307 7808.231782624301 58.07
1308 7025.562309703514 58.08
1309 6270.853446200068 58.09
1310 5524.141698876853 58.1
1311 4882.317555591623 58.11
1312 4285.809192275817 58.12
1313 3697.536847407043 58.13
1314 3290.322616020855 58.14
1315 2844.082817992629 58.15
1316 2353.558804597613 58.16
1317 1891.574254569246 58.17
1318 1475.155096452166 58.18
1319 1149.878887811898 58.19
1320 870.4495459436581 58.2
1321 623.5166154887265 58.21
1322 387.8612418354524 58.22
1323 178.49853956899 58.23
1324 -1.143950777834235 58.24
1325 -170.3429371569962 58.25
1326 -313.5183460684581 58.26
1327 -473.0354391877714 58.27
1328 -581.6412601681856 58.28
1329 -669.7342342833439 58.29
1330 -753.0804576253031 58.3
1331 -833.9438062298294 58.31
1332 -913.8832491507245 58.32
1333 -976.655763897602 58.33
1334 -1032.631685169106 58.34
1335 -1072.817222882656 58.35
1336 -1093.787136179602 58.36
1337 -1179.183317975453 58.37
1338 -1233.617492394926 58.38
1339 -1274.295618169273 58.39
1340 -1299.538252941507 58.4
1341 -1335.702554777021 58.41
1342 -1433.108780711411 58.42
1343 -1519.258748863874 58.43
1344 -1575.756062513803 58.44
1345 -1574.451279007639 58.45
1346 -1634.664621421271 58.46
1347 -1726.044796021849 58.47
1348 -1818.414695542549 58.48
1349 -1910.85335359842 58.49
1350 -2018.415476925272 58.5
1351 -2133.226228969441 58.51
1352 -2247.674814632761 58.52
1353 -2359.300123068009 58.53
1354 -2476.334420872757 58.54
1355 -2598.151081574405 58.55
1356 -2722.541893490788 58.56
1357 -2862.175864103943 58.57
1358 -3009.810369368049 58.58
1359 -3166.521952610115 58.59
1360 -3241.771627683139 58.6
1361 -3429.344857116074 58.61
1362 -3625.693515133408 58.62
1363 -3847.449250097692 58.63
1364 -4087.37027195397 58.64
1365 -4300.663832487838 58.65
1366 -4540.004765582756 58.66
1367 -4754.848395109497 58.67
1368 -5058.71137407018 58.68
1369 -5330.721608432608 58.69
1370 -5585.300113708594 58.7
1371 -5875.088351385556 58.71
1372 -6107.826877944833 58.72
1373 -6366.268812602496 58.73
1374 -6589.692812205702 58.74
1375 -6638.588384357085 58.75
1376 -6832.390440591369 58.76
1377 -6954.364736596095 58.77
1378 -7018.339840385936 58.78
1379 -6984.73410563241 58.79
1380 -6903.625276040592 58.8
1381 -6731.710282327145 58.81
1382 -6491.164081871448 58.82
1383 -6335.223889598374 58.83
1384 -6114.682604386894 58.84
1385 -5854.463785515548 58.85
1386 -5531.641259380244 58.86
1387 -5183.466274784316 58.87
1388 -4807.81903968284 58.88
1389 -4264.718157869976 58.89
1390 -3833.99798762583 58.9
1391 -3410.262323121156 58.91
1392 -2945.740171327294 58.92
1393 -2457.980581568458 58.93
1394 -1951.804426124122 58.94
1395 -1418.664856925731 58.95
1396 -858.0393751389106 58.96
1397 -239.5440243774113 58.97
1398 342.1136230289587 58.98
1399 954.9343096520644 58.99
1400 1587.833561601662 59
1401 2245.442975716105 59.01
1402 2916.853379944731 59.02
1403 3611.224111105301 59.03
1404 4302.443226104088 59.04
1405 4993.048727849019 59.05
1406 5654.448872524818 59.06
1407 6295.605104118928 59.07
1408 6897.247800185008 59.08
1409 7429.642722029796 59.09
1410 8013.256184116649 59.1
1411 8496.120785344548 59.11
1412 8796.487808368933 59.12
1413 9230.507077805316 59.13
1414 9556.140686665818 59.14
1415 9793.674247471614 59.15
1416 9934.029750870342 59.16
1417 9986.09955020385 59.17
1418 9984.655463067083 59.18
1419 9931.519050883044 59.19
1420 9767.043128447691 59.2
1421 9480.10200310139 59.21
1422 9085.96565940505 59.22
1423 8775.308405767651 59.23
1424 8388.532269889964 59.24
1425 7953.521396905936 59.25
1426 7397.408105033332 59.26
1427 6803.210691305371 59.27
1428 6273.54781372176 59.28
1429 5724.303442346287 59.29
1430 5172.857612378544 59.3
1431 4603.777324412168 59.31
1432 4066.829780694364 59.32
1433 3581.200426006808 59.33
1434 3119.089003928753 59.34
1435 2703.509175896794 59.35
1436 2275.320418250165 59.36
1437 1888.187540259681 59.37
1438 1499.998943592367 59.38
1439 1207.245265267001 59.39
1440 905.8017741821456 59.4
1441 633.4242499988402 59.41
1442 383.0537187724411 59.42
1443 146.3913038851509 59.43
1444 -73.96674594297046 59.44
1445 -285.6425190554006 59.45
1446 -471.2759168157621 59.46
1447 -643.5688552081923 59.47
1448 -799.2483311229512 59.48
1449 -941.7359768727628 59.49
1450 -1072.339129208258 59.5
1451 -1189.187860704516 59.51
1452 -1296.596518737054 59.52
1453 -1400.215956154142 59.53
1454 -1491.472521667248 59.54
1455 -1577.874952929875 59.55
1456 -1671.846966675228 59.56
1457 -1755.945308248096 59.57
1458 -1835.926182725148 59.58
1459 -1919.567555337115 59.59
1460 -2005.960315578041 59.6
1461 -2094.594114022504 59.61
1462 -2188.417997081926 59.62
1463 -2291.8664303459 59.63
1464 -2399.841677571927 59.64
1465 -2519.792405828197 59.65
1466 -2641.57101913225 59.66
1467 -2764.047889356009 59.67
1468 -2891.9525480483 59.68
1469 -3023.631280112013 59.69
1470 -3157.901886124292 59.7
1471 -3296.640470064707 59.71
1472 -3429.96086905229 59.72
1473 -3568.574544645947 59.73
1474 -3702.898000817123 59.74
1475 -3838.724835378591 59.75
1476 -3963.051470927004 59.76
1477 -4057.856800512348 59.77
1478 -4183.84965046825 59.78
1479 -4239.206414419776 59.79
1480 -4352.83118762173 59.8
1481 -4442.01987111303 59.81
1482 -4520.903665527564 59.82
1483 -4565.677886832969 59.83
1484 -4585.343048674392 59.84
1485 -4558.130984552638 59.85
1486 -4523.809108260227 59.86
1487 -4453.575385077716 59.87
1488 -4430.905950712665 59.88
1489 -4343.388476218339 59.89
1490 -4134.204118586226 59.9
1491 -3878.575186093499 59.91
1492 -3516.040578843126 59.92
1493 -3223.450231806592 59.93
1494 -2752.045749616939 59.94
1495 -2474.228953367037 59.95
1496 -2129.933481539622 59.96
1497 -1715.461821653522 59.97
1498 -1257.462390793312 59.98
1499 -705.008262430266 59.99
1500 -203.2256455269067 60
1501 305.3894732872117 60.01
1502 793.538917686787 60.02
1503 1248.273076730745 60.03
1504 1865.656416592605 60.04
1505 2273.704950460346 60.05
1506 2751.077903834022 60.06
1507 3251.641399920657 60.07
1508 3793.904124724185 60.08
1509 4289.206954118235 60.09
1510 4658.310410340764 60.1
1511 5142.52958359832 60.11
1512 5585.826535741212 60.12
1513 5983.643021945488 60.13
1514 6393.00366628193 60.14
1515 6768.099161184397 60.15
1516 7108.118060262861 60.16
1517 7378.619356626295 60.17
1518 7655.521830593791 60.18
1519 7865.863631890546 60.19
1520 7997.127171054064 60.2
1521 8029.036369066354 60.21
1522 8068.397517633529 60.22
1523 7917.577931413027 60.23
1524 7845.197404137918 60.24
1525 7883.026453672394 60.25
1526 7726.910591568449 60.26
1527 7502.076891144497 60.27
1528 7199.080177215205 60.28
1529 6843.160098329047 60.29
1530 6444.240920355359 60.3
1531 5995.147058291338 60.31
1532 5546.950041168424 60.32
1533 5129.591311377161 60.33
1534 4710.794511083084 60.34
1535 4257.314438112712 60.35
1536 3826.684067130763 60.36
1537 3374.449674906335 60.37
1538 2966.676953435704 60.38
1539 2603.975954673819 60.39
1540 2273.838149589894 60.4
1541 1906.958564633617 60.41
1542 1586.076542382664 60.42
1543 1299.312084784806 60.43
1544 989.7856935326508 60.44
1545 767.3852523263655 60.45
1546 531.3369004123002 60.46
1547 346.9751429365545 60.47
1548 150.4262065421369 60.48
1549 -41.06544497730886 60.49
1550 -234.1799044979054 60.5
1551 -391.164767168231 60.51
1552 -531.4729663302785 60.52
1553 -678.0340141358814 60.53
1554 -785.3707130986548 60.54
1555 -914.7828079221246 60.55
1556 -1023.461188343065 60.56
1557 -1130.266310910691 60.57
1558 -1232.685275531513 60.58
1559 -1336.482698960712 60.59
1560 -1438.903704786425 60.6
1561 -1542.917520208072 60.61
1562 -1627.183219228923 60.62
1563 -1735.941145987794 60.63
1564 -1834.161474509345 60.64
1565 -1931.437700090912 60.65
1566 -2032.794578285407 60.66
1567 -2130.357257718781 60.67
1568 -2225.773601967313 60.68
1569 -2323.001821831349 60.69
1570 -2414.756315289501 60.7
1571 -2496.657506125709 60.71
1572 -2563.861654796749 60.72
1573 -2630.124089220897 60.73
1574 -2707.959915162222 60.74
1575 -2773.410423506218 60.75
1576 -2819.036274413996 60.76
1577 -2840.032200221445 60.77
1578 -2867.587508480896 60.78
1579 -2782.756353327826 60.79
1580 -2803.295875719788 60.8
1581 -2710.876935097622 60.81
1582 -2661.350569161815 60.82
1583 -2544.083592101755 60.83
1584 -2479.558746226442 60.84
1585 -2312.327581021656 60.85
1586 -2147.24929477784 60.86
1587 -1987.725880421313 60.87
1588 -1721.825112756695 60.88
1589 -1330.237808753109 60.89
1590 -1033.286432644811 60.9
1591 -724.6037420607436 60.91
1592 -380.1071485513781 60.92
1593 44.0833464689066 60.93
1594 510.033833326938 60.94
1595 965.8129021045654 60.95
1596 1443.805900448213 60.96
1597 1928.911439118488 60.97
1598 2429.899912045436 60.98
1599 2925.267406317647 60.99
1600 3408.613745881029 61
1601 3877.546388715181 61.01
1602 4327.486037386605 61.02
1603 4751.396468119514 61.03
1604 5139.281208549932 61.04
1605 5511.707016167285 61.05
1606 5842.86962000206 61.06
1607 6148.872438397168 61.07
1608 6428.595821532569 61.08
1609 6664.925237663896 61.09
1610 6911.105071146842 61.1
1611 7230.536772007122 61.11
1612 7550.973573194009 61.12
1613 7713.409615139686 61.13
1614 7819.702096316799 61.14
1615 7836.342038235089 61.15
1616 7740.770239298194 61.16
1617 7566.940793439246 61.17
1618 7523.566345585204 61.18
1619 7517.829587040771 61.19
1620 7227.402497817008 61.2
1621 7153.253205674839 61.21
1622 7067.700451397005 61.22
1623 6782.679752734242 61.23
1624 6348.286169259844 61.24
1625 5847.575548222189 61.25
1626 5336.650113404204 61.26
1627 4732.352481596114 61.27
1628 4058.522965834077 61.28
1629 3553.505038126591 61.29
1630 2951.881641385531 61.3
1631 2441.562951262323 61.31
1632 1955.910686931878 61.32
1633 1493.106219559614 61.33
1634 1051.899570316807 61.34
1635 648.7610544486176 61.35
1636 271.7152991800581 61.36
1637 -60.73813344011516 61.37
1638 -370.5709262301663 61.38
1639 -655.5695633640754 61.39
1640 -913.3048657205709 61.4
1641 -1148.853357813065 61.41
1642 -1422.662347099261 61.42
1643 -1671.789648942187 61.43
1644 -1897.113617239479 61.44
1645 -1941.951570057704 61.45
1646 -2284.504331916391 61.46
1647 -2198.237453956087 61.47
1648 -2230.43744099312 61.48
1649 -2297.657104367496 61.49
1650 -2372.866540590955 61.5
1651 -2469.264503247269 61.51
1652 -2617.268567061587 61.52
1653 -2727.441542962363 61.53
1654 -2830.145015814717 61.54
1655 -2923.408043757614 61.55
1656 -3005.537195835805 61.56
1657 -3078.17473691857 61.57
1658 -3134.640576224679 61.58
1659 -3193.667235254366 61.59
1660 -3251.607475660294 61.6
1661 -3315.47906882586 61.61
1662 -3371.299707514553 61.62
1663 -3408.373407392559 61.63
1664 -3420.283080699813 61.64
1665 -3409.559995629337 61.65
1666 -3376.047677076328 61.66
1667 -3341.78582427172 61.67
1668 -3280.805522465963 61.68
1669 -3183.696447392078 61.69
1670 -2986.546924526135 61.7
1671 -2856.926034880629 61.71
1672 -2741.012000624183 61.72
1673 -2574.475901852767 61.73
1674 -2391.111247372131 61.74
1675 -2195.465736695848 61.75
1676 -1963.098764490906 61.76
1677 -1725.372240975384 61.77
1678 -1476.532438947803 61.78
1679 -1210.422376708605 61.79
1680 -937.7329060607705 61.8
1681 -640.5918856020686 61.81
1682 -341.5751090324053 61.82
1683 -34.30642827453492 61.83
1684 278.0841328447602 61.84
1685 582.6517819089429 61.85
1686 871.1004818466314 61.86
1687 1209.989958269967 61.87
1688 1517.787899228954 61.88
1689 1804.398897907808 61.89
1690 2080.466592091474 61.9
1691 2347.774665692195 61.91
1692 2610.782099122706 61.92
1693 2854.682288793075 61.93
1694 3081.066679350241 61.94
1695 3280.082576908063 61.95
1696 3446.08437005455 61.96
1697 3589.090704507849 61.97
1698 3681.689966304702 61.98
1699 3733.778754303831 61.99
1700 3768.999453541432 62
1701 3777.93596273312 62.01
1702 3755.949904729095 62.02
1703 3688.113516961959 62.03
1704 3543.247508195898 62.04
1705 3461.873483873776 62.05
1706 3336.622467443248 62.06
1707 3173.848190617186 62.07
1708 2916.144325542893 62.08
1709 2736.38846681496 62.09
1710 2565.767968015375 62.1
1711 2369.183649023654 62.11
1712 2095.081870600884 62.12
1713 1851.897419706376 62.13
1714 1633.990756197439 62.14
1715 1393.117040654414 62.15
1716 1174.667966153178 62.16
1717 937.8073540942885 62.17
1718 811.4629162294343 62.18
1719 653.1917268973409 62.19
1720 506.7918352628359 62.2
1721 365.4751515298019 62.21
1722 222.3636418355916 62.22
1723 84.36976666954662 62.23
1724 -43.78768463076361 62.24
1725 -169.2915955601795 62.25
1726 -288.212769965889 62.26
1727 -395.1219673662482 62.27
1728 -493.6361524242938 62.28
1729 -584.1992759869872 62.29
1730 -670.1910379172482 62.3
1731 -758.2301038619098 62.31
1732 -835.5875699636277 62.32
1733 -908.3372859117976 62.33
1734 -975.3600964754274 62.34
1735 -1037.762865323054 62.35
1736 -1097.994789954683 62.36
1737 -1169.58545035726 62.37
1738 -1239.171877584932 62.38
1739 -1287.424279450552 62.39
1740 -1335.402619000398 62.4
1741 -1379.098173205923 62.41
1742 -1414.630338455345 62.42
1743 -1439.243859831875 62.43
1744 -1457.047393355467 62.44
1745 -1462.404604150047 62.45
1746 -1459.56965838584 62.46
1747 -1442.904003313439 62.47
1748 -1387.230630422691 62.48
1749 -1348.43890233249 62.49
1750 -1276.840963926816 62.5
1751 -1176.711389596931 62.51
1752 -1065.337513613845 62.52
1753 -961.0826040242124 62.53
1754 -749.9168698535573 62.54
1755 -652.9600829188893 62.55
1756 -515.2450386645402 62.56
1757 -371.0427506594802 62.57
1758 -220.4956041980341 62.58
1759 -87.31691762358598 62.59
1760 87.90354719656742 62.6
1761 293.3326099409528 62.61
1762 502.4818036492675 62.62
1763 722.211713513233 62.63
1764 948.0930968507146 62.64
1765 1183.218888514016 62.65
1766 1421.217471586745 62.66
1767 1674.666026938342 62.67
1768 1944.857626253817 62.68
1769 2209.99807980019 62.69
1770 2460.280430495366 62.7
1771 2680.235987618936 62.71
1772 2881.428125932613 62.72
1773 3055.909128577091 62.73
1774 3208.410537207445 62.74
1775 3328.917653268682 62.75
1776 3428.174515781381 62.76
1777 3506.481444403842 62.77
1778 3556.16135260126 62.78
1779 3539.120894469405 62.79
1780 3527.75476335878 62.8
1781 3509.645836551013 62.81
1782 3481.321283954005 62.82
1783 3369.865713527236 62.83
1784 3295.454639286761 62.84
1785 3173.715542598233 62.85
1786 3036.869322882284 62.86
1787 2896.159005513271 62.87
1788 2696.956257993655 62.88
1789 2585.212103584545 62.89
1790 2436.431323961094 62.9
1791 2266.229426404452 62.91
1792 2069.761304042529 62.92
1793 1876.565776446716 62.93
1794 1676.820469396663 62.94
1795 1484.616152958678 62.95
1796 1299.003129403043 62.96
1797 1079.490120115416 62.97
1798 935.2875703312778 62.98
1799 689.8769417493123 62.99
1800 561.0593627954698 63
1801 320.2865056362161 63.01
1802 179.8597420584906 63.02
1803 62.12741098537693 63.03
1804 -39.19310276131441 63.04
1805 -166.0153959972612 63.05
1806 -284.5232368363691 63.06
1807 -394.4156898162743 63.07
1808 -486.2378308195183 63.08
1809 -569.2563488100051 63.09
1810 -639.9962662379538 63.1
1811 -723.5475375941757 63.11
1812 -795.9828189544697 63.12
1813 -867.851954801873 63.13
1814 -924.0596400925027 63.14
1815 -987.9609421758544 63.15
1816 -1031.611852571053 63.16
1817 -1096.149179787296 63.17
1818 -1139.883355672855 63.18
1819 -1166.708778068009 63.19
1820 -1205.529756848667 63.2
1821 -1224.310380469779 63.21
1822 -1250.914963166708 63.22
1823 -1262.105826139151 63.23
1824 -1276.397512912702 63.24
1825 -1296.991006101171 63.25
1826 -1296.904223006353 63.26
1827 -1280.911703281021 63.27
1828 -1257.032411207751 63.28
1829 -1198.266167637955 63.29
1830 -1156.477137789057 63.3
1831 -1094.611274237234 63.31
1832 -1008.54065454278 63.32
1833 -926.2492960022835 63.33
1834 -840.8785125878641 63.34
1835 -690.5645975246304 63.35
1836 -547.3816662950634 63.36
1837 -326.6968943712803 63.37
1838 -224.003072309083 63.38
1839 -95.91234086245804 63.39
1840 40.94126430370954 63.4
1841 182.838021015662 63.41
1842 342.7582691810002 63.42
1843 516.5439947800443 63.43
1844 684.7362791107331 63.44
1845 868.5952558583272 63.45
1846 1058.16757756865 63.46
1847 1230.659235534404 63.47
1848 1404.637424279725 63.48
1849 1568.908234071998 63.49
1850 1757.43458665986 63.5
1851 1947.777101850935 63.51
1852 2136.023016781459 63.52
1853 2261.770714876901 63.53
1854 2348.926585594028 63.54
1855 2416.669443890469 63.55
1856 2466.469376040455 63.56
1857 2495.688393444811 63.57
1858 2356.989592027854 63.58
1859 2341.24847894195 63.59
1860 2331.547947126768 63.6
1861 2384.005183045738 63.61
1862 2358.106133910517 63.62
1863 2293.107457882292 63.63
1864 2189.11635937957 63.64
1865 2069.042606061415 63.65
1866 1923.045398816431 63.66
1867 1828.141401827696 63.67
1868 1678.292198705205 63.68
1869 1519.078469616594 63.69
1870 1373.841108589395 63.7
1871 1188.783168804855 63.71
1872 998.7424548950376 63.72
1873 752.3299564933903 63.73
1874 582.539063474695 63.74
1875 401.1498092326732 63.75
1876 219.708605813594 63.76
1877 47.67283203150217 63.77
1878 -112.6056582838175 63.78
1879 -267.6938253424372 63.79
1880 -419.999830817216 63.8
1881 -560.5815039061735 63.81
1882 -697.6407663631188 63.82
1883 -825.047829477156 63.83
1884 -951.2543714969114 63.84
1885 -1070.903037882258 63.85
1886 -1186.818848350909 63.86
1887 -1297.964642035127 63.87
1888 -1402.705715739274 63.88
1889 -1505.123629884996 63.89
1890 -1606.975309330935 63.9
1891 -1708.963757438812 63.91
1892 -1816.257017894861 63.92
1893 -1917.080367321785 63.93
1894 -2020.384081711951 63.94
1895 -2119.63253398565 63.95
1896 -2220.445154423788 63.96
1897 -2317.31547727939 63.97
1898 -2405.456234532798 63.98
1899 -2492.527141818548 63.99
1900 -2582.988567913804 64
1901 -2659.113813807763 64.01000000000001
1902 -2722.890026234779 64.02
1903 -2762.16893699287 64.03
1904 -2782.891296368631 64.04000000000001
1905 -2788.701244471386 64.05
1906 -2773.096799282118 64.06
1907 -2749.647389902753 64.06999999999999
1908 -2717.226137612418 64.08
1909 -2669.476485239144 64.09
1910 -2613.234242299232 64.09999999999999
1911 -2523.481731584098 64.11
1912 -2447.319380035428 64.12
1913 -2349.821183014721 64.13
1914 -2238.676675767019 64.14
1915 -2111.59504089863 64.15000000000001
1916 -1971.390921275215 64.16
1917 -1812.887338745531 64.17
1918 -1637.698697637016 64.18000000000001
1919 -1446.054239931137 64.19
1920 -1269.501026122341 64.2
1921 -1094.40194777679 64.21000000000001
1922 -916.1086527426518 64.22
1923 -740.431244090988 64.23
1924 -571.6106187136405 64.23999999999999
1925 -407.9253386503061 64.25
1926 -258.8714957323928 64.26000000000001
1927 -113.5432847447961 64.27
1928 19.54721654447674 64.28
1929 128.848894336359 64.29000000000001
1930 239.2300345565287 64.3
1931 343.2846522605858 64.31
1932 434.7988388664557 64.31999999999999
1933 488.46004720816 64.33
1934 524.2498588693909 64.34
1935 551.5764724312295 64.34999999999999
1936 561.1032496109369 64.36
1937 561.2855537036446 64.37
1938 554.4536697319428 64.38
1939 538.3119423826587 64.39
1940 505.1836048878895 64.40000000000001
1941 464.6049805658027 64.41
1942 403.593733482052 64.42
1943 339.226554066903 64.43000000000001
1944 265.6736693410448 64.44
1945 187.9179521259987 64.45
1946 104.5556852736531 64.46000000000001
1947 -58.16852377635573 64.47
1948 -125.6502543457458 64.48
1949 -202.8497267469789 64.48999999999999
1950 -287.2861673195624 64.5
1951 -350.9905348195809 64.51000000000001
1952 -432.0936782062101 64.52
1953 -534.8611950268605 64.53
1954 -586.8099153354292 64.54000000000001
1955 -660.8857563530332 64.55
1956 -777.5600919650816 64.56
1957 -878.7786521217683 64.56999999999999
1958 -911.3523346746292 64.58
1959 -954.7945346561944 64.59
1960 -1003.523742192954 64.59999999999999
1961 -1034.236578631264 64.61
1962 -1020.495573421349 64.62
1963 -850.973584010456 64.63
1964 -523.9776157500019 64.64
1965 -313.1344832086895 64.65000000000001
1966 1.112041320885085 64.66
1967 326.4204237415576 64.67
1968 834.8212269815498 64.68000000000001
1969 1429.366493359236 64.69
1970 1958.642475681014 64.7
1971 2605.633282519067 64.71000000000001
1972 3129.111614958856 64.72
1973 3512.048970376035 64.73
1974 3826.559611043207 64.73999999999999
1975 4253.491643716577 64.75
1976 4143.853267072044 64.76000000000001
1977 3641.990808889759 64.77
1978 3564.305974863285 64.78
1979 3930.411602849516 64.79000000000001
1980 4439.488457931428 64.8
1981 5090.002459022164 64.81
1982 5853.446561059269 64.81999999999999
1983 6632.819277046369 64.83
1984 7656.556309345572 64.84
1985 9100.122592814832 64.84999999999999
1986 9874.336416536356 64.86
1987 9656.929749888943 64.87
1988 11196.64259230884 64.88
1989 17547.59958822082 64.89
1990 27206.79962780542 64.90000000000001
1991 5964.296177171353 64.91
1992 19131.05355405266 64.92
1993 24982.19048942554 64.93000000000001
1994 22664.27468478203 64.94
1995 29735.74192510363 64.95
1996 23303.27529529212 64.96000000000001
1997 28334.07692189673 64.97
1998 27886.30225061287 64.98
1999 35338.05014582076 64.98999999999999
2000 37038.04437732648 65
