"temperatura-rfile"
"Time Step" "temperatura etc.."
("Time Step" "temperatura" "flow-time")
0 348.3483222681575 0
1 350.5129775032092 0.1
2 353.1801317323053 0.2
3 368.5537553904809 0.3
4 385.3626068353164 0.4
5 396.0260646486004 0.5
6 408.5753071077621 0.6000000000000001
7 421.2818335553573 0.7000000000000001
8 432.1781547775255 0.8
9 443.1198488861164 0.9
10 454.7590383199623 1
11 466.0903177838597 1.1
12 477.1755286770393 1.2
13 489.5765725395601 1.3
14 501.3056705166441 1.4
15 512.7066062111122 1.5
16 523.830995802124 1.6
17 534.4061892075384 1.7
18 544.447942258891 1.8
19 553.546723476864 1.9
20 562.1906843062656 2
21 570.3305738233187 2.1
22 577.9765653518294 2.2
23 585.0687731788039 2.3
24 592.4044500258548 2.4
25 598.4080700056772 2.5
26 604.6353873030919 2.6
27 610.5641069127528 2.7
28 616.183669484708 2.8
29 621.5733973003568 2.9
30 626.7658742289603 3
31 631.7890502450333 3.1
32 636.657430017326 3.2
33 641.393203914436 3.3
34 645.9730288394883 3.4
35 650.4151015354662 3.5
36 654.7333239440619 3.6
37 658.9308801664125 3.7
38 663.0118846952821 3.8
39 667.0020924361687 3.9
40 670.9056828446382 4
41 674.7456600563258 4.100000000000001
42 678.5426845320338 4.2
43 682.2831711806122 4.3
44 685.9751680972313 4.4
45 689.6259903328307 4.5
46 693.2303408691735 4.600000000000001
47 696.7985279591677 4.7
48 700.3288814248654 4.800000000000001
49 703.8258545516162 4.9
50 707.2844218890154 5
51 710.7158540240575 5.100000000000001
52 714.1099664356291 5.2
53 717.4660678068255 5.300000000000001
54 720.7944231991075 5.4
55 724.0782853037017 5.5
56 727.3455104460045 5.600000000000001
57 730.5937349044813 5.7
58 733.8111404017168 5.800000000000001
59 737.0041915342028 5.9
60 740.1722144174172 6
61 743.3153357691828 6.100000000000001
62 746.4301422457179 6.2
63 749.5159526151003 6.300000000000001
64 752.5753218571517 6.4
65 755.6058987459955 6.5
66 758.6111368155132 6.600000000000001
67 761.5793360937712 6.7
68 764.5169018626332 6.800000000000001
69 767.4390214864078 6.9
70 770.3336413957055 7
71 773.1924537076801 7.100000000000001
72 776.0351343805207 7.2
73 778.8524461258357 7.300000000000001
74 781.6466714543766 7.4
75 784.4087081054186 7.5
76 787.1345514261145 7.600000000000001
77 789.8372644753828 7.7
78 792.5208979457587 7.800000000000001
79 795.1760898512141 7.9
80 797.8068932070182 8
81 800.3957088668118 8.1
82 802.970448337461 8.200000000000001
83 805.5199981153814 8.300000000000001
84 808.0480970710993 8.4
85 810.562199260528 8.5
86 813.0396751708798 8.6
87 815.4882999901275 8.700000000000001
88 817.9135253671451 8.800000000000001
89 820.3139322529065 8.9
90 822.6929357597458 9
91 825.042523042969 9.1
92 827.360675851197 9.200000000000001
93 829.6463149239543 9.300000000000001
94 831.8945240825593 9.4
95 834.123378398966 9.5
96 836.317876376958 9.600000000000001
97 838.4826828454569 9.700000000000001
98 840.619935947574 9.800000000000001
99 842.729385283714 9.9
100 844.8034857980316 10
101 846.8469695248414 10.1
102 848.8611647180435 10.2
103 850.8493030970076 10.3
104 852.8087610439608 10.4
105 854.7501090599337 10.5
106 856.6757132035309 10.6
107 858.5732003921971 10.7
108 860.4274646363505 10.8
109 862.3321231147783 10.9
110 864.2759459577242 11
111 865.7091868742062 11.1
112 867.2090747202831 11.2
113 868.8184189763519 11.3
114 870.5661069868778 11.4
115 871.8281700566994 11.5
116 873.2468125426284 11.6
117 874.8132222919875 11.7
118 876.0008686927662 11.8
119 877.4148290770099 11.9
120 878.4094930521921 12
121 879.5591154529112 12.1
122 880.4970711957839 12.2
123 881.3829312361183 12.3
124 882.3243143037549 12.4
125 883.4459571416445 12.5
126 884.3388258296363 12.6
127 885.5808478584523 12.7
128 886.4243754774468 12.8
129 887.4677647581103 12.9
130 888.290044617238 13
131 889.3260524344911 13.1
132 890.154284367817 13.2
133 891.3499739509029 13.3
134 892.1143560632852 13.4
135 893.2904706488896 13.5
136 894.0581043418867 13.6
137 895.068523757243 13.7
138 895.8816223662274 13.8
139 896.8920553691955 13.9
140 897.6782480415226 14
141 898.8685565716919 14.1
142 899.5961595866579 14.2
143 900.6150623809157 14.3
144 901.3748432674089 14.4
145 902.2220300385417 14.5
146 903.0659428773394 14.6
147 903.9202155504282 14.7
148 904.8015807288388 14.8
149 905.7676888548554 14.9
150 906.6109490386386 15
151 907.882878187894 15.1
152 908.6731854216957 15.2
153 909.4972796231576 15.3
154 910.3110491175968 15.4
155 911.1678476023139 15.5
156 912.0774514956908 15.6
157 913.1836042826785 15.7
158 914.0072049795702 15.8
159 915.094795618969 15.9
160 915.9092405694605 16
161 916.7650399363706 16.1
162 917.6302417484559 16.2
163 918.8979051072137 16.3
164 919.622427570967 16.4
165 920.4677850984554 16.5
166 921.2404348281977 16.6
167 922.1301285423917 16.7
168 922.9522187098158 16.8
169 924.2232315545626 16.9
170 924.9145213601752 17
171 926.0145246787874 17.1
172 926.7093103203031 17.2
173 927.8228195085262 17.3
174 928.4896582565161 17.4
175 929.7602332205755 17.5
176 930.3182908878704 17.6
177 931.5615784937651 17.7
178 931.8199732404462 17.8
179 932.9657731399077 17.9
180 932.564759859965 18
181 933.7678258117469 18.1
182 931.1658792095654 18.2
183 930.6638598538198 18.3
184 927.958164239235 18.4
185 927.1665835019154 18.5
186 925.1393957840737 18.6
187 924.6933254898333 18.7
188 924.2845858411017 18.8
189 922.3672732566363 18.9
190 922.0712284897257 19
191 921.7622208874814 19.1
192 921.5466771868495 19.2
193 922.5122603278827 19.3
194 923.0871178055727 19.4
195 921.2703675913339 19.5
196 920.6555698597624 19.6
197 914.8314753767251 19.7
198 910.9983089076212 19.8
199 908.5554195392713 19.9
200 906.9805437513847 20
201 905.9131250353846 20.1
202 905.0772627442487 20.2
203 903.9694841792425 20.3
204 903.068908067446 20.4
205 902.2865265884381 20.5
206 901.7514421883532 20.6
207 901.2341261041842 20.7
208 900.7144568321507 20.8
209 900.2628315953627 20.9
210 899.8031239135433 21
211 899.3096906940558 21.1
212 898.8248030553663 21.2
213 898.3311453332345 21.3
214 897.748815100415 21.4
215 897.1960824349169 21.5
216 896.7124868662567 21.6
217 896.2028698703016 21.7
218 895.7539531104787 21.8
219 895.2847772477822 21.9
220 894.7146064646349 22
221 894.2278011262717 22.1
222 893.8841855792027 22.2
223 893.5487204782191 22.3
224 893.2174806215852 22.4
225 892.7833051415292 22.5
226 892.1847860575805 22.6
227 891.69634093077 22.7
228 891.5159379245937 22.8
229 891.3864224327982 22.9
230 891.166844515139 23
231 890.7184923857939 23.1
232 889.8510768172565 23.2
233 889.5131789142854 23.3
234 889.5279279500334 23.4
235 889.4247911786111 23.5
236 889.1122018460358 23.6
237 888.4862857234484 23.7
238 887.8907695964422 23.8
239 887.7966404659417 23.9
240 887.6635139988491 24
241 887.5126740722519 24.1
242 887.0699116037376 24.2
243 886.4769539271698 24.3
244 886.3691291277363 24.4
245 886.3177817079087 24.5
246 886.1490615823681 24.6
247 885.820005928051 24.7
248 885.3709822502534 24.8
249 885.1842995102842 24.9
250 885.022640658335 25
251 884.8652672827659 25.1
252 884.6886440675431 25.2
253 884.395408939341 25.3
254 884.0639753617147 25.4
255 883.9427228441751 25.5
256 883.8014563404366 25.6
257 883.6230491746347 25.7
258 883.4067347291094 25.8
259 883.1747127761159 25.9
260 883.0023697792807 26
261 882.8172657853368 26.1
262 882.6446166760426 26.2
263 882.4770385144591 26.3
264 882.2997506910948 26.4
265 882.0487659457784 26.5
266 881.8834545685602 26.6
267 881.7305975188783 26.7
268 881.7205080170245 26.8
269 881.9161548521039 26.9
270 882.0446351432436 27
271 882.1063479775844 27.1
272 882.1421638249458 27.2
273 881.8359931084257 27.3
274 881.5301658009614 27.4
275 881.3137689126899 27.5
276 881.0899533344881 27.6
277 880.8942495938852 27.7
278 880.667136237073 27.8
279 880.9115222685999 27.9
280 881.037869552394 28
281 881.1075338120363 28.1
282 881.1414774846409 28.2
283 881.1565143688556 28.3
284 880.7948734855438 28.4
285 880.5118426763892 28.5
286 880.2436969634464 28.6
287 880.0370647896225 28.7
288 880.2255211994246 28.8
289 880.3368309657897 28.9
290 880.4080229576149 29
291 880.4349018049884 29.1
292 880.4577555514479 29.2
293 880.4655266083042 29.3
294 880.4734019869708 29.4
295 880.4793824193467 29.5
296 880.4802804357931 29.6
297 880.4837959582181 29.7
298 880.4822154538542 29.8
299 880.4834846311494 29.9
300 880.4930226295967 30
301 880.5026414542762 30.1
302 880.511821494727 30.2
303 880.5200706977012 30.3
304 880.5219405617671 30.4
305 880.5197152034892 30.5
306 880.5177923558628 30.6
307 880.5185497036123 30.7
308 880.5206828170443 30.8
309 880.5179323911342 30.9
310 880.5147182038302 31
311 880.5089261741502 31.1
312 880.5009204077552 31.2
313 880.4942520539582 31.3
314 880.4921060452565 31.4
315 880.4883126081425 31.5
316 880.480729813642 31.6
317 880.4712571979127 31.7
318 880.463907494298 31.8
319 880.4602672421997 31.9
320 880.4572661207303 32
321 880.4545437514073 32.1
322 880.4420928756532 32.2
323 880.4338784058764 32.3
324 880.4268890560063 32.4
325 880.4215353932354 32.5
326 880.4191515752439 32.6
327 880.4163614814736 32.7
328 880.4044657441823 32.8
329 880.3963096873954 32.9
330 880.3906951471874 33
331 880.3852851771092 33.1
332 880.0232535322043 33.2
333 879.6892462588198 33.3
334 879.4755999676154 33.4
335 879.2984656674302 33.5
336 879.5234375323133 33.6
337 879.6136670588436 33.7
338 879.6724210541577 33.8
339 879.7108501942477 33.9
340 879.7352027961451 34
341 879.7447860353018 34.1
342 879.7527473576735 34.2
343 879.7431176237508 34.3
344 879.7396307303796 34.4
345 879.7335026943842 34.5
346 879.7302784425958 34.6
347 879.7208420311812 34.7
348 879.7183228676363 34.8
349 879.7096919786645 34.9
350 879.7021244881482 35
351 879.6959868065685 35.1
352 879.6893557404273 35.2
353 879.6835241482063 35.3
354 879.2633646066804 35.4
355 878.970555721491 35.5
356 878.7012844682347 35.6
357 878.495970763738 35.7
358 878.6355503127369 35.8
359 878.6940618545996 35.9
360 878.7351387043643 36
361 878.7557135703242 36.1
362 878.7710849420718 36.2
363 878.7858822910576 36.3
364 878.7938192741951 36.4
365 878.7904769815718 36.5
366 878.7874281220857 36.6
367 878.7865668362643 36.7
368 878.7848449225114 36.8
369 878.7860609374377 36.9
370 878.7860154571937 37
371 878.7791590853742 37.1
372 878.7724933181753 37.2
373 878.7651091811041 37.3
374 878.7619354284659 37.4
375 878.7609215365637 37.5
376 878.7632488218292 37.6
377 878.754315047757 37.7
378 878.7512598133054 37.8
379 878.7508066354633 37.9
380 878.7526609431842 38
381 878.7573412974347 38.1
382 878.7624112599751 38.2
383 878.7592082400895 38.3
384 878.7595657553749 38.40000000000001
385 878.7623586151603 38.5
386 878.7663086166173 38.6
387 878.7717494409542 38.7
388 878.774755067705 38.8
389 878.7697029064381 38.90000000000001
390 878.7652928778493 39
391 878.4194908378008 39.1
392 878.1399437023118 39.2
393 877.8481557111041 39.3
394 877.6355070962824 39.40000000000001
395 877.5185633420344 39.5
396 877.7085770502479 39.6
397 877.5472270801486 39.7
398 877.699644188172 39.8
399 877.7965242130628 39.90000000000001
400 877.8606211971871 40
401 877.9020694282613 40.1
402 877.92697362655 40.2
403 877.9313070915064 40.3
404 877.9322612371097 40.40000000000001
405 877.9323691071486 40.5
406 877.925786303927 40.6
407 877.9209181955767 40.7
408 877.9159093574002 40.8
409 877.9009818198526 40.90000000000001
410 877.8884177745807 41
411 877.8806676802068 41.1
412 877.8715061079624 41.2
413 877.8633644857478 41.3
414 877.8578618076347 41.40000000000001
415 877.8433272183194 41.5
416 877.8304308911606 41.6
417 877.8182600841445 41.7
418 877.808310191517 41.8
419 877.8011154814661 41.90000000000001
420 877.4061285890607 42
421 877.065689175903 42.1
422 876.8105432504177 42.2
423 876.5817134741122 42.3
424 876.3776263302672 42.40000000000001
425 876.507559597722 42.5
426 876.576488993553 42.6
427 876.6062784109719 42.7
428 876.6211871323012 42.8
429 876.6350768562388 42.90000000000001
430 876.6440449787567 43
431 876.6499074106952 43.1
432 876.6558811262611 43.2
433 876.6543050805357 43.3
434 876.6465233308165 43.40000000000001
435 876.6492944886861 43.5
436 876.6554101363903 43.6
437 876.662106386572 43.7
438 876.6709442352359 43.8
439 876.6684123005937 43.90000000000001
440 876.671917637341 44
441 876.6776405685411 44.1
442 876.3792617220937 44.2
443 876.0817036824262 44.3
444 875.812194373163 44.40000000000001
445 875.5786996534381 44.5
446 875.7673738696177 44.6
447 875.902548987503 44.7
448 875.9960469587313 44.8
449 876.0365430709821 44.90000000000001
450 876.0600560668782 45
451 876.072680741598 45.1
452 876.0793134781873 45.2
453 876.0752794628221 45.3
454 876.0622643566746 45.40000000000001
455 876.0423483763666 45.5
456 876.0234514213395 45.6
457 876.0036900082576 45.7
458 875.9850226378815 45.8
459 875.9716031827058 45.90000000000001
460 875.9533347182122 46
461 875.9277724629724 46.1
462 875.9054677879918 46.2
463 875.8870370364224 46.3
464 875.8694573978993 46.40000000000001
465 875.852521519426 46.5
466 875.838880117908 46.6
467 875.8146730872481 46.7
468 875.7964992524196 46.8
469 875.779684680827 46.90000000000001
470 875.7666188701692 47
471 875.753197399392 47.1
472 875.7431345614962 47.2
473 875.7231754669544 47.3
474 875.7051937854042 47.40000000000001
475 875.6899739784693 47.5
476 875.6785244686564 47.6
477 875.6686754237739 47.7
478 875.6614902529527 47.8
479 875.6425951414095 47.90000000000001
480 875.6276285637491 48
481 875.2706758992424 48.1
482 874.9172744245483 48.2
483 874.6786956541577 48.3
484 874.5035762785569 48.40000000000001
485 874.5600259649414 48.5
486 874.5914171540393 48.6
487 874.6243236057184 48.7
488 874.6498421550548 48.8
489 874.6818466202561 48.90000000000001
490 874.695349382776 49
491 874.7076442661872 49.1
492 874.7248242014084 49.2
493 874.7432295218798 49.3
494 874.7627045139194 49.40000000000001
495 874.783971099174 49.5
496 874.790492847565 49.6
497 874.7994397252436 49.7
498 874.811123205889 49.8
499 874.8248359985064 49.90000000000001
500 874.8375333525029 50
501 869.5203278213197 50.01
502 864.1549809136086 50.02
503 859.6276192349163 50.03
504 860.4237442556753 50.04
505 865.7872408942193 50.05
506 872.9808786724639 50.06
507 880.6067565134189 50.07
508 887.3781717764659 50.08
509 893.7006387228849 50.09
510 898.9529290842174 50.1
511 903.4237231616499 50.11
512 907.5146941528478 50.12
513 911.1445838844136 50.13
514 913.6948576900489 50.14
515 915.3571041950005 50.15
516 916.7940762119374 50.16
517 918.0819829054959 50.17
518 918.4597675433932 50.18
519 918.6411667592673 50.19
520 918.7191837648737 50.2
521 918.6780496840554 50.21
522 918.8007123004153 50.22
523 918.7950086158467 50.23
524 918.8438076267635 50.24
525 918.8459212328839 50.25
526 918.8960336676491 50.26
527 918.9135897241474 50.27
528 918.8599394477561 50.28
529 918.7753456438695 50.29
530 918.6760718449088 50.3
531 918.4658442985586 50.31
532 918.1846577998507 50.32
533 917.7845171183122 50.33
534 917.3979197962856 50.34
535 916.8547911142131 50.35
536 916.2564076131397 50.36
537 915.5695627464738 50.37
538 914.8254717049657 50.38
539 914.0277301629536 50.39
540 913.1882002738812 50.4
541 912.2672321290572 50.41
542 911.315479708182 50.42
543 910.3881128268882 50.43
544 909.3892910813152 50.44
545 908.3929508025706 50.45
546 907.376847671285 50.46
547 906.4005542556486 50.47
548 905.4058226249089 50.48
549 904.412210193122 50.49
550 903.4420155800628 50.5
551 902.5040240284046 50.51
552 901.5838855839404 50.52
553 900.6400262394004 50.53
554 899.6743130670578 50.54
555 898.727302627394 50.55
556 897.7383787874245 50.56
557 896.761162899199 50.57
558 895.7748247199345 50.58
559 894.760326039963 50.59
560 893.7168472932163 50.6
561 892.6587290484662 50.61
562 891.5973411289146 50.62
563 890.5181881953857 50.63
564 889.4285065814011 50.64
565 888.3225971137369 50.65
566 887.2033733026402 50.66
567 886.0643099756888 50.67
568 884.9162343875715 50.68
569 883.7584268290318 50.69
570 882.6012102997821 50.7
571 881.4445714999845 50.71
572 880.2959834629086 50.72
573 879.1521262315636 50.73
574 878.0302371493011 50.74
575 876.9020170019136 50.75
576 875.781231153403 50.76
577 874.6778070923049 50.77
578 873.5705917203917 50.78
579 872.4798810398859 50.79
580 871.4030547362325 50.8
581 870.3198401866224 50.81
582 869.2600196989425 50.82
583 868.1980391695881 50.83
584 867.1387063340132 50.84
585 866.0735506776464 50.85
586 865.0121251581353 50.86
587 863.9534562912235 50.87
588 862.901563262451 50.88
589 861.8446150910466 50.89
590 860.7932956184773 50.9
591 859.743711855024 50.91
592 858.6912563156515 50.92
593 857.6401554987557 50.93
594 856.5912638157787 50.94
595 855.5503329964614 50.95
596 854.5127753014644 50.96
597 853.47866632604 50.97
598 852.447104237981 50.98
599 851.4324810638695 50.99
600 850.4255800642618 51
601 849.4170750948811 51.01
602 848.4148153371534 51.02
603 847.4077618137754 51.03
604 846.4105521513141 51.04
605 845.4067083213192 51.05
606 844.412456494356 51.06
607 843.4263177450445 51.07
608 842.4361112676625 51.08
609 841.4473117514054 51.09
610 840.4684924870493 51.1
611 839.4896635165439 51.11
612 838.5091369457906 51.12
613 837.544225744253 51.13
614 836.5843800419865 51.14
615 835.6259421657704 51.15
616 834.6817984706387 51.16
617 833.7465293014233 51.17
618 832.8175603889097 51.18
619 831.905895832343 51.19
620 831.0034004225389 51.2
621 830.1045702601419 51.21
622 829.2267736043475 51.22
623 828.3475375826083 51.23
624 827.4846260585477 51.24
625 826.6271866541423 51.25
626 825.768356615866 51.26
627 824.9125740817658 51.27
628 824.0623802658627 51.28
629 823.2171589641815 51.29
630 822.3726641159541 51.3
631 821.5420069351688 51.31
632 820.7273705357485 51.32
633 819.912940297335 51.33
634 819.1048386325862 51.34
635 818.299056561003 51.35
636 817.5029338672518 51.36
637 816.7177775129587 51.37
638 815.930877695102 51.38
639 815.1500968979556 51.39
640 814.3833663111023 51.4
641 813.6308816810922 51.41
642 812.8921955549603 51.42
643 812.1331347144344 51.43
644 811.3713645270087 51.44
645 810.6007551167579 51.45
646 809.8353900607401 51.46
647 809.082243851147 51.47
648 808.3394939117796 51.48
649 807.5992681703964 51.49
650 806.8675891624424 51.5
651 806.1407939376314 51.51
652 805.4225184089679 51.52
653 804.7074889619881 51.53
654 803.9962114492854 51.54
655 803.2858652383838 51.55
656 802.5809542470896 51.56
657 801.8773414620538 51.57
658 801.1757651752021 51.58
659 800.4822509327964 51.59
660 799.7909239027488 51.6
661 799.1119857421085 51.61
662 798.4288895859935 51.62
663 797.7418863578778 51.63
664 797.0605147341419 51.64
665 796.3794194271541 51.65
666 795.7028809587215 51.66
667 795.0291854748216 51.67
668 794.3597683252542 51.68
669 793.6857954619442 51.69
670 793.02251733654 51.7
671 792.3691045946472 51.71
672 791.7201312527802 51.72
673 791.0753327792095 51.73
674 790.4317924812901 51.74
675 789.7940176317583 51.75
676 789.1608609575411 51.76
677 788.5322740266334 51.77
678 787.9004400675822 51.78
679 787.2765733891771 51.79
680 786.6583806877173 51.8
681 786.0435483734592 51.81
682 785.43197033374 51.82
683 784.8232754389444 51.83
684 784.2185123241342 51.84
685 783.6191833239856 51.85
686 783.021610140747 51.86
687 782.4280474896376 51.87
688 781.8362548636147 51.88
689 781.2495528003899 51.89
690 780.6670159001849 51.9
691 780.0889369725865 51.91
692 779.5124290831542 51.92
693 778.9350594273693 51.93
694 778.3594775025001 51.94
695 777.7862491203053 51.95
696 777.2125713168579 51.96
697 776.6418522489938 51.97
698 776.0721043013117 51.98
699 775.5066769901964 51.99
700 774.9446673261331 52
701 774.3868331637066 52.01
702 773.8293251111434 52.02
703 773.2812119645863 52.03
704 772.7330940432794 52.04
705 772.1883726316076 52.05
706 771.6453094930064 52.06
707 771.1091883404119 52.07
708 770.5697350864632 52.08
709 770.0331986873252 52.09
710 769.4958183613659 52.1
711 768.9587362474173 52.11
712 768.4207195575719 52.12
713 767.8827881861071 52.13
714 767.344323659582 52.14
715 766.8048885799891 52.15
716 766.2618057930308 52.16
717 765.7212906173139 52.17
718 765.1801500638991 52.18
719 764.6504685513139 52.19
720 764.1195317820875 52.2
721 763.5897732226383 52.21
722 763.0546619902873 52.22
723 762.5254384890258 52.23
724 762.0011101886531 52.24
725 761.4758101836562 52.25
726 760.9543254977239 52.26
727 760.4350705748781 52.27
728 759.9279546154645 52.28
729 759.4176790466038 52.29
730 758.9111771043109 52.3
731 758.4039407433917 52.31
732 757.8964643960073 52.32
733 757.3876087061421 52.33
734 756.8828266530998 52.34
735 756.3805651068576 52.35
736 755.8802250718558 52.36
737 755.3857486979942 52.37
738 754.8915712310295 52.38
739 754.4157669668889 52.39
740 753.9401882943782 52.4
741 753.4667460115177 52.41
742 752.9975600294631 52.42
743 752.5281412595798 52.43
744 752.0518700964949 52.44
745 751.5761640004312 52.45
746 751.1031648566812 52.46
747 750.6378270132088 52.47
748 750.1729133850553 52.48
749 749.7112795379852 52.49
750 749.2488692368131 52.5
751 748.7790985548432 52.51
752 748.3036076530299 52.52
753 747.8283252313769 52.53
754 747.3626758552111 52.54
755 746.8915482506338 52.55
756 746.4186466993647 52.56
757 745.948212332249 52.57
758 745.479073081762 52.58
759 745.0113765991409 52.59
760 744.5456984553954 52.6
761 744.0830089952312 52.61
762 743.6216243316577 52.62
763 743.1635236029706 52.63
764 742.7072357091989 52.64
765 742.2534095862613 52.65
766 741.8035806594038 52.66
767 741.3550321985389 52.67
768 740.9402572779685 52.68
769 740.5328921978945 52.69
770 740.1257586206644 52.7
771 739.7311678311285 52.71
772 739.3285604599319 52.72
773 738.9242951384438 52.73
774 738.5206705028158 52.74
775 738.1351667811634 52.75
776 737.7531749063315 52.76
777 737.3746461948886 52.77
778 736.9971006200691 52.78
779 736.6210660454271 52.79
780 736.2468760513733 52.8
781 735.8742998173595 52.81
782 735.5014492563359 52.82
783 735.1294524756014 52.83
784 734.7613441331076 52.84
785 734.4313865164494 52.85
786 734.1045698127798 52.86
787 733.7187204173066 52.87
788 733.3379887888694 52.88
789 732.9680481345871 52.89
790 732.6100332213563 52.9
791 732.258027639435 52.91
792 731.91485762297 52.92
793 731.584080884457 52.93
794 731.2623921495576 52.94
795 730.9468030865082 52.95
796 730.6289972170034 52.96
797 730.3000860054383 52.97
798 729.945364822039 52.98
799 729.561570861004 52.99
800 729.1640982305931 53
801 728.7395280241948 53.01
802 728.3131084267847 53.02
803 727.8958626997181 53.03
804 727.4946500314915 53.04
805 727.1146163012196 53.05
806 726.7439895271115 53.06
807 726.3735168940627 53.07
808 726.0100683747197 53.08
809 725.6494324424391 53.09
810 725.2953955556951 53.1
811 724.9408355569976 53.11
812 724.5884836159852 53.12
813 724.2382847011282 53.13
814 723.8679877154224 53.14
815 723.4853632303123 53.15
816 723.0922964915848 53.16
817 722.6982553363515 53.17
818 722.3075236099216 53.18
819 721.9174353011317 53.19
820 721.5316294639912 53.2
821 721.1493549818175 53.21
822 720.7639158367446 53.22
823 720.3744207777687 53.23
824 719.9909470991905 53.24
825 719.5911871865023 53.25
826 719.1951859209566 53.26
827 718.7955432993773 53.27
828 718.3915689718619 53.28
829 717.9886645733808 53.29
830 717.5883121211987 53.3
831 717.1894803084415 53.31
832 716.7938489019546 53.32
833 716.4119536188963 53.33
834 716.1806010808685 53.34
835 715.8875358863277 53.35
836 715.9583611300583 53.36
837 715.5987207826539 53.37
838 715.1783746036485 53.38
839 714.7588807086686 53.39
840 714.3502840371942 53.4
841 713.9421321263156 53.41
842 713.5389310278719 53.42
843 713.1458271355312 53.43
844 712.7541056259805 53.44
845 712.3794838992985 53.45
846 712.0190634367451 53.46
847 711.660735388489 53.47
848 711.3142028645756 53.48
849 710.9456030031969 53.49
850 710.6082551149248 53.5
851 710.2487241008549 53.51
852 709.8971281492076 53.52
853 709.556660175657 53.53
854 709.2201958376264 53.54
855 708.8908034643609 53.55
856 708.56174863679 53.56
857 708.2353085292824 53.57
858 707.9165009314219 53.58
859 707.6087286924641 53.59
860 707.314454545211 53.6
861 707.0281659096876 53.61
862 706.7500846431315 53.62
863 706.4954368924662 53.63
864 706.2108722983103 53.64
865 705.9414148870724 53.65
866 705.6892882542631 53.66
867 705.4436641993937 53.67
868 705.2031505292875 53.68
869 704.9516870292083 53.69
870 704.6972869675662 53.7
871 704.4380138995933 53.71
872 704.1827917953115 53.72
873 703.9318366271466 53.73
874 703.6881143897753 53.74
875 703.4481811383411 53.75
876 703.2100467144531 53.76
877 702.970361989855 53.77
878 702.7374768403262 53.78
879 702.5040131490847 53.79
880 702.2708751199544 53.8
881 702.0351901224511 53.81
882 701.7976171737751 53.82
883 701.5585236904574 53.83
884 701.3166306864615 53.84
885 701.0755527728871 53.85
886 700.7385094707945 53.86
887 700.3958328648635 53.87
888 700.0504467119325 53.88
889 699.7167252669104 53.89
890 699.3833545504314 53.9
891 699.0503987813402 53.91
892 698.727744302837 53.92
893 698.4084953103659 53.93
894 698.0822322832497 53.94
895 697.7618045462164 53.95
896 697.437181793892 53.96
897 697.1146794879573 53.97
898 696.7907008652044 53.98
899 696.4747848624924 53.99
900 696.1570028911088 54
901 695.8431933843573 54.01
902 695.5327030326391 54.02
903 695.223299964146 54.03
904 694.9236639001955 54.04
905 694.6288043961134 54.05
906 694.3403931604832 54.06
907 694.0588195029269 54.07
908 693.7748733951112 54.08
909 693.498331803093 54.09
910 693.2298845218781 54.1
911 692.9697874958098 54.11
912 692.7245268006127 54.12
913 692.4842500408557 54.13
914 692.2518890484738 54.14
915 692.0164741945911 54.15
916 691.7951654777878 54.16
917 691.5752018384665 54.17
918 691.3582717329984 54.18
919 691.1492797175579 54.19
920 690.9507686131852 54.2
921 690.776586290414 54.21
922 690.6038653651599 54.22
923 690.4296477209899 54.23
924 690.2612313270139 54.24
925 690.0963090092665 54.25
926 689.9401583981374 54.26
927 689.7828469520264 54.27
928 689.6298702440848 54.28
929 689.4789276474191 54.29
930 689.3311268486185 54.3
931 689.1807497032559 54.31
932 689.0214164833222 54.32
933 688.8559383994221 54.33
934 688.6802247128178 54.34
935 688.4639546113793 54.35
936 688.1652457130357 54.36
937 687.900134835847 54.37
938 687.6496892868041 54.38
939 687.409502749427 54.39
940 687.1721837822928 54.4
941 686.922466649632 54.41
942 686.6665623262652 54.42
943 686.4120751081641 54.43
944 686.1734082044312 54.44
945 685.9367276353261 54.45
946 685.7066622064783 54.46
947 685.4886960821187 54.47
948 685.2643208394913 54.48
949 685.0365687975144 54.49
950 684.8073609811436 54.5
951 684.5919064822655 54.51
952 684.3796575189901 54.52
953 684.163314408005 54.53
954 683.9541245687823 54.54
955 683.7524439501733 54.55
956 683.5621852535797 54.56
957 683.3782195039591 54.57
958 683.1989634241608 54.58
959 683.024522223261 54.59
960 682.8525565026614 54.6
961 682.6873536837239 54.61
962 682.5267977382075 54.62
963 682.3770331153298 54.63
964 682.2266647268204 54.64
965 682.079943969681 54.65
966 681.9364750640776 54.66
967 681.7982323533739 54.67
968 681.6225797631701 54.68
969 681.4292519776208 54.69
970 681.2400280147258 54.7
971 681.0687391964802 54.71
972 680.8935842807299 54.72
973 680.7214436704287 54.73
974 680.553222278051 54.74
975 680.3811531546824 54.75
976 680.2036983569578 54.76
977 680.0189900166403 54.77
978 679.8316816758512 54.78
979 679.6490535239317 54.79
980 679.4641485863206 54.8
981 679.2808486790531 54.81
982 679.1144355269022 54.82
983 678.9563061533362 54.83
984 678.7998163091348 54.84
985 678.6503223808991 54.85
986 678.5007454803184 54.86
987 678.3503997627772 54.87
988 678.2005389601513 54.88
989 678.0502112276064 54.89
990 677.9057329947075 54.9
991 677.7752290104808 54.91
992 677.6543188286904 54.92
993 677.5451524970841 54.93
994 677.4384109045355 54.94
995 677.3390412116327 54.95
996 677.2411473175657 54.96
997 677.1349383365304 54.97
998 677.0284237842203 54.98
999 676.9222661992015 54.99
1000 676.8238140104182 55
1001 675.5624112837164 55.01
1002 673.6036917587496 55.02
1003 671.3414467902036 55.03
1004 668.8603121279157 55.04
1005 666.1028380737584 55.05
1006 663.0316382097615 55.06
1007 659.6354476203721 55.07
1008 655.8618810783403 55.08
1009 651.6647582331298 55.09
1010 646.986392149944 55.1
1011 641.7856928862044 55.11
1012 636.0447258892973 55.12
1013 629.7694327583714 55.13
1014 622.9923517385006 55.14
1015 615.7543079020327 55.15
1016 608.1080935414631 55.16
1017 600.1306678609357 55.17
1018 591.8911192759123 55.18
1019 583.4355950596243 55.19
1020 574.8107142690411 55.2
1021 566.0514597899866 55.21
1022 557.1792922172611 55.22
1023 548.2242148332533 55.23
1024 539.2134505609803 55.24
1025 530.1590885875688 55.25
1026 521.0838672248375 55.26
1027 512.0055154599704 55.27
1028 502.9339571876461 55.28
1029 493.8888711060859 55.29
1030 484.889141146096 55.3
1031 475.9361926180187 55.31
1032 467.0517717987408 55.32
1033 458.2503542396932 55.33
1034 449.5317751049407 55.34
1035 440.9079777637869 55.35
1036 432.383529225111 55.36
1037 424.0714890641715 55.37
1038 415.8603275929113 55.38
1039 407.875371152209 55.39
1040 400.014039943427 55.4
1041 392.2723885416505 55.41
1042 384.6491745059584 55.42
1043 377.1452686117291 55.43
1044 369.7626300249055 55.44
1045 362.4787958710579 55.45
1046 355.342641653071 55.46
1047 348.3112193279314 55.47
1048 341.4264085120835 55.48
1049 334.6664686223341 55.49
1050 328.1387847068152 55.5
1051 321.7051562752922 55.51
1052 315.3542763659445 55.52
1053 309.0970690852865 55.53
1054 302.955845913436 55.54
1055 296.9135045129099 55.55
1056 291.0063075834287 55.56
1057 285.1969416562098 55.57
1058 279.4841051813045 55.58
1059 273.8722348805103 55.59
1060 268.3761345499373 55.6
1061 262.9948727093155 55.61
1062 257.8086116900334 55.62
1063 252.712474882392 55.63
1064 247.8957822060968 55.64
1065 243.0742526883082 55.65
1066 238.3192875032397 55.66
1067 233.7091936451793 55.67
1068 230.0688337343161 55.68
1069 226.8752469907702 55.69
1070 223.827111852124 55.7
1071 219.2666382882584 55.71
1072 215.4544399182925 55.72
1073 213.2296454377362 55.73
1074 210.806847535977 55.74
1075 208.2651291689902 55.75
1076 205.5215830190255 55.76
1077 202.9453692552173 55.77
1078 200.2355437640049 55.78
1079 198.1810103997248 55.79
1080 195.7174339838082 55.8
1081 195.2917988948708 55.81
1082 192.6987423724513 55.82
1083 190.4383389783194 55.83
1084 189.636267305818 55.84
1085 189.6616713543107 55.85
1086 188.6341963690213 55.86
1087 188.1730821509236 55.87
1088 186.9203295714825 55.88
1089 187.5597596031428 55.89
1090 185.9843443440227 55.9
1091 184.8676044160052 55.91
1092 183.2398643851186 55.92
1093 181.4569088037472 55.93
1094 179.8896483224138 55.94
1095 178.4395963796074 55.95
1096 176.6637768336391 55.96
1097 174.8324011371543 55.97
1098 173.789192589978 55.98
1099 173.9398047367047 55.99
1100 173.8443901832079 56
1101 172.7524396535865 56.01
1102 171.7492271258656 56.02
1103 171.297013376295 56.03
1104 171.5126212784565 56.04
1105 171.2192788677256 56.05
1106 169.4724988448125 56.06
1107 170.2484500019173 56.07
1108 173.3590369776243 56.08
1109 176.3139056379169 56.09
1110 179.1318684980875 56.1
1111 183.3613697119486 56.11
1112 188.3211124771649 56.12
1113 191.2632779104577 56.13
1114 192.178059790991 56.14
1115 194.6112049247588 56.15
1116 199.3703967176385 56.16
1117 205.4629734453929 56.17
1118 210.7651537355117 56.18
1119 213.4251875980993 56.19
1120 216.0767554574545 56.2
1121 221.8412270931681 56.21
1122 230.1324211120851 56.22
1123 238.5151090978881 56.23
1124 245.7088856265024 56.24
1125 253.4409847939032 56.25
1126 266.4921286175622 56.26
1127 288.786100997608 56.27
1128 321.1648406886476 56.28
1129 362.1548936157674 56.29
1130 404.3057238239869 56.3
1131 445.8804888043144 56.31
1132 494.3093486912154 56.32
1133 549.5526151510123 56.33
1134 594.5139309533527 56.34
1135 625.2932828526593 56.35
1136 646.0142976050727 56.36
1137 657.0205454848813 56.37
1138 659.7245045991255 56.38
1139 655.9305756915004 56.39
1140 649.8025319544181 56.4
1141 640.6479581182 56.41
1142 630.1452023918149 56.42
1143 623.5825922825746 56.43
1144 621.0084981789463 56.44
1145 622.7128870170037 56.45
1146 627.084477470322 56.46
1147 631.1786584484447 56.47
1148 629.4051242316634 56.48
1149 623.6246762439927 56.49
1150 619.0794587295171 56.5
1151 619.2929441946357 56.51
1152 623.4825566094155 56.52
1153 627.3566865809729 56.53
1154 628.0090500760285 56.54
1155 626.787527615509 56.55
1156 625.9574441805601 56.56
1157 626.5953399683161 56.57
1158 628.6341885426386 56.58
1159 630.4546283731077 56.59
1160 631.9305446032904 56.6
1161 633.5147893944568 56.61
1162 634.8982510475167 56.62
1163 635.9427285403453 56.63
1164 636.7825210796532 56.64
1165 637.3043967028593 56.65
1166 637.8041330131016 56.66
1167 638.4831327998202 56.67
1168 639.1301675417773 56.68
1169 639.3069030542637 56.69
1170 639.1340054611496 56.7
1171 638.7793116382271 56.71
1172 638.0846142262482 56.72
1173 637.1202862740615 56.73
1174 636.0094356168871 56.74
1175 634.7976864869391 56.75
1176 633.5069234637435 56.76
1177 631.6737147639204 56.77
1178 628.8824140638768 56.78
1179 625.278607612251 56.79
1180 621.402994580891 56.8
1181 617.7812260160399 56.81
1182 614.0842910361048 56.82
1183 609.8253234830875 56.83
1184 605.118323295453 56.84
1185 600.2339675095312 56.85
1186 595.4195065554442 56.86
1187 590.8607744506136 56.87
1188 586.5752274270313 56.88
1189 582.6085508324541 56.89
1190 578.8715134009353 56.9
1191 575.326451643262 56.91
1192 571.8683602023934 56.92
1193 568.2391825535212 56.93
1194 564.3587561256456 56.94
1195 560.3504402089322 56.95
1196 556.5536417403483 56.96
1197 552.9732804205471 56.97
1198 549.6340916985848 56.98
1199 546.5186214540514 56.99
1200 543.6524150204672 57
1201 541.0198093767518 57.01
1202 538.6095572488246 57.02
1203 536.4034127728376 57.03
1204 534.3877240261555 57.04
1205 532.5532925258515 57.05
1206 530.8573062765901 57.06
1207 529.268471350453 57.07
1208 527.7697482886005 57.08
1209 526.3248969860554 57.09
1210 524.9180934176802 57.1
1211 523.5394028768452 57.11
1212 522.1930965355302 57.12
1213 520.873615507725 57.13
1214 519.5826224064363 57.14
1215 518.3281357627585 57.15
1216 517.1055514353478 57.16
1217 515.9084640415489 57.17
1218 514.7414194212586 57.18
1219 513.6436282080761 57.19
1220 512.6191164829672 57.2
1221 511.6913385461414 57.21
1222 510.8488968573237 57.22
1223 510.0907020274356 57.23
1224 509.4178687634744 57.24
1225 508.8350035920843 57.25
1226 508.326829113093 57.26
1227 507.879681345545 57.27
1228 507.4846992967736 57.28
1229 507.1253994842834 57.29
1230 506.783634948895 57.3
1231 506.4397067405474 57.31
1232 506.1191484723482 57.32
1233 505.8831799457482 57.33
1234 505.7135282072592 57.34
1235 505.5944005472003 57.35
1236 505.5051166324509 57.36
1237 505.4566370157542 57.37
1238 505.4087284196727 57.38
1239 505.3093221061635 57.39
1240 505.1742809186529 57.4
1241 504.9637989734026 57.41
1242 504.6555037753121 57.42
1243 504.2514200481676 57.43
1244 503.7671481374908 57.44
1245 503.1788215211793 57.45
1246 502.4874566454752 57.46
1247 501.6883184377637 57.47
1248 500.7730090696542 57.48
1249 499.7270964063588 57.49
1250 498.5451697970185 57.5
1251 497.222693384029 57.51
1252 495.7595075268509 57.52
1253 494.1494700047948 57.53
1254 492.375793785895 57.54
1255 490.4540024210228 57.55
1256 488.3610872148253 57.56
1257 486.1169421340778 57.57
1258 483.7223287411582 57.58
1259 481.1750480426101 57.59
1260 478.4562938986721 57.6
1261 475.6177753837372 57.61
1262 472.6511528790323 57.62
1263 469.5889967816235 57.63
1264 466.4666501550566 57.64
1265 463.2883539616558 57.65
1266 460.0797564294544 57.66
1267 456.8679352291357 57.67
1268 453.6783669833444 57.68
1269 450.5254296013432 57.69
1270 447.4417801662443 57.7
1271 444.4484762367903 57.71
1272 441.5511024221782 57.72
1273 438.7983505388706 57.73
1274 436.2010951912981 57.74
1275 433.7838107261478 57.75
1276 431.5724712998601 57.76
1277 429.5889209253368 57.77
1278 427.8636000596362 57.78
1279 426.4070520659334 57.79
1280 425.4413197887424 57.8
1281 424.9057747956118 57.81
1282 424.6778483232841 57.82
1283 424.8592408469528 57.83
1284 425.5386780826406 57.84
1285 426.8697238088079 57.85
1286 428.7817867038929 57.86
1287 431.2569381339868 57.87
1288 434.4248770773489 57.88
1289 438.322014726463 57.89
1290 442.9207474541681 57.9
1291 448.136523087068 57.91
1292 454.0214912345069 57.92
1293 460.4205776546452 57.93
1294 467.2254680864312 57.94
1295 474.0475150283144 57.95
1296 480.275905196083 57.96
1297 484.682802519812 57.97
1298 486.1090761413705 57.98
1299 484.8902529720648 57.99
1300 481.7486799666074 58
1301 477.8967915357157 58.01
1302 474.7071012636928 58.02
1303 472.4021105708158 58.03
1304 470.5712226488079 58.04
1305 468.9600837513659 58.05
1306 467.7990109791056 58.06
1307 467.3270314637372 58.07
1308 467.575106597197 58.08
1309 468.6480518661934 58.09
1310 470.449734911405 58.1
1311 472.796777239931 58.11
1312 475.478002410912 58.12
1313 478.449692838352 58.13
1314 481.7012895425179 58.14
1315 485.3605593716036 58.15
1316 489.594911770211 58.16
1317 494.2372587527125 58.17
1318 499.0209197716762 58.18
1319 503.9228435980856 58.19
1320 509.1602012762708 58.2
1321 514.65365045933 58.21
1322 520.2631296483053 58.22
1323 525.8530796798358 58.23
1324 531.3799135368411 58.24
1325 536.7545482162836 58.25
1326 541.7731482242456 58.26
1327 546.4097825582834 58.27
1328 550.6285488030869 58.28
1329 554.4190921055692 58.29
1330 557.7764812266238 58.3
1331 560.7067814550305 58.31
1332 563.1573291445029 58.32
1333 565.0834007262827 58.33
1334 566.3511374859918 58.34
1335 566.8683800561969 58.35
1336 566.8947293358706 58.36
1337 566.46658540646 58.37
1338 565.503524062723 58.38
1339 563.9354400734737 58.39
1340 562.0904564634941 58.4
1341 560.103702041 58.41
1342 557.9741492121179 58.42
1343 555.6650599174477 58.43
1344 553.1552677030299 58.44
1345 550.4635385611554 58.45
1346 547.6443595159258 58.46
1347 544.71819515671 58.47
1348 541.6872861786343 58.48
1349 538.5622123298982 58.49
1350 535.4373516169769 58.5
1351 532.3391473363628 58.51
1352 529.2825308925291 58.52
1353 526.3011385023666 58.53
1354 523.4233531250068 58.54
1355 520.6803198904337 58.55
1356 518.0883160935435 58.56
1357 515.6816078767571 58.57
1358 513.4528508494867 58.58
1359 511.4155331705263 58.59
1360 509.5893544791029 58.6
1361 507.9379751377843 58.61
1362 506.4642302688708 58.62
1363 505.1601478264805 58.63
1364 504.0218446424673 58.64
1365 503.0598033339268 58.65
1366 502.2621733051342 58.66
1367 501.6177943815822 58.67
1368 501.0891392550973 58.68
1369 500.6640888248933 58.69
1370 500.3189771558201 58.7
1371 500.0276720504571 58.71
1372 499.7789366695994 58.72
1373 499.5515666699696 58.73
1374 499.3329454995346 58.74
1375 499.119773834715 58.75
1376 498.8849819127842 58.76
1377 498.6039487841358 58.77
1378 498.2682164984212 58.78
1379 497.8646386729081 58.79
1380 497.3937146198228 58.8
1381 496.8582415590654 58.81
1382 496.2502464954066 58.82
1383 495.5561964312552 58.83
1384 494.7592479763925 58.84
1385 493.8699522310779 58.85
1386 492.8945272526188 58.86
1387 491.8408352427358 58.87
1388 490.7018144526443 58.88
1389 489.4913343577628 58.89
1390 488.1968053033896 58.9
1391 486.8123116649578 58.91
1392 485.3658253532293 58.92
1393 483.8773828145981 58.93
1394 482.3522234411739 58.94
1395 480.8060054866144 58.95
1396 479.2534742652346 58.96
1397 477.6970575324624 58.97
1398 476.1805424956141 58.98
1399 474.7124498253856 58.99
1400 473.3288388001068 59
1401 472.0345823305408 59.01
1402 470.8543053278651 59.02
1403 469.8026157067404 59.03
1404 468.9101833599002 59.04
1405 468.1939451180771 59.05
1406 467.6847286520933 59.06
1407 467.4143459836633 59.07
1408 467.3693701183964 59.08
1409 467.5776187911456 59.09
1410 468.0574729206445 59.1
1411 468.8387834248961 59.11
1412 469.9144888116282 59.12
1413 471.305416158541 59.13
1414 473.0487316504501 59.14
1415 475.1606354197107 59.15
1416 477.6291319084796 59.16
1417 480.4515214111889 59.17
1418 483.6091588490484 59.18
1419 487.111102997411 59.19
1420 490.9123173977137 59.2
1421 494.9715881182565 59.21
1422 499.1380099506783 59.22
1423 503.0406663628341 59.23
1424 506.2115562735074 59.24
1425 507.9846318854154 59.25
1426 508.5175923369599 59.26
1427 507.8567877203401 59.27
1428 506.2564708939407 59.28
1429 504.1316452502783 59.29
1430 502.0688782551009 59.3
1431 500.3452295020559 59.31
1432 499.0681642759656 59.32
1433 498.2976196775853 59.33
1434 498.0971190597293 59.34
1435 498.5124284687986 59.35
1436 499.5512345518521 59.36
1437 501.1789785811014 59.37
1438 503.2482268549706 59.38
1439 505.6738517626923 59.39
1440 508.2938036628933 59.4
1441 511.0146417313804 59.41
1442 513.7342006047788 59.42
1443 516.3906890716652 59.43
1444 518.9239851054313 59.44
1445 521.2087440755989 59.45
1446 523.1975807268886 59.46
1447 524.8619427591005 59.47
1448 526.1293292746379 59.48
1449 527.0177410499577 59.49
1450 527.5078023020354 59.5
1451 527.5223980750002 59.51
1452 526.983310489274 59.52
1453 526.1718529790982 59.53
1454 525.2861749214378 59.54
1455 524.3699849128301 59.55
1456 523.4280380082689 59.56
1457 522.4208592161795 59.57
1458 521.3519244212462 59.58
1459 520.2164893559819 59.59
1460 519.0054676910905 59.6
1461 517.6902857567746 59.61
1462 516.2814252915628 59.62
1463 514.8002956832495 59.63
1464 513.2485060529242 59.64
1465 511.6558265479981 59.65
1466 510.0295321274664 59.66
1467 508.4042786913201 59.67
1468 506.8034847561575 59.68
1469 505.2350665056962 59.69
1470 503.7213516731729 59.7
1471 502.2788501172573 59.71
1472 500.905274474798 59.72
1473 499.6144448249992 59.73
1474 498.419121724045 59.74
1475 497.316202461994 59.75
1476 496.3141771776169 59.76
1477 495.4160759537049 59.77
1478 494.6122330066556 59.78
1479 493.9157009566798 59.79
1480 493.3081912761817 59.8
1481 492.7743340147547 59.81
1482 492.3155582129335 59.82
1483 491.9196971225839 59.83
1484 491.5628985114077 59.84
1485 491.2514794231926 59.85
1486 490.9696088132129 59.86
1487 490.7069031102041 59.87
1488 490.4283528956034 59.88
1489 490.1278790239389 59.89
1490 489.802611051296 59.9
1491 489.4624305232483 59.91
1492 489.1027250348091 59.92
1493 488.6960943833349 59.93
1494 488.2728870503688 59.94
1495 487.7963304888842 59.95
1496 487.2608040117247 59.96
1497 486.6827702566282 59.97
1498 486.0692841822577 59.98
1499 485.4285155565259 59.99
1500 484.7551994538165 60
1501 484.064688129654 60.01
1502 483.3422112091058 60.02
1503 482.601016462924 60.03
1504 481.8876599150951 60.04
1505 481.2023747037403 60.05
1506 480.5272565640487 60.06
1507 479.8930148279429 60.07
1508 479.3187571617667 60.08
1509 478.8135802587564 60.09
1510 478.4193468238903 60.1
1511 478.1773111545062 60.11
1512 478.0970081506382 60.12
1513 478.1836728069377 60.13
1514 478.4551743883463 60.14
1515 478.9243980433686 60.15
1516 479.5922789159198 60.16
1517 480.4534708188493 60.17
1518 481.5426757041017 60.18
1519 482.8558789427624 60.19
1520 484.398585835455 60.2
1521 486.1456352018771 60.21
1522 488.0964460321188 60.22
1523 490.2288770460509 60.23
1524 492.5305218735022 60.24
1525 494.9443244738022 60.25
1526 497.488057976598 60.26
1527 500.0974887742829 60.27
1528 502.7018617678036 60.28
1529 505.1678883378956 60.29
1530 507.2999963863721 60.3
1531 508.8716647475228 60.31
1532 509.8956181705772 60.32
1533 510.3962471241527 60.33
1534 510.4473374391231 60.34
1535 510.225063831909 60.35
1536 509.9724392142485 60.36
1537 509.7655129647267 60.37
1538 509.6552335162211 60.38
1539 509.657695086813 60.39
1540 509.861608469995 60.4
1541 510.3073283016656 60.41
1542 510.8695798143351 60.42
1543 511.5162058621252 60.43
1544 512.2276642817427 60.44
1545 512.9325805277402 60.45
1546 513.5404815747538 60.46
1547 513.7902029782484 60.47
1548 513.8966233552079 60.48
1549 513.8399879335766 60.49
1550 513.4688679915198 60.5
1551 512.7569176157139 60.51
1552 511.8779656032906 60.52
1553 510.8729972156237 60.53
1554 509.8271448249135 60.54
1555 508.7894869294255 60.55
1556 507.7464006215477 60.56
1557 506.7269827836475 60.57
1558 505.7080610880341 60.58
1559 504.6777262236272 60.59
1560 503.6678374875609 60.6
1561 502.6375438906838 60.61
1562 501.617384998106 60.62
1563 500.5762453085056 60.63
1564 499.5072708833916 60.64
1565 498.4427577850402 60.65
1566 497.393677356094 60.66
1567 496.359554881854 60.67
1568 495.3563565160154 60.68
1569 494.3985279592013 60.69
1570 493.4710949374027 60.7
1571 492.5541507458234 60.71
1572 491.6741018185481 60.72
1573 490.8980088680285 60.73
1574 490.177114677946 60.74
1575 489.4995814896942 60.75
1576 488.8365558249086 60.76
1577 488.2439595037719 60.77
1578 487.679932364247 60.78
1579 487.1813759026357 60.79
1580 486.7255367497991 60.8
1581 486.3438514776344 60.81
1582 485.9839464274716 60.82
1583 485.6172167302514 60.83
1584 485.2250837004106 60.84
1585 484.886580068192 60.85
1586 484.549964543308 60.86
1587 484.1901872568507 60.87
1588 483.7960251924128 60.88
1589 483.3695632436824 60.89
1590 482.9335754414632 60.9
1591 482.4882964858456 60.91
1592 482.0703203651115 60.92
1593 481.5651210793929 60.93
1594 481.0057902907369 60.94
1595 480.4285300114772 60.95
1596 479.8257971680485 60.96
1597 479.2201156859031 60.97
1598 478.6365706843213 60.98
1599 478.078436526696 60.99
1600 477.5609469338949 61
1601 477.1121521097773 61.01
1602 476.7040179361836 61.02
1603 476.3616548690614 61.03
1604 476.1093466415002 61.04
1605 475.9648861807552 61.05
1606 475.9076351547935 61.06
1607 476.0012880808475 61.07
1608 476.2429238999266 61.08
1609 476.5427430122361 61.09
1610 476.8836920047631 61.1
1611 477.1521001219869 61.11
1612 477.5994751980012 61.12
1613 478.3756190435302 61.13
1614 479.3359935090339 61.14
1615 480.5476061582197 61.15
1616 482.1020821480464 61.16
1617 483.8421871414539 61.17
1618 484.5879536825169 61.18
1619 485.8030529734221 61.19
1620 487.3572004592149 61.2
1621 489.1014177766862 61.21
1622 490.7349119371456 61.22
1623 492.1982330171478 61.23
1624 494.1337472619528 61.24
1625 496.5387620513607 61.25
1626 499.334859335729 61.26
1627 502.4353961109105 61.27
1628 505.1748080822173 61.28
1629 507.4418460903926 61.29
1630 510.1314458065103 61.3
1631 512.228411439087 61.31
1632 514.3294557026061 61.32
1633 516.0579265481241 61.33
1634 517.6180110790169 61.34
1635 518.7981739282017 61.35
1636 519.8513395472526 61.36
1637 520.5168732034157 61.37
1638 521.0779409521622 61.38
1639 521.5081005458511 61.39
1640 521.7191146987722 61.4
1641 522.0547364185866 61.41
1642 523.3330774044723 61.42
1643 523.8265813035912 61.43
1644 524.1922513155671 61.44
1645 521.8535643131206 61.45
1646 521.1640392806707 61.46
1647 520.6027346107395 61.47
1648 520.2357505982887 61.48
1649 519.9721751673025 61.49
1650 519.6414980191136 61.5
1651 519.3833088891905 61.51
1652 519.5551629601545 61.52
1653 519.0211286463392 61.53
1654 518.6207490892468 61.54
1655 518.2073165621457 61.55
1656 517.7915864363379 61.56
1657 517.2167921942603 61.57
1658 516.5632162264772 61.58
1659 515.947516264305 61.59
1660 515.4048843189477 61.6
1661 514.9023082241184 61.61
1662 514.4170783831581 61.62
1663 513.8409114793764 61.63
1664 513.2214939376778 61.64
1665 512.6835522538482 61.65
1666 512.1344511222081 61.66
1667 511.5779645622594 61.67
1668 510.9794755727841 61.68
1669 510.311662673458 61.69
1670 509.6445100583745 61.7
1671 509.0593766451894 61.71
1672 508.5082513171739 61.72
1673 507.9119633141921 61.73
1674 507.3882627186888 61.74
1675 506.8911597740282 61.75
1676 506.4065742964821 61.76
1677 505.9791155107454 61.77
1678 505.5916504742642 61.78
1679 505.2466277487157 61.79
1680 504.9087389133638 61.8
1681 504.5969773183402 61.81
1682 504.3200727024187 61.82
1683 504.0702746315577 61.83
1684 503.8418632333332 61.84
1685 503.6762769890587 61.85
1686 503.5298282512329 61.86
1687 503.3808412475152 61.87
1688 503.2956583631727 61.88
1689 503.2882934106693 61.89
1690 503.3179292710056 61.9
1691 503.3854664368909 61.91
1692 503.506043985445 61.92
1693 503.6911060520624 61.93
1694 503.9417551966138 61.94
1695 504.2479066830974 61.95
1696 504.6058728873708 61.96
1697 505.0562871774525 61.97
1698 505.6319401515617 61.98
1699 506.3262467428673 61.99
1700 507.0311384012383 62
1701 507.7629784434898 62.01
1702 508.5982966367304 62.02
1703 509.508418779277 62.03
1704 510.4444149620246 62.04
1705 511.3957212067733 62.05
1706 512.3613528112597 62.06
1707 513.3124365062391 62.07
1708 514.233392623266 62.08
1709 515.1036097656349 62.09
1710 515.9054753290042 62.1
1711 516.6068733255935 62.11
1712 517.2492675979989 62.12
1713 517.7525796258752 62.13
1714 518.2147386563582 62.14
1715 518.6022630055049 62.15
1716 518.8962912366561 62.16
1717 519.0036759615176 62.17
1718 518.7866989752872 62.18
1719 518.5266229138779 62.19
1720 518.1029290393069 62.2
1721 517.6359500560833 62.21
1722 517.157361834336 62.22
1723 516.6030230397688 62.23
1724 515.9618955422485 62.24
1725 515.3089887943155 62.25
1726 514.6600581409921 62.26
1727 513.9469741563487 62.27
1728 513.2212449272075 62.28
1729 512.5372625732667 62.29
1730 511.8354867369351 62.3
1731 511.129203998906 62.31
1732 510.4257313517107 62.32
1733 509.7722011271898 62.33
1734 509.1414692578724 62.34
1735 508.5300809488076 62.35
1736 507.9602538167129 62.36
1737 507.4549057440093 62.37
1738 506.9478671509312 62.38
1739 506.4282658753565 62.39
1740 505.9258679307683 62.4
1741 505.4388333187102 62.41
1742 504.96946155514 62.42
1743 504.5174744279258 62.43
1744 504.0806211533489 62.44
1745 503.6499506561811 62.45
1746 503.2447284681558 62.46
1747 502.8407795057043 62.47
1748 502.4553837592278 62.48
1749 502.0727620569839 62.49
1750 501.6464678592336 62.5
1751 501.2428112670419 62.51
1752 500.8842111167549 62.52
1753 500.5325572790531 62.53
1754 500.2059590772199 62.54
1755 499.9229965848752 62.55
1756 499.7014440464348 62.56
1757 499.6699577727694 62.57
1758 499.6144605557373 62.58
1759 499.6001334115462 62.59
1760 499.4546856653386 62.6
1761 499.31787601115 62.61
1762 499.2205424482576 62.62
1763 499.1542858567222 62.63
1764 499.1023533586213 62.64
1765 499.0429708294348 62.65
1766 499.0023329662469 62.66
1767 498.9048454907723 62.67
1768 498.8776159017418 62.68
1769 498.8554972500968 62.69
1770 498.9238119314431 62.7
1771 499.0662553299811 62.71
1772 499.3068974370757 62.72
1773 499.6014419033674 62.73
1774 499.9859652052242 62.74
1775 500.4644997088479 62.75
1776 501.0030708268887 62.76
1777 501.6074645913006 62.77
1778 502.296247727086 62.78
1779 502.9977078845335 62.79
1780 503.7252079510704 62.8
1781 504.4846259341867 62.81
1782 505.3163600622393 62.82
1783 506.2073379320653 62.83
1784 507.1392416175763 62.84
1785 508.0639690299207 62.85
1786 509.0027614309346 62.86
1787 509.9388723822862 62.87
1788 510.7440297680152 62.88
1789 511.543063802847 62.89
1790 512.3462667794435 62.9
1791 513.1120939289384 62.91
1792 513.8457475667093 62.92
1793 514.524064778161 62.93
1794 515.1070558632556 62.94
1795 515.6158437618425 62.95
1796 516.0408560640458 62.96
1797 516.3693182555162 62.97
1798 516.6187312733362 62.98
1799 516.7747737191652 62.99
1800 516.8508494023386 63
1801 516.8326430750863 63.01
1802 516.7361482401784 63.02
1803 516.5452759712937 63.03
1804 516.293069537155 63.04
1805 515.9776911336394 63.05
1806 515.6211304290309 63.06
1807 515.2215328467773 63.07
1808 514.7854137063969 63.08
1809 514.3459992484867 63.09
1810 513.8988481969208 63.1
1811 513.4198847619492 63.11
1812 512.9745596660259 63.12
1813 512.5327537166489 63.13
1814 512.0765705821971 63.14
1815 511.6354518444933 63.15
1816 511.2228528200118 63.16
1817 510.820295317112 63.17
1818 510.4390201062102 63.18
1819 510.0781443985182 63.19
1820 509.7384660105437 63.2
1821 509.4060436122335 63.21
1822 509.1059937633028 63.22
1823 508.8150769439569 63.23
1824 508.5351262155377 63.24
1825 508.2916633108028 63.25
1826 508.0322196582644 63.26
1827 507.7503545947914 63.27
1828 507.4913727131967 63.28
1829 507.2200325141078 63.29
1830 506.9366261241356 63.3
1831 506.6676233839236 63.31
1832 506.4254570926909 63.32
1833 506.2044142942162 63.33
1834 505.9849615087929 63.34
1835 505.7791960719633 63.35
1836 505.606846300434 63.36
1837 505.4594612123676 63.37
1838 505.3398985762949 63.38
1839 505.2250664265346 63.39
1840 505.1666317769394 63.4
1841 505.1313630978153 63.41
1842 505.0979266006286 63.42
1843 505.0791550026782 63.43
1844 505.0878202277778 63.44
1845 505.1240827409967 63.45
1846 505.2182588946008 63.46
1847 505.3487634400086 63.47
1848 505.4918797450937 63.48
1849 505.6959616277932 63.49
1850 505.8629785949531 63.5
1851 506.0024475679647 63.51
1852 506.1988241462152 63.52
1853 506.5557069002546 63.53
1854 507.0357075819884 63.54
1855 507.5441494974243 63.55
1856 508.1278766007915 63.56
1857 508.7681882001918 63.57
1858 509.4081625492025 63.58
1859 510.0875403031778 63.59
1860 510.8003208536206 63.6
1861 511.5701389747813 63.61
1862 512.3950153195924 63.62
1863 513.2588540023158 63.63
1864 514.1828428340758 63.64
1865 515.0336573624609 63.65
1866 515.8814520081104 63.66
1867 516.7899314675616 63.67
1868 517.756748062683 63.68
1869 518.6554475033766 63.69
1870 519.5180471294772 63.7
1871 520.4206599042499 63.71
1872 521.2831543472494 63.72
1873 522.1646250379922 63.73
1874 522.8466574360226 63.74
1875 523.6764350183363 63.75
1876 524.3417464044162 63.76
1877 524.9528412678188 63.77
1878 525.4779746339033 63.78
1879 525.9269395082124 63.79
1880 526.3241476019682 63.8
1881 526.6672847270647 63.81
1882 526.9362287673341 63.82
1883 527.1570397416482 63.83
1884 527.341910967721 63.84
1885 527.4951898464736 63.85
1886 527.6012182635366 63.86
1887 527.6806885229786 63.87
1888 527.7410697603381 63.88
1889 527.805182868888 63.89
1890 527.8704061025659 63.9
1891 527.9670070427782 63.91
1892 528.0743353693952 63.92
1893 528.1938412643765 63.93
1894 528.3228918083474 63.94
1895 528.4637891473583 63.95
1896 528.6284846826886 63.96
1897 528.7897701702449 63.97
1898 528.9422700155363 63.98
1899 529.108413452925 63.99
1900 529.3251950162942 64
1901 529.4950154203423 64.01000000000001
1902 529.6280956498366 64.02
1903 529.7102449200009 64.03
1904 529.7720767634901 64.04000000000001
1905 529.8206967535712 64.05
1906 529.8522948758991 64.06
1907 529.8737827827675 64.06999999999999
1908 529.8934000808543 64.08
1909 529.9321419645026 64.09
1910 529.9733100078889 64.09999999999999
1911 530.0362071790915 64.11
1912 530.1117245327811 64.12
1913 530.1931728305925 64.13
1914 530.285248688478 64.14
1915 530.3914731714476 64.15000000000001
1916 530.498859914888 64.16
1917 530.5996890115143 64.17
1918 530.6870741927415 64.18000000000001
1919 530.7900971636362 64.19
1920 530.9425820885048 64.2
1921 531.1291760253356 64.21000000000001
1922 531.3435039646075 64.22
1923 531.5909226797615 64.23
1924 531.8633196949557 64.23999999999999
1925 532.1808095550103 64.25
1926 532.5335126762573 64.26000000000001
1927 532.9188296669357 64.27
1928 533.3217776643445 64.28
1929 533.7235567229782 64.29000000000001
1930 534.1571112736312 64.3
1931 534.6279279393551 64.31
1932 535.1074344084006 64.31999999999999
1933 535.6628677914895 64.33
1934 536.2384285568052 64.34
1935 536.8112552957851 64.34999999999999
1936 537.381110995959 64.36
1937 537.9581054598926 64.37
1938 538.4907356585566 64.38
1939 538.9978975830904 64.39
1940 539.4791486018427 64.40000000000001
1941 539.9330182561649 64.41
1942 540.3628401363318 64.42
1943 540.7486366698388 64.43000000000001
1944 541.0901748063957 64.44
1945 541.3862876636457 64.45
1946 541.6285625226882 64.46000000000001
1947 541.8144116558108 64.47
1948 541.9523063638545 64.48
1949 542.0051290780099 64.48999999999999
1950 541.9847278555092 64.5
1951 541.9317185540818 64.51000000000001
1952 541.8258866080919 64.52
1953 541.5949728449759 64.53
1954 541.3705196658518 64.54000000000001
1955 541.1096173139174 64.55
1956 540.713344781125 64.56
1957 540.4347701079511 64.56999999999999
1958 539.772263054537 64.58
1959 539.2301188514915 64.59
1960 538.6981208652943 64.59999999999999
1961 538.003293113049 64.61
1962 537.143882478963 64.62
1963 535.4364532316554 64.63
1964 533.1235441013748 64.64
1965 530.9190216822498 64.65000000000001
1966 528.5572393544676 64.66
1967 526.2443494696332 64.67
1968 523.1737320089834 64.68000000000001
1969 519.70472036821 64.69
1970 516.5052179738809 64.7
1971 512.9145631181299 64.71000000000001
1972 509.6249367433356 64.72
1973 506.8588821306851 64.73
1974 504.4604410929641 64.73999999999999
1975 501.8694523865947 64.75
1976 500.9772389895469 64.76000000000001
1977 500.9093064742696 64.77
1978 498.5566053704926 64.78
1979 496.0619800920176 64.79000000000001
1980 493.1501940561635 64.8
1981 489.8126715689116 64.81
1982 485.9556152001053 64.81999999999999
1983 481.8352799376389 64.83
1984 477.5093553016926 64.84
1985 472.5833279830804 64.84999999999999
1986 468.4462568610027 64.86
1987 464.360263460769 64.87
1988 460.0113350997444 64.88
1989 454.0687023373295 64.89
1990 449.5849440775765 64.90000000000001
1991 448.7323240222003 64.91
1992 441.2198722815114 64.92
1993 435.2746699662675 64.93000000000001
1994 434.2402114355876 64.94
1995 428.0711285748802 64.95
1996 428.1819012805118 64.96000000000001
1997 426.4094696416893 64.97
1998 421.62265958908 64.98
1999 417.5540215249882 64.98999999999999
2000 414.1761981017664 65
